21-10-22 21:03,4688,Microsoft-Windows-Security-Auditing,Security,4,7708,Win11Vic1,Information,Info,Process Creation,"A new process has been created.

Creator Subject:
	Security ID:		S-1-5-18
	Account Name:		WIN11VIC1$
	Account Domain:		WORKGROUP
	Logon ID:		0x3E7

Target Subject:
	Security ID:		S-1-0-0
	Account Name:		WIN11VIC1$
	Account Domain:		WORKGROUP
	Logon ID:		0x3E4

Process Information:
	New Process ID:		0x2338
	New Process Name:	C:\Windows\System32\svchost.exe
	Token Elevation Type:	TokenElevationTypeDefault (1)
	Mandatory Label:		S-1-16-16384
	Creator Process ID:	0x2c8
	Creator Process Name:	C:\Windows\System32\services.exe
	Process Command Line:	C:\Windows\System32\svchost.exe -k NetworkService -p

Token Elevation Type indicates the type of token that was assigned to the new process in accordance with User Account Control policy.

Type 1 is a full token with no privileges removed or groups disabled.  A full token is only used if User Account Control is disabled or if the user is the built-in Administrator account or a service account.

Type 2 is an elevated token with no privileges removed or groups disabled.  An elevated token is used when User Account Control is enabled and the user chooses to start the program using Run as administrator.  An elevated token is also used when an application is configured to always require administrative privilege or to always require maximum privilege, and the user is a member of the Administrators group.

Type 3 is a limited token with administrative privileges removed and administrative groups disabled.  The limited token is used when User Account Control is enabled, the application does not require administrative privilege, and the user does not choose to start the program using Run as administrator."
21-10-22 21:03,4688,Microsoft-Windows-Security-Auditing,Security,4,7708,Win11Vic1,Information,Info,Process Creation,"A new process has been created.

Creator Subject:
	Security ID:		S-1-5-18
	Account Name:		WIN11VIC1$
	Account Domain:		WORKGROUP
	Logon ID:		0x3E7

Target Subject:
	Security ID:		S-1-0-0
	Account Name:		-
	Account Domain:		-
	Logon ID:		0x0

Process Information:
	New Process ID:		0x2320
	New Process Name:	C:\Program Files (x86)\Microsoft\EdgeUpdate\MicrosoftEdgeUpdate.exe
	Token Elevation Type:	TokenElevationTypeDefault (1)
	Mandatory Label:		S-1-16-16384
	Creator Process ID:	0x2304
	Creator Process Name:	C:\Program Files (x86)\Microsoft\EdgeUpdate\MicrosoftEdgeUpdate.exe
	Process Command Line:	""C:\Program Files (x86)\Microsoft\EdgeUpdate\MicrosoftEdgeUpdate.exe"" /c

Token Elevation Type indicates the type of token that was assigned to the new process in accordance with User Account Control policy.

Type 1 is a full token with no privileges removed or groups disabled.  A full token is only used if User Account Control is disabled or if the user is the built-in Administrator account or a service account.

Type 2 is an elevated token with no privileges removed or groups disabled.  An elevated token is used when User Account Control is enabled and the user chooses to start the program using Run as administrator.  An elevated token is also used when an application is configured to always require administrative privilege or to always require maximum privilege, and the user is a member of the Administrators group.

Type 3 is a limited token with administrative privileges removed and administrative groups disabled.  The limited token is used when User Account Control is enabled, the application does not require administrative privilege, and the user does not choose to start the program using Run as administrator."
21-10-22 21:03,4688,Microsoft-Windows-Security-Auditing,Security,4,7708,Win11Vic1,Information,Info,Process Creation,"A new process has been created.

Creator Subject:
	Security ID:		S-1-5-18
	Account Name:		WIN11VIC1$
	Account Domain:		WORKGROUP
	Logon ID:		0x3E7

Target Subject:
	Security ID:		S-1-0-0
	Account Name:		-
	Account Domain:		-
	Logon ID:		0x0

Process Information:
	New Process ID:		0x2304
	New Process Name:	C:\Program Files (x86)\Microsoft\EdgeUpdate\MicrosoftEdgeUpdate.exe
	Token Elevation Type:	TokenElevationTypeDefault (1)
	Mandatory Label:		S-1-16-16384
	Creator Process ID:	0x2c8
	Creator Process Name:	C:\Windows\System32\services.exe
	Process Command Line:	""C:\Program Files (x86)\Microsoft\EdgeUpdate\MicrosoftEdgeUpdate.exe"" /svc

Token Elevation Type indicates the type of token that was assigned to the new process in accordance with User Account Control policy.

Type 1 is a full token with no privileges removed or groups disabled.  A full token is only used if User Account Control is disabled or if the user is the built-in Administrator account or a service account.

Type 2 is an elevated token with no privileges removed or groups disabled.  An elevated token is used when User Account Control is enabled and the user chooses to start the program using Run as administrator.  An elevated token is also used when an application is configured to always require administrative privilege or to always require maximum privilege, and the user is a member of the Administrators group.

Type 3 is a limited token with administrative privileges removed and administrative groups disabled.  The limited token is used when User Account Control is enabled, the application does not require administrative privilege, and the user does not choose to start the program using Run as administrator."
21-10-22 21:03,4688,Microsoft-Windows-Security-Auditing,Security,4,7708,Win11Vic1,Information,Info,Process Creation,"A new process has been created.

Creator Subject:
	Security ID:		S-1-5-18
	Account Name:		WIN11VIC1$
	Account Domain:		WORKGROUP
	Logon ID:		0x3E7

Target Subject:
	Security ID:		S-1-5-21-279476226-3736561340-2529114786-1000
	Account Name:		User
	Account Domain:		WIN11VIC1
	Logon ID:		0x5C9DB

Process Information:
	New Process ID:		0x22bc
	New Process Name:	C:\Windows\System32\backgroundTaskHost.exe
	Token Elevation Type:	TokenElevationTypeLimited (3)
	Mandatory Label:		S-1-16-4096
	Creator Process ID:	0x36c
	Creator Process Name:	C:\Windows\System32\svchost.exe
	Process Command Line:	""C:\Windows\system32\backgroundTaskHost.exe"" -ServerName:App.AppXmtcan0h2tfbfy7k9kn8hbxb6dmzz1zh0.mca

Token Elevation Type indicates the type of token that was assigned to the new process in accordance with User Account Control policy.

Type 1 is a full token with no privileges removed or groups disabled.  A full token is only used if User Account Control is disabled or if the user is the built-in Administrator account or a service account.

Type 2 is an elevated token with no privileges removed or groups disabled.  An elevated token is used when User Account Control is enabled and the user chooses to start the program using Run as administrator.  An elevated token is also used when an application is configured to always require administrative privilege or to always require maximum privilege, and the user is a member of the Administrators group.

Type 3 is a limited token with administrative privileges removed and administrative groups disabled.  The limited token is used when User Account Control is enabled, the application does not require administrative privilege, and the user does not choose to start the program using Run as administrator."
21-10-22 21:03,4688,Microsoft-Windows-Security-Auditing,Security,4,344,Win11Vic1,Information,Info,Process Creation,"A new process has been created.

Creator Subject:
	Security ID:		S-1-5-21-279476226-3736561340-2529114786-1000
	Account Name:		User
	Account Domain:		WIN11VIC1
	Logon ID:		0x5C9DB

Target Subject:
	Security ID:		S-1-0-0
	Account Name:		-
	Account Domain:		-
	Logon ID:		0x0

Process Information:
	New Process ID:		0x2204
	New Process Name:	C:\Program Files (x86)\Microsoft\Edge\Application\msedge.exe
	Token Elevation Type:	TokenElevationTypeLimited (3)
	Mandatory Label:		S-1-16-4096
	Creator Process ID:	0x1de0
	Creator Process Name:	C:\Program Files (x86)\Microsoft\Edge\Application\msedge.exe
	Process Command Line:	""C:\Program Files (x86)\Microsoft\Edge\Application\msedge.exe"" --type=utility --utility-sub-type=data_decoder.mojom.DataDecoderService --lang=en-US --service-sandbox-type=service --mojo-platform-channel-handle=4232 --field-trial-handle=2004,i,1488074890924580658,4154283332147110387,131072 /prefetch:8

Token Elevation Type indicates the type of token that was assigned to the new process in accordance with User Account Control policy.

Type 1 is a full token with no privileges removed or groups disabled.  A full token is only used if User Account Control is disabled or if the user is the built-in Administrator account or a service account.

Type 2 is an elevated token with no privileges removed or groups disabled.  An elevated token is used when User Account Control is enabled and the user chooses to start the program using Run as administrator.  An elevated token is also used when an application is configured to always require administrative privilege or to always require maximum privilege, and the user is a member of the Administrators group.

Type 3 is a limited token with administrative privileges removed and administrative groups disabled.  The limited token is used when User Account Control is enabled, the application does not require administrative privilege, and the user does not choose to start the program using Run as administrator."
21-10-22 21:03,4688,Microsoft-Windows-Security-Auditing,Security,4,152,Win11Vic1,Information,Info,Process Creation,"A new process has been created.

Creator Subject:
	Security ID:		S-1-5-21-279476226-3736561340-2529114786-1000
	Account Name:		User
	Account Domain:		WIN11VIC1
	Logon ID:		0x5C9DB

Target Subject:
	Security ID:		S-1-0-0
	Account Name:		-
	Account Domain:		-
	Logon ID:		0x0

Process Information:
	New Process ID:		0x21fc
	New Process Name:	C:\Program Files (x86)\Microsoft\Edge\Application\msedge.exe
	Token Elevation Type:	TokenElevationTypeLimited (3)
	Mandatory Label:		S-1-16-4096
	Creator Process ID:	0x1de0
	Creator Process Name:	C:\Program Files (x86)\Microsoft\Edge\Application\msedge.exe
	Process Command Line:	""C:\Program Files (x86)\Microsoft\Edge\Application\msedge.exe"" --type=utility --utility-sub-type=data_decoder.mojom.DataDecoderService --lang=en-US --service-sandbox-type=service --mojo-platform-channel-handle=4288 --field-trial-handle=2004,i,1488074890924580658,4154283332147110387,131072 /prefetch:8

Token Elevation Type indicates the type of token that was assigned to the new process in accordance with User Account Control policy.

Type 1 is a full token with no privileges removed or groups disabled.  A full token is only used if User Account Control is disabled or if the user is the built-in Administrator account or a service account.

Type 2 is an elevated token with no privileges removed or groups disabled.  An elevated token is used when User Account Control is enabled and the user chooses to start the program using Run as administrator.  An elevated token is also used when an application is configured to always require administrative privilege or to always require maximum privilege, and the user is a member of the Administrators group.

Type 3 is a limited token with administrative privileges removed and administrative groups disabled.  The limited token is used when User Account Control is enabled, the application does not require administrative privilege, and the user does not choose to start the program using Run as administrator."
21-10-22 21:03,4688,Microsoft-Windows-Security-Auditing,Security,4,7676,Win11Vic1,Information,Info,Process Creation,"A new process has been created.

Creator Subject:
	Security ID:		S-1-5-18
	Account Name:		WIN11VIC1$
	Account Domain:		WORKGROUP
	Logon ID:		0x3E7

Target Subject:
	Security ID:		S-1-5-21-279476226-3736561340-2529114786-1000
	Account Name:		User
	Account Domain:		WIN11VIC1
	Logon ID:		0x5C9DB

Process Information:
	New Process ID:		0x21c8
	New Process Name:	C:\Windows\System32\RuntimeBroker.exe
	Token Elevation Type:	TokenElevationTypeLimited (3)
	Mandatory Label:		S-1-16-8192
	Creator Process ID:	0x36c
	Creator Process Name:	C:\Windows\System32\svchost.exe
	Process Command Line:	C:\Windows\System32\RuntimeBroker.exe -Embedding

Token Elevation Type indicates the type of token that was assigned to the new process in accordance with User Account Control policy.

Type 1 is a full token with no privileges removed or groups disabled.  A full token is only used if User Account Control is disabled or if the user is the built-in Administrator account or a service account.

Type 2 is an elevated token with no privileges removed or groups disabled.  An elevated token is used when User Account Control is enabled and the user chooses to start the program using Run as administrator.  An elevated token is also used when an application is configured to always require administrative privilege or to always require maximum privilege, and the user is a member of the Administrators group.

Type 3 is a limited token with administrative privileges removed and administrative groups disabled.  The limited token is used when User Account Control is enabled, the application does not require administrative privilege, and the user does not choose to start the program using Run as administrator."
21-10-22 21:03,4688,Microsoft-Windows-Security-Auditing,Security,4,152,Win11Vic1,Information,Info,Process Creation,"A new process has been created.

Creator Subject:
	Security ID:		S-1-5-18
	Account Name:		WIN11VIC1$
	Account Domain:		WORKGROUP
	Logon ID:		0x3E7

Target Subject:
	Security ID:		S-1-5-21-279476226-3736561340-2529114786-1000
	Account Name:		User
	Account Domain:		WIN11VIC1
	Logon ID:		0x5C9DB

Process Information:
	New Process ID:		0x216c
	New Process Name:	C:\Windows\System32\backgroundTaskHost.exe
	Token Elevation Type:	TokenElevationTypeLimited (3)
	Mandatory Label:		S-1-16-4096
	Creator Process ID:	0x36c
	Creator Process Name:	C:\Windows\System32\svchost.exe
	Process Command Line:	""C:\Windows\system32\BackgroundTaskHost.exe"" -ServerName:BackgroundTaskHost.WebAccountProvider

Token Elevation Type indicates the type of token that was assigned to the new process in accordance with User Account Control policy.

Type 1 is a full token with no privileges removed or groups disabled.  A full token is only used if User Account Control is disabled or if the user is the built-in Administrator account or a service account.

Type 2 is an elevated token with no privileges removed or groups disabled.  An elevated token is used when User Account Control is enabled and the user chooses to start the program using Run as administrator.  An elevated token is also used when an application is configured to always require administrative privilege or to always require maximum privilege, and the user is a member of the Administrators group.

Type 3 is a limited token with administrative privileges removed and administrative groups disabled.  The limited token is used when User Account Control is enabled, the application does not require administrative privilege, and the user does not choose to start the program using Run as administrator."
21-10-22 21:03,4688,Microsoft-Windows-Security-Auditing,Security,4,344,Win11Vic1,Information,Info,Process Creation,"A new process has been created.

Creator Subject:
	Security ID:		S-1-5-21-279476226-3736561340-2529114786-1000
	Account Name:		User
	Account Domain:		WIN11VIC1
	Logon ID:		0x5C9DB

Target Subject:
	Security ID:		S-1-0-0
	Account Name:		-
	Account Domain:		-
	Logon ID:		0x0

Process Information:
	New Process ID:		0x20f8
	New Process Name:	C:\Program Files (x86)\Microsoft\Edge\Application\106.0.1370.47\identity_helper.exe
	Token Elevation Type:	TokenElevationTypeLimited (3)
	Mandatory Label:		S-1-16-8192
	Creator Process ID:	0x1de0
	Creator Process Name:	C:\Program Files (x86)\Microsoft\Edge\Application\msedge.exe
	Process Command Line:	""C:\Program Files (x86)\Microsoft\Edge\Application\106.0.1370.47\identity_helper.exe"" --type=utility --utility-sub-type=winrt_app_id.mojom.WinrtAppIdService --lang=en-US --service-sandbox-type=none --mojo-platform-channel-handle=3264 --field-trial-handle=2004,i,1488074890924580658,4154283332147110387,131072 /prefetch:8

Token Elevation Type indicates the type of token that was assigned to the new process in accordance with User Account Control policy.

Type 1 is a full token with no privileges removed or groups disabled.  A full token is only used if User Account Control is disabled or if the user is the built-in Administrator account or a service account.

Type 2 is an elevated token with no privileges removed or groups disabled.  An elevated token is used when User Account Control is enabled and the user chooses to start the program using Run as administrator.  An elevated token is also used when an application is configured to always require administrative privilege or to always require maximum privilege, and the user is a member of the Administrators group.

Type 3 is a limited token with administrative privileges removed and administrative groups disabled.  The limited token is used when User Account Control is enabled, the application does not require administrative privilege, and the user does not choose to start the program using Run as administrator."
21-10-22 21:03,4688,Microsoft-Windows-Security-Auditing,Security,4,7708,Win11Vic1,Information,Info,Process Creation,"A new process has been created.

Creator Subject:
	Security ID:		S-1-5-21-279476226-3736561340-2529114786-1000
	Account Name:		User
	Account Domain:		WIN11VIC1
	Logon ID:		0x5C9DB

Target Subject:
	Security ID:		S-1-0-0
	Account Name:		-
	Account Domain:		-
	Logon ID:		0x0

Process Information:
	New Process ID:		0x202c
	New Process Name:	C:\Program Files (x86)\Microsoft\Edge\Application\106.0.1370.47\identity_helper.exe
	Token Elevation Type:	TokenElevationTypeLimited (3)
	Mandatory Label:		S-1-16-8192
	Creator Process ID:	0x1de0
	Creator Process Name:	C:\Program Files (x86)\Microsoft\Edge\Application\msedge.exe
	Process Command Line:	""C:\Program Files (x86)\Microsoft\Edge\Application\106.0.1370.47\identity_helper.exe"" --type=utility --utility-sub-type=winrt_app_id.mojom.WinrtAppIdService --lang=en-US --service-sandbox-type=none --mojo-platform-channel-handle=3264 --field-trial-handle=2004,i,1488074890924580658,4154283332147110387,131072 /prefetch:8

Token Elevation Type indicates the type of token that was assigned to the new process in accordance with User Account Control policy.

Type 1 is a full token with no privileges removed or groups disabled.  A full token is only used if User Account Control is disabled or if the user is the built-in Administrator account or a service account.

Type 2 is an elevated token with no privileges removed or groups disabled.  An elevated token is used when User Account Control is enabled and the user chooses to start the program using Run as administrator.  An elevated token is also used when an application is configured to always require administrative privilege or to always require maximum privilege, and the user is a member of the Administrators group.

Type 3 is a limited token with administrative privileges removed and administrative groups disabled.  The limited token is used when User Account Control is enabled, the application does not require administrative privilege, and the user does not choose to start the program using Run as administrator."
21-10-22 21:03,4688,Microsoft-Windows-Security-Auditing,Security,4,7708,Win11Vic1,Information,Info,Process Creation,"A new process has been created.

Creator Subject:
	Security ID:		S-1-5-21-279476226-3736561340-2529114786-1000
	Account Name:		User
	Account Domain:		WIN11VIC1
	Logon ID:		0x5C9DB

Target Subject:
	Security ID:		S-1-0-0
	Account Name:		-
	Account Domain:		-
	Logon ID:		0x0

Process Information:
	New Process ID:		0x1bd4
	New Process Name:	C:\Program Files (x86)\Microsoft\Edge\Application\msedge.exe
	Token Elevation Type:	TokenElevationTypeLimited (3)
	Mandatory Label:		S-1-16-4096
	Creator Process ID:	0x1de0
	Creator Process Name:	C:\Program Files (x86)\Microsoft\Edge\Application\msedge.exe
	Process Command Line:	""C:\Program Files (x86)\Microsoft\Edge\Application\msedge.exe"" --type=utility --utility-sub-type=storage.mojom.StorageService --lang=en-US --service-sandbox-type=utility --mojo-platform-channel-handle=2372 --field-trial-handle=2004,i,1488074890924580658,4154283332147110387,131072 /prefetch:8

Token Elevation Type indicates the type of token that was assigned to the new process in accordance with User Account Control policy.

Type 1 is a full token with no privileges removed or groups disabled.  A full token is only used if User Account Control is disabled or if the user is the built-in Administrator account or a service account.

Type 2 is an elevated token with no privileges removed or groups disabled.  An elevated token is used when User Account Control is enabled and the user chooses to start the program using Run as administrator.  An elevated token is also used when an application is configured to always require administrative privilege or to always require maximum privilege, and the user is a member of the Administrators group.

Type 3 is a limited token with administrative privileges removed and administrative groups disabled.  The limited token is used when User Account Control is enabled, the application does not require administrative privilege, and the user does not choose to start the program using Run as administrator."
21-10-22 21:03,4688,Microsoft-Windows-Security-Auditing,Security,4,340,Win11Vic1,Information,Info,Process Creation,"A new process has been created.

Creator Subject:
	Security ID:		S-1-5-21-279476226-3736561340-2529114786-1000
	Account Name:		User
	Account Domain:		WIN11VIC1
	Logon ID:		0x5C9DB

Target Subject:
	Security ID:		S-1-0-0
	Account Name:		-
	Account Domain:		-
	Logon ID:		0x0

Process Information:
	New Process ID:		0x1628
	New Process Name:	C:\Program Files (x86)\Microsoft\Edge\Application\msedge.exe
	Token Elevation Type:	TokenElevationTypeLimited (3)
	Mandatory Label:		S-1-16-8192
	Creator Process ID:	0x1de0
	Creator Process Name:	C:\Program Files (x86)\Microsoft\Edge\Application\msedge.exe
	Process Command Line:	""C:\Program Files (x86)\Microsoft\Edge\Application\msedge.exe"" --type=utility --utility-sub-type=network.mojom.NetworkService --lang=en-US --service-sandbox-type=none --mojo-platform-channel-handle=2264 --field-trial-handle=2004,i,1488074890924580658,4154283332147110387,131072 /prefetch:3

Token Elevation Type indicates the type of token that was assigned to the new process in accordance with User Account Control policy.

Type 1 is a full token with no privileges removed or groups disabled.  A full token is only used if User Account Control is disabled or if the user is the built-in Administrator account or a service account.

Type 2 is an elevated token with no privileges removed or groups disabled.  An elevated token is used when User Account Control is enabled and the user chooses to start the program using Run as administrator.  An elevated token is also used when an application is configured to always require administrative privilege or to always require maximum privilege, and the user is a member of the Administrators group.

Type 3 is a limited token with administrative privileges removed and administrative groups disabled.  The limited token is used when User Account Control is enabled, the application does not require administrative privilege, and the user does not choose to start the program using Run as administrator."
21-10-22 21:03,4688,Microsoft-Windows-Security-Auditing,Security,4,340,Win11Vic1,Information,Info,Process Creation,"A new process has been created.

Creator Subject:
	Security ID:		S-1-5-21-279476226-3736561340-2529114786-1000
	Account Name:		User
	Account Domain:		WIN11VIC1
	Logon ID:		0x5C9DB

Target Subject:
	Security ID:		S-1-0-0
	Account Name:		-
	Account Domain:		-
	Logon ID:		0x0

Process Information:
	New Process ID:		0x1ffc
	New Process Name:	C:\Program Files (x86)\Microsoft\Edge\Application\msedge.exe
	Token Elevation Type:	TokenElevationTypeLimited (3)
	Mandatory Label:		S-1-16-4096
	Creator Process ID:	0x1de0
	Creator Process Name:	C:\Program Files (x86)\Microsoft\Edge\Application\msedge.exe
	Process Command Line:	""C:\Program Files (x86)\Microsoft\Edge\Application\msedge.exe"" --type=gpu-process --gpu-preferences=UAAAAAAAAADgAAAYAAAAAAAAAAAAAAAAAABgAAAAAAAwAAAAAAAAAAAAAAAQAAAAAAAAAAAAAAAAAAAAAAAAAEgAAAAAAAAASAAAAAAAAAAYAAAAAgAAABAAAAAAAAAAGAAAAAAAAAAQAAAAAAAAAAAAAAAOAAAAEAAAAAAAAAABAAAADgAAAAgAAAAAAAAACAAAAAAAAAA= --mojo-platform-channel-handle=1924 --field-trial-handle=2004,i,1488074890924580658,4154283332147110387,131072 /prefetch:2

Token Elevation Type indicates the type of token that was assigned to the new process in accordance with User Account Control policy.

Type 1 is a full token with no privileges removed or groups disabled.  A full token is only used if User Account Control is disabled or if the user is the built-in Administrator account or a service account.

Type 2 is an elevated token with no privileges removed or groups disabled.  An elevated token is used when User Account Control is enabled and the user chooses to start the program using Run as administrator.  An elevated token is also used when an application is configured to always require administrative privilege or to always require maximum privilege, and the user is a member of the Administrators group.

Type 3 is a limited token with administrative privileges removed and administrative groups disabled.  The limited token is used when User Account Control is enabled, the application does not require administrative privilege, and the user does not choose to start the program using Run as administrator."
21-10-22 21:03,4688,Microsoft-Windows-Security-Auditing,Security,4,7672,Win11Vic1,Information,Info,Process Creation,"A new process has been created.

Creator Subject:
	Security ID:		S-1-5-21-279476226-3736561340-2529114786-1000
	Account Name:		User
	Account Domain:		WIN11VIC1
	Logon ID:		0x5C9DB

Target Subject:
	Security ID:		S-1-0-0
	Account Name:		-
	Account Domain:		-
	Logon ID:		0x0

Process Information:
	New Process ID:		0x1f04
	New Process Name:	C:\Program Files (x86)\Microsoft\EdgeWebView\Application\106.0.1370.47\msedgewebview2.exe
	Token Elevation Type:	TokenElevationTypeLimited (3)
	Mandatory Label:		S-1-16-4096
	Creator Process ID:	0x1d80
	Creator Process Name:	C:\Program Files (x86)\Microsoft\EdgeWebView\Application\106.0.1370.47\msedgewebview2.exe
	Process Command Line:	""C:\Program Files (x86)\Microsoft\EdgeWebView\Application\106.0.1370.47\msedgewebview2.exe"" --type=renderer --noerrdialogs --user-data-dir=""C:\Users\User\AppData\Local\Microsoft\OneDrive\EBWebView"" --webview-exe-name=OneDrive.exe --webview-exe-version=22.202.0925.0002 --embedded-browser-webview=1 --embedded-browser-webview-dpi-awareness=1 --display-capture-permissions-policy-allowed --js-flags=--ms-user-locale= --first-renderer-process --js-flags=""--harmony-weak-refs-with-cleanup-some --expose-gc"" --lang=en-US --device-scale-factor=1 --num-raster-threads=2 --enable-main-frame-before-activation --renderer-client-id=5 --time-ticks-at-unix-epoch=-1666357273863077 --launch-time-ticks=123461267 --mojo-platform-channel-handle=2980 --field-trial-handle=1752,i,2746926316247755982,9472319154854118250,131072 --disable-features=msEnhancedTrackingPreventionEnabled /prefetch:1

Token Elevation Type indicates the type of token that was assigned to the new process in accordance with User Account Control policy.

Type 1 is a full token with no privileges removed or groups disabled.  A full token is only used if User Account Control is disabled or if the user is the built-in Administrator account or a service account.

Type 2 is an elevated token with no privileges removed or groups disabled.  An elevated token is used when User Account Control is enabled and the user chooses to start the program using Run as administrator.  An elevated token is also used when an application is configured to always require administrative privilege or to always require maximum privilege, and the user is a member of the Administrators group.

Type 3 is a limited token with administrative privileges removed and administrative groups disabled.  The limited token is used when User Account Control is enabled, the application does not require administrative privilege, and the user does not choose to start the program using Run as administrator."
21-10-22 21:03,4688,Microsoft-Windows-Security-Auditing,Security,4,2036,Win11Vic1,Information,Info,Process Creation,"A new process has been created.

Creator Subject:
	Security ID:		S-1-5-21-279476226-3736561340-2529114786-1000
	Account Name:		User
	Account Domain:		WIN11VIC1
	Logon ID:		0x5C9DB

Target Subject:
	Security ID:		S-1-0-0
	Account Name:		-
	Account Domain:		-
	Logon ID:		0x0

Process Information:
	New Process ID:		0x1ef8
	New Process Name:	C:\Program Files (x86)\Microsoft\EdgeWebView\Application\106.0.1370.47\msedgewebview2.exe
	Token Elevation Type:	TokenElevationTypeLimited (3)
	Mandatory Label:		S-1-16-4096
	Creator Process ID:	0x1d80
	Creator Process Name:	C:\Program Files (x86)\Microsoft\EdgeWebView\Application\106.0.1370.47\msedgewebview2.exe
	Process Command Line:	""C:\Program Files (x86)\Microsoft\EdgeWebView\Application\106.0.1370.47\msedgewebview2.exe"" --type=utility --utility-sub-type=storage.mojom.StorageService --lang=en-US --service-sandbox-type=utility --noerrdialogs --user-data-dir=""C:\Users\User\AppData\Local\Microsoft\OneDrive\EBWebView"" --webview-exe-name=OneDrive.exe --webview-exe-version=22.202.0925.0002 --embedded-browser-webview=1 --embedded-browser-webview-dpi-awareness=1 --mojo-platform-channel-handle=2100 --field-trial-handle=1752,i,2746926316247755982,9472319154854118250,131072 --disable-features=msEnhancedTrackingPreventionEnabled /prefetch:8

Token Elevation Type indicates the type of token that was assigned to the new process in accordance with User Account Control policy.

Type 1 is a full token with no privileges removed or groups disabled.  A full token is only used if User Account Control is disabled or if the user is the built-in Administrator account or a service account.

Type 2 is an elevated token with no privileges removed or groups disabled.  An elevated token is used when User Account Control is enabled and the user chooses to start the program using Run as administrator.  An elevated token is also used when an application is configured to always require administrative privilege or to always require maximum privilege, and the user is a member of the Administrators group.

Type 3 is a limited token with administrative privileges removed and administrative groups disabled.  The limited token is used when User Account Control is enabled, the application does not require administrative privilege, and the user does not choose to start the program using Run as administrator."
21-10-22 21:03,4688,Microsoft-Windows-Security-Auditing,Security,4,148,Win11Vic1,Information,Info,Process Creation,"A new process has been created.

Creator Subject:
	Security ID:		S-1-5-21-279476226-3736561340-2529114786-1000
	Account Name:		User
	Account Domain:		WIN11VIC1
	Logon ID:		0x5C9DB

Target Subject:
	Security ID:		S-1-0-0
	Account Name:		-
	Account Domain:		-
	Logon ID:		0x0

Process Information:
	New Process ID:		0x1eb8
	New Process Name:	C:\Program Files (x86)\Microsoft\EdgeWebView\Application\106.0.1370.47\msedgewebview2.exe
	Token Elevation Type:	TokenElevationTypeLimited (3)
	Mandatory Label:		S-1-16-8192
	Creator Process ID:	0x1d80
	Creator Process Name:	C:\Program Files (x86)\Microsoft\EdgeWebView\Application\106.0.1370.47\msedgewebview2.exe
	Process Command Line:	""C:\Program Files (x86)\Microsoft\EdgeWebView\Application\106.0.1370.47\msedgewebview2.exe"" --type=utility --utility-sub-type=network.mojom.NetworkService --lang=en-US --service-sandbox-type=none --noerrdialogs --user-data-dir=""C:\Users\User\AppData\Local\Microsoft\OneDrive\EBWebView"" --webview-exe-name=OneDrive.exe --webview-exe-version=22.202.0925.0002 --embedded-browser-webview=1 --embedded-browser-webview-dpi-awareness=1 --mojo-platform-channel-handle=1888 --field-trial-handle=1752,i,2746926316247755982,9472319154854118250,131072 --disable-features=msEnhancedTrackingPreventionEnabled /prefetch:3

Token Elevation Type indicates the type of token that was assigned to the new process in accordance with User Account Control policy.

Type 1 is a full token with no privileges removed or groups disabled.  A full token is only used if User Account Control is disabled or if the user is the built-in Administrator account or a service account.

Type 2 is an elevated token with no privileges removed or groups disabled.  An elevated token is used when User Account Control is enabled and the user chooses to start the program using Run as administrator.  An elevated token is also used when an application is configured to always require administrative privilege or to always require maximum privilege, and the user is a member of the Administrators group.

Type 3 is a limited token with administrative privileges removed and administrative groups disabled.  The limited token is used when User Account Control is enabled, the application does not require administrative privilege, and the user does not choose to start the program using Run as administrator."
21-10-22 21:03,4688,Microsoft-Windows-Security-Auditing,Security,4,2500,Win11Vic1,Information,Info,Process Creation,"A new process has been created.

Creator Subject:
	Security ID:		S-1-5-21-279476226-3736561340-2529114786-1000
	Account Name:		User
	Account Domain:		WIN11VIC1
	Logon ID:		0x5C9DB

Target Subject:
	Security ID:		S-1-0-0
	Account Name:		-
	Account Domain:		-
	Logon ID:		0x0

Process Information:
	New Process ID:		0x1e9c
	New Process Name:	C:\Program Files (x86)\Microsoft\EdgeWebView\Application\106.0.1370.47\msedgewebview2.exe
	Token Elevation Type:	TokenElevationTypeLimited (3)
	Mandatory Label:		S-1-16-4096
	Creator Process ID:	0x1d80
	Creator Process Name:	C:\Program Files (x86)\Microsoft\EdgeWebView\Application\106.0.1370.47\msedgewebview2.exe
	Process Command Line:	""C:\Program Files (x86)\Microsoft\EdgeWebView\Application\106.0.1370.47\msedgewebview2.exe"" --type=gpu-process --noerrdialogs --user-data-dir=""C:\Users\User\AppData\Local\Microsoft\OneDrive\EBWebView"" --webview-exe-name=OneDrive.exe --webview-exe-version=22.202.0925.0002 --embedded-browser-webview=1 --embedded-browser-webview-dpi-awareness=1 --gpu-preferences=UAAAAAAAAADgAAAYAAAAAAAAAAAAAAAAAABgAAAAAAAwAAAAAAAAAAAAAAAQAAAAAAAAAAAAAAAAAAAAAAAAAEgAAAAAAAAASAAAAAAAAAAYAAAAAgAAABAAAAAAAAAAGAAAAAAAAAAQAAAAAAAAAAAAAAAOAAAAEAAAAAAAAAABAAAADgAAAAgAAAAAAAAACAAAAAAAAAA= --mojo-platform-channel-handle=1732 --field-trial-handle=1752,i,2746926316247755982,9472319154854118250,131072 --disable-features=msEnhancedTrackingPreventionEnabled /prefetch:2

Token Elevation Type indicates the type of token that was assigned to the new process in accordance with User Account Control policy.

Type 1 is a full token with no privileges removed or groups disabled.  A full token is only used if User Account Control is disabled or if the user is the built-in Administrator account or a service account.

Type 2 is an elevated token with no privileges removed or groups disabled.  An elevated token is used when User Account Control is enabled and the user chooses to start the program using Run as administrator.  An elevated token is also used when an application is configured to always require administrative privilege or to always require maximum privilege, and the user is a member of the Administrators group.

Type 3 is a limited token with administrative privileges removed and administrative groups disabled.  The limited token is used when User Account Control is enabled, the application does not require administrative privilege, and the user does not choose to start the program using Run as administrator."
21-10-22 21:03,4688,Microsoft-Windows-Security-Auditing,Security,4,2500,Win11Vic1,Information,Info,Process Creation,"A new process has been created.

Creator Subject:
	Security ID:		S-1-5-21-279476226-3736561340-2529114786-1000
	Account Name:		User
	Account Domain:		WIN11VIC1
	Logon ID:		0x5C9DB

Target Subject:
	Security ID:		S-1-0-0
	Account Name:		-
	Account Domain:		-
	Logon ID:		0x0

Process Information:
	New Process ID:		0x1e68
	New Process Name:	C:\Program Files (x86)\Microsoft\Edge\Application\msedge.exe
	Token Elevation Type:	TokenElevationTypeLimited (3)
	Mandatory Label:		S-1-16-8192
	Creator Process ID:	0x1de0
	Creator Process Name:	C:\Program Files (x86)\Microsoft\Edge\Application\msedge.exe
	Process Command Line:	""C:\Program Files (x86)\Microsoft\Edge\Application\msedge.exe"" --type=crashpad-handler ""--user-data-dir=C:\Users\User\AppData\Local\Microsoft\Edge\User Data"" /prefetch:7 --monitor-self-annotation=ptype=crashpad-handler ""--database=C:\Users\User\AppData\Local\Microsoft\Edge\User Data\Crashpad"" --annotation=IsOfficialBuild=1 --annotation=channel= --annotation=chromium-version=106.0.5249.119 ""--annotation=exe=C:\Program Files (x86)\Microsoft\Edge\Application\msedge.exe"" --annotation=plat=Win64 ""--annotation=prod=Microsoft Edge"" --annotation=ver=106.0.1370.47 --initial-client-data=0x104,0x108,0x10c,0xe0,0x178,0x7ffb5d5f6e08,0x7ffb5d5f6e18,0x7ffb5d5f6e28

Token Elevation Type indicates the type of token that was assigned to the new process in accordance with User Account Control policy.

Type 1 is a full token with no privileges removed or groups disabled.  A full token is only used if User Account Control is disabled or if the user is the built-in Administrator account or a service account.

Type 2 is an elevated token with no privileges removed or groups disabled.  An elevated token is used when User Account Control is enabled and the user chooses to start the program using Run as administrator.  An elevated token is also used when an application is configured to always require administrative privilege or to always require maximum privilege, and the user is a member of the Administrators group.

Type 3 is a limited token with administrative privileges removed and administrative groups disabled.  The limited token is used when User Account Control is enabled, the application does not require administrative privilege, and the user does not choose to start the program using Run as administrator."
21-10-22 21:03,4688,Microsoft-Windows-Security-Auditing,Security,4,468,Win11Vic1,Information,Info,Process Creation,"A new process has been created.

Creator Subject:
	Security ID:		S-1-5-21-279476226-3736561340-2529114786-1000
	Account Name:		User
	Account Domain:		WIN11VIC1
	Logon ID:		0x5C9DB

Target Subject:
	Security ID:		S-1-0-0
	Account Name:		-
	Account Domain:		-
	Logon ID:		0x0

Process Information:
	New Process ID:		0x1de0
	New Process Name:	C:\Program Files (x86)\Microsoft\Edge\Application\msedge.exe
	Token Elevation Type:	TokenElevationTypeLimited (3)
	Mandatory Label:		S-1-16-8192
	Creator Process ID:	0x260
	Creator Process Name:	C:\Windows\explorer.exe
	Process Command Line:	""C:\Program Files (x86)\Microsoft\Edge\Application\msedge.exe"" --no-startup-window --win-session-start /prefetch:5

Token Elevation Type indicates the type of token that was assigned to the new process in accordance with User Account Control policy.

Type 1 is a full token with no privileges removed or groups disabled.  A full token is only used if User Account Control is disabled or if the user is the built-in Administrator account or a service account.

Type 2 is an elevated token with no privileges removed or groups disabled.  An elevated token is used when User Account Control is enabled and the user chooses to start the program using Run as administrator.  An elevated token is also used when an application is configured to always require administrative privilege or to always require maximum privilege, and the user is a member of the Administrators group.

Type 3 is a limited token with administrative privileges removed and administrative groups disabled.  The limited token is used when User Account Control is enabled, the application does not require administrative privilege, and the user does not choose to start the program using Run as administrator."
21-10-22 21:03,4688,Microsoft-Windows-Security-Auditing,Security,4,2500,Win11Vic1,Information,Info,Process Creation,"A new process has been created.

Creator Subject:
	Security ID:		S-1-5-21-279476226-3736561340-2529114786-1000
	Account Name:		User
	Account Domain:		WIN11VIC1
	Logon ID:		0x5C9DB

Target Subject:
	Security ID:		S-1-0-0
	Account Name:		-
	Account Domain:		-
	Logon ID:		0x0

Process Information:
	New Process ID:		0x1db4
	New Process Name:	C:\Program Files (x86)\Microsoft\EdgeWebView\Application\106.0.1370.47\msedgewebview2.exe
	Token Elevation Type:	TokenElevationTypeLimited (3)
	Mandatory Label:		S-1-16-8192
	Creator Process ID:	0x1d80
	Creator Process Name:	C:\Program Files (x86)\Microsoft\EdgeWebView\Application\106.0.1370.47\msedgewebview2.exe
	Process Command Line:	""C:\Program Files (x86)\Microsoft\EdgeWebView\Application\106.0.1370.47\msedgewebview2.exe"" --type=crashpad-handler --user-data-dir=C:\Users\User\AppData\Local\Microsoft\OneDrive\EBWebView /prefetch:7 --monitor-self-annotation=ptype=crashpad-handler --database=C:\Users\User\AppData\Local\Microsoft\OneDrive\EBWebView\Crashpad --annotation=IsOfficialBuild=1 --annotation=channel= --annotation=chromium-version=106.0.5249.119 ""--annotation=exe=C:\Program Files (x86)\Microsoft\EdgeWebView\Application\106.0.1370.47\msedgewebview2.exe"" --annotation=plat=Win64 ""--annotation=prod=Edge WebView2"" --annotation=ver=106.0.1370.47 --initial-client-data=0x104,0x108,0x10c,0xe0,0x118,0x7ffb5d5f6e08,0x7ffb5d5f6e18,0x7ffb5d5f6e28

Token Elevation Type indicates the type of token that was assigned to the new process in accordance with User Account Control policy.

Type 1 is a full token with no privileges removed or groups disabled.  A full token is only used if User Account Control is disabled or if the user is the built-in Administrator account or a service account.

Type 2 is an elevated token with no privileges removed or groups disabled.  An elevated token is used when User Account Control is enabled and the user chooses to start the program using Run as administrator.  An elevated token is also used when an application is configured to always require administrative privilege or to always require maximum privilege, and the user is a member of the Administrators group.

Type 3 is a limited token with administrative privileges removed and administrative groups disabled.  The limited token is used when User Account Control is enabled, the application does not require administrative privilege, and the user does not choose to start the program using Run as administrator."
21-10-22 21:03,4688,Microsoft-Windows-Security-Auditing,Security,4,332,Win11Vic1,Information,Info,Process Creation,"A new process has been created.

Creator Subject:
	Security ID:		S-1-5-21-279476226-3736561340-2529114786-1000
	Account Name:		User
	Account Domain:		WIN11VIC1
	Logon ID:		0x5C9DB

Target Subject:
	Security ID:		S-1-0-0
	Account Name:		-
	Account Domain:		-
	Logon ID:		0x0

Process Information:
	New Process ID:		0x1d80
	New Process Name:	C:\Program Files (x86)\Microsoft\EdgeWebView\Application\106.0.1370.47\msedgewebview2.exe
	Token Elevation Type:	TokenElevationTypeLimited (3)
	Mandatory Label:		S-1-16-8192
	Creator Process ID:	0x1ca4
	Creator Process Name:	C:\Users\User\AppData\Local\Microsoft\OneDrive\OneDrive.exe
	Process Command Line:	""C:\Program Files (x86)\Microsoft\EdgeWebView\Application\106.0.1370.47\msedgewebview2.exe"" --embedded-browser-webview=1 --webview-exe-name=OneDrive.exe --webview-exe-version=22.202.0925.0002 --user-data-dir=""C:\Users\User\AppData\Local\Microsoft\OneDrive\EBWebView"" --noerrdialogs --embedded-browser-webview-dpi-awareness=1 --disable-features=msEnhancedTrackingPreventionEnabled --mojo-named-platform-channel-pipe=7332.7540.9758821701704537055

Token Elevation Type indicates the type of token that was assigned to the new process in accordance with User Account Control policy.

Type 1 is a full token with no privileges removed or groups disabled.  A full token is only used if User Account Control is disabled or if the user is the built-in Administrator account or a service account.

Type 2 is an elevated token with no privileges removed or groups disabled.  An elevated token is used when User Account Control is enabled and the user chooses to start the program using Run as administrator.  An elevated token is also used when an application is configured to always require administrative privilege or to always require maximum privilege, and the user is a member of the Administrators group.

Type 3 is a limited token with administrative privileges removed and administrative groups disabled.  The limited token is used when User Account Control is enabled, the application does not require administrative privilege, and the user does not choose to start the program using Run as administrator."
21-10-22 21:03,4688,Microsoft-Windows-Security-Auditing,Security,4,2036,Win11Vic1,Information,Info,Process Creation,"A new process has been created.

Creator Subject:
	Security ID:		S-1-5-18
	Account Name:		WIN11VIC1$
	Account Domain:		WORKGROUP
	Logon ID:		0x3E7

Target Subject:
	Security ID:		S-1-0-0
	Account Name:		-
	Account Domain:		-
	Logon ID:		0x0

Process Information:
	New Process ID:		0x1d30
	New Process Name:	C:\Windows\System32\SearchIndexer.exe
	Token Elevation Type:	TokenElevationTypeDefault (1)
	Mandatory Label:		S-1-16-16384
	Creator Process ID:	0x2c8
	Creator Process Name:	C:\Windows\System32\services.exe
	Process Command Line:	C:\Windows\system32\SearchIndexer.exe /Embedding

Token Elevation Type indicates the type of token that was assigned to the new process in accordance with User Account Control policy.

Type 1 is a full token with no privileges removed or groups disabled.  A full token is only used if User Account Control is disabled or if the user is the built-in Administrator account or a service account.

Type 2 is an elevated token with no privileges removed or groups disabled.  An elevated token is used when User Account Control is enabled and the user chooses to start the program using Run as administrator.  An elevated token is also used when an application is configured to always require administrative privilege or to always require maximum privilege, and the user is a member of the Administrators group.

Type 3 is a limited token with administrative privileges removed and administrative groups disabled.  The limited token is used when User Account Control is enabled, the application does not require administrative privilege, and the user does not choose to start the program using Run as administrator."
21-10-22 21:03,4688,Microsoft-Windows-Security-Auditing,Security,4,136,Win11Vic1,Information,Info,Process Creation,"A new process has been created.

Creator Subject:
	Security ID:		S-1-5-21-279476226-3736561340-2529114786-1000
	Account Name:		User
	Account Domain:		WIN11VIC1
	Logon ID:		0x5C9DB

Target Subject:
	Security ID:		S-1-0-0
	Account Name:		-
	Account Domain:		-
	Logon ID:		0x0

Process Information:
	New Process ID:		0x1d10
	New Process Name:	C:\Users\User\AppData\Local\Microsoft\OneDrive\22.202.0925.0002\Microsoft.SharePoint.exe
	Token Elevation Type:	TokenElevationTypeLimited (3)
	Mandatory Label:		S-1-16-8192
	Creator Process ID:	0x1ca4
	Creator Process Name:	C:\Users\User\AppData\Local\Microsoft\OneDrive\OneDrive.exe
	Process Command Line:	""C:\Users\User\AppData\Local\Microsoft\OneDrive\22.202.0925.0002\Microsoft.SharePoint.exe"" /silentConfig

Token Elevation Type indicates the type of token that was assigned to the new process in accordance with User Account Control policy.

Type 1 is a full token with no privileges removed or groups disabled.  A full token is only used if User Account Control is disabled or if the user is the built-in Administrator account or a service account.

Type 2 is an elevated token with no privileges removed or groups disabled.  An elevated token is used when User Account Control is enabled and the user chooses to start the program using Run as administrator.  An elevated token is also used when an application is configured to always require administrative privilege or to always require maximum privilege, and the user is a member of the Administrators group.

Type 3 is a limited token with administrative privileges removed and administrative groups disabled.  The limited token is used when User Account Control is enabled, the application does not require administrative privilege, and the user does not choose to start the program using Run as administrator."
