21-10-22 20:49,4688,Microsoft-Windows-Security-Auditing,Security,4,9152,Win11Vic1,Information,Info,Process Creation,"A new process has been created.

Creator Subject:
	Security ID:		S-1-5-18
	Account Name:		WIN11VIC1$
	Account Domain:		WORKGROUP
	Logon ID:		0x3E7

Target Subject:
	Security ID:		S-1-0-0
	Account Name:		-
	Account Domain:		-
	Logon ID:		0x0

Process Information:
	New Process ID:		0x2b8
	New Process Name:	C:\Windows\System32\wsqmcons.exe
	Token Elevation Type:	TokenElevationTypeDefault (1)
	Mandatory Label:		S-1-16-16384
	Creator Process ID:	0x54c
	Creator Process Name:	C:\Windows\System32\svchost.exe
	Process Command Line:	C:\Windows\System32\wsqmcons.exe

Token Elevation Type indicates the type of token that was assigned to the new process in accordance with User Account Control policy.

Type 1 is a full token with no privileges removed or groups disabled.  A full token is only used if User Account Control is disabled or if the user is the built-in Administrator account or a service account.

Type 2 is an elevated token with no privileges removed or groups disabled.  An elevated token is used when User Account Control is enabled and the user chooses to start the program using Run as administrator.  An elevated token is also used when an application is configured to always require administrative privilege or to always require maximum privilege, and the user is a member of the Administrators group.

Type 3 is a limited token with administrative privileges removed and administrative groups disabled.  The limited token is used when User Account Control is enabled, the application does not require administrative privilege, and the user does not choose to start the program using Run as administrator."
21-10-22 20:49,4688,Microsoft-Windows-Security-Auditing,Security,4,9152,Win11Vic1,Information,Info,Process Creation,"A new process has been created.

Creator Subject:
	Security ID:		S-1-5-18
	Account Name:		WIN11VIC1$
	Account Domain:		WORKGROUP
	Logon ID:		0x3E7

Target Subject:
	Security ID:		S-1-0-0
	Account Name:		-
	Account Domain:		-
	Logon ID:		0x0

Process Information:
	New Process ID:		0x1b8
	New Process Name:	C:\Windows\System32\rundll32.exe
	Token Elevation Type:	TokenElevationTypeDefault (1)
	Mandatory Label:		S-1-16-16384
	Creator Process ID:	0x54c
	Creator Process Name:	C:\Windows\System32\svchost.exe
	Process Command Line:	C:\Windows\system32\rundll32.exe C:\Windows\system32\PcaSvc.dll,PcaPatchSdbTask

Token Elevation Type indicates the type of token that was assigned to the new process in accordance with User Account Control policy.

Type 1 is a full token with no privileges removed or groups disabled.  A full token is only used if User Account Control is disabled or if the user is the built-in Administrator account or a service account.

Type 2 is an elevated token with no privileges removed or groups disabled.  An elevated token is used when User Account Control is enabled and the user chooses to start the program using Run as administrator.  An elevated token is also used when an application is configured to always require administrative privilege or to always require maximum privilege, and the user is a member of the Administrators group.

Type 3 is a limited token with administrative privileges removed and administrative groups disabled.  The limited token is used when User Account Control is enabled, the application does not require administrative privilege, and the user does not choose to start the program using Run as administrator."
21-10-22 20:49,4688,Microsoft-Windows-Security-Auditing,Security,4,9152,Win11Vic1,Information,Info,Process Creation,"A new process has been created.

Creator Subject:
	Security ID:		S-1-5-18
	Account Name:		WIN11VIC1$
	Account Domain:		WORKGROUP
	Logon ID:		0x3E7

Target Subject:
	Security ID:		S-1-5-21-279476226-3736561340-2529114786-1000
	Account Name:		User
	Account Domain:		WIN11VIC1
	Logon ID:		0x19D14

Process Information:
	New Process ID:		0x1260
	New Process Name:	C:\Users\User\AppData\Local\Microsoft\OneDrive\OneDriveStandaloneUpdater.exe
	Token Elevation Type:	TokenElevationTypeLimited (3)
	Mandatory Label:		S-1-16-8192
	Creator Process ID:	0x54c
	Creator Process Name:	C:\Windows\System32\svchost.exe
	Process Command Line:	C:\Users\User\AppData\Local\Microsoft\OneDrive\OneDriveStandaloneUpdater.exe /reporting

Token Elevation Type indicates the type of token that was assigned to the new process in accordance with User Account Control policy.

Type 1 is a full token with no privileges removed or groups disabled.  A full token is only used if User Account Control is disabled or if the user is the built-in Administrator account or a service account.

Type 2 is an elevated token with no privileges removed or groups disabled.  An elevated token is used when User Account Control is enabled and the user chooses to start the program using Run as administrator.  An elevated token is also used when an application is configured to always require administrative privilege or to always require maximum privilege, and the user is a member of the Administrators group.

Type 3 is a limited token with administrative privileges removed and administrative groups disabled.  The limited token is used when User Account Control is enabled, the application does not require administrative privilege, and the user does not choose to start the program using Run as administrator."
21-10-22 20:49,4688,Microsoft-Windows-Security-Auditing,Security,4,9176,Win11Vic1,Information,Info,Process Creation,"A new process has been created.

Creator Subject:
	Security ID:		S-1-5-18
	Account Name:		WIN11VIC1$
	Account Domain:		WORKGROUP
	Logon ID:		0x3E7

Target Subject:
	Security ID:		S-1-0-0
	Account Name:		-
	Account Domain:		-
	Logon ID:		0x0

Process Information:
	New Process ID:		0x1c4
	New Process Name:	C:\Windows\System32\UsoClient.exe
	Token Elevation Type:	TokenElevationTypeDefault (1)
	Mandatory Label:		S-1-16-16384
	Creator Process ID:	0x54c
	Creator Process Name:	C:\Windows\System32\svchost.exe
	Process Command Line:	C:\Windows\system32\usoclient.exe StartScan

Token Elevation Type indicates the type of token that was assigned to the new process in accordance with User Account Control policy.

Type 1 is a full token with no privileges removed or groups disabled.  A full token is only used if User Account Control is disabled or if the user is the built-in Administrator account or a service account.

Type 2 is an elevated token with no privileges removed or groups disabled.  An elevated token is used when User Account Control is enabled and the user chooses to start the program using Run as administrator.  An elevated token is also used when an application is configured to always require administrative privilege or to always require maximum privilege, and the user is a member of the Administrators group.

Type 3 is a limited token with administrative privileges removed and administrative groups disabled.  The limited token is used when User Account Control is enabled, the application does not require administrative privilege, and the user does not choose to start the program using Run as administrator."
21-10-22 20:49,4688,Microsoft-Windows-Security-Auditing,Security,4,9152,Win11Vic1,Information,Info,Process Creation,"A new process has been created.

Creator Subject:
	Security ID:		S-1-5-18
	Account Name:		WIN11VIC1$
	Account Domain:		WORKGROUP
	Logon ID:		0x3E7

Target Subject:
	Security ID:		S-1-0-0
	Account Name:		-
	Account Domain:		-
	Logon ID:		0x0

Process Information:
	New Process ID:		0xb3c
	New Process Name:	C:\Windows\System32\wermgr.exe
	Token Elevation Type:	TokenElevationTypeDefault (1)
	Mandatory Label:		S-1-16-16384
	Creator Process ID:	0x54c
	Creator Process Name:	C:\Windows\System32\svchost.exe
	Process Command Line:	C:\Windows\system32\wermgr.exe -upload

Token Elevation Type indicates the type of token that was assigned to the new process in accordance with User Account Control policy.

Type 1 is a full token with no privileges removed or groups disabled.  A full token is only used if User Account Control is disabled or if the user is the built-in Administrator account or a service account.

Type 2 is an elevated token with no privileges removed or groups disabled.  An elevated token is used when User Account Control is enabled and the user chooses to start the program using Run as administrator.  An elevated token is also used when an application is configured to always require administrative privilege or to always require maximum privilege, and the user is a member of the Administrators group.

Type 3 is a limited token with administrative privileges removed and administrative groups disabled.  The limited token is used when User Account Control is enabled, the application does not require administrative privilege, and the user does not choose to start the program using Run as administrator."
21-10-22 20:49,4688,Microsoft-Windows-Security-Auditing,Security,4,7436,Win11Vic1,Information,Info,Process Creation,"A new process has been created.

Creator Subject:
	Security ID:		S-1-5-18
	Account Name:		WIN11VIC1$
	Account Domain:		WORKGROUP
	Logon ID:		0x3E7

Target Subject:
	Security ID:		S-1-0-0
	Account Name:		-
	Account Domain:		-
	Logon ID:		0x0

Process Information:
	New Process ID:		0x710
	New Process Name:	C:\Windows\System32\sc.exe
	Token Elevation Type:	TokenElevationTypeDefault (1)
	Mandatory Label:		S-1-16-16384
	Creator Process ID:	0x54c
	Creator Process Name:	C:\Windows\System32\svchost.exe
	Process Command Line:	C:\Windows\system32\sc.exe start wuauserv

Token Elevation Type indicates the type of token that was assigned to the new process in accordance with User Account Control policy.

Type 1 is a full token with no privileges removed or groups disabled.  A full token is only used if User Account Control is disabled or if the user is the built-in Administrator account or a service account.

Type 2 is an elevated token with no privileges removed or groups disabled.  An elevated token is used when User Account Control is enabled and the user chooses to start the program using Run as administrator.  An elevated token is also used when an application is configured to always require administrative privilege or to always require maximum privilege, and the user is a member of the Administrators group.

Type 3 is a limited token with administrative privileges removed and administrative groups disabled.  The limited token is used when User Account Control is enabled, the application does not require administrative privilege, and the user does not choose to start the program using Run as administrator."
21-10-22 20:49,4688,Microsoft-Windows-Security-Auditing,Security,4,7436,Win11Vic1,Information,Info,Process Creation,"A new process has been created.

Creator Subject:
	Security ID:		S-1-5-18
	Account Name:		WIN11VIC1$
	Account Domain:		WORKGROUP
	Logon ID:		0x3E7

Target Subject:
	Security ID:		S-1-0-0
	Account Name:		-
	Account Domain:		-
	Logon ID:		0x0

Process Information:
	New Process ID:		0x23b0
	New Process Name:	C:\Windows\System32\UsoClient.exe
	Token Elevation Type:	TokenElevationTypeDefault (1)
	Mandatory Label:		S-1-16-16384
	Creator Process ID:	0x54c
	Creator Process Name:	C:\Windows\System32\svchost.exe
	Process Command Line:	C:\Windows\system32\usoclient.exe StartScan

Token Elevation Type indicates the type of token that was assigned to the new process in accordance with User Account Control policy.

Type 1 is a full token with no privileges removed or groups disabled.  A full token is only used if User Account Control is disabled or if the user is the built-in Administrator account or a service account.

Type 2 is an elevated token with no privileges removed or groups disabled.  An elevated token is used when User Account Control is enabled and the user chooses to start the program using Run as administrator.  An elevated token is also used when an application is configured to always require administrative privilege or to always require maximum privilege, and the user is a member of the Administrators group.

Type 3 is a limited token with administrative privileges removed and administrative groups disabled.  The limited token is used when User Account Control is enabled, the application does not require administrative privilege, and the user does not choose to start the program using Run as administrator."
21-10-22 20:49,4688,Microsoft-Windows-Security-Auditing,Security,4,152,Win11Vic1,Information,Info,Process Creation,"A new process has been created.

Creator Subject:
	Security ID:		S-1-5-18
	Account Name:		WIN11VIC1$
	Account Domain:		WORKGROUP
	Logon ID:		0x3E7

Target Subject:
	Security ID:		S-1-0-0
	Account Name:		-
	Account Domain:		-
	Logon ID:		0x0

Process Information:
	New Process ID:		0x918
	New Process Name:	C:\Windows\System32\taskhostw.exe
	Token Elevation Type:	TokenElevationTypeDefault (1)
	Mandatory Label:		S-1-16-16384
	Creator Process ID:	0x54c
	Creator Process Name:	C:\Windows\System32\svchost.exe
	Process Command Line:	taskhostw.exe

Token Elevation Type indicates the type of token that was assigned to the new process in accordance with User Account Control policy.

Type 1 is a full token with no privileges removed or groups disabled.  A full token is only used if User Account Control is disabled or if the user is the built-in Administrator account or a service account.

Type 2 is an elevated token with no privileges removed or groups disabled.  An elevated token is used when User Account Control is enabled and the user chooses to start the program using Run as administrator.  An elevated token is also used when an application is configured to always require administrative privilege or to always require maximum privilege, and the user is a member of the Administrators group.

Type 3 is a limited token with administrative privileges removed and administrative groups disabled.  The limited token is used when User Account Control is enabled, the application does not require administrative privilege, and the user does not choose to start the program using Run as administrator."
21-10-22 20:49,4688,Microsoft-Windows-Security-Auditing,Security,4,152,Win11Vic1,Information,Info,Process Creation,"A new process has been created.

Creator Subject:
	Security ID:		S-1-5-18
	Account Name:		WIN11VIC1$
	Account Domain:		WORKGROUP
	Logon ID:		0x3E7

Target Subject:
	Security ID:		S-1-0-0
	Account Name:		-
	Account Domain:		-
	Logon ID:		0x0

Process Information:
	New Process ID:		0x1408
	New Process Name:	C:\Program Files (x86)\Microsoft\EdgeUpdate\MicrosoftEdgeUpdate.exe
	Token Elevation Type:	TokenElevationTypeDefault (1)
	Mandatory Label:		S-1-16-16384
	Creator Process ID:	0x54c
	Creator Process Name:	C:\Windows\System32\svchost.exe
	Process Command Line:	""C:\Program Files (x86)\Microsoft\EdgeUpdate\MicrosoftEdgeUpdate.exe"" /ua /installsource scheduler

Token Elevation Type indicates the type of token that was assigned to the new process in accordance with User Account Control policy.

Type 1 is a full token with no privileges removed or groups disabled.  A full token is only used if User Account Control is disabled or if the user is the built-in Administrator account or a service account.

Type 2 is an elevated token with no privileges removed or groups disabled.  An elevated token is used when User Account Control is enabled and the user chooses to start the program using Run as administrator.  An elevated token is also used when an application is configured to always require administrative privilege or to always require maximum privilege, and the user is a member of the Administrators group.

Type 3 is a limited token with administrative privileges removed and administrative groups disabled.  The limited token is used when User Account Control is enabled, the application does not require administrative privilege, and the user does not choose to start the program using Run as administrator."
21-10-22 20:49,4688,Microsoft-Windows-Security-Auditing,Security,4,9152,Win11Vic1,Information,Info,Process Creation,"A new process has been created.

Creator Subject:
	Security ID:		S-1-5-18
	Account Name:		WIN11VIC1$
	Account Domain:		WORKGROUP
	Logon ID:		0x3E7

Target Subject:
	Security ID:		S-1-5-21-279476226-3736561340-2529114786-1000
	Account Name:		User
	Account Domain:		WIN11VIC1
	Logon ID:		0x19D14

Process Information:
	New Process ID:		0x251c
	New Process Name:	C:\Windows\System32\taskhostw.exe
	Token Elevation Type:	TokenElevationTypeLimited (3)
	Mandatory Label:		S-1-16-8192
	Creator Process ID:	0x54c
	Creator Process Name:	C:\Windows\System32\svchost.exe
	Process Command Line:	taskhostw.exe

Token Elevation Type indicates the type of token that was assigned to the new process in accordance with User Account Control policy.

Type 1 is a full token with no privileges removed or groups disabled.  A full token is only used if User Account Control is disabled or if the user is the built-in Administrator account or a service account.

Type 2 is an elevated token with no privileges removed or groups disabled.  An elevated token is used when User Account Control is enabled and the user chooses to start the program using Run as administrator.  An elevated token is also used when an application is configured to always require administrative privilege or to always require maximum privilege, and the user is a member of the Administrators group.

Type 3 is a limited token with administrative privileges removed and administrative groups disabled.  The limited token is used when User Account Control is enabled, the application does not require administrative privilege, and the user does not choose to start the program using Run as administrator."
21-10-22 20:49,4688,Microsoft-Windows-Security-Auditing,Security,4,9152,Win11Vic1,Information,Info,Process Creation,"A new process has been created.

Creator Subject:
	Security ID:		S-1-5-18
	Account Name:		WIN11VIC1$
	Account Domain:		WORKGROUP
	Logon ID:		0x3E7

Target Subject:
	Security ID:		S-1-0-0
	Account Name:		-
	Account Domain:		-
	Logon ID:		0x0

Process Information:
	New Process ID:		0x2428
	New Process Name:	C:\Windows\System32\rundll32.exe
	Token Elevation Type:	TokenElevationTypeDefault (1)
	Mandatory Label:		S-1-16-16384
	Creator Process ID:	0x54c
	Creator Process Name:	C:\Windows\System32\svchost.exe
	Process Command Line:	C:\Windows\system32\rundll32.exe /d acproxy.dll,PerformAutochkOperations

Token Elevation Type indicates the type of token that was assigned to the new process in accordance with User Account Control policy.

Type 1 is a full token with no privileges removed or groups disabled.  A full token is only used if User Account Control is disabled or if the user is the built-in Administrator account or a service account.

Type 2 is an elevated token with no privileges removed or groups disabled.  An elevated token is used when User Account Control is enabled and the user chooses to start the program using Run as administrator.  An elevated token is also used when an application is configured to always require administrative privilege or to always require maximum privilege, and the user is a member of the Administrators group.

Type 3 is a limited token with administrative privileges removed and administrative groups disabled.  The limited token is used when User Account Control is enabled, the application does not require administrative privilege, and the user does not choose to start the program using Run as administrator."
21-10-22 20:49,4688,Microsoft-Windows-Security-Auditing,Security,4,332,Win11Vic1,Information,Info,Process Creation,"A new process has been created.

Creator Subject:
	Security ID:		S-1-5-18
	Account Name:		WIN11VIC1$
	Account Domain:		WORKGROUP
	Logon ID:		0x3E7

Target Subject:
	Security ID:		S-1-0-0
	Account Name:		-
	Account Domain:		-
	Logon ID:		0x0

Process Information:
	New Process ID:		0x2234
	New Process Name:	C:\Windows\System32\conhost.exe
	Token Elevation Type:	TokenElevationTypeDefault (1)
	Mandatory Label:		S-1-16-16384
	Creator Process ID:	0x27dc
	Creator Process Name:	C:\Windows\System32\cmd.exe
	Process Command Line:	\??\C:\Windows\system32\conhost.exe 0xffffffff -ForceV1

Token Elevation Type indicates the type of token that was assigned to the new process in accordance with User Account Control policy.

Type 1 is a full token with no privileges removed or groups disabled.  A full token is only used if User Account Control is disabled or if the user is the built-in Administrator account or a service account.

Type 2 is an elevated token with no privileges removed or groups disabled.  An elevated token is used when User Account Control is enabled and the user chooses to start the program using Run as administrator.  An elevated token is also used when an application is configured to always require administrative privilege or to always require maximum privilege, and the user is a member of the Administrators group.

Type 3 is a limited token with administrative privileges removed and administrative groups disabled.  The limited token is used when User Account Control is enabled, the application does not require administrative privilege, and the user does not choose to start the program using Run as administrator."
21-10-22 20:49,4688,Microsoft-Windows-Security-Auditing,Security,4,9152,Win11Vic1,Information,Info,Process Creation,"A new process has been created.

Creator Subject:
	Security ID:		S-1-5-18
	Account Name:		WIN11VIC1$
	Account Domain:		WORKGROUP
	Logon ID:		0x3E7

Target Subject:
	Security ID:		S-1-0-0
	Account Name:		-
	Account Domain:		-
	Logon ID:		0x0

Process Information:
	New Process ID:		0x20ac
	New Process Name:	C:\Windows\System32\upfc.exe
	Token Elevation Type:	TokenElevationTypeDefault (1)
	Mandatory Label:		S-1-16-16384
	Creator Process ID:	0x2d0
	Creator Process Name:	C:\Windows\System32\services.exe
	Process Command Line:	C:\Windows\System32\Upfc.exe /launchtype periodic /cv SHbew5qz5kOdSDV0Ezbeng.0

Token Elevation Type indicates the type of token that was assigned to the new process in accordance with User Account Control policy.

Type 1 is a full token with no privileges removed or groups disabled.  A full token is only used if User Account Control is disabled or if the user is the built-in Administrator account or a service account.

Type 2 is an elevated token with no privileges removed or groups disabled.  An elevated token is used when User Account Control is enabled and the user chooses to start the program using Run as administrator.  An elevated token is also used when an application is configured to always require administrative privilege or to always require maximum privilege, and the user is a member of the Administrators group.

Type 3 is a limited token with administrative privileges removed and administrative groups disabled.  The limited token is used when User Account Control is enabled, the application does not require administrative privilege, and the user does not choose to start the program using Run as administrator."
21-10-22 20:49,4688,Microsoft-Windows-Security-Auditing,Security,4,9152,Win11Vic1,Information,Info,Process Creation,"A new process has been created.

Creator Subject:
	Security ID:		S-1-5-18
	Account Name:		WIN11VIC1$
	Account Domain:		WORKGROUP
	Logon ID:		0x3E7

Target Subject:
	Security ID:		S-1-0-0
	Account Name:		-
	Account Domain:		-
	Logon ID:		0x0

Process Information:
	New Process ID:		0x27dc
	New Process Name:	C:\Windows\System32\cmd.exe
	Token Elevation Type:	TokenElevationTypeDefault (1)
	Mandatory Label:		S-1-16-16384
	Creator Process ID:	0xe38
	Creator Process Name:	C:\Program Files\VMware\VMware Tools\vmtoolsd.exe
	Process Command Line:	C:\Windows\system32\cmd.exe /c """"C:\Program Files\VMware\VMware Tools\resume-vm-default.bat""""

Token Elevation Type indicates the type of token that was assigned to the new process in accordance with User Account Control policy.

Type 1 is a full token with no privileges removed or groups disabled.  A full token is only used if User Account Control is disabled or if the user is the built-in Administrator account or a service account.

Type 2 is an elevated token with no privileges removed or groups disabled.  An elevated token is used when User Account Control is enabled and the user chooses to start the program using Run as administrator.  An elevated token is also used when an application is configured to always require administrative privilege or to always require maximum privilege, and the user is a member of the Administrators group.

Type 3 is a limited token with administrative privileges removed and administrative groups disabled.  The limited token is used when User Account Control is enabled, the application does not require administrative privilege, and the user does not choose to start the program using Run as administrator."
20-10-22 22:42,4688,Microsoft-Windows-Security-Auditing,Security,4,7436,Win11Vic1,Information,Info,Process Creation,"A new process has been created.

Creator Subject:
	Security ID:		S-1-5-18
	Account Name:		WIN11VIC1$
	Account Domain:		WORKGROUP
	Logon ID:		0x3E7

Target Subject:
	Security ID:		S-1-0-0
	Account Name:		-
	Account Domain:		-
	Logon ID:		0x0

Process Information:
	New Process ID:		0x1450
	New Process Name:	C:\Windows\System32\ipconfig.exe
	Token Elevation Type:	TokenElevationTypeDefault (1)
	Mandatory Label:		S-1-16-16384
	Creator Process ID:	0x25d0
	Creator Process Name:	C:\Windows\System32\cmd.exe
	Process Command Line:	C:\Windows\system32\ipconfig  /release

Token Elevation Type indicates the type of token that was assigned to the new process in accordance with User Account Control policy.

Type 1 is a full token with no privileges removed or groups disabled.  A full token is only used if User Account Control is disabled or if the user is the built-in Administrator account or a service account.

Type 2 is an elevated token with no privileges removed or groups disabled.  An elevated token is used when User Account Control is enabled and the user chooses to start the program using Run as administrator.  An elevated token is also used when an application is configured to always require administrative privilege or to always require maximum privilege, and the user is a member of the Administrators group.

Type 3 is a limited token with administrative privileges removed and administrative groups disabled.  The limited token is used when User Account Control is enabled, the application does not require administrative privilege, and the user does not choose to start the program using Run as administrator."
20-10-22 22:42,4688,Microsoft-Windows-Security-Auditing,Security,4,9156,Win11Vic1,Information,Info,Process Creation,"A new process has been created.

Creator Subject:
	Security ID:		S-1-5-18
	Account Name:		WIN11VIC1$
	Account Domain:		WORKGROUP
	Logon ID:		0x3E7

Target Subject:
	Security ID:		S-1-5-19
	Account Name:		LOCAL SERVICE
	Account Domain:		NT AUTHORITY
	Logon ID:		0x3E5

Process Information:
	New Process ID:		0x111c
	New Process Name:	C:\Windows\System32\svchost.exe
	Token Elevation Type:	TokenElevationTypeDefault (1)
	Mandatory Label:		S-1-16-16384
	Creator Process ID:	0x2d0
	Creator Process Name:	C:\Windows\System32\services.exe
	Process Command Line:	C:\Windows\system32\svchost.exe -k LocalService -p -s fdPHost

Token Elevation Type indicates the type of token that was assigned to the new process in accordance with User Account Control policy.

Type 1 is a full token with no privileges removed or groups disabled.  A full token is only used if User Account Control is disabled or if the user is the built-in Administrator account or a service account.

Type 2 is an elevated token with no privileges removed or groups disabled.  An elevated token is used when User Account Control is enabled and the user chooses to start the program using Run as administrator.  An elevated token is also used when an application is configured to always require administrative privilege or to always require maximum privilege, and the user is a member of the Administrators group.

Type 3 is a limited token with administrative privileges removed and administrative groups disabled.  The limited token is used when User Account Control is enabled, the application does not require administrative privilege, and the user does not choose to start the program using Run as administrator."
20-10-22 22:42,4688,Microsoft-Windows-Security-Auditing,Security,4,9176,Win11Vic1,Information,Info,Process Creation,"A new process has been created.

Creator Subject:
	Security ID:		S-1-5-18
	Account Name:		WIN11VIC1$
	Account Domain:		WORKGROUP
	Logon ID:		0x3E7

Target Subject:
	Security ID:		S-1-0-0
	Account Name:		-
	Account Domain:		-
	Logon ID:		0x0

Process Information:
	New Process ID:		0xb70
	New Process Name:	C:\Windows\System32\conhost.exe
	Token Elevation Type:	TokenElevationTypeDefault (1)
	Mandatory Label:		S-1-16-16384
	Creator Process ID:	0x25d0
	Creator Process Name:	C:\Windows\System32\cmd.exe
	Process Command Line:	\??\C:\Windows\system32\conhost.exe 0xffffffff -ForceV1

Token Elevation Type indicates the type of token that was assigned to the new process in accordance with User Account Control policy.

Type 1 is a full token with no privileges removed or groups disabled.  A full token is only used if User Account Control is disabled or if the user is the built-in Administrator account or a service account.

Type 2 is an elevated token with no privileges removed or groups disabled.  An elevated token is used when User Account Control is enabled and the user chooses to start the program using Run as administrator.  An elevated token is also used when an application is configured to always require administrative privilege or to always require maximum privilege, and the user is a member of the Administrators group.

Type 3 is a limited token with administrative privileges removed and administrative groups disabled.  The limited token is used when User Account Control is enabled, the application does not require administrative privilege, and the user does not choose to start the program using Run as administrator."
20-10-22 22:42,4688,Microsoft-Windows-Security-Auditing,Security,4,152,Win11Vic1,Information,Info,Process Creation,"A new process has been created.

Creator Subject:
	Security ID:		S-1-5-18
	Account Name:		WIN11VIC1$
	Account Domain:		WORKGROUP
	Logon ID:		0x3E7

Target Subject:
	Security ID:		S-1-0-0
	Account Name:		-
	Account Domain:		-
	Logon ID:		0x0

Process Information:
	New Process ID:		0x25d0
	New Process Name:	C:\Windows\System32\cmd.exe
	Token Elevation Type:	TokenElevationTypeDefault (1)
	Mandatory Label:		S-1-16-16384
	Creator Process ID:	0xe38
	Creator Process Name:	C:\Program Files\VMware\VMware Tools\vmtoolsd.exe
	Process Command Line:	C:\Windows\system32\cmd.exe /c """"C:\Program Files\VMware\VMware Tools\suspend-vm-default.bat""""

Token Elevation Type indicates the type of token that was assigned to the new process in accordance with User Account Control policy.

Type 1 is a full token with no privileges removed or groups disabled.  A full token is only used if User Account Control is disabled or if the user is the built-in Administrator account or a service account.

Type 2 is an elevated token with no privileges removed or groups disabled.  An elevated token is used when User Account Control is enabled and the user chooses to start the program using Run as administrator.  An elevated token is also used when an application is configured to always require administrative privilege or to always require maximum privilege, and the user is a member of the Administrators group.

Type 3 is a limited token with administrative privileges removed and administrative groups disabled.  The limited token is used when User Account Control is enabled, the application does not require administrative privilege, and the user does not choose to start the program using Run as administrator."
20-10-22 22:42,4688,Microsoft-Windows-Security-Auditing,Security,4,9152,Win11Vic1,Information,Info,Process Creation,"A new process has been created.

Creator Subject:
	Security ID:		S-1-5-18
	Account Name:		WIN11VIC1$
	Account Domain:		WORKGROUP
	Logon ID:		0x3E7

Target Subject:
	Security ID:		S-1-0-0
	Account Name:		-
	Account Domain:		-
	Logon ID:		0x0

Process Information:
	New Process ID:		0xb18
	New Process Name:	C:\Program Files\VMware\VMware Tools\VMwareResolutionSet.exe
	Token Elevation Type:	TokenElevationTypeDefault (1)
	Mandatory Label:		S-1-16-16384
	Creator Process ID:	0xe38
	Creator Process Name:	C:\Program Files\VMware\VMware Tools\vmtoolsd.exe
	Process Command Line:	""C:\Program Files\VMware\VMware Tools\VMwareResolutionSet.exe"" 0 1 , 0 0 1918 878 0

Token Elevation Type indicates the type of token that was assigned to the new process in accordance with User Account Control policy.

Type 1 is a full token with no privileges removed or groups disabled.  A full token is only used if User Account Control is disabled or if the user is the built-in Administrator account or a service account.

Type 2 is an elevated token with no privileges removed or groups disabled.  An elevated token is used when User Account Control is enabled and the user chooses to start the program using Run as administrator.  An elevated token is also used when an application is configured to always require administrative privilege or to always require maximum privilege, and the user is a member of the Administrators group.

Type 3 is a limited token with administrative privileges removed and administrative groups disabled.  The limited token is used when User Account Control is enabled, the application does not require administrative privilege, and the user does not choose to start the program using Run as administrator."
20-10-22 22:41,4688,Microsoft-Windows-Security-Auditing,Security,4,9156,Win11Vic1,Information,Info,Process Creation,"A new process has been created.

Creator Subject:
	Security ID:		S-1-5-18
	Account Name:		WIN11VIC1$
	Account Domain:		WORKGROUP
	Logon ID:		0x3E7

Target Subject:
	Security ID:		S-1-0-0
	Account Name:		-
	Account Domain:		-
	Logon ID:		0x0

Process Information:
	New Process ID:		0x123c
	New Process Name:	C:\Windows\UUS\amd64\MoUsoCoreWorker.exe
	Token Elevation Type:	TokenElevationTypeDefault (1)
	Mandatory Label:		S-1-16-16384
	Creator Process ID:	0x2744
	Creator Process Name:	C:\Windows\System32\svchost.exe
	Process Command Line:	C:\Windows\uus\AMD64\MoUsoCoreWorker.exe

Token Elevation Type indicates the type of token that was assigned to the new process in accordance with User Account Control policy.

Type 1 is a full token with no privileges removed or groups disabled.  A full token is only used if User Account Control is disabled or if the user is the built-in Administrator account or a service account.

Type 2 is an elevated token with no privileges removed or groups disabled.  An elevated token is used when User Account Control is enabled and the user chooses to start the program using Run as administrator.  An elevated token is also used when an application is configured to always require administrative privilege or to always require maximum privilege, and the user is a member of the Administrators group.

Type 3 is a limited token with administrative privileges removed and administrative groups disabled.  The limited token is used when User Account Control is enabled, the application does not require administrative privilege, and the user does not choose to start the program using Run as administrator."
20-10-22 22:41,4688,Microsoft-Windows-Security-Auditing,Security,4,7436,Win11Vic1,Information,Info,Process Creation,"A new process has been created.

Creator Subject:
	Security ID:		S-1-5-18
	Account Name:		WIN11VIC1$
	Account Domain:		WORKGROUP
	Logon ID:		0x3E7

Target Subject:
	Security ID:		S-1-0-0
	Account Name:		-
	Account Domain:		-
	Logon ID:		0x0

Process Information:
	New Process ID:		0x2c8
	New Process Name:	C:\Program Files (x86)\Microsoft\EdgeUpdate\MicrosoftEdgeUpdate.exe
	Token Elevation Type:	TokenElevationTypeDefault (1)
	Mandatory Label:		S-1-16-16384
	Creator Process ID:	0x54c
	Creator Process Name:	C:\Windows\System32\svchost.exe
	Process Command Line:	""C:\Program Files (x86)\Microsoft\EdgeUpdate\MicrosoftEdgeUpdate.exe"" /c

Token Elevation Type indicates the type of token that was assigned to the new process in accordance with User Account Control policy.

Type 1 is a full token with no privileges removed or groups disabled.  A full token is only used if User Account Control is disabled or if the user is the built-in Administrator account or a service account.

Type 2 is an elevated token with no privileges removed or groups disabled.  An elevated token is used when User Account Control is enabled and the user chooses to start the program using Run as administrator.  An elevated token is also used when an application is configured to always require administrative privilege or to always require maximum privilege, and the user is a member of the Administrators group.

Type 3 is a limited token with administrative privileges removed and administrative groups disabled.  The limited token is used when User Account Control is enabled, the application does not require administrative privilege, and the user does not choose to start the program using Run as administrator."
20-10-22 22:37,4688,Microsoft-Windows-Security-Auditing,Security,4,152,Win11Vic1,Information,Info,Process Creation,"A new process has been created.

Creator Subject:
	Security ID:		S-1-5-18
	Account Name:		WIN11VIC1$
	Account Domain:		WORKGROUP
	Logon ID:		0x3E7

Target Subject:
	Security ID:		S-1-0-0
	Account Name:		-
	Account Domain:		-
	Logon ID:		0x0

Process Information:
	New Process ID:		0x968
	New Process Name:	C:\Program Files\VMware\VMware Tools\VMwareResolutionSet.exe
	Token Elevation Type:	TokenElevationTypeDefault (1)
	Mandatory Label:		S-1-16-16384
	Creator Process ID:	0xe38
	Creator Process Name:	C:\Program Files\VMware\VMware Tools\vmtoolsd.exe
	Process Command Line:	""C:\Program Files\VMware\VMware Tools\VMwareResolutionSet.exe"" 0 1 , 0 0 956 875 0

Token Elevation Type indicates the type of token that was assigned to the new process in accordance with User Account Control policy.

Type 1 is a full token with no privileges removed or groups disabled.  A full token is only used if User Account Control is disabled or if the user is the built-in Administrator account or a service account.

Type 2 is an elevated token with no privileges removed or groups disabled.  An elevated token is used when User Account Control is enabled and the user chooses to start the program using Run as administrator.  An elevated token is also used when an application is configured to always require administrative privilege or to always require maximum privilege, and the user is a member of the Administrators group.

Type 3 is a limited token with administrative privileges removed and administrative groups disabled.  The limited token is used when User Account Control is enabled, the application does not require administrative privilege, and the user does not choose to start the program using Run as administrator."
20-10-22 22:37,4688,Microsoft-Windows-Security-Auditing,Security,4,152,Win11Vic1,Information,Info,Process Creation,"A new process has been created.

Creator Subject:
	Security ID:		S-1-5-18
	Account Name:		WIN11VIC1$
	Account Domain:		WORKGROUP
	Logon ID:		0x3E7

Target Subject:
	Security ID:		S-1-5-21-279476226-3736561340-2529114786-1000
	Account Name:		User
	Account Domain:		WIN11VIC1
	Logon ID:		0x19D14

Process Information:
	New Process ID:		0xc64
	New Process Name:	C:\Windows\System32\dllhost.exe
	Token Elevation Type:	TokenElevationTypeLimited (3)
	Mandatory Label:		S-1-16-8192
	Creator Process ID:	0x360
	Creator Process Name:	C:\Windows\System32\svchost.exe
	Process Command Line:	C:\Windows\system32\DllHost.exe /Processid:{AB8902B4-09CA-4BB6-B78D-A8F59079A8D5}

Token Elevation Type indicates the type of token that was assigned to the new process in accordance with User Account Control policy.

Type 1 is a full token with no privileges removed or groups disabled.  A full token is only used if User Account Control is disabled or if the user is the built-in Administrator account or a service account.

Type 2 is an elevated token with no privileges removed or groups disabled.  An elevated token is used when User Account Control is enabled and the user chooses to start the program using Run as administrator.  An elevated token is also used when an application is configured to always require administrative privilege or to always require maximum privilege, and the user is a member of the Administrators group.

Type 3 is a limited token with administrative privileges removed and administrative groups disabled.  The limited token is used when User Account Control is enabled, the application does not require administrative privilege, and the user does not choose to start the program using Run as administrator."
20-10-22 22:37,4688,Microsoft-Windows-Security-Auditing,Security,4,9156,Win11Vic1,Information,Info,Process Creation,"A new process has been created.

Creator Subject:
	Security ID:		S-1-5-18
	Account Name:		WIN11VIC1$
	Account Domain:		WORKGROUP
	Logon ID:		0x3E7

Target Subject:
	Security ID:		S-1-5-21-279476226-3736561340-2529114786-1000
	Account Name:		User
	Account Domain:		WIN11VIC1
	Logon ID:		0x19D14

Process Information:
	New Process ID:		0x20d0
	New Process Name:	C:\Windows\System32\smartscreen.exe
	Token Elevation Type:	TokenElevationTypeLimited (3)
	Mandatory Label:		S-1-16-8192
	Creator Process ID:	0x360
	Creator Process Name:	C:\Windows\System32\svchost.exe
	Process Command Line:	C:\Windows\System32\smartscreen.exe -Embedding

Token Elevation Type indicates the type of token that was assigned to the new process in accordance with User Account Control policy.

Type 1 is a full token with no privileges removed or groups disabled.  A full token is only used if User Account Control is disabled or if the user is the built-in Administrator account or a service account.

Type 2 is an elevated token with no privileges removed or groups disabled.  An elevated token is used when User Account Control is enabled and the user chooses to start the program using Run as administrator.  An elevated token is also used when an application is configured to always require administrative privilege or to always require maximum privilege, and the user is a member of the Administrators group.

Type 3 is a limited token with administrative privileges removed and administrative groups disabled.  The limited token is used when User Account Control is enabled, the application does not require administrative privilege, and the user does not choose to start the program using Run as administrator."
20-10-22 22:37,4688,Microsoft-Windows-Security-Auditing,Security,4,9160,Win11Vic1,Information,Info,Process Creation,"A new process has been created.

Creator Subject:
	Security ID:		S-1-5-18
	Account Name:		WIN11VIC1$
	Account Domain:		WORKGROUP
	Logon ID:		0x3E7

Target Subject:
	Security ID:		S-1-0-0
	Account Name:		-
	Account Domain:		-
	Logon ID:		0x0

Process Information:
	New Process ID:		0xdd4
	New Process Name:	C:\Windows\System32\SearchProtocolHost.exe
	Token Elevation Type:	TokenElevationTypeDefault (1)
	Mandatory Label:		S-1-16-16384
	Creator Process ID:	0x1e94
	Creator Process Name:	C:\Windows\System32\SearchIndexer.exe
	Process Command Line:	""C:\Windows\System32\SearchProtocolHost.exe"" Global\UsGthrFltPipeMssGthrPipe4_ Global\UsGthrCtrlFltPipeMssGthrPipe4 1 -2147483646 ""Software\Microsoft\Windows Search"" ""Mozilla/4.0 (compatible; MSIE 6.0; Windows NT; MS Search 4.0 Robot)"" ""C:\ProgramData\Microsoft\Search\Data\Temp\usgthrsvc"" ""DownLevelDaemon"" 

Token Elevation Type indicates the type of token that was assigned to the new process in accordance with User Account Control policy.

Type 1 is a full token with no privileges removed or groups disabled.  A full token is only used if User Account Control is disabled or if the user is the built-in Administrator account or a service account.

Type 2 is an elevated token with no privileges removed or groups disabled.  An elevated token is used when User Account Control is enabled and the user chooses to start the program using Run as administrator.  An elevated token is also used when an application is configured to always require administrative privilege or to always require maximum privilege, and the user is a member of the Administrators group.

Type 3 is a limited token with administrative privileges removed and administrative groups disabled.  The limited token is used when User Account Control is enabled, the application does not require administrative privilege, and the user does not choose to start the program using Run as administrator."
20-10-22 22:37,4688,Microsoft-Windows-Security-Auditing,Security,4,9160,Win11Vic1,Information,Info,Process Creation,"A new process has been created.

Creator Subject:
	Security ID:		S-1-5-18
	Account Name:		WIN11VIC1$
	Account Domain:		WORKGROUP
	Logon ID:		0x3E7

Target Subject:
	Security ID:		S-1-5-21-279476226-3736561340-2529114786-1000
	Account Name:		User
	Account Domain:		WIN11VIC1
	Logon ID:		0x19D14

Process Information:
	New Process ID:		0x220c
	New Process Name:	C:\Windows\System32\dllhost.exe
	Token Elevation Type:	TokenElevationTypeLimited (3)
	Mandatory Label:		S-1-16-8192
	Creator Process ID:	0x360
	Creator Process Name:	C:\Windows\System32\svchost.exe
	Process Command Line:	C:\Windows\system32\DllHost.exe /Processid:{AB8902B4-09CA-4BB6-B78D-A8F59079A8D5}

Token Elevation Type indicates the type of token that was assigned to the new process in accordance with User Account Control policy.

Type 1 is a full token with no privileges removed or groups disabled.  A full token is only used if User Account Control is disabled or if the user is the built-in Administrator account or a service account.

Type 2 is an elevated token with no privileges removed or groups disabled.  An elevated token is used when User Account Control is enabled and the user chooses to start the program using Run as administrator.  An elevated token is also used when an application is configured to always require administrative privilege or to always require maximum privilege, and the user is a member of the Administrators group.

Type 3 is a limited token with administrative privileges removed and administrative groups disabled.  The limited token is used when User Account Control is enabled, the application does not require administrative privilege, and the user does not choose to start the program using Run as administrator."
20-10-22 22:37,4688,Microsoft-Windows-Security-Auditing,Security,4,9160,Win11Vic1,Information,Info,Process Creation,"A new process has been created.

Creator Subject:
	Security ID:		S-1-5-18
	Account Name:		WIN11VIC1$
	Account Domain:		WORKGROUP
	Logon ID:		0x3E7

Target Subject:
	Security ID:		S-1-5-21-279476226-3736561340-2529114786-1000
	Account Name:		User
	Account Domain:		WIN11VIC1
	Logon ID:		0x19C45

Process Information:
	New Process ID:		0x1ebc
	New Process Name:	C:\Windows\System32\dllhost.exe
	Token Elevation Type:	TokenElevationTypeFull (2)
	Mandatory Label:		S-1-16-12288
	Creator Process ID:	0x360
	Creator Process Name:	C:\Windows\System32\svchost.exe
	Process Command Line:	C:\Windows\system32\DllHost.exe /Processid:{3AD05575-8857-4850-9277-11B85BDB8E09}

Token Elevation Type indicates the type of token that was assigned to the new process in accordance with User Account Control policy.

Type 1 is a full token with no privileges removed or groups disabled.  A full token is only used if User Account Control is disabled or if the user is the built-in Administrator account or a service account.

Type 2 is an elevated token with no privileges removed or groups disabled.  An elevated token is used when User Account Control is enabled and the user chooses to start the program using Run as administrator.  An elevated token is also used when an application is configured to always require administrative privilege or to always require maximum privilege, and the user is a member of the Administrators group.

Type 3 is a limited token with administrative privileges removed and administrative groups disabled.  The limited token is used when User Account Control is enabled, the application does not require administrative privilege, and the user does not choose to start the program using Run as administrator."
