20-10-22 22:13,4688,Microsoft-Windows-Security-Auditing,Security,4,8556,Win11Vic1,Information,Info,Process Creation,"A new process has been created.

Creator Subject:
	Security ID:		S-1-5-21-279476226-3736561340-2529114786-1000
	Account Name:		User
	Account Domain:		WIN11VIC1
	Logon ID:		0x19B09

Target Subject:
	Security ID:		S-1-0-0
	Account Name:		-
	Account Domain:		-
	Logon ID:		0x0

Process Information:
	New Process ID:		0x20f4
	New Process Name:	C:\Program Files (x86)\Microsoft\EdgeWebView\Application\106.0.1370.47\msedgewebview2.exe
	Token Elevation Type:	TokenElevationTypeLimited (3)
	Mandatory Label:		S-1-16-8192
	Creator Process ID:	0x1274
	Creator Process Name:	C:\Program Files (x86)\Microsoft\EdgeWebView\Application\106.0.1370.47\msedgewebview2.exe
	Process Command Line:	""C:\Program Files (x86)\Microsoft\EdgeWebView\Application\106.0.1370.47\msedgewebview2.exe"" --type=crashpad-handler --user-data-dir=C:\Users\User\AppData\Local\Packages\MicrosoftWindows.Client.WebExperience_cw5n1h2txyewy\LocalState\EBWebView /prefetch:7 --monitor-self-annotation=ptype=crashpad-handler --database=C:\Users\User\AppData\Local\Packages\MicrosoftWindows.Client.WebExperience_cw5n1h2txyewy\LocalState\EBWebView\Crashpad --annotation=IsOfficialBuild=1 --annotation=channel= --annotation=chromium-version=106.0.5249.119 ""--annotation=exe=C:\Program Files (x86)\Microsoft\EdgeWebView\Application\106.0.1370.47\msedgewebview2.exe"" --annotation=plat=Win64 ""--annotation=prod=Edge WebView2"" --annotation=ver=106.0.1370.47 --initial-client-data=0x104,0x108,0x10c,0xe0,0x11c,0x7fffceaa6e08,0x7fffceaa6e18,0x7fffceaa6e28

Token Elevation Type indicates the type of token that was assigned to the new process in accordance with User Account Control policy.

Type 1 is a full token with no privileges removed or groups disabled.  A full token is only used if User Account Control is disabled or if the user is the built-in Administrator account or a service account.

Type 2 is an elevated token with no privileges removed or groups disabled.  An elevated token is used when User Account Control is enabled and the user chooses to start the program using Run as administrator.  An elevated token is also used when an application is configured to always require administrative privilege or to always require maximum privilege, and the user is a member of the Administrators group.

Type 3 is a limited token with administrative privileges removed and administrative groups disabled.  The limited token is used when User Account Control is enabled, the application does not require administrative privilege, and the user does not choose to start the program using Run as administrator."
20-10-22 22:13,4688,Microsoft-Windows-Security-Auditing,Security,4,6776,Win11Vic1,Information,Info,Process Creation,"A new process has been created.

Creator Subject:
	Security ID:		S-1-5-21-279476226-3736561340-2529114786-1000
	Account Name:		User
	Account Domain:		WIN11VIC1
	Logon ID:		0x19B09

Target Subject:
	Security ID:		S-1-0-0
	Account Name:		-
	Account Domain:		-
	Logon ID:		0x0

Process Information:
	New Process ID:		0x1274
	New Process Name:	C:\Program Files (x86)\Microsoft\EdgeWebView\Application\106.0.1370.47\msedgewebview2.exe
	Token Elevation Type:	TokenElevationTypeLimited (3)
	Mandatory Label:		S-1-16-8192
	Creator Process ID:	0x19b4
	Creator Process Name:	C:\Program Files\WindowsApps\MicrosoftWindows.Client.WebExperience_421.20070.695.0_x64__cw5n1h2txyewy\Dashboard\Widgets.exe
	Process Command Line:	""C:\Program Files (x86)\Microsoft\EdgeWebView\Application\106.0.1370.47\msedgewebview2.exe"" --embedded-browser-webview=1 --webview-exe-name=Widgets.exe --webview-exe-version=421.20070.735.0 --user-data-dir=""C:\Users\User\AppData\Local\Packages\MicrosoftWindows.Client.WebExperience_cw5n1h2txyewy\LocalState\EBWebView"" --noerrdialogs --embedded-browser-webview-dpi-awareness=2 --disk-cache-size=52428800 --edge-webview-is-background --enable-features=msWebView2TreatAppSuspendAsDeviceSuspend,UseNativeThreadPool,UseBackgroundNativeThreadPool --lang=en-US --mojo-named-platform-channel-pipe=6580.5188.13639269448694177428

Token Elevation Type indicates the type of token that was assigned to the new process in accordance with User Account Control policy.

Type 1 is a full token with no privileges removed or groups disabled.  A full token is only used if User Account Control is disabled or if the user is the built-in Administrator account or a service account.

Type 2 is an elevated token with no privileges removed or groups disabled.  An elevated token is used when User Account Control is enabled and the user chooses to start the program using Run as administrator.  An elevated token is also used when an application is configured to always require administrative privilege or to always require maximum privilege, and the user is a member of the Administrators group.

Type 3 is a limited token with administrative privileges removed and administrative groups disabled.  The limited token is used when User Account Control is enabled, the application does not require administrative privilege, and the user does not choose to start the program using Run as administrator."
20-10-22 22:12,4688,Microsoft-Windows-Security-Auditing,Security,4,324,Win11Vic1,Information,Info,Process Creation,"A new process has been created.

Creator Subject:
	Security ID:		S-1-5-18
	Account Name:		WIN11VIC1$
	Account Domain:		WORKGROUP
	Logon ID:		0x3E7

Target Subject:
	Security ID:		S-1-5-21-279476226-3736561340-2529114786-1000
	Account Name:		User
	Account Domain:		WIN11VIC1
	Logon ID:		0x19B09

Process Information:
	New Process ID:		0x1714
	New Process Name:	C:\Windows\System32\dllhost.exe
	Token Elevation Type:	TokenElevationTypeLimited (3)
	Mandatory Label:		S-1-16-8192
	Creator Process ID:	0x364
	Creator Process Name:	C:\Windows\System32\svchost.exe
	Process Command Line:	""C:\Windows\system32\DllHost.exe"" /Processid:{9F156763-7844-4DC4-B2B1-901F640F5155}

Token Elevation Type indicates the type of token that was assigned to the new process in accordance with User Account Control policy.

Type 1 is a full token with no privileges removed or groups disabled.  A full token is only used if User Account Control is disabled or if the user is the built-in Administrator account or a service account.

Type 2 is an elevated token with no privileges removed or groups disabled.  An elevated token is used when User Account Control is enabled and the user chooses to start the program using Run as administrator.  An elevated token is also used when an application is configured to always require administrative privilege or to always require maximum privilege, and the user is a member of the Administrators group.

Type 3 is a limited token with administrative privileges removed and administrative groups disabled.  The limited token is used when User Account Control is enabled, the application does not require administrative privilege, and the user does not choose to start the program using Run as administrator."
20-10-22 22:12,4688,Microsoft-Windows-Security-Auditing,Security,4,8592,Win11Vic1,Information,Info,Process Creation,"A new process has been created.

Creator Subject:
	Security ID:		S-1-5-18
	Account Name:		WIN11VIC1$
	Account Domain:		WORKGROUP
	Logon ID:		0x3E7

Target Subject:
	Security ID:		S-1-0-0
	Account Name:		-
	Account Domain:		-
	Logon ID:		0x0

Process Information:
	New Process ID:		0x43c
	New Process Name:	C:\Program Files\VMware\VMware Tools\VMwareResolutionSet.exe
	Token Elevation Type:	TokenElevationTypeDefault (1)
	Mandatory Label:		S-1-16-16384
	Creator Process ID:	0xe0c
	Creator Process Name:	C:\Program Files\VMware\VMware Tools\vmtoolsd.exe
	Process Command Line:	""C:\Program Files\VMware\VMware Tools\VMwareResolutionSet.exe"" 0 1 , 0 0 1918 878 0

Token Elevation Type indicates the type of token that was assigned to the new process in accordance with User Account Control policy.

Type 1 is a full token with no privileges removed or groups disabled.  A full token is only used if User Account Control is disabled or if the user is the built-in Administrator account or a service account.

Type 2 is an elevated token with no privileges removed or groups disabled.  An elevated token is used when User Account Control is enabled and the user chooses to start the program using Run as administrator.  An elevated token is also used when an application is configured to always require administrative privilege or to always require maximum privilege, and the user is a member of the Administrators group.

Type 3 is a limited token with administrative privileges removed and administrative groups disabled.  The limited token is used when User Account Control is enabled, the application does not require administrative privilege, and the user does not choose to start the program using Run as administrator."
20-10-22 22:12,4688,Microsoft-Windows-Security-Auditing,Security,4,8592,Win11Vic1,Information,Info,Process Creation,"A new process has been created.

Creator Subject:
	Security ID:		S-1-5-18
	Account Name:		WIN11VIC1$
	Account Domain:		WORKGROUP
	Logon ID:		0x3E7

Target Subject:
	Security ID:		S-1-0-0
	Account Name:		-
	Account Domain:		-
	Logon ID:		0x0

Process Information:
	New Process ID:		0x1eec
	New Process Name:	C:\Program Files\VMware\VMware Tools\VMwareResolutionSet.exe
	Token Elevation Type:	TokenElevationTypeDefault (1)
	Mandatory Label:		S-1-16-16384
	Creator Process ID:	0xe0c
	Creator Process Name:	C:\Program Files\VMware\VMware Tools\vmtoolsd.exe
	Process Command Line:	""C:\Program Files\VMware\VMware Tools\VMwareResolutionSet.exe"" 0 1 , 0 0 956 875 0

Token Elevation Type indicates the type of token that was assigned to the new process in accordance with User Account Control policy.

Type 1 is a full token with no privileges removed or groups disabled.  A full token is only used if User Account Control is disabled or if the user is the built-in Administrator account or a service account.

Type 2 is an elevated token with no privileges removed or groups disabled.  An elevated token is used when User Account Control is enabled and the user chooses to start the program using Run as administrator.  An elevated token is also used when an application is configured to always require administrative privilege or to always require maximum privilege, and the user is a member of the Administrators group.

Type 3 is a limited token with administrative privileges removed and administrative groups disabled.  The limited token is used when User Account Control is enabled, the application does not require administrative privilege, and the user does not choose to start the program using Run as administrator."
20-10-22 22:12,4688,Microsoft-Windows-Security-Auditing,Security,4,6156,Win11Vic1,Information,Info,Process Creation,"A new process has been created.

Creator Subject:
	Security ID:		S-1-5-18
	Account Name:		WIN11VIC1$
	Account Domain:		WORKGROUP
	Logon ID:		0x3E7

Target Subject:
	Security ID:		S-1-0-0
	Account Name:		-
	Account Domain:		-
	Logon ID:		0x0

Process Information:
	New Process ID:		0x15a4
	New Process Name:	C:\Windows\System32\taskhostw.exe
	Token Elevation Type:	TokenElevationTypeDefault (1)
	Mandatory Label:		S-1-16-16384
	Creator Process ID:	0x52c
	Creator Process Name:	C:\Windows\System32\svchost.exe
	Process Command Line:	taskhostw.exe -RegisterDevice -AccountChange

Token Elevation Type indicates the type of token that was assigned to the new process in accordance with User Account Control policy.

Type 1 is a full token with no privileges removed or groups disabled.  A full token is only used if User Account Control is disabled or if the user is the built-in Administrator account or a service account.

Type 2 is an elevated token with no privileges removed or groups disabled.  An elevated token is used when User Account Control is enabled and the user chooses to start the program using Run as administrator.  An elevated token is also used when an application is configured to always require administrative privilege or to always require maximum privilege, and the user is a member of the Administrators group.

Type 3 is a limited token with administrative privileges removed and administrative groups disabled.  The limited token is used when User Account Control is enabled, the application does not require administrative privilege, and the user does not choose to start the program using Run as administrator."
20-10-22 22:12,4688,Microsoft-Windows-Security-Auditing,Security,4,8592,Win11Vic1,Information,Info,Process Creation,"A new process has been created.

Creator Subject:
	Security ID:		S-1-5-18
	Account Name:		WIN11VIC1$
	Account Domain:		WORKGROUP
	Logon ID:		0x3E7

Target Subject:
	Security ID:		S-1-5-21-279476226-3736561340-2529114786-1000
	Account Name:		User
	Account Domain:		WIN11VIC1
	Logon ID:		0x19B09

Process Information:
	New Process ID:		0x12b4
	New Process Name:	C:\Windows\System32\taskhostw.exe
	Token Elevation Type:	TokenElevationTypeLimited (3)
	Mandatory Label:		S-1-16-8192
	Creator Process ID:	0x52c
	Creator Process Name:	C:\Windows\System32\svchost.exe
	Process Command Line:	taskhostw.exe -RegisterUserDevice -NewAccount

Token Elevation Type indicates the type of token that was assigned to the new process in accordance with User Account Control policy.

Type 1 is a full token with no privileges removed or groups disabled.  A full token is only used if User Account Control is disabled or if the user is the built-in Administrator account or a service account.

Type 2 is an elevated token with no privileges removed or groups disabled.  An elevated token is used when User Account Control is enabled and the user chooses to start the program using Run as administrator.  An elevated token is also used when an application is configured to always require administrative privilege or to always require maximum privilege, and the user is a member of the Administrators group.

Type 3 is a limited token with administrative privileges removed and administrative groups disabled.  The limited token is used when User Account Control is enabled, the application does not require administrative privilege, and the user does not choose to start the program using Run as administrator."
20-10-22 22:12,4688,Microsoft-Windows-Security-Auditing,Security,4,6156,Win11Vic1,Information,Info,Process Creation,"A new process has been created.

Creator Subject:
	Security ID:		S-1-5-18
	Account Name:		WIN11VIC1$
	Account Domain:		WORKGROUP
	Logon ID:		0x3E7

Target Subject:
	Security ID:		S-1-0-0
	Account Name:		-
	Account Domain:		-
	Logon ID:		0x0

Process Information:
	New Process ID:		0xbd4
	New Process Name:	C:\Windows\System32\SearchFilterHost.exe
	Token Elevation Type:	TokenElevationTypeDefault (1)
	Mandatory Label:		S-1-16-8192
	Creator Process ID:	0x17a4
	Creator Process Name:	C:\Windows\System32\SearchIndexer.exe
	Process Command Line:	""C:\Windows\system32\SearchFilterHost.exe"" 840 2892 2888 820 {0E5DCEC5-7795-4E38-9621-94DFD9F9A421}

Token Elevation Type indicates the type of token that was assigned to the new process in accordance with User Account Control policy.

Type 1 is a full token with no privileges removed or groups disabled.  A full token is only used if User Account Control is disabled or if the user is the built-in Administrator account or a service account.

Type 2 is an elevated token with no privileges removed or groups disabled.  An elevated token is used when User Account Control is enabled and the user chooses to start the program using Run as administrator.  An elevated token is also used when an application is configured to always require administrative privilege or to always require maximum privilege, and the user is a member of the Administrators group.

Type 3 is a limited token with administrative privileges removed and administrative groups disabled.  The limited token is used when User Account Control is enabled, the application does not require administrative privilege, and the user does not choose to start the program using Run as administrator."
20-10-22 22:12,4688,Microsoft-Windows-Security-Auditing,Security,4,6156,Win11Vic1,Information,Info,Process Creation,"A new process has been created.

Creator Subject:
	Security ID:		S-1-5-18
	Account Name:		WIN11VIC1$
	Account Domain:		WORKGROUP
	Logon ID:		0x3E7

Target Subject:
	Security ID:		S-1-5-21-279476226-3736561340-2529114786-1000
	Account Name:		User
	Account Domain:		WIN11VIC1
	Logon ID:		0x19B09

Process Information:
	New Process ID:		0xb28
	New Process Name:	C:\Windows\System32\dllhost.exe
	Token Elevation Type:	TokenElevationTypeLimited (3)
	Mandatory Label:		S-1-16-8192
	Creator Process ID:	0x364
	Creator Process Name:	C:\Windows\System32\svchost.exe
	Process Command Line:	C:\Windows\system32\DllHost.exe /Processid:{AB8902B4-09CA-4BB6-B78D-A8F59079A8D5}

Token Elevation Type indicates the type of token that was assigned to the new process in accordance with User Account Control policy.

Type 1 is a full token with no privileges removed or groups disabled.  A full token is only used if User Account Control is disabled or if the user is the built-in Administrator account or a service account.

Type 2 is an elevated token with no privileges removed or groups disabled.  An elevated token is used when User Account Control is enabled and the user chooses to start the program using Run as administrator.  An elevated token is also used when an application is configured to always require administrative privilege or to always require maximum privilege, and the user is a member of the Administrators group.

Type 3 is a limited token with administrative privileges removed and administrative groups disabled.  The limited token is used when User Account Control is enabled, the application does not require administrative privilege, and the user does not choose to start the program using Run as administrator."
20-10-22 22:12,4688,Microsoft-Windows-Security-Auditing,Security,4,6156,Win11Vic1,Information,Info,Process Creation,"A new process has been created.

Creator Subject:
	Security ID:		S-1-5-18
	Account Name:		WIN11VIC1$
	Account Domain:		WORKGROUP
	Logon ID:		0x3E7

Target Subject:
	Security ID:		S-1-0-0
	Account Name:		-
	Account Domain:		-
	Logon ID:		0x0

Process Information:
	New Process ID:		0x1554
	New Process Name:	C:\Windows\System32\SearchFilterHost.exe
	Token Elevation Type:	TokenElevationTypeDefault (1)
	Mandatory Label:		S-1-16-8192
	Creator Process ID:	0x17a4
	Creator Process Name:	C:\Windows\System32\SearchIndexer.exe
	Process Command Line:	""C:\Windows\system32\SearchFilterHost.exe"" 840 2716 2620 820 {85EE815A-7738-4808-A14A-3AD87E32A3BF}

Token Elevation Type indicates the type of token that was assigned to the new process in accordance with User Account Control policy.

Type 1 is a full token with no privileges removed or groups disabled.  A full token is only used if User Account Control is disabled or if the user is the built-in Administrator account or a service account.

Type 2 is an elevated token with no privileges removed or groups disabled.  An elevated token is used when User Account Control is enabled and the user chooses to start the program using Run as administrator.  An elevated token is also used when an application is configured to always require administrative privilege or to always require maximum privilege, and the user is a member of the Administrators group.

Type 3 is a limited token with administrative privileges removed and administrative groups disabled.  The limited token is used when User Account Control is enabled, the application does not require administrative privilege, and the user does not choose to start the program using Run as administrator."
20-10-22 22:12,4688,Microsoft-Windows-Security-Auditing,Security,4,152,Win11Vic1,Information,Info,Process Creation,"A new process has been created.

Creator Subject:
	Security ID:		S-1-5-18
	Account Name:		WIN11VIC1$
	Account Domain:		WORKGROUP
	Logon ID:		0x3E7

Target Subject:
	Security ID:		S-1-0-0
	Account Name:		-
	Account Domain:		-
	Logon ID:		0x0

Process Information:
	New Process ID:		0x218c
	New Process Name:	C:\Windows\System32\SearchProtocolHost.exe
	Token Elevation Type:	TokenElevationTypeDefault (1)
	Mandatory Label:		S-1-16-16384
	Creator Process ID:	0x17a4
	Creator Process Name:	C:\Windows\System32\SearchIndexer.exe
	Process Command Line:	""C:\Windows\System32\SearchProtocolHost.exe"" Global\UsGthrFltPipeMssGthrPipe3_ Global\UsGthrCtrlFltPipeMssGthrPipe3 1 -2147483646 ""Software\Microsoft\Windows Search"" ""Mozilla/4.0 (compatible; MSIE 6.0; Windows NT; MS Search 4.0 Robot)"" ""C:\ProgramData\Microsoft\Search\Data\Temp\usgthrsvc"" ""DownLevelDaemon"" 

Token Elevation Type indicates the type of token that was assigned to the new process in accordance with User Account Control policy.

Type 1 is a full token with no privileges removed or groups disabled.  A full token is only used if User Account Control is disabled or if the user is the built-in Administrator account or a service account.

Type 2 is an elevated token with no privileges removed or groups disabled.  An elevated token is used when User Account Control is enabled and the user chooses to start the program using Run as administrator.  An elevated token is also used when an application is configured to always require administrative privilege or to always require maximum privilege, and the user is a member of the Administrators group.

Type 3 is a limited token with administrative privileges removed and administrative groups disabled.  The limited token is used when User Account Control is enabled, the application does not require administrative privilege, and the user does not choose to start the program using Run as administrator."
20-10-22 22:12,4688,Microsoft-Windows-Security-Auditing,Security,4,324,Win11Vic1,Information,Info,Process Creation,"A new process has been created.

Creator Subject:
	Security ID:		S-1-5-18
	Account Name:		WIN11VIC1$
	Account Domain:		WORKGROUP
	Logon ID:		0x3E7

Target Subject:
	Security ID:		S-1-0-0
	Account Name:		-
	Account Domain:		-
	Logon ID:		0x0

Process Information:
	New Process ID:		0x1af4
	New Process Name:	C:\Windows\UUS\amd64\MoUsoCoreWorker.exe
	Token Elevation Type:	TokenElevationTypeDefault (1)
	Mandatory Label:		S-1-16-16384
	Creator Process ID:	0x21d8
	Creator Process Name:	C:\Windows\System32\svchost.exe
	Process Command Line:	C:\Windows\uus\AMD64\MoUsoCoreWorker.exe

Token Elevation Type indicates the type of token that was assigned to the new process in accordance with User Account Control policy.

Type 1 is a full token with no privileges removed or groups disabled.  A full token is only used if User Account Control is disabled or if the user is the built-in Administrator account or a service account.

Type 2 is an elevated token with no privileges removed or groups disabled.  An elevated token is used when User Account Control is enabled and the user chooses to start the program using Run as administrator.  An elevated token is also used when an application is configured to always require administrative privilege or to always require maximum privilege, and the user is a member of the Administrators group.

Type 3 is a limited token with administrative privileges removed and administrative groups disabled.  The limited token is used when User Account Control is enabled, the application does not require administrative privilege, and the user does not choose to start the program using Run as administrator."
20-10-22 22:12,4688,Microsoft-Windows-Security-Auditing,Security,4,152,Win11Vic1,Information,Info,Process Creation,"A new process has been created.

Creator Subject:
	Security ID:		S-1-5-18
	Account Name:		WIN11VIC1$
	Account Domain:		WORKGROUP
	Logon ID:		0x3E7

Target Subject:
	Security ID:		S-1-0-0
	Account Name:		-
	Account Domain:		-
	Logon ID:		0x0

Process Information:
	New Process ID:		0x1b74
	New Process Name:	C:\Windows\System32\UsoClient.exe
	Token Elevation Type:	TokenElevationTypeDefault (1)
	Mandatory Label:		S-1-16-16384
	Creator Process ID:	0x52c
	Creator Process Name:	C:\Windows\System32\svchost.exe
	Process Command Line:	C:\Windows\system32\usoclient.exe StartScan

Token Elevation Type indicates the type of token that was assigned to the new process in accordance with User Account Control policy.

Type 1 is a full token with no privileges removed or groups disabled.  A full token is only used if User Account Control is disabled or if the user is the built-in Administrator account or a service account.

Type 2 is an elevated token with no privileges removed or groups disabled.  An elevated token is used when User Account Control is enabled and the user chooses to start the program using Run as administrator.  An elevated token is also used when an application is configured to always require administrative privilege or to always require maximum privilege, and the user is a member of the Administrators group.

Type 3 is a limited token with administrative privileges removed and administrative groups disabled.  The limited token is used when User Account Control is enabled, the application does not require administrative privilege, and the user does not choose to start the program using Run as administrator."
20-10-22 22:12,4688,Microsoft-Windows-Security-Auditing,Security,4,324,Win11Vic1,Information,Info,Process Creation,"A new process has been created.

Creator Subject:
	Security ID:		S-1-5-18
	Account Name:		WIN11VIC1$
	Account Domain:		WORKGROUP
	Logon ID:		0x3E7

Target Subject:
	Security ID:		S-1-5-21-279476226-3736561340-2529114786-1000
	Account Name:		User
	Account Domain:		WIN11VIC1
	Logon ID:		0x19B09

Process Information:
	New Process ID:		0x2338
	New Process Name:	C:\Windows\System32\dllhost.exe
	Token Elevation Type:	TokenElevationTypeLimited (3)
	Mandatory Label:		S-1-16-8192
	Creator Process ID:	0x364
	Creator Process Name:	C:\Windows\System32\svchost.exe
	Process Command Line:	C:\Windows\system32\DllHost.exe /Processid:{AB8902B4-09CA-4BB6-B78D-A8F59079A8D5}

Token Elevation Type indicates the type of token that was assigned to the new process in accordance with User Account Control policy.

Type 1 is a full token with no privileges removed or groups disabled.  A full token is only used if User Account Control is disabled or if the user is the built-in Administrator account or a service account.

Type 2 is an elevated token with no privileges removed or groups disabled.  An elevated token is used when User Account Control is enabled and the user chooses to start the program using Run as administrator.  An elevated token is also used when an application is configured to always require administrative privilege or to always require maximum privilege, and the user is a member of the Administrators group.

Type 3 is a limited token with administrative privileges removed and administrative groups disabled.  The limited token is used when User Account Control is enabled, the application does not require administrative privilege, and the user does not choose to start the program using Run as administrator."
20-10-22 22:12,4688,Microsoft-Windows-Security-Auditing,Security,4,324,Win11Vic1,Information,Info,Process Creation,"A new process has been created.

Creator Subject:
	Security ID:		S-1-5-18
	Account Name:		WIN11VIC1$
	Account Domain:		WORKGROUP
	Logon ID:		0x3E7

Target Subject:
	Security ID:		S-1-5-21-279476226-3736561340-2529114786-1000
	Account Name:		User
	Account Domain:		WIN11VIC1
	Logon ID:		0x19B09

Process Information:
	New Process ID:		0x14e0
	New Process Name:	C:\Windows\System32\SecurityHealth\1.0.2207.20002-0\SecurityHealthHost.exe
	Token Elevation Type:	TokenElevationTypeLimited (3)
	Mandatory Label:		S-1-16-8192
	Creator Process ID:	0x364
	Creator Process Name:	C:\Windows\System32\svchost.exe
	Process Command Line:	\\?\C:\Windows\System32\SecurityHealth\1.0.2207.20002-0\SecurityHealthHost.exe {E041C90B-68BA-42C9-991E-477B73A75C90} -Embedding

Token Elevation Type indicates the type of token that was assigned to the new process in accordance with User Account Control policy.

Type 1 is a full token with no privileges removed or groups disabled.  A full token is only used if User Account Control is disabled or if the user is the built-in Administrator account or a service account.

Type 2 is an elevated token with no privileges removed or groups disabled.  An elevated token is used when User Account Control is enabled and the user chooses to start the program using Run as administrator.  An elevated token is also used when an application is configured to always require administrative privilege or to always require maximum privilege, and the user is a member of the Administrators group.

Type 3 is a limited token with administrative privileges removed and administrative groups disabled.  The limited token is used when User Account Control is enabled, the application does not require administrative privilege, and the user does not choose to start the program using Run as administrator."
20-10-22 22:12,4688,Microsoft-Windows-Security-Auditing,Security,4,6732,Win11Vic1,Information,Info,Process Creation,"A new process has been created.

Creator Subject:
	Security ID:		S-1-5-18
	Account Name:		WIN11VIC1$
	Account Domain:		WORKGROUP
	Logon ID:		0x3E7

Target Subject:
	Security ID:		S-1-5-21-279476226-3736561340-2529114786-1000
	Account Name:		User
	Account Domain:		WIN11VIC1
	Logon ID:		0x19B09

Process Information:
	New Process ID:		0x13dc
	New Process Name:	C:\Program Files\WindowsApps\Microsoft.SecHealthUI_1000.22621.1.0_x64__8wekyb3d8bbwe\SecHealthUI.exe
	Token Elevation Type:	TokenElevationTypeLimited (3)
	Mandatory Label:		S-1-16-4096
	Creator Process ID:	0x364
	Creator Process Name:	C:\Windows\System32\svchost.exe
	Process Command Line:	""C:\Program Files\WindowsApps\Microsoft.SecHealthUI_1000.22621.1.0_x64__8wekyb3d8bbwe\SecHealthUI.exe"" -ServerName:SecHealthUI.AppX8tam42xc7v2czs3s1nt0nkxvfjtepzp9.mca

Token Elevation Type indicates the type of token that was assigned to the new process in accordance with User Account Control policy.

Type 1 is a full token with no privileges removed or groups disabled.  A full token is only used if User Account Control is disabled or if the user is the built-in Administrator account or a service account.

Type 2 is an elevated token with no privileges removed or groups disabled.  An elevated token is used when User Account Control is enabled and the user chooses to start the program using Run as administrator.  An elevated token is also used when an application is configured to always require administrative privilege or to always require maximum privilege, and the user is a member of the Administrators group.

Type 3 is a limited token with administrative privileges removed and administrative groups disabled.  The limited token is used when User Account Control is enabled, the application does not require administrative privilege, and the user does not choose to start the program using Run as administrator."
20-10-22 22:11,4688,Microsoft-Windows-Security-Auditing,Security,4,6776,Win11Vic1,Information,Info,Process Creation,"A new process has been created.

Creator Subject:
	Security ID:		S-1-5-18
	Account Name:		WIN11VIC1$
	Account Domain:		WORKGROUP
	Logon ID:		0x3E7

Target Subject:
	Security ID:		S-1-0-0
	Account Name:		-
	Account Domain:		-
	Logon ID:		0x0

Process Information:
	New Process ID:		0x1edc
	New Process Name:	C:\Windows\System32\svchost.exe
	Token Elevation Type:	TokenElevationTypeDefault (1)
	Mandatory Label:		S-1-16-16384
	Creator Process ID:	0x2c4
	Creator Process Name:	C:\Windows\System32\services.exe
	Process Command Line:	C:\Windows\system32\svchost.exe -k WbioSvcGroup -s WbioSrvc

Token Elevation Type indicates the type of token that was assigned to the new process in accordance with User Account Control policy.

Type 1 is a full token with no privileges removed or groups disabled.  A full token is only used if User Account Control is disabled or if the user is the built-in Administrator account or a service account.

Type 2 is an elevated token with no privileges removed or groups disabled.  An elevated token is used when User Account Control is enabled and the user chooses to start the program using Run as administrator.  An elevated token is also used when an application is configured to always require administrative privilege or to always require maximum privilege, and the user is a member of the Administrators group.

Type 3 is a limited token with administrative privileges removed and administrative groups disabled.  The limited token is used when User Account Control is enabled, the application does not require administrative privilege, and the user does not choose to start the program using Run as administrator."
20-10-22 22:11,4688,Microsoft-Windows-Security-Auditing,Security,4,6776,Win11Vic1,Information,Info,Process Creation,"A new process has been created.

Creator Subject:
	Security ID:		S-1-5-18
	Account Name:		WIN11VIC1$
	Account Domain:		WORKGROUP
	Logon ID:		0x3E7

Target Subject:
	Security ID:		S-1-0-0
	Account Name:		-
	Account Domain:		-
	Logon ID:		0x0

Process Information:
	New Process ID:		0x1f3c
	New Process Name:	C:\Windows\System32\svchost.exe
	Token Elevation Type:	TokenElevationTypeDefault (1)
	Mandatory Label:		S-1-16-16384
	Creator Process ID:	0x2c4
	Creator Process Name:	C:\Windows\System32\services.exe
	Process Command Line:	C:\Windows\system32\svchost.exe -k LocalSystemNetworkRestricted -p -s NgcSvc

Token Elevation Type indicates the type of token that was assigned to the new process in accordance with User Account Control policy.

Type 1 is a full token with no privileges removed or groups disabled.  A full token is only used if User Account Control is disabled or if the user is the built-in Administrator account or a service account.

Type 2 is an elevated token with no privileges removed or groups disabled.  An elevated token is used when User Account Control is enabled and the user chooses to start the program using Run as administrator.  An elevated token is also used when an application is configured to always require administrative privilege or to always require maximum privilege, and the user is a member of the Administrators group.

Type 3 is a limited token with administrative privileges removed and administrative groups disabled.  The limited token is used when User Account Control is enabled, the application does not require administrative privilege, and the user does not choose to start the program using Run as administrator."
20-10-22 22:11,4688,Microsoft-Windows-Security-Auditing,Security,4,324,Win11Vic1,Information,Info,Process Creation,"A new process has been created.

Creator Subject:
	Security ID:		S-1-5-18
	Account Name:		WIN11VIC1$
	Account Domain:		WORKGROUP
	Logon ID:		0x3E7

Target Subject:
	Security ID:		S-1-5-21-279476226-3736561340-2529114786-1000
	Account Name:		User
	Account Domain:		WIN11VIC1
	Logon ID:		0x19B09

Process Information:
	New Process ID:		0x690
	New Process Name:	C:\Windows\System32\SecurityHealth\1.0.2207.20002-0\SecurityHealthHost.exe
	Token Elevation Type:	TokenElevationTypeLimited (3)
	Mandatory Label:		S-1-16-8192
	Creator Process ID:	0x364
	Creator Process Name:	C:\Windows\System32\svchost.exe
	Process Command Line:	\\?\C:\Windows\System32\SecurityHealth\1.0.2207.20002-0\SecurityHealthHost.exe {E041C90B-68BA-42C9-991E-477B73A75C90} -Embedding

Token Elevation Type indicates the type of token that was assigned to the new process in accordance with User Account Control policy.

Type 1 is a full token with no privileges removed or groups disabled.  A full token is only used if User Account Control is disabled or if the user is the built-in Administrator account or a service account.

Type 2 is an elevated token with no privileges removed or groups disabled.  An elevated token is used when User Account Control is enabled and the user chooses to start the program using Run as administrator.  An elevated token is also used when an application is configured to always require administrative privilege or to always require maximum privilege, and the user is a member of the Administrators group.

Type 3 is a limited token with administrative privileges removed and administrative groups disabled.  The limited token is used when User Account Control is enabled, the application does not require administrative privilege, and the user does not choose to start the program using Run as administrator."
20-10-22 22:11,4688,Microsoft-Windows-Security-Auditing,Security,4,6728,Win11Vic1,Information,Info,Process Creation,"A new process has been created.

Creator Subject:
	Security ID:		S-1-5-18
	Account Name:		WIN11VIC1$
	Account Domain:		WORKGROUP
	Logon ID:		0x3E7

Target Subject:
	Security ID:		S-1-0-0
	Account Name:		-
	Account Domain:		-
	Logon ID:		0x0

Process Information:
	New Process ID:		0x1bc4
	New Process Name:	C:\Windows\System32\svchost.exe
	Token Elevation Type:	TokenElevationTypeDefault (1)
	Mandatory Label:		S-1-16-16384
	Creator Process ID:	0x2c4
	Creator Process Name:	C:\Windows\System32\services.exe
	Process Command Line:	C:\Windows\System32\svchost.exe -k wsappx -p -s ClipSVC

Token Elevation Type indicates the type of token that was assigned to the new process in accordance with User Account Control policy.

Type 1 is a full token with no privileges removed or groups disabled.  A full token is only used if User Account Control is disabled or if the user is the built-in Administrator account or a service account.

Type 2 is an elevated token with no privileges removed or groups disabled.  An elevated token is used when User Account Control is enabled and the user chooses to start the program using Run as administrator.  An elevated token is also used when an application is configured to always require administrative privilege or to always require maximum privilege, and the user is a member of the Administrators group.

Type 3 is a limited token with administrative privileges removed and administrative groups disabled.  The limited token is used when User Account Control is enabled, the application does not require administrative privilege, and the user does not choose to start the program using Run as administrator."
20-10-22 22:11,4688,Microsoft-Windows-Security-Auditing,Security,4,6728,Win11Vic1,Information,Info,Process Creation,"A new process has been created.

Creator Subject:
	Security ID:		S-1-5-18
	Account Name:		WIN11VIC1$
	Account Domain:		WORKGROUP
	Logon ID:		0x3E7

Target Subject:
	Security ID:		S-1-5-21-279476226-3736561340-2529114786-1000
	Account Name:		User
	Account Domain:		WIN11VIC1
	Logon ID:		0x19B09

Process Information:
	New Process ID:		0x1d7c
	New Process Name:	C:\Program Files\WindowsApps\Microsoft.SecHealthUI_1000.22621.1.0_x64__8wekyb3d8bbwe\SecHealthUI.exe
	Token Elevation Type:	TokenElevationTypeLimited (3)
	Mandatory Label:		S-1-16-4096
	Creator Process ID:	0x364
	Creator Process Name:	C:\Windows\System32\svchost.exe
	Process Command Line:	""C:\Program Files\WindowsApps\Microsoft.SecHealthUI_1000.22621.1.0_x64__8wekyb3d8bbwe\SecHealthUI.exe"" -ServerName:SecHealthUI.AppX8tam42xc7v2czs3s1nt0nkxvfjtepzp9.mca

Token Elevation Type indicates the type of token that was assigned to the new process in accordance with User Account Control policy.

Type 1 is a full token with no privileges removed or groups disabled.  A full token is only used if User Account Control is disabled or if the user is the built-in Administrator account or a service account.

Type 2 is an elevated token with no privileges removed or groups disabled.  An elevated token is used when User Account Control is enabled and the user chooses to start the program using Run as administrator.  An elevated token is also used when an application is configured to always require administrative privilege or to always require maximum privilege, and the user is a member of the Administrators group.

Type 3 is a limited token with administrative privileges removed and administrative groups disabled.  The limited token is used when User Account Control is enabled, the application does not require administrative privilege, and the user does not choose to start the program using Run as administrator."
20-10-22 22:11,4688,Microsoft-Windows-Security-Auditing,Security,4,324,Win11Vic1,Information,Info,Process Creation,"A new process has been created.

Creator Subject:
	Security ID:		S-1-5-18
	Account Name:		WIN11VIC1$
	Account Domain:		WORKGROUP
	Logon ID:		0x3E7

Target Subject:
	Security ID:		S-1-0-0
	Account Name:		-
	Account Domain:		-
	Logon ID:		0x0

Process Information:
	New Process ID:		0xd80
	New Process Name:	C:\Windows\System32\svchost.exe
	Token Elevation Type:	TokenElevationTypeDefault (1)
	Mandatory Label:		S-1-16-16384
	Creator Process ID:	0x2c4
	Creator Process Name:	C:\Windows\System32\services.exe
	Process Command Line:	C:\Windows\system32\svchost.exe -k wsappx -p -s AppXSvc

Token Elevation Type indicates the type of token that was assigned to the new process in accordance with User Account Control policy.

Type 1 is a full token with no privileges removed or groups disabled.  A full token is only used if User Account Control is disabled or if the user is the built-in Administrator account or a service account.

Type 2 is an elevated token with no privileges removed or groups disabled.  An elevated token is used when User Account Control is enabled and the user chooses to start the program using Run as administrator.  An elevated token is also used when an application is configured to always require administrative privilege or to always require maximum privilege, and the user is a member of the Administrators group.

Type 3 is a limited token with administrative privileges removed and administrative groups disabled.  The limited token is used when User Account Control is enabled, the application does not require administrative privilege, and the user does not choose to start the program using Run as administrator."
20-10-22 22:11,4688,Microsoft-Windows-Security-Auditing,Security,4,8592,Win11Vic1,Information,Info,Process Creation,"A new process has been created.

Creator Subject:
	Security ID:		S-1-5-18
	Account Name:		WIN11VIC1$
	Account Domain:		WORKGROUP
	Logon ID:		0x3E7

Target Subject:
	Security ID:		S-1-0-0
	Account Name:		-
	Account Domain:		-
	Logon ID:		0x0

Process Information:
	New Process ID:		0x2080
	New Process Name:	C:\Program Files (x86)\Microsoft\EdgeUpdate\MicrosoftEdgeUpdate.exe
	Token Elevation Type:	TokenElevationTypeDefault (1)
	Mandatory Label:		S-1-16-16384
	Creator Process ID:	0x52c
	Creator Process Name:	C:\Windows\System32\svchost.exe
	Process Command Line:	""C:\Program Files (x86)\Microsoft\EdgeUpdate\MicrosoftEdgeUpdate.exe"" /ua /installsource scheduler

Token Elevation Type indicates the type of token that was assigned to the new process in accordance with User Account Control policy.

Type 1 is a full token with no privileges removed or groups disabled.  A full token is only used if User Account Control is disabled or if the user is the built-in Administrator account or a service account.

Type 2 is an elevated token with no privileges removed or groups disabled.  An elevated token is used when User Account Control is enabled and the user chooses to start the program using Run as administrator.  An elevated token is also used when an application is configured to always require administrative privilege or to always require maximum privilege, and the user is a member of the Administrators group.

Type 3 is a limited token with administrative privileges removed and administrative groups disabled.  The limited token is used when User Account Control is enabled, the application does not require administrative privilege, and the user does not choose to start the program using Run as administrator."
20-10-22 22:11,4688,Microsoft-Windows-Security-Auditing,Security,4,6732,Win11Vic1,Information,Info,Process Creation,"A new process has been created.

Creator Subject:
	Security ID:		S-1-5-18
	Account Name:		WIN11VIC1$
	Account Domain:		WORKGROUP
	Logon ID:		0x3E7

Target Subject:
	Security ID:		S-1-0-0
	Account Name:		-
	Account Domain:		-
	Logon ID:		0x0

Process Information:
	New Process ID:		0x12b0
	New Process Name:	C:\Program Files (x86)\Microsoft\EdgeUpdate\MicrosoftEdgeUpdate.exe
	Token Elevation Type:	TokenElevationTypeDefault (1)
	Mandatory Label:		S-1-16-16384
	Creator Process ID:	0x52c
	Creator Process Name:	C:\Windows\System32\svchost.exe
	Process Command Line:	""C:\Program Files (x86)\Microsoft\EdgeUpdate\MicrosoftEdgeUpdate.exe"" /ua /installsource scheduler

Token Elevation Type indicates the type of token that was assigned to the new process in accordance with User Account Control policy.

Type 1 is a full token with no privileges removed or groups disabled.  A full token is only used if User Account Control is disabled or if the user is the built-in Administrator account or a service account.

Type 2 is an elevated token with no privileges removed or groups disabled.  An elevated token is used when User Account Control is enabled and the user chooses to start the program using Run as administrator.  An elevated token is also used when an application is configured to always require administrative privilege or to always require maximum privilege, and the user is a member of the Administrators group.

Type 3 is a limited token with administrative privileges removed and administrative groups disabled.  The limited token is used when User Account Control is enabled, the application does not require administrative privilege, and the user does not choose to start the program using Run as administrator."
20-10-22 22:11,4688,Microsoft-Windows-Security-Auditing,Security,4,152,Win11Vic1,Information,Info,Process Creation,"A new process has been created.

Creator Subject:
	Security ID:		S-1-5-18
	Account Name:		WIN11VIC1$
	Account Domain:		WORKGROUP
	Logon ID:		0x3E7

Target Subject:
	Security ID:		S-1-5-21-279476226-3736561340-2529114786-1000
	Account Name:		User
	Account Domain:		WIN11VIC1
	Logon ID:		0x19B09

Process Information:
	New Process ID:		0x12c8
	New Process Name:	C:\Windows\System32\DeviceCensus.exe
	Token Elevation Type:	TokenElevationTypeLimited (3)
	Mandatory Label:		S-1-16-8192
	Creator Process ID:	0x52c
	Creator Process Name:	C:\Windows\System32\svchost.exe
	Process Command Line:	C:\Windows\system32\devicecensus.exe UserCxt

Token Elevation Type indicates the type of token that was assigned to the new process in accordance with User Account Control policy.

Type 1 is a full token with no privileges removed or groups disabled.  A full token is only used if User Account Control is disabled or if the user is the built-in Administrator account or a service account.

Type 2 is an elevated token with no privileges removed or groups disabled.  An elevated token is used when User Account Control is enabled and the user chooses to start the program using Run as administrator.  An elevated token is also used when an application is configured to always require administrative privilege or to always require maximum privilege, and the user is a member of the Administrators group.

Type 3 is a limited token with administrative privileges removed and administrative groups disabled.  The limited token is used when User Account Control is enabled, the application does not require administrative privilege, and the user does not choose to start the program using Run as administrator."
