20-10-22 22:18,4688,Microsoft-Windows-Security-Auditing,Security,4,5108,Win11Vic1,Information,Info,Process Creation,"A new process has been created.

Creator Subject:
	Security ID:		S-1-5-21-279476226-3736561340-2529114786-1000
	Account Name:		User
	Account Domain:		WIN11VIC1
	Logon ID:		0x19D14

Target Subject:
	Security ID:		S-1-0-0
	Account Name:		-
	Account Domain:		-
	Logon ID:		0x0

Process Information:
	New Process ID:		0x24a0
	New Process Name:	C:\Windows\System32\cmd.exe
	Token Elevation Type:	TokenElevationTypeLimited (3)
	Mandatory Label:		S-1-16-8192
	Creator Process ID:	0x155c
	Creator Process Name:	C:\Windows\explorer.exe
	Process Command Line:	""C:\Windows\System32\cmd.exe"" /q /c del /q ""C:\Users\User\AppData\Local\Microsoft\OneDrive\Update\OneDriveSetup.exe""

Token Elevation Type indicates the type of token that was assigned to the new process in accordance with User Account Control policy.

Type 1 is a full token with no privileges removed or groups disabled.  A full token is only used if User Account Control is disabled or if the user is the built-in Administrator account or a service account.

Type 2 is an elevated token with no privileges removed or groups disabled.  An elevated token is used when User Account Control is enabled and the user chooses to start the program using Run as administrator.  An elevated token is also used when an application is configured to always require administrative privilege or to always require maximum privilege, and the user is a member of the Administrators group.

Type 3 is a limited token with administrative privileges removed and administrative groups disabled.  The limited token is used when User Account Control is enabled, the application does not require administrative privilege, and the user does not choose to start the program using Run as administrator."
20-10-22 22:18,4688,Microsoft-Windows-Security-Auditing,Security,4,5108,Win11Vic1,Information,Info,Process Creation,"A new process has been created.

Creator Subject:
	Security ID:		S-1-5-18
	Account Name:		WIN11VIC1$
	Account Domain:		WORKGROUP
	Logon ID:		0x3E7

Target Subject:
	Security ID:		S-1-5-21-279476226-3736561340-2529114786-1000
	Account Name:		User
	Account Domain:		WIN11VIC1
	Logon ID:		0x19D14

Process Information:
	New Process ID:		0x2484
	New Process Name:	C:\Windows\System32\RuntimeBroker.exe
	Token Elevation Type:	TokenElevationTypeLimited (3)
	Mandatory Label:		S-1-16-8192
	Creator Process ID:	0x360
	Creator Process Name:	C:\Windows\System32\svchost.exe
	Process Command Line:	C:\Windows\System32\RuntimeBroker.exe -Embedding

Token Elevation Type indicates the type of token that was assigned to the new process in accordance with User Account Control policy.

Type 1 is a full token with no privileges removed or groups disabled.  A full token is only used if User Account Control is disabled or if the user is the built-in Administrator account or a service account.

Type 2 is an elevated token with no privileges removed or groups disabled.  An elevated token is used when User Account Control is enabled and the user chooses to start the program using Run as administrator.  An elevated token is also used when an application is configured to always require administrative privilege or to always require maximum privilege, and the user is a member of the Administrators group.

Type 3 is a limited token with administrative privileges removed and administrative groups disabled.  The limited token is used when User Account Control is enabled, the application does not require administrative privilege, and the user does not choose to start the program using Run as administrator."
20-10-22 22:18,4688,Microsoft-Windows-Security-Auditing,Security,4,5108,Win11Vic1,Information,Info,Process Creation,"A new process has been created.

Creator Subject:
	Security ID:		S-1-5-18
	Account Name:		WIN11VIC1$
	Account Domain:		WORKGROUP
	Logon ID:		0x3E7

Target Subject:
	Security ID:		S-1-5-21-279476226-3736561340-2529114786-1000
	Account Name:		User
	Account Domain:		WIN11VIC1
	Logon ID:		0x19D14

Process Information:
	New Process ID:		0x1dd8
	New Process Name:	C:\Windows\System32\backgroundTaskHost.exe
	Token Elevation Type:	TokenElevationTypeLimited (3)
	Mandatory Label:		S-1-16-4096
	Creator Process ID:	0x360
	Creator Process Name:	C:\Windows\System32\svchost.exe
	Process Command Line:	""C:\Windows\system32\BackgroundTaskHost.exe"" -ServerName:BackgroundTaskHost.WebAccountProvider

Token Elevation Type indicates the type of token that was assigned to the new process in accordance with User Account Control policy.

Type 1 is a full token with no privileges removed or groups disabled.  A full token is only used if User Account Control is disabled or if the user is the built-in Administrator account or a service account.

Type 2 is an elevated token with no privileges removed or groups disabled.  An elevated token is used when User Account Control is enabled and the user chooses to start the program using Run as administrator.  An elevated token is also used when an application is configured to always require administrative privilege or to always require maximum privilege, and the user is a member of the Administrators group.

Type 3 is a limited token with administrative privileges removed and administrative groups disabled.  The limited token is used when User Account Control is enabled, the application does not require administrative privilege, and the user does not choose to start the program using Run as administrator."
20-10-22 22:18,4688,Microsoft-Windows-Security-Auditing,Security,4,9152,Win11Vic1,Information,Info,Process Creation,"A new process has been created.

Creator Subject:
	Security ID:		S-1-5-21-279476226-3736561340-2529114786-1000
	Account Name:		User
	Account Domain:		WIN11VIC1
	Logon ID:		0x19D14

Target Subject:
	Security ID:		S-1-0-0
	Account Name:		-
	Account Domain:		-
	Logon ID:		0x0

Process Information:
	New Process ID:		0x8dc
	New Process Name:	C:\Program Files (x86)\Microsoft\Edge\Application\106.0.1370.47\identity_helper.exe
	Token Elevation Type:	TokenElevationTypeLimited (3)
	Mandatory Label:		S-1-16-8192
	Creator Process ID:	0x23a8
	Creator Process Name:	C:\Program Files (x86)\Microsoft\Edge\Application\msedge.exe
	Process Command Line:	""C:\Program Files (x86)\Microsoft\Edge\Application\106.0.1370.47\identity_helper.exe"" --type=utility --utility-sub-type=winrt_app_id.mojom.WinrtAppIdService --lang=en-US --service-sandbox-type=none --mojo-platform-channel-handle=3276 --field-trial-handle=2040,i,13337220350823906299,18366527502869230940,131072 /prefetch:8

Token Elevation Type indicates the type of token that was assigned to the new process in accordance with User Account Control policy.

Type 1 is a full token with no privileges removed or groups disabled.  A full token is only used if User Account Control is disabled or if the user is the built-in Administrator account or a service account.

Type 2 is an elevated token with no privileges removed or groups disabled.  An elevated token is used when User Account Control is enabled and the user chooses to start the program using Run as administrator.  An elevated token is also used when an application is configured to always require administrative privilege or to always require maximum privilege, and the user is a member of the Administrators group.

Type 3 is a limited token with administrative privileges removed and administrative groups disabled.  The limited token is used when User Account Control is enabled, the application does not require administrative privilege, and the user does not choose to start the program using Run as administrator."
20-10-22 22:18,4688,Microsoft-Windows-Security-Auditing,Security,4,5108,Win11Vic1,Information,Info,Process Creation,"A new process has been created.

Creator Subject:
	Security ID:		S-1-5-21-279476226-3736561340-2529114786-1000
	Account Name:		User
	Account Domain:		WIN11VIC1
	Logon ID:		0x19D14

Target Subject:
	Security ID:		S-1-0-0
	Account Name:		-
	Account Domain:		-
	Logon ID:		0x0

Process Information:
	New Process ID:		0x1dd8
	New Process Name:	C:\Program Files (x86)\Microsoft\Edge\Application\106.0.1370.47\identity_helper.exe
	Token Elevation Type:	TokenElevationTypeLimited (3)
	Mandatory Label:		S-1-16-8192
	Creator Process ID:	0x23a8
	Creator Process Name:	C:\Program Files (x86)\Microsoft\Edge\Application\msedge.exe
	Process Command Line:	""C:\Program Files (x86)\Microsoft\Edge\Application\106.0.1370.47\identity_helper.exe"" --type=utility --utility-sub-type=winrt_app_id.mojom.WinrtAppIdService --lang=en-US --service-sandbox-type=none --mojo-platform-channel-handle=3276 --field-trial-handle=2040,i,13337220350823906299,18366527502869230940,131072 /prefetch:8

Token Elevation Type indicates the type of token that was assigned to the new process in accordance with User Account Control policy.

Type 1 is a full token with no privileges removed or groups disabled.  A full token is only used if User Account Control is disabled or if the user is the built-in Administrator account or a service account.

Type 2 is an elevated token with no privileges removed or groups disabled.  An elevated token is used when User Account Control is enabled and the user chooses to start the program using Run as administrator.  An elevated token is also used when an application is configured to always require administrative privilege or to always require maximum privilege, and the user is a member of the Administrators group.

Type 3 is a limited token with administrative privileges removed and administrative groups disabled.  The limited token is used when User Account Control is enabled, the application does not require administrative privilege, and the user does not choose to start the program using Run as administrator."
20-10-22 22:18,4688,Microsoft-Windows-Security-Auditing,Security,4,2348,Win11Vic1,Information,Info,Process Creation,"A new process has been created.

Creator Subject:
	Security ID:		S-1-5-21-279476226-3736561340-2529114786-1000
	Account Name:		User
	Account Domain:		WIN11VIC1
	Logon ID:		0x19D14

Target Subject:
	Security ID:		S-1-0-0
	Account Name:		-
	Account Domain:		-
	Logon ID:		0x0

Process Information:
	New Process ID:		0xc54
	New Process Name:	C:\Program Files (x86)\Microsoft\Edge\Application\msedge.exe
	Token Elevation Type:	TokenElevationTypeLimited (3)
	Mandatory Label:		S-1-16-4096
	Creator Process ID:	0x23a8
	Creator Process Name:	C:\Program Files (x86)\Microsoft\Edge\Application\msedge.exe
	Process Command Line:	""C:\Program Files (x86)\Microsoft\Edge\Application\msedge.exe"" --type=utility --utility-sub-type=storage.mojom.StorageService --lang=en-US --service-sandbox-type=utility --mojo-platform-channel-handle=2364 --field-trial-handle=2040,i,13337220350823906299,18366527502869230940,131072 /prefetch:8

Token Elevation Type indicates the type of token that was assigned to the new process in accordance with User Account Control policy.

Type 1 is a full token with no privileges removed or groups disabled.  A full token is only used if User Account Control is disabled or if the user is the built-in Administrator account or a service account.

Type 2 is an elevated token with no privileges removed or groups disabled.  An elevated token is used when User Account Control is enabled and the user chooses to start the program using Run as administrator.  An elevated token is also used when an application is configured to always require administrative privilege or to always require maximum privilege, and the user is a member of the Administrators group.

Type 3 is a limited token with administrative privileges removed and administrative groups disabled.  The limited token is used when User Account Control is enabled, the application does not require administrative privilege, and the user does not choose to start the program using Run as administrator."
20-10-22 22:18,4688,Microsoft-Windows-Security-Auditing,Security,4,128,Win11Vic1,Information,Info,Process Creation,"A new process has been created.

Creator Subject:
	Security ID:		S-1-5-21-279476226-3736561340-2529114786-1000
	Account Name:		User
	Account Domain:		WIN11VIC1
	Logon ID:		0x19D14

Target Subject:
	Security ID:		S-1-0-0
	Account Name:		-
	Account Domain:		-
	Logon ID:		0x0

Process Information:
	New Process ID:		0x1d54
	New Process Name:	C:\Program Files (x86)\Microsoft\Edge\Application\msedge.exe
	Token Elevation Type:	TokenElevationTypeLimited (3)
	Mandatory Label:		S-1-16-8192
	Creator Process ID:	0x23a8
	Creator Process Name:	C:\Program Files (x86)\Microsoft\Edge\Application\msedge.exe
	Process Command Line:	""C:\Program Files (x86)\Microsoft\Edge\Application\msedge.exe"" --type=utility --utility-sub-type=network.mojom.NetworkService --lang=en-US --service-sandbox-type=none --mojo-platform-channel-handle=2036 --field-trial-handle=2040,i,13337220350823906299,18366527502869230940,131072 /prefetch:3

Token Elevation Type indicates the type of token that was assigned to the new process in accordance with User Account Control policy.

Type 1 is a full token with no privileges removed or groups disabled.  A full token is only used if User Account Control is disabled or if the user is the built-in Administrator account or a service account.

Type 2 is an elevated token with no privileges removed or groups disabled.  An elevated token is used when User Account Control is enabled and the user chooses to start the program using Run as administrator.  An elevated token is also used when an application is configured to always require administrative privilege or to always require maximum privilege, and the user is a member of the Administrators group.

Type 3 is a limited token with administrative privileges removed and administrative groups disabled.  The limited token is used when User Account Control is enabled, the application does not require administrative privilege, and the user does not choose to start the program using Run as administrator."
20-10-22 22:18,4688,Microsoft-Windows-Security-Auditing,Security,4,5128,Win11Vic1,Information,Info,Process Creation,"A new process has been created.

Creator Subject:
	Security ID:		S-1-5-21-279476226-3736561340-2529114786-1000
	Account Name:		User
	Account Domain:		WIN11VIC1
	Logon ID:		0x19D14

Target Subject:
	Security ID:		S-1-0-0
	Account Name:		-
	Account Domain:		-
	Logon ID:		0x0

Process Information:
	New Process ID:		0x1db0
	New Process Name:	C:\Program Files (x86)\Microsoft\Edge\Application\msedge.exe
	Token Elevation Type:	TokenElevationTypeLimited (3)
	Mandatory Label:		S-1-16-4096
	Creator Process ID:	0x23a8
	Creator Process Name:	C:\Program Files (x86)\Microsoft\Edge\Application\msedge.exe
	Process Command Line:	""C:\Program Files (x86)\Microsoft\Edge\Application\msedge.exe"" --type=gpu-process --gpu-preferences=UAAAAAAAAADgAAAYAAAAAAAAAAAAAAAAAABgAAAAAAAwAAAAAAAAAAAAAAAQAAAAAAAAAAAAAAAAAAAAAAAAAEgAAAAAAAAASAAAAAAAAAAYAAAAAgAAABAAAAAAAAAAGAAAAAAAAAAQAAAAAAAAAAAAAAAOAAAAEAAAAAAAAAABAAAADgAAAAgAAAAAAAAACAAAAAAAAAA= --mojo-platform-channel-handle=1908 --field-trial-handle=2040,i,13337220350823906299,18366527502869230940,131072 /prefetch:2

Token Elevation Type indicates the type of token that was assigned to the new process in accordance with User Account Control policy.

Type 1 is a full token with no privileges removed or groups disabled.  A full token is only used if User Account Control is disabled or if the user is the built-in Administrator account or a service account.

Type 2 is an elevated token with no privileges removed or groups disabled.  An elevated token is used when User Account Control is enabled and the user chooses to start the program using Run as administrator.  An elevated token is also used when an application is configured to always require administrative privilege or to always require maximum privilege, and the user is a member of the Administrators group.

Type 3 is a limited token with administrative privileges removed and administrative groups disabled.  The limited token is used when User Account Control is enabled, the application does not require administrative privilege, and the user does not choose to start the program using Run as administrator."
20-10-22 22:18,4688,Microsoft-Windows-Security-Auditing,Security,4,128,Win11Vic1,Information,Info,Process Creation,"A new process has been created.

Creator Subject:
	Security ID:		S-1-5-18
	Account Name:		WIN11VIC1$
	Account Domain:		WORKGROUP
	Logon ID:		0x3E7

Target Subject:
	Security ID:		S-1-5-21-279476226-3736561340-2529114786-1000
	Account Name:		User
	Account Domain:		WIN11VIC1
	Logon ID:		0x19D14

Process Information:
	New Process ID:		0x20ac
	New Process Name:	C:\Windows\System32\BackgroundTransferHost.exe
	Token Elevation Type:	TokenElevationTypeLimited (3)
	Mandatory Label:		S-1-16-4096
	Creator Process ID:	0x360
	Creator Process Name:	C:\Windows\System32\svchost.exe
	Process Command Line:	""BackgroundTransferHost.exe"" -ServerName:BackgroundTransferHost.1

Token Elevation Type indicates the type of token that was assigned to the new process in accordance with User Account Control policy.

Type 1 is a full token with no privileges removed or groups disabled.  A full token is only used if User Account Control is disabled or if the user is the built-in Administrator account or a service account.

Type 2 is an elevated token with no privileges removed or groups disabled.  An elevated token is used when User Account Control is enabled and the user chooses to start the program using Run as administrator.  An elevated token is also used when an application is configured to always require administrative privilege or to always require maximum privilege, and the user is a member of the Administrators group.

Type 3 is a limited token with administrative privileges removed and administrative groups disabled.  The limited token is used when User Account Control is enabled, the application does not require administrative privilege, and the user does not choose to start the program using Run as administrator."
20-10-22 22:18,4688,Microsoft-Windows-Security-Auditing,Security,4,2348,Win11Vic1,Information,Info,Process Creation,"A new process has been created.

Creator Subject:
	Security ID:		S-1-5-21-279476226-3736561340-2529114786-1000
	Account Name:		User
	Account Domain:		WIN11VIC1
	Logon ID:		0x19D14

Target Subject:
	Security ID:		S-1-0-0
	Account Name:		-
	Account Domain:		-
	Logon ID:		0x0

Process Information:
	New Process ID:		0x11a4
	New Process Name:	C:\Program Files (x86)\Microsoft\Edge\Application\msedge.exe
	Token Elevation Type:	TokenElevationTypeLimited (3)
	Mandatory Label:		S-1-16-8192
	Creator Process ID:	0x23a8
	Creator Process Name:	C:\Program Files (x86)\Microsoft\Edge\Application\msedge.exe
	Process Command Line:	""C:\Program Files (x86)\Microsoft\Edge\Application\msedge.exe"" --type=crashpad-handler ""--user-data-dir=C:\Users\User\AppData\Local\Microsoft\Edge\User Data"" /prefetch:7 --monitor-self-annotation=ptype=crashpad-handler ""--database=C:\Users\User\AppData\Local\Microsoft\Edge\User Data\Crashpad"" --annotation=IsOfficialBuild=1 --annotation=channel= --annotation=chromium-version=106.0.5249.119 ""--annotation=exe=C:\Program Files (x86)\Microsoft\Edge\Application\msedge.exe"" --annotation=plat=Win64 ""--annotation=prod=Microsoft Edge"" --annotation=ver=106.0.1370.47 --initial-client-data=0xe0,0x108,0x10c,0xec,0x114,0x7ffcc8a66e08,0x7ffcc8a66e18,0x7ffcc8a66e28

Token Elevation Type indicates the type of token that was assigned to the new process in accordance with User Account Control policy.

Type 1 is a full token with no privileges removed or groups disabled.  A full token is only used if User Account Control is disabled or if the user is the built-in Administrator account or a service account.

Type 2 is an elevated token with no privileges removed or groups disabled.  An elevated token is used when User Account Control is enabled and the user chooses to start the program using Run as administrator.  An elevated token is also used when an application is configured to always require administrative privilege or to always require maximum privilege, and the user is a member of the Administrators group.

Type 3 is a limited token with administrative privileges removed and administrative groups disabled.  The limited token is used when User Account Control is enabled, the application does not require administrative privilege, and the user does not choose to start the program using Run as administrator."
20-10-22 22:18,4688,Microsoft-Windows-Security-Auditing,Security,4,5128,Win11Vic1,Information,Info,Process Creation,"A new process has been created.

Creator Subject:
	Security ID:		S-1-5-21-279476226-3736561340-2529114786-1000
	Account Name:		User
	Account Domain:		WIN11VIC1
	Logon ID:		0x19D14

Target Subject:
	Security ID:		S-1-0-0
	Account Name:		-
	Account Domain:		-
	Logon ID:		0x0

Process Information:
	New Process ID:		0x23a8
	New Process Name:	C:\Program Files (x86)\Microsoft\Edge\Application\msedge.exe
	Token Elevation Type:	TokenElevationTypeLimited (3)
	Mandatory Label:		S-1-16-8192
	Creator Process ID:	0x155c
	Creator Process Name:	C:\Windows\explorer.exe
	Process Command Line:	""C:\Program Files (x86)\Microsoft\Edge\Application\msedge.exe"" --no-startup-window --win-session-start /prefetch:5

Token Elevation Type indicates the type of token that was assigned to the new process in accordance with User Account Control policy.

Type 1 is a full token with no privileges removed or groups disabled.  A full token is only used if User Account Control is disabled or if the user is the built-in Administrator account or a service account.

Type 2 is an elevated token with no privileges removed or groups disabled.  An elevated token is used when User Account Control is enabled and the user chooses to start the program using Run as administrator.  An elevated token is also used when an application is configured to always require administrative privilege or to always require maximum privilege, and the user is a member of the Administrators group.

Type 3 is a limited token with administrative privileges removed and administrative groups disabled.  The limited token is used when User Account Control is enabled, the application does not require administrative privilege, and the user does not choose to start the program using Run as administrator."
20-10-22 22:18,4688,Microsoft-Windows-Security-Auditing,Security,4,348,Win11Vic1,Information,Info,Process Creation,"A new process has been created.

Creator Subject:
	Security ID:		S-1-5-18
	Account Name:		WIN11VIC1$
	Account Domain:		WORKGROUP
	Logon ID:		0x3E7

Target Subject:
	Security ID:		S-1-0-0
	Account Name:		-
	Account Domain:		-
	Logon ID:		0x0

Process Information:
	New Process ID:		0x2358
	New Process Name:	C:\Windows\System32\wbem\WmiApSrv.exe
	Token Elevation Type:	TokenElevationTypeDefault (1)
	Mandatory Label:		S-1-16-16384
	Creator Process ID:	0x2d0
	Creator Process Name:	C:\Windows\System32\services.exe
	Process Command Line:	C:\Windows\system32\wbem\WmiApSrv.exe

Token Elevation Type indicates the type of token that was assigned to the new process in accordance with User Account Control policy.

Type 1 is a full token with no privileges removed or groups disabled.  A full token is only used if User Account Control is disabled or if the user is the built-in Administrator account or a service account.

Type 2 is an elevated token with no privileges removed or groups disabled.  An elevated token is used when User Account Control is enabled and the user chooses to start the program using Run as administrator.  An elevated token is also used when an application is configured to always require administrative privilege or to always require maximum privilege, and the user is a member of the Administrators group.

Type 3 is a limited token with administrative privileges removed and administrative groups disabled.  The limited token is used when User Account Control is enabled, the application does not require administrative privilege, and the user does not choose to start the program using Run as administrator."
20-10-22 22:18,4688,Microsoft-Windows-Security-Auditing,Security,4,152,Win11Vic1,Information,Info,Process Creation,"A new process has been created.

Creator Subject:
	Security ID:		S-1-5-21-279476226-3736561340-2529114786-1000
	Account Name:		User
	Account Domain:		WIN11VIC1
	Logon ID:		0x19D14

Target Subject:
	Security ID:		S-1-0-0
	Account Name:		-
	Account Domain:		-
	Logon ID:		0x0

Process Information:
	New Process ID:		0x2350
	New Process Name:	C:\Users\User\AppData\Local\Microsoft\OneDrive\OneDrive.exe
	Token Elevation Type:	TokenElevationTypeLimited (3)
	Mandatory Label:		S-1-16-8192
	Creator Process ID:	0x155c
	Creator Process Name:	C:\Windows\explorer.exe
	Process Command Line:	""C:\Users\User\AppData\Local\Microsoft\OneDrive\OneDrive.exe"" /background

Token Elevation Type indicates the type of token that was assigned to the new process in accordance with User Account Control policy.

Type 1 is a full token with no privileges removed or groups disabled.  A full token is only used if User Account Control is disabled or if the user is the built-in Administrator account or a service account.

Type 2 is an elevated token with no privileges removed or groups disabled.  An elevated token is used when User Account Control is enabled and the user chooses to start the program using Run as administrator.  An elevated token is also used when an application is configured to always require administrative privilege or to always require maximum privilege, and the user is a member of the Administrators group.

Type 3 is a limited token with administrative privileges removed and administrative groups disabled.  The limited token is used when User Account Control is enabled, the application does not require administrative privilege, and the user does not choose to start the program using Run as administrator."
20-10-22 22:18,4688,Microsoft-Windows-Security-Auditing,Security,4,2348,Win11Vic1,Information,Info,Process Creation,"A new process has been created.

Creator Subject:
	Security ID:		S-1-5-21-279476226-3736561340-2529114786-1000
	Account Name:		User
	Account Domain:		WIN11VIC1
	Logon ID:		0x19D14

Target Subject:
	Security ID:		S-1-0-0
	Account Name:		-
	Account Domain:		-
	Logon ID:		0x0

Process Information:
	New Process ID:		0x22c8
	New Process Name:	C:\Program Files\VMware\VMware Tools\vmtoolsd.exe
	Token Elevation Type:	TokenElevationTypeLimited (3)
	Mandatory Label:		S-1-16-8192
	Creator Process ID:	0x155c
	Creator Process Name:	C:\Windows\explorer.exe
	Process Command Line:	""C:\Program Files\VMware\VMware Tools\vmtoolsd.exe"" -n vmusr

Token Elevation Type indicates the type of token that was assigned to the new process in accordance with User Account Control policy.

Type 1 is a full token with no privileges removed or groups disabled.  A full token is only used if User Account Control is disabled or if the user is the built-in Administrator account or a service account.

Type 2 is an elevated token with no privileges removed or groups disabled.  An elevated token is used when User Account Control is enabled and the user chooses to start the program using Run as administrator.  An elevated token is also used when an application is configured to always require administrative privilege or to always require maximum privilege, and the user is a member of the Administrators group.

Type 3 is a limited token with administrative privileges removed and administrative groups disabled.  The limited token is used when User Account Control is enabled, the application does not require administrative privilege, and the user does not choose to start the program using Run as administrator."
20-10-22 22:18,4688,Microsoft-Windows-Security-Auditing,Security,4,2324,Win11Vic1,Information,Info,Process Creation,"A new process has been created.

Creator Subject:
	Security ID:		S-1-5-18
	Account Name:		WIN11VIC1$
	Account Domain:		WORKGROUP
	Logon ID:		0x3E7

Target Subject:
	Security ID:		S-1-0-0
	Account Name:		-
	Account Domain:		-
	Logon ID:		0x0

Process Information:
	New Process ID:		0x228c
	New Process Name:	C:\Windows\System32\SecurityHealthService.exe
	Token Elevation Type:	TokenElevationTypeDefault (1)
	Mandatory Label:		S-1-16-16384
	Creator Process ID:	0x2d0
	Creator Process Name:	C:\Windows\System32\services.exe
	Process Command Line:	C:\Windows\system32\SecurityHealthService.exe

Token Elevation Type indicates the type of token that was assigned to the new process in accordance with User Account Control policy.

Type 1 is a full token with no privileges removed or groups disabled.  A full token is only used if User Account Control is disabled or if the user is the built-in Administrator account or a service account.

Type 2 is an elevated token with no privileges removed or groups disabled.  An elevated token is used when User Account Control is enabled and the user chooses to start the program using Run as administrator.  An elevated token is also used when an application is configured to always require administrative privilege or to always require maximum privilege, and the user is a member of the Administrators group.

Type 3 is a limited token with administrative privileges removed and administrative groups disabled.  The limited token is used when User Account Control is enabled, the application does not require administrative privilege, and the user does not choose to start the program using Run as administrator."
20-10-22 22:18,4688,Microsoft-Windows-Security-Auditing,Security,4,2336,Win11Vic1,Information,Info,Process Creation,"A new process has been created.

Creator Subject:
	Security ID:		S-1-5-21-279476226-3736561340-2529114786-1000
	Account Name:		User
	Account Domain:		WIN11VIC1
	Logon ID:		0x19D14

Target Subject:
	Security ID:		S-1-0-0
	Account Name:		-
	Account Domain:		-
	Logon ID:		0x0

Process Information:
	New Process ID:		0x2274
	New Process Name:	C:\Windows\System32\SecurityHealthSystray.exe
	Token Elevation Type:	TokenElevationTypeLimited (3)
	Mandatory Label:		S-1-16-8192
	Creator Process ID:	0x155c
	Creator Process Name:	C:\Windows\explorer.exe
	Process Command Line:	""C:\Windows\System32\SecurityHealthSystray.exe"" 

Token Elevation Type indicates the type of token that was assigned to the new process in accordance with User Account Control policy.

Type 1 is a full token with no privileges removed or groups disabled.  A full token is only used if User Account Control is disabled or if the user is the built-in Administrator account or a service account.

Type 2 is an elevated token with no privileges removed or groups disabled.  An elevated token is used when User Account Control is enabled and the user chooses to start the program using Run as administrator.  An elevated token is also used when an application is configured to always require administrative privilege or to always require maximum privilege, and the user is a member of the Administrators group.

Type 3 is a limited token with administrative privileges removed and administrative groups disabled.  The limited token is used when User Account Control is enabled, the application does not require administrative privilege, and the user does not choose to start the program using Run as administrator."
20-10-22 22:18,4688,Microsoft-Windows-Security-Auditing,Security,4,32,Win11Vic1,Information,Info,Process Creation,"A new process has been created.

Creator Subject:
	Security ID:		S-1-5-18
	Account Name:		WIN11VIC1$
	Account Domain:		WORKGROUP
	Logon ID:		0x3E7

Target Subject:
	Security ID:		S-1-5-21-279476226-3736561340-2529114786-1000
	Account Name:		User
	Account Domain:		WIN11VIC1
	Logon ID:		0x19D14

Process Information:
	New Process ID:		0x223c
	New Process Name:	C:\Windows\System32\smartscreen.exe
	Token Elevation Type:	TokenElevationTypeLimited (3)
	Mandatory Label:		S-1-16-8192
	Creator Process ID:	0x360
	Creator Process Name:	C:\Windows\System32\svchost.exe
	Process Command Line:	C:\Windows\System32\smartscreen.exe -Embedding

Token Elevation Type indicates the type of token that was assigned to the new process in accordance with User Account Control policy.

Type 1 is a full token with no privileges removed or groups disabled.  A full token is only used if User Account Control is disabled or if the user is the built-in Administrator account or a service account.

Type 2 is an elevated token with no privileges removed or groups disabled.  An elevated token is used when User Account Control is enabled and the user chooses to start the program using Run as administrator.  An elevated token is also used when an application is configured to always require administrative privilege or to always require maximum privilege, and the user is a member of the Administrators group.

Type 3 is a limited token with administrative privileges removed and administrative groups disabled.  The limited token is used when User Account Control is enabled, the application does not require administrative privilege, and the user does not choose to start the program using Run as administrator."
20-10-22 22:18,4688,Microsoft-Windows-Security-Auditing,Security,4,32,Win11Vic1,Information,Info,Process Creation,"A new process has been created.

Creator Subject:
	Security ID:		S-1-5-18
	Account Name:		WIN11VIC1$
	Account Domain:		WORKGROUP
	Logon ID:		0x3E7

Target Subject:
	Security ID:		S-1-5-19
	Account Name:		LOCAL SERVICE
	Account Domain:		NT AUTHORITY
	Logon ID:		0x3E5

Process Information:
	New Process ID:		0x21d8
	New Process Name:	C:\Windows\System32\svchost.exe
	Token Elevation Type:	TokenElevationTypeDefault (1)
	Mandatory Label:		S-1-16-16384
	Creator Process ID:	0x2d0
	Creator Process Name:	C:\Windows\System32\services.exe
	Process Command Line:	C:\Windows\system32\svchost.exe -k LocalServiceAndNoImpersonation -p -s SSDPSRV

Token Elevation Type indicates the type of token that was assigned to the new process in accordance with User Account Control policy.

Type 1 is a full token with no privileges removed or groups disabled.  A full token is only used if User Account Control is disabled or if the user is the built-in Administrator account or a service account.

Type 2 is an elevated token with no privileges removed or groups disabled.  An elevated token is used when User Account Control is enabled and the user chooses to start the program using Run as administrator.  An elevated token is also used when an application is configured to always require administrative privilege or to always require maximum privilege, and the user is a member of the Administrators group.

Type 3 is a limited token with administrative privileges removed and administrative groups disabled.  The limited token is used when User Account Control is enabled, the application does not require administrative privilege, and the user does not choose to start the program using Run as administrator."
20-10-22 22:18,4688,Microsoft-Windows-Security-Auditing,Security,4,1060,Win11Vic1,Information,Info,Process Creation,"A new process has been created.

Creator Subject:
	Security ID:		S-1-5-18
	Account Name:		WIN11VIC1$
	Account Domain:		WORKGROUP
	Logon ID:		0x3E7

Target Subject:
	Security ID:		S-1-0-0
	Account Name:		-
	Account Domain:		-
	Logon ID:		0x0

Process Information:
	New Process ID:		0x21b0
	New Process Name:	C:\Windows\System32\svchost.exe
	Token Elevation Type:	TokenElevationTypeDefault (1)
	Mandatory Label:		S-1-16-16384
	Creator Process ID:	0x2d0
	Creator Process Name:	C:\Windows\System32\services.exe
	Process Command Line:	C:\Windows\System32\svchost.exe -k netsvcs -p -s BITS

Token Elevation Type indicates the type of token that was assigned to the new process in accordance with User Account Control policy.

Type 1 is a full token with no privileges removed or groups disabled.  A full token is only used if User Account Control is disabled or if the user is the built-in Administrator account or a service account.

Type 2 is an elevated token with no privileges removed or groups disabled.  An elevated token is used when User Account Control is enabled and the user chooses to start the program using Run as administrator.  An elevated token is also used when an application is configured to always require administrative privilege or to always require maximum privilege, and the user is a member of the Administrators group.

Type 3 is a limited token with administrative privileges removed and administrative groups disabled.  The limited token is used when User Account Control is enabled, the application does not require administrative privilege, and the user does not choose to start the program using Run as administrator."
20-10-22 22:18,4688,Microsoft-Windows-Security-Auditing,Security,4,1060,Win11Vic1,Information,Info,Process Creation,"A new process has been created.

Creator Subject:
	Security ID:		S-1-5-18
	Account Name:		WIN11VIC1$
	Account Domain:		WORKGROUP
	Logon ID:		0x3E7

Target Subject:
	Security ID:		S-1-0-0
	Account Name:		-
	Account Domain:		-
	Logon ID:		0x0

Process Information:
	New Process ID:		0x2174
	New Process Name:	C:\Windows\System32\wbem\WmiPrvSE.exe
	Token Elevation Type:	TokenElevationTypeDefault (1)
	Mandatory Label:		S-1-16-16384
	Creator Process ID:	0x360
	Creator Process Name:	C:\Windows\System32\svchost.exe
	Process Command Line:	C:\Windows\system32\wbem\wmiprvse.exe -Embedding

Token Elevation Type indicates the type of token that was assigned to the new process in accordance with User Account Control policy.

Type 1 is a full token with no privileges removed or groups disabled.  A full token is only used if User Account Control is disabled or if the user is the built-in Administrator account or a service account.

Type 2 is an elevated token with no privileges removed or groups disabled.  An elevated token is used when User Account Control is enabled and the user chooses to start the program using Run as administrator.  An elevated token is also used when an application is configured to always require administrative privilege or to always require maximum privilege, and the user is a member of the Administrators group.

Type 3 is a limited token with administrative privileges removed and administrative groups disabled.  The limited token is used when User Account Control is enabled, the application does not require administrative privilege, and the user does not choose to start the program using Run as administrator."
20-10-22 22:18,4688,Microsoft-Windows-Security-Auditing,Security,4,2348,Win11Vic1,Information,Info,Process Creation,"A new process has been created.

Creator Subject:
	Security ID:		S-1-5-18
	Account Name:		WIN11VIC1$
	Account Domain:		WORKGROUP
	Logon ID:		0x3E7

Target Subject:
	Security ID:		S-1-5-19
	Account Name:		LOCAL SERVICE
	Account Domain:		NT AUTHORITY
	Logon ID:		0x3E5

Process Information:
	New Process ID:		0x2104
	New Process Name:	C:\Windows\System32\svchost.exe
	Token Elevation Type:	TokenElevationTypeDefault (1)
	Mandatory Label:		S-1-16-16384
	Creator Process ID:	0x2d0
	Creator Process Name:	C:\Windows\System32\services.exe
	Process Command Line:	C:\Windows\System32\svchost.exe -k LocalService -p -s LicenseManager

Token Elevation Type indicates the type of token that was assigned to the new process in accordance with User Account Control policy.

Type 1 is a full token with no privileges removed or groups disabled.  A full token is only used if User Account Control is disabled or if the user is the built-in Administrator account or a service account.

Type 2 is an elevated token with no privileges removed or groups disabled.  An elevated token is used when User Account Control is enabled and the user chooses to start the program using Run as administrator.  An elevated token is also used when an application is configured to always require administrative privilege or to always require maximum privilege, and the user is a member of the Administrators group.

Type 3 is a limited token with administrative privileges removed and administrative groups disabled.  The limited token is used when User Account Control is enabled, the application does not require administrative privilege, and the user does not choose to start the program using Run as administrator."
20-10-22 22:18,4688,Microsoft-Windows-Security-Auditing,Security,4,128,Win11Vic1,Information,Info,Process Creation,"A new process has been created.

Creator Subject:
	Security ID:		S-1-5-18
	Account Name:		WIN11VIC1$
	Account Domain:		WORKGROUP
	Logon ID:		0x3E7

Target Subject:
	Security ID:		S-1-5-21-279476226-3736561340-2529114786-1000
	Account Name:		User
	Account Domain:		WIN11VIC1
	Logon ID:		0x19D14

Process Information:
	New Process ID:		0x2078
	New Process Name:	C:\Windows\System32\mobsync.exe
	Token Elevation Type:	TokenElevationTypeLimited (3)
	Mandatory Label:		S-1-16-8192
	Creator Process ID:	0x360
	Creator Process Name:	C:\Windows\System32\svchost.exe
	Process Command Line:	C:\Windows\System32\mobsync.exe -Embedding

Token Elevation Type indicates the type of token that was assigned to the new process in accordance with User Account Control policy.

Type 1 is a full token with no privileges removed or groups disabled.  A full token is only used if User Account Control is disabled or if the user is the built-in Administrator account or a service account.

Type 2 is an elevated token with no privileges removed or groups disabled.  An elevated token is used when User Account Control is enabled and the user chooses to start the program using Run as administrator.  An elevated token is also used when an application is configured to always require administrative privilege or to always require maximum privilege, and the user is a member of the Administrators group.

Type 3 is a limited token with administrative privileges removed and administrative groups disabled.  The limited token is used when User Account Control is enabled, the application does not require administrative privilege, and the user does not choose to start the program using Run as administrator."
20-10-22 22:18,4688,Microsoft-Windows-Security-Auditing,Security,4,32,Win11Vic1,Information,Info,Process Creation,"A new process has been created.

Creator Subject:
	Security ID:		S-1-5-18
	Account Name:		WIN11VIC1$
	Account Domain:		WORKGROUP
	Logon ID:		0x3E7

Target Subject:
	Security ID:		S-1-5-19
	Account Name:		LOCAL SERVICE
	Account Domain:		NT AUTHORITY
	Logon ID:		0x3E5

Process Information:
	New Process ID:		0x1f7c
	New Process Name:	C:\Windows\System32\svchost.exe
	Token Elevation Type:	TokenElevationTypeDefault (1)
	Mandatory Label:		S-1-16-16384
	Creator Process ID:	0x2d0
	Creator Process Name:	C:\Windows\System32\services.exe
	Process Command Line:	C:\Windows\system32\svchost.exe -k LocalService -p -s BthAvctpSvc

Token Elevation Type indicates the type of token that was assigned to the new process in accordance with User Account Control policy.

Type 1 is a full token with no privileges removed or groups disabled.  A full token is only used if User Account Control is disabled or if the user is the built-in Administrator account or a service account.

Type 2 is an elevated token with no privileges removed or groups disabled.  An elevated token is used when User Account Control is enabled and the user chooses to start the program using Run as administrator.  An elevated token is also used when an application is configured to always require administrative privilege or to always require maximum privilege, and the user is a member of the Administrators group.

Type 3 is a limited token with administrative privileges removed and administrative groups disabled.  The limited token is used when User Account Control is enabled, the application does not require administrative privilege, and the user does not choose to start the program using Run as administrator."
20-10-22 22:18,4688,Microsoft-Windows-Security-Auditing,Security,4,128,Win11Vic1,Information,Info,Process Creation,"A new process has been created.

Creator Subject:
	Security ID:		S-1-5-18
	Account Name:		WIN11VIC1$
	Account Domain:		WORKGROUP
	Logon ID:		0x3E7

Target Subject:
	Security ID:		S-1-5-21-279476226-3736561340-2529114786-1000
	Account Name:		User
	Account Domain:		WIN11VIC1
	Logon ID:		0x19D14

Process Information:
	New Process ID:		0x1c84
	New Process Name:	C:\Windows\System32\svchost.exe
	Token Elevation Type:	TokenElevationTypeLimited (3)
	Mandatory Label:		S-1-16-8192
	Creator Process ID:	0x2d0
	Creator Process Name:	C:\Windows\System32\services.exe
	Process Command Line:	C:\Windows\system32\svchost.exe -k LocalService -p -s NPSMSvc

Token Elevation Type indicates the type of token that was assigned to the new process in accordance with User Account Control policy.

Type 1 is a full token with no privileges removed or groups disabled.  A full token is only used if User Account Control is disabled or if the user is the built-in Administrator account or a service account.

Type 2 is an elevated token with no privileges removed or groups disabled.  An elevated token is used when User Account Control is enabled and the user chooses to start the program using Run as administrator.  An elevated token is also used when an application is configured to always require administrative privilege or to always require maximum privilege, and the user is a member of the Administrators group.

Type 3 is a limited token with administrative privileges removed and administrative groups disabled.  The limited token is used when User Account Control is enabled, the application does not require administrative privilege, and the user does not choose to start the program using Run as administrator."
20-10-22 22:18,4688,Microsoft-Windows-Security-Auditing,Security,4,6092,Win11Vic1,Information,Info,Process Creation,"A new process has been created.

Creator Subject:
	Security ID:		S-1-5-18
	Account Name:		WIN11VIC1$
	Account Domain:		WORKGROUP
	Logon ID:		0x3E7

Target Subject:
	Security ID:		S-1-5-21-279476226-3736561340-2529114786-1000
	Account Name:		User
	Account Domain:		WIN11VIC1
	Logon ID:		0x19D14

Process Information:
	New Process ID:		0x1fa0
	New Process Name:	C:\Windows\System32\RuntimeBroker.exe
	Token Elevation Type:	TokenElevationTypeLimited (3)
	Mandatory Label:		S-1-16-8192
	Creator Process ID:	0x360
	Creator Process Name:	C:\Windows\System32\svchost.exe
	Process Command Line:	C:\Windows\System32\RuntimeBroker.exe -Embedding

Token Elevation Type indicates the type of token that was assigned to the new process in accordance with User Account Control policy.

Type 1 is a full token with no privileges removed or groups disabled.  A full token is only used if User Account Control is disabled or if the user is the built-in Administrator account or a service account.

Type 2 is an elevated token with no privileges removed or groups disabled.  An elevated token is used when User Account Control is enabled and the user chooses to start the program using Run as administrator.  An elevated token is also used when an application is configured to always require administrative privilege or to always require maximum privilege, and the user is a member of the Administrators group.

Type 3 is a limited token with administrative privileges removed and administrative groups disabled.  The limited token is used when User Account Control is enabled, the application does not require administrative privilege, and the user does not choose to start the program using Run as administrator."
