"Oct 9, 2022 @ 03:43:16.871","RmDYuoMBv7QqA8hY-Q6I",".ds-winlogbeat-8.4.2-2022.09.27-000001","-","cf3699d7-5cb1-463f-a85f-a07c0632c54a","DESKTOP-STCA0K7","b5f6a7eb-024c-49d7-a722-2c9d1ee679a8","DESKTOP-STCA0K7",winlogbeat,"8.4.2","8.0.0",None,"-",16,"Oct 9, 2022 @ 03:45:31.877","Oct 9, 2022 @ 03:45:25.383",event,"-","-","Microsoft-Windows-Kernel-General","-","x86_64","DESKTOP-STCA0K7","3a59bcc1-dab3-4fea-87c6-2dbb28db6023","fe80::d09e:33bc:93fc:2ba7, 10.0.2.15, fe80::bd6f:3885:d011:5ab0, 192.168.50.7","08:00:27:7c:f3:ae, 08:00:27:e4:bd:9d","DESKTOP-STCA0K7","19044.1889",windows,"10.0.19041.1889 (WinBuild.160101.0800)","Windows 10 Enterprise Evaluation","Windows 10 Enterprise Evaluation",windows,windows,"10.0",information,"The access history in hive \??\C:\Windows\ServiceProfiles\NetworkService\NTUSER.DAT was cleared updating 96 keys and creating 18 modified pages.","-","-","-","-","-","-","-","-","-","-","-","-","-","-","-","-","-","-","-","-","-",wineventlog,System,"DESKTOP-STCA0K7","-","-","-","-","-","-","-","-","-","-","-","-","-","-","-","-","-","-","-","-","-","-",18,"-","-","-","-","-","-","-","-","-","-","-","-","-","\??\C:\Windows\ServiceProfiles\NetworkService\NTUSER.DAT",56,"-","-","-","-","-","-","-","-","-","-","-",96,"-","-","-","-","-","-","-","-","-","-","-","-","-","-","-","-","-","-","-","-","-","-","-","-","-","-","-","-","-","-","-","-","-","-","-","-","-","-","-","-","-","-","-","-","-","-","-","-","-","-","-","-","-","-","-","-","-","-","-","-","-","-","-","-","-",16,"-","-","-",Info,656,660,"{a68ca8b7-004f-d7b6-a698-07e2de0f1f5d}","Microsoft-Windows-Kernel-General",1142,None,"NT AUTHORITY","S-1-5-18",SYSTEM,User,"-"
"Oct 9, 2022 @ 03:43:16.868",OGDYuoMBv7QqA8hY9A17,".ds-winlogbeat-8.4.2-2022.09.27-000001","-","cf3699d7-5cb1-463f-a85f-a07c0632c54a","DESKTOP-STCA0K7","b5f6a7eb-024c-49d7-a722-2c9d1ee679a8","DESKTOP-STCA0K7",winlogbeat,"8.4.2","1.12.0","logged-in",authentication,4624,"Oct 9, 2022 @ 03:45:30.935","Oct 9, 2022 @ 03:45:24.081",event,security,success,"Microsoft-Windows-Security-Auditing",start,"x86_64","DESKTOP-STCA0K7","3a59bcc1-dab3-4fea-87c6-2dbb28db6023","fe80::d09e:33bc:93fc:2ba7, 10.0.2.15, fe80::bd6f:3885:d011:5ab0, 192.168.50.7","08:00:27:7c:f3:ae, 08:00:27:e4:bd:9d","DESKTOP-STCA0K7","19044.1889",windows,"10.0.19041.1889 (WinBuild.160101.0800)","Windows 10 Enterprise Evaluation","Windows 10 Enterprise Evaluation",windows,windows,"10.0",information,"An account was successfully logged on.

Subject:
	Security ID:		S-1-5-18
	Account Name:		DESKTOP-STCA0K7$
	Account Domain:		WORKGROUP
	Logon ID:		0x3E7

Logon Information:
	Logon Type:		5
	Restricted Admin Mode:	-
	Virtual Account:		No
	Elevated Token:		Yes

Impersonation Level:		Impersonation

New Logon:
	Security ID:		S-1-5-20
	Account Name:		NETWORK SERVICE
	Account Domain:		NT AUTHORITY
	Logon ID:		0x3E4
	Linked Logon ID:		0x0
	Network Account Name:	-
	Network Account Domain:	-
	Logon GUID:		{00000000-0000-0000-0000-000000000000}

Process Information:
	Process ID:		0x290
	Process Name:		C:\Windows\System32\services.exe

Network Information:
	Workstation Name:	-
	Source Network Address:	-
	Source Port:		-

Detailed Authentication Information:
	Logon Process:		Advapi  
	Authentication Package:	Negotiate
	Transited Services:	-
	Package Name (NTLM only):	-
	Key Length:		0

This event is generated when a logon session is created. It is generated on the computer that was accessed.

The subject fields indicate the account on the local system which requested the logon. This is most commonly a service such as the Server service, or a local process such as Winlogon.exe or Services.exe.

The logon type field indicates the kind of logon that occurred. The most common types are 2 (interactive) and 3 (network).

The New Logon fields indicate the account for whom the new logon was created, i.e. the account that was logged on.

The network fields indicate where a remote logon request originated. Workstation name is not always available and may be left blank in some cases.

The impersonation level field indicates the extent to which a process in the logon session can impersonate.

The authentication information fields provide detailed information about this specific logon request.
	- Logon GUID is a unique identifier that can be used to correlate this event with a KDC event.
	- Transited services indicate which intermediate services have participated in this logon request.
	- Package name indicates which sub-protocol was used among the NTLM protocols.
	- Key length indicates the length of the generated session key. This will be 0 if no session key was requested.","C:\Windows\System32\services.exe","C:\Windows\System32\services.exe","services.exe","services.exe","-","-","-","-","-",656,"NETWORK SERVICE, DESKTOP-STCA0K7$","-","NT AUTHORITY","-","-","-","-","S-1-5-20","NETWORK SERVICE","NETWORK SERVICE","{3235c46a-db91-0000-adc4-353291dbd801}",wineventlog,Security,"DESKTOP-STCA0K7","-",Negotiate,"-","-","-","-","-","-","-","-","-","-","-","-","-","-","-","-","-","-","-","-","-","-","-","-","-","%%1842","-","-","-","-","-","-","-","-","-","-","-","-","-","-","-","%%1833","-","-","-","-",0,"-","-","-","-","-","-","{00000000-0000-0000-0000-000000000000}","Advapi  ",5,"-","-","-","-","-","-","-","-","-","-","-","-","-","-","-","-","-","-","-","-","-","-","-","-","-","-",WORKGROUP,0x3e7,"DESKTOP-STCA0K7$","S-1-5-18","NT AUTHORITY","-",0x0,"-",0x3e4,"-","-","-","-","-","NETWORK SERVICE","S-1-5-20","-","-","-","-","-","%%1843","-","-","-","-","-","-","-","-","-",4624,"Audit Success",0x3e7,Service,Info,664,720,"{54849625-5478-4994-a5ba-3e3b0328c30d}","Microsoft-Windows-Security-Auditing",17843,Logon,"-","-","-","-",2
"Oct 9, 2022 @ 03:43:16.868",OWDYuoMBv7QqA8hY9A17,".ds-winlogbeat-8.4.2-2022.09.27-000001","-","cf3699d7-5cb1-463f-a85f-a07c0632c54a","DESKTOP-STCA0K7","b5f6a7eb-024c-49d7-a722-2c9d1ee679a8","DESKTOP-STCA0K7",winlogbeat,"8.4.2","1.12.0","logged-in-special",iam,4672,"Oct 9, 2022 @ 03:45:30.935","Oct 9, 2022 @ 03:45:24.081",event,security,success,"Microsoft-Windows-Security-Auditing",admin,"x86_64","DESKTOP-STCA0K7","3a59bcc1-dab3-4fea-87c6-2dbb28db6023","fe80::d09e:33bc:93fc:2ba7, 10.0.2.15, fe80::bd6f:3885:d011:5ab0, 192.168.50.7","08:00:27:7c:f3:ae, 08:00:27:e4:bd:9d","DESKTOP-STCA0K7","19044.1889",windows,"10.0.19041.1889 (WinBuild.160101.0800)","Windows 10 Enterprise Evaluation","Windows 10 Enterprise Evaluation",windows,windows,"10.0",information,"Special privileges assigned to new logon.

Subject:
	Security ID:		S-1-5-20
	Account Name:		NETWORK SERVICE
	Account Domain:		NT AUTHORITY
	Logon ID:		0x3E4

Privileges:		SeAssignPrimaryTokenPrivilege
			SeAuditPrivilege
			SeImpersonatePrivilege","-","-","-","-","-","-","-","-","-","-","NETWORK SERVICE","-","NT AUTHORITY","-","-","-","-","S-1-5-20","NETWORK SERVICE","NETWORK SERVICE","{3235c46a-db91-0000-adc4-353291dbd801}",wineventlog,Security,"DESKTOP-STCA0K7","-","-","-","-","-","-","-","-","-","-","-","-","-","-","-","-","-","-","-","-","-","-","-","-","-","-","-","-","-","-","-","-","-","-","-","-","-","-","-","-","-","-","-","-","-","-","-","-","-","-","-","-","-","-","-","-","-","-","-","-","-","-","-","-","-","-","-","-","-","-","-","SeAssignPrimaryTokenPrivilege, SeAuditPrivilege, SeImpersonatePrivilege","-","-","-","-","-","-","-","-","-","-","-","-","NT AUTHORITY",0x3e4,"NETWORK SERVICE","S-1-5-20","-","-","-","-","-","-","-","-","-","-","-","-","-","-","-","-","-","-","-","-","-","-","-","-","-","-","-",4672,"Audit Success",0x3e4,"-",Info,664,720,"{54849625-5478-4994-a5ba-3e3b0328c30d}","Microsoft-Windows-Security-Auditing",17844,"Special Logon","-","-","-","-","-"
"Oct 9, 2022 @ 03:43:16.689",NGDYuoMBv7QqA8hY9A17,".ds-winlogbeat-8.4.2-2022.09.27-000001","-","cf3699d7-5cb1-463f-a85f-a07c0632c54a","DESKTOP-STCA0K7","b5f6a7eb-024c-49d7-a722-2c9d1ee679a8","DESKTOP-STCA0K7",winlogbeat,"8.4.2","1.12.0","logged-in-explicit",authentication,4648,"Oct 9, 2022 @ 03:45:30.932","Oct 9, 2022 @ 03:45:24.077",event,security,success,"Microsoft-Windows-Security-Auditing",start,"x86_64","DESKTOP-STCA0K7","3a59bcc1-dab3-4fea-87c6-2dbb28db6023","fe80::d09e:33bc:93fc:2ba7, 10.0.2.15, fe80::bd6f:3885:d011:5ab0, 192.168.50.7","08:00:27:7c:f3:ae, 08:00:27:e4:bd:9d","DESKTOP-STCA0K7","19044.1889",windows,"10.0.19041.1889 (WinBuild.160101.0800)","Windows 10 Enterprise Evaluation","Windows 10 Enterprise Evaluation",windows,windows,"10.0",information,"A logon was attempted using explicit credentials.

Subject:
	Security ID:		S-1-5-18
	Account Name:		DESKTOP-STCA0K7$
	Account Domain:		WORKGROUP
	Logon ID:		0x3E7
	Logon GUID:		{00000000-0000-0000-0000-000000000000}

Account Whose Credentials Were Used:
	Account Name:		UMFD-0
	Account Domain:		Font Driver Host
	Logon GUID:		{00000000-0000-0000-0000-000000000000}

Target Server:
	Target Server Name:	localhost
	Additional Information:	localhost

Process Information:
	Process ID:		0x20c
	Process Name:		C:\Windows\System32\wininit.exe

Network Information:
	Network Address:	-
	Port:			-

This event is generated when a process attempts to log on an account by explicitly specifying that accounts credentials.  This most commonly occurs in batch-type configurations such as scheduled tasks, or when using the RUNAS command.","C:\Windows\System32\wininit.exe","C:\Windows\System32\wininit.exe","wininit.exe","wininit.exe","-","-","-","-","-",524,"UMFD-0, DESKTOP-STCA0K7$","-",WORKGROUP,"Font Driver Host","-","UMFD-0","UMFD-0","S-1-5-18","DESKTOP-STCA0K7$","DESKTOP-STCA0K7$","{3235c46a-db91-0000-adc4-353291dbd801}",wineventlog,Security,"DESKTOP-STCA0K7","-","-","-","-","-","-","-","-","-","-","-","-","-","-","-","-","-","-","-","-","-","-","-","-","-","-","-","-","-","-","-","-","-","-","-","-","-","-","-","-","-","-","-","-","-","-","-","-","-","-","-","-","-","-","-","{00000000-0000-0000-0000-000000000000}","-","-","-","-","-","-","-","-","-","-","-","-","-","-","-","-","-","-","-","-","-","-","-","-","-","-","-","-",WORKGROUP,0x3e7,"DESKTOP-STCA0K7$","S-1-5-18","Font Driver Host",localhost,"-","{00000000-0000-0000-0000-000000000000}","-","-","-","-","-",localhost,"UMFD-0","-","-","-","-","-","-","-","-","-","-","-","-","-","-","-","-",4648,"Audit Success",0x3e7,"-",Info,664,724,"{54849625-5478-4994-a5ba-3e3b0328c30d}","Microsoft-Windows-Security-Auditing",17839,Logon,"-","-","-","-","-"
"Oct 9, 2022 @ 03:43:16.689",NWDYuoMBv7QqA8hY9A17,".ds-winlogbeat-8.4.2-2022.09.27-000001","-","cf3699d7-5cb1-463f-a85f-a07c0632c54a","DESKTOP-STCA0K7","b5f6a7eb-024c-49d7-a722-2c9d1ee679a8","DESKTOP-STCA0K7",winlogbeat,"8.4.2","1.12.0","logged-in",authentication,4624,"Oct 9, 2022 @ 03:45:30.932","Oct 9, 2022 @ 03:45:24.079",event,security,success,"Microsoft-Windows-Security-Auditing",start,"x86_64","DESKTOP-STCA0K7","3a59bcc1-dab3-4fea-87c6-2dbb28db6023","fe80::d09e:33bc:93fc:2ba7, 10.0.2.15, fe80::bd6f:3885:d011:5ab0, 192.168.50.7","08:00:27:7c:f3:ae, 08:00:27:e4:bd:9d","DESKTOP-STCA0K7","19044.1889",windows,"10.0.19041.1889 (WinBuild.160101.0800)","Windows 10 Enterprise Evaluation","Windows 10 Enterprise Evaluation",windows,windows,"10.0",information,"An account was successfully logged on.

Subject:
	Security ID:		S-1-5-18
	Account Name:		DESKTOP-STCA0K7$
	Account Domain:		WORKGROUP
	Logon ID:		0x3E7

Logon Information:
	Logon Type:		2
	Restricted Admin Mode:	-
	Virtual Account:		Yes
	Elevated Token:		No

Impersonation Level:		Impersonation

New Logon:
	Security ID:		S-1-5-96-0-0
	Account Name:		UMFD-0
	Account Domain:		Font Driver Host
	Logon ID:		0x7616
	Linked Logon ID:		0x0
	Network Account Name:	-
	Network Account Domain:	-
	Logon GUID:		{00000000-0000-0000-0000-000000000000}

Process Information:
	Process ID:		0x20c
	Process Name:		C:\Windows\System32\wininit.exe

Network Information:
	Workstation Name:	-
	Source Network Address:	-
	Source Port:		-

Detailed Authentication Information:
	Logon Process:		Advapi  
	Authentication Package:	Negotiate
	Transited Services:	-
	Package Name (NTLM only):	-
	Key Length:		0

This event is generated when a logon session is created. It is generated on the computer that was accessed.

The subject fields indicate the account on the local system which requested the logon. This is most commonly a service such as the Server service, or a local process such as Winlogon.exe or Services.exe.

The logon type field indicates the kind of logon that occurred. The most common types are 2 (interactive) and 3 (network).

The New Logon fields indicate the account for whom the new logon was created, i.e. the account that was logged on.

The network fields indicate where a remote logon request originated. Workstation name is not always available and may be left blank in some cases.

The impersonation level field indicates the extent to which a process in the logon session can impersonate.

The authentication information fields provide detailed information about this specific logon request.
	- Logon GUID is a unique identifier that can be used to correlate this event with a KDC event.
	- Transited services indicate which intermediate services have participated in this logon request.
	- Package name indicates which sub-protocol was used among the NTLM protocols.
	- Key length indicates the length of the generated session key. This will be 0 if no session key was requested.","C:\Windows\System32\wininit.exe","C:\Windows\System32\wininit.exe","wininit.exe","wininit.exe","-","-","-","-","-",524,"UMFD-0, DESKTOP-STCA0K7$","-","Font Driver Host","-","-","-","-","S-1-5-96-0-0","UMFD-0","UMFD-0","{3235c46a-db91-0000-adc4-353291dbd801}",wineventlog,Security,"DESKTOP-STCA0K7","-",Negotiate,"-","-","-","-","-","-","-","-","-","-","-","-","-","-","-","-","-","-","-","-","-","-","-","-","-","%%1843","-","-","-","-","-","-","-","-","-","-","-","-","-","-","-","%%1833","-","-","-","-",0,"-","-","-","-","-","-","{00000000-0000-0000-0000-000000000000}","Advapi  ",2,"-","-","-","-","-","-","-","-","-","-","-","-","-","-","-","-","-","-","-","-","-","-","-","-","-","-",WORKGROUP,0x3e7,"DESKTOP-STCA0K7$","S-1-5-18","Font Driver Host","-",0x0,"-",0x7616,"-","-","-","-","-","UMFD-0","S-1-5-96-0-0","-","-","-","-","-","%%1842","-","-","-","-","-","-","-","-","-",4624,"Audit Success",0x3e7,Interactive,Info,664,724,"{54849625-5478-4994-a5ba-3e3b0328c30d}","Microsoft-Windows-Security-Auditing",17840,Logon,"-","-","-","-",2
"Oct 9, 2022 @ 03:43:16.689",NmDYuoMBv7QqA8hY9A17,".ds-winlogbeat-8.4.2-2022.09.27-000001","-","cf3699d7-5cb1-463f-a85f-a07c0632c54a","DESKTOP-STCA0K7","b5f6a7eb-024c-49d7-a722-2c9d1ee679a8","DESKTOP-STCA0K7",winlogbeat,"8.4.2","1.12.0","logged-in-explicit",authentication,4648,"Oct 9, 2022 @ 03:45:30.932","Oct 9, 2022 @ 03:45:24.079",event,security,success,"Microsoft-Windows-Security-Auditing",start,"x86_64","DESKTOP-STCA0K7","3a59bcc1-dab3-4fea-87c6-2dbb28db6023","fe80::d09e:33bc:93fc:2ba7, 10.0.2.15, fe80::bd6f:3885:d011:5ab0, 192.168.50.7","08:00:27:7c:f3:ae, 08:00:27:e4:bd:9d","DESKTOP-STCA0K7","19044.1889",windows,"10.0.19041.1889 (WinBuild.160101.0800)","Windows 10 Enterprise Evaluation","Windows 10 Enterprise Evaluation",windows,windows,"10.0",information,"A logon was attempted using explicit credentials.

Subject:
	Security ID:		S-1-5-18
	Account Name:		DESKTOP-STCA0K7$
	Account Domain:		WORKGROUP
	Logon ID:		0x3E7
	Logon GUID:		{00000000-0000-0000-0000-000000000000}

Account Whose Credentials Were Used:
	Account Name:		UMFD-1
	Account Domain:		Font Driver Host
	Logon GUID:		{00000000-0000-0000-0000-000000000000}

Target Server:
	Target Server Name:	localhost
	Additional Information:	localhost

Process Information:
	Process ID:		0x24c
	Process Name:		C:\Windows\System32\winlogon.exe

Network Information:
	Network Address:	-
	Port:			-

This event is generated when a process attempts to log on an account by explicitly specifying that accounts credentials.  This most commonly occurs in batch-type configurations such as scheduled tasks, or when using the RUNAS command.","C:\Windows\System32\winlogon.exe","C:\Windows\System32\winlogon.exe","winlogon.exe","winlogon.exe","-","-","-","-","-",588,"UMFD-1, DESKTOP-STCA0K7$","-",WORKGROUP,"Font Driver Host","-","UMFD-1","UMFD-1","S-1-5-18","DESKTOP-STCA0K7$","DESKTOP-STCA0K7$","{3235c46a-db91-0000-adc4-353291dbd801}",wineventlog,Security,"DESKTOP-STCA0K7","-","-","-","-","-","-","-","-","-","-","-","-","-","-","-","-","-","-","-","-","-","-","-","-","-","-","-","-","-","-","-","-","-","-","-","-","-","-","-","-","-","-","-","-","-","-","-","-","-","-","-","-","-","-","-","{00000000-0000-0000-0000-000000000000}","-","-","-","-","-","-","-","-","-","-","-","-","-","-","-","-","-","-","-","-","-","-","-","-","-","-","-","-",WORKGROUP,0x3e7,"DESKTOP-STCA0K7$","S-1-5-18","Font Driver Host",localhost,"-","{00000000-0000-0000-0000-000000000000}","-","-","-","-","-",localhost,"UMFD-1","-","-","-","-","-","-","-","-","-","-","-","-","-","-","-","-",4648,"Audit Success",0x3e7,"-",Info,664,724,"{54849625-5478-4994-a5ba-3e3b0328c30d}","Microsoft-Windows-Security-Auditing",17841,Logon,"-","-","-","-","-"
"Oct 9, 2022 @ 03:43:16.689",N2DYuoMBv7QqA8hY9A17,".ds-winlogbeat-8.4.2-2022.09.27-000001","-","cf3699d7-5cb1-463f-a85f-a07c0632c54a","DESKTOP-STCA0K7","b5f6a7eb-024c-49d7-a722-2c9d1ee679a8","DESKTOP-STCA0K7",winlogbeat,"8.4.2","1.12.0","logged-in",authentication,4624,"Oct 9, 2022 @ 03:45:30.932","Oct 9, 2022 @ 03:45:24.080",event,security,success,"Microsoft-Windows-Security-Auditing",start,"x86_64","DESKTOP-STCA0K7","3a59bcc1-dab3-4fea-87c6-2dbb28db6023","fe80::d09e:33bc:93fc:2ba7, 10.0.2.15, fe80::bd6f:3885:d011:5ab0, 192.168.50.7","08:00:27:7c:f3:ae, 08:00:27:e4:bd:9d","DESKTOP-STCA0K7","19044.1889",windows,"10.0.19041.1889 (WinBuild.160101.0800)","Windows 10 Enterprise Evaluation","Windows 10 Enterprise Evaluation",windows,windows,"10.0",information,"An account was successfully logged on.

Subject:
	Security ID:		S-1-5-18
	Account Name:		DESKTOP-STCA0K7$
	Account Domain:		WORKGROUP
	Logon ID:		0x3E7

Logon Information:
	Logon Type:		2
	Restricted Admin Mode:	-
	Virtual Account:		Yes
	Elevated Token:		No

Impersonation Level:		Impersonation

New Logon:
	Security ID:		S-1-5-96-0-1
	Account Name:		UMFD-1
	Account Domain:		Font Driver Host
	Logon ID:		0x7635
	Linked Logon ID:		0x0
	Network Account Name:	-
	Network Account Domain:	-
	Logon GUID:		{00000000-0000-0000-0000-000000000000}

Process Information:
	Process ID:		0x24c
	Process Name:		C:\Windows\System32\winlogon.exe

Network Information:
	Workstation Name:	-
	Source Network Address:	-
	Source Port:		-

Detailed Authentication Information:
	Logon Process:		Advapi  
	Authentication Package:	Negotiate
	Transited Services:	-
	Package Name (NTLM only):	-
	Key Length:		0

This event is generated when a logon session is created. It is generated on the computer that was accessed.

The subject fields indicate the account on the local system which requested the logon. This is most commonly a service such as the Server service, or a local process such as Winlogon.exe or Services.exe.

The logon type field indicates the kind of logon that occurred. The most common types are 2 (interactive) and 3 (network).

The New Logon fields indicate the account for whom the new logon was created, i.e. the account that was logged on.

The network fields indicate where a remote logon request originated. Workstation name is not always available and may be left blank in some cases.

The impersonation level field indicates the extent to which a process in the logon session can impersonate.

The authentication information fields provide detailed information about this specific logon request.
	- Logon GUID is a unique identifier that can be used to correlate this event with a KDC event.
	- Transited services indicate which intermediate services have participated in this logon request.
	- Package name indicates which sub-protocol was used among the NTLM protocols.
	- Key length indicates the length of the generated session key. This will be 0 if no session key was requested.","C:\Windows\System32\winlogon.exe","C:\Windows\System32\winlogon.exe","winlogon.exe","winlogon.exe","-","-","-","-","-",588,"UMFD-1, DESKTOP-STCA0K7$","-","Font Driver Host","-","-","-","-","S-1-5-96-0-1","UMFD-1","UMFD-1","{3235c46a-db91-0000-adc4-353291dbd801}",wineventlog,Security,"DESKTOP-STCA0K7","-",Negotiate,"-","-","-","-","-","-","-","-","-","-","-","-","-","-","-","-","-","-","-","-","-","-","-","-","-","%%1843","-","-","-","-","-","-","-","-","-","-","-","-","-","-","-","%%1833","-","-","-","-",0,"-","-","-","-","-","-","{00000000-0000-0000-0000-000000000000}","Advapi  ",2,"-","-","-","-","-","-","-","-","-","-","-","-","-","-","-","-","-","-","-","-","-","-","-","-","-","-",WORKGROUP,0x3e7,"DESKTOP-STCA0K7$","S-1-5-18","Font Driver Host","-",0x0,"-",0x7635,"-","-","-","-","-","UMFD-1","S-1-5-96-0-1","-","-","-","-","-","%%1842","-","-","-","-","-","-","-","-","-",4624,"Audit Success",0x3e7,Interactive,Info,664,724,"{54849625-5478-4994-a5ba-3e3b0328c30d}","Microsoft-Windows-Security-Auditing",17842,Logon,"-","-","-","-",2
"Oct 9, 2022 @ 03:43:16.686",MmDYuoMBv7QqA8hY9A17,".ds-winlogbeat-8.4.2-2022.09.27-000001","-","cf3699d7-5cb1-463f-a85f-a07c0632c54a","DESKTOP-STCA0K7","b5f6a7eb-024c-49d7-a722-2c9d1ee679a8","DESKTOP-STCA0K7",winlogbeat,"8.4.2","1.12.0","logged-in",authentication,4624,"Oct 9, 2022 @ 03:45:30.932","Oct 9, 2022 @ 03:45:24.076",event,security,success,"Microsoft-Windows-Security-Auditing",start,"x86_64","DESKTOP-STCA0K7","3a59bcc1-dab3-4fea-87c6-2dbb28db6023","fe80::d09e:33bc:93fc:2ba7, 10.0.2.15, fe80::bd6f:3885:d011:5ab0, 192.168.50.7","08:00:27:7c:f3:ae, 08:00:27:e4:bd:9d","DESKTOP-STCA0K7","19044.1889",windows,"10.0.19041.1889 (WinBuild.160101.0800)","Windows 10 Enterprise Evaluation","Windows 10 Enterprise Evaluation",windows,windows,"10.0",information,"An account was successfully logged on.

Subject:
	Security ID:		S-1-5-18
	Account Name:		DESKTOP-STCA0K7$
	Account Domain:		WORKGROUP
	Logon ID:		0x3E7

Logon Information:
	Logon Type:		5
	Restricted Admin Mode:	-
	Virtual Account:		No
	Elevated Token:		Yes

Impersonation Level:		Impersonation

New Logon:
	Security ID:		S-1-5-18
	Account Name:		SYSTEM
	Account Domain:		NT AUTHORITY
	Logon ID:		0x3E7
	Linked Logon ID:		0x0
	Network Account Name:	-
	Network Account Domain:	-
	Logon GUID:		{00000000-0000-0000-0000-000000000000}

Process Information:
	Process ID:		0x290
	Process Name:		C:\Windows\System32\services.exe

Network Information:
	Workstation Name:	-
	Source Network Address:	-
	Source Port:		-

Detailed Authentication Information:
	Logon Process:		Advapi  
	Authentication Package:	Negotiate
	Transited Services:	-
	Package Name (NTLM only):	-
	Key Length:		0

This event is generated when a logon session is created. It is generated on the computer that was accessed.

The subject fields indicate the account on the local system which requested the logon. This is most commonly a service such as the Server service, or a local process such as Winlogon.exe or Services.exe.

The logon type field indicates the kind of logon that occurred. The most common types are 2 (interactive) and 3 (network).

The New Logon fields indicate the account for whom the new logon was created, i.e. the account that was logged on.

The network fields indicate where a remote logon request originated. Workstation name is not always available and may be left blank in some cases.

The impersonation level field indicates the extent to which a process in the logon session can impersonate.

The authentication information fields provide detailed information about this specific logon request.
	- Logon GUID is a unique identifier that can be used to correlate this event with a KDC event.
	- Transited services indicate which intermediate services have participated in this logon request.
	- Package name indicates which sub-protocol was used among the NTLM protocols.
	- Key length indicates the length of the generated session key. This will be 0 if no session key was requested.","C:\Windows\System32\services.exe","C:\Windows\System32\services.exe","services.exe","services.exe","-","-","-","-","-",656,"SYSTEM, DESKTOP-STCA0K7$","-","NT AUTHORITY","-","-","-","-","S-1-5-18",SYSTEM,SYSTEM,"{3235c46a-db91-0000-adc4-353291dbd801}",wineventlog,Security,"DESKTOP-STCA0K7","-",Negotiate,"-","-","-","-","-","-","-","-","-","-","-","-","-","-","-","-","-","-","-","-","-","-","-","-","-","%%1842","-","-","-","-","-","-","-","-","-","-","-","-","-","-","-","%%1833","-","-","-","-",0,"-","-","-","-","-","-","{00000000-0000-0000-0000-000000000000}","Advapi  ",5,"-","-","-","-","-","-","-","-","-","-","-","-","-","-","-","-","-","-","-","-","-","-","-","-","-","-",WORKGROUP,0x3e7,"DESKTOP-STCA0K7$","S-1-5-18","NT AUTHORITY","-",0x0,"-",0x3e7,"-","-","-","-","-",SYSTEM,"S-1-5-18","-","-","-","-","-","%%1843","-","-","-","-","-","-","-","-","-",4624,"Audit Success",0x3e7,Service,Info,664,720,"{54849625-5478-4994-a5ba-3e3b0328c30d}","Microsoft-Windows-Security-Auditing",17837,Logon,"-","-","-","-",2
"Oct 9, 2022 @ 03:43:16.686",M2DYuoMBv7QqA8hY9A17,".ds-winlogbeat-8.4.2-2022.09.27-000001","-","cf3699d7-5cb1-463f-a85f-a07c0632c54a","DESKTOP-STCA0K7","b5f6a7eb-024c-49d7-a722-2c9d1ee679a8","DESKTOP-STCA0K7",winlogbeat,"8.4.2","1.12.0","logged-in-special",iam,4672,"Oct 9, 2022 @ 03:45:30.932","Oct 9, 2022 @ 03:45:24.077",event,security,success,"Microsoft-Windows-Security-Auditing",admin,"x86_64","DESKTOP-STCA0K7","3a59bcc1-dab3-4fea-87c6-2dbb28db6023","fe80::d09e:33bc:93fc:2ba7, 10.0.2.15, fe80::bd6f:3885:d011:5ab0, 192.168.50.7","08:00:27:7c:f3:ae, 08:00:27:e4:bd:9d","DESKTOP-STCA0K7","19044.1889",windows,"10.0.19041.1889 (WinBuild.160101.0800)","Windows 10 Enterprise Evaluation","Windows 10 Enterprise Evaluation",windows,windows,"10.0",information,"Special privileges assigned to new logon.

Subject:
	Security ID:		S-1-5-18
	Account Name:		SYSTEM
	Account Domain:		NT AUTHORITY
	Logon ID:		0x3E7

Privileges:		SeAssignPrimaryTokenPrivilege
			SeTcbPrivilege
			SeSecurityPrivilege
			SeTakeOwnershipPrivilege
			SeLoadDriverPrivilege
			SeBackupPrivilege
			SeRestorePrivilege
			SeDebugPrivilege
			SeAuditPrivilege
			SeSystemEnvironmentPrivilege
			SeImpersonatePrivilege
			SeDelegateSessionUserImpersonatePrivilege","-","-","-","-","-","-","-","-","-","-",SYSTEM,"-","NT AUTHORITY","-","-","-","-","S-1-5-18",SYSTEM,SYSTEM,"{3235c46a-db91-0000-adc4-353291dbd801}",wineventlog,Security,"DESKTOP-STCA0K7","-","-","-","-","-","-","-","-","-","-","-","-","-","-","-","-","-","-","-","-","-","-","-","-","-","-","-","-","-","-","-","-","-","-","-","-","-","-","-","-","-","-","-","-","-","-","-","-","-","-","-","-","-","-","-","-","-","-","-","-","-","-","-","-","-","-","-","-","-","-","-","SeAssignPrimaryTokenPrivilege, SeTcbPrivilege, SeSecurityPrivilege, SeTakeOwnershipPrivilege, SeLoadDriverPrivilege, SeBackupPrivilege, SeRestorePrivilege, SeDebugPrivilege, SeAuditPrivilege, SeSystemEnvironmentPrivilege, SeImpersonatePrivilege, SeDelegateSessionUserImpersonatePrivilege","-","-","-","-","-","-","-","-","-","-","-","-","NT AUTHORITY",0x3e7,SYSTEM,"S-1-5-18","-","-","-","-","-","-","-","-","-","-","-","-","-","-","-","-","-","-","-","-","-","-","-","-","-","-","-",4672,"Audit Success",0x3e7,"-",Info,664,720,"{54849625-5478-4994-a5ba-3e3b0328c30d}","Microsoft-Windows-Security-Auditing",17838,"Special Logon","-","-","-","-","-"
"Oct 9, 2022 @ 03:43:16.678","RGDYuoMBv7QqA8hY-Q6I",".ds-winlogbeat-8.4.2-2022.09.27-000001","-","cf3699d7-5cb1-463f-a85f-a07c0632c54a","DESKTOP-STCA0K7","b5f6a7eb-024c-49d7-a722-2c9d1ee679a8","DESKTOP-STCA0K7",winlogbeat,"8.4.2","8.0.0",None,"-",16977,"Oct 9, 2022 @ 03:45:31.877","Oct 9, 2022 @ 03:45:25.383",event,"-","-","Microsoft-Windows-Directory-Services-SAM","-","x86_64","DESKTOP-STCA0K7","3a59bcc1-dab3-4fea-87c6-2dbb28db6023","fe80::d09e:33bc:93fc:2ba7, 10.0.2.15, fe80::bd6f:3885:d011:5ab0, 192.168.50.7","08:00:27:7c:f3:ae, 08:00:27:e4:bd:9d","DESKTOP-STCA0K7","19044.1889",windows,"10.0.19041.1889 (WinBuild.160101.0800)","Windows 10 Enterprise Evaluation","Windows 10 Enterprise Evaluation",windows,windows,"10.0",information,"The domain is configured with the following minimum password length-related settings.

MinimumPasswordLength: 0

RelaxMinimumPasswordLengthLimits: 0

MinimumPasswordLengthAudit: -1

For more information see https://go.microsoft.com/fwlink/?LinkId=2097191.","-","-","-","-","-","-","-","-","-","-","-","-","-","-","-","-","-","-","-","-","{3235c46a-db91-0000-adc4-353291dbd801}",wineventlog,System,"DESKTOP-STCA0K7","-","-","-","-","-","-","-","-","-","-","-","-","-","-","-","-","-","-","-","-","-","-","-","-","-","-","-","-","-","-","-","-","-","-","-","-","-","-","-","-","-","-","-","-","-","-","-","-","-","-","-","-","-","-","-","-","-","-","-","-","-",0,"-1","-","-","-","-","-","-","-","-","-","-","-","-","-","-",0,"-","-","-","-","-","-","-","-","-","-","-","-","-","-","-","-","-","-","-","-","-","-","-","-","-","-","-","-","-","-","-","-","-","-","-","-","-",16977,"-","-","-",Info,664,668,"{0d4fdc09-8c27-494a-bda0-505e4fd8adae}","Microsoft-Windows-Directory-Services-SAM",1140,None,"NT AUTHORITY","S-1-5-18",SYSTEM,User,"-"
"Oct 9, 2022 @ 03:43:16.678","RWDYuoMBv7QqA8hY-Q6I",".ds-winlogbeat-8.4.2-2022.09.27-000001","-","cf3699d7-5cb1-463f-a85f-a07c0632c54a","DESKTOP-STCA0K7","b5f6a7eb-024c-49d7-a722-2c9d1ee679a8","DESKTOP-STCA0K7",winlogbeat,"8.4.2","8.0.0",None,"-",16983,"Oct 9, 2022 @ 03:45:31.877","Oct 9, 2022 @ 03:45:25.383",event,"-","-","Microsoft-Windows-Directory-Services-SAM","-","x86_64","DESKTOP-STCA0K7","3a59bcc1-dab3-4fea-87c6-2dbb28db6023","fe80::d09e:33bc:93fc:2ba7, 10.0.2.15, fe80::bd6f:3885:d011:5ab0, 192.168.50.7","08:00:27:7c:f3:ae, 08:00:27:e4:bd:9d","DESKTOP-STCA0K7","19044.1889",windows,"10.0.19041.1889 (WinBuild.160101.0800)","Windows 10 Enterprise Evaluation","Windows 10 Enterprise Evaluation",windows,windows,"10.0",information,"The security account manager is now logging periodic summary events for remote clients that call legacy password change or set RPC methods.

For more information please see https://go.microsoft.com/fwlink/?linkid=2150956.","-","-","-","-","-","-","-","-","-","-","-","-","-","-","-","-","-","-","-","-","{3235c46a-db91-0000-adc4-353291dbd801}",wineventlog,System,"DESKTOP-STCA0K7","-","-","-","-","-","-","-","-","-","-","-","-","-","-","-","-","-","-","-","-","-","-","-","-","-","-","-","-","-","-","-","-","-","-","-","-","-","-","-","-","-","-","-","-","-","-","-","-","-","-","-","-","-","-","-","-","-","-","-","-","-","-","-","-","-","-","-","-","-","-","-","-","-","-","-","-","-","-","-","-","-","-","-","-","-","-","-","-","-","-","-","-","-","-","-","-","-","-","-","-","-","-","-","-","-","-","-","-","-","-","-","-","-","-","-",16983,"-","-","-",Info,664,668,"{0d4fdc09-8c27-494a-bda0-505e4fd8adae}","Microsoft-Windows-Directory-Services-SAM",1141,None,"NT AUTHORITY","S-1-5-18",SYSTEM,User,"-"
"Oct 9, 2022 @ 03:43:16.670","Q2DYuoMBv7QqA8hY-Q6I",".ds-winlogbeat-8.4.2-2022.09.27-000001","-","cf3699d7-5cb1-463f-a85f-a07c0632c54a","DESKTOP-STCA0K7","b5f6a7eb-024c-49d7-a722-2c9d1ee679a8","DESKTOP-STCA0K7",winlogbeat,"8.4.2","8.0.0",None,"-",16,"Oct 9, 2022 @ 03:45:31.877","Oct 9, 2022 @ 03:45:25.383",event,"-","-","Microsoft-Windows-Kernel-General","-","x86_64","DESKTOP-STCA0K7","3a59bcc1-dab3-4fea-87c6-2dbb28db6023","fe80::d09e:33bc:93fc:2ba7, 10.0.2.15, fe80::bd6f:3885:d011:5ab0, 192.168.50.7","08:00:27:7c:f3:ae, 08:00:27:e4:bd:9d","DESKTOP-STCA0K7","19044.1889",windows,"10.0.19041.1889 (WinBuild.160101.0800)","Windows 10 Enterprise Evaluation","Windows 10 Enterprise Evaluation",windows,windows,"10.0",information,"The access history in hive \SystemRoot\System32\Config\SAM was cleared updating 67 keys and creating 6 modified pages.","-","-","-","-","-","-","-","-","-","-","-","-","-","-","-","-","-","-","-","-","-",wineventlog,System,"DESKTOP-STCA0K7","-","-","-","-","-","-","-","-","-","-","-","-","-","-","-","-","-","-","-","-","-","-",6,"-","-","-","-","-","-","-","-","-","-","-","-","-","\SystemRoot\System32\Config\SAM",31,"-","-","-","-","-","-","-","-","-","-","-",67,"-","-","-","-","-","-","-","-","-","-","-","-","-","-","-","-","-","-","-","-","-","-","-","-","-","-","-","-","-","-","-","-","-","-","-","-","-","-","-","-","-","-","-","-","-","-","-","-","-","-","-","-","-","-","-","-","-","-","-","-","-","-","-","-","-",16,"-","-","-",Info,92,412,"{a68ca8b7-004f-d7b6-a698-07e2de0f1f5d}","Microsoft-Windows-Kernel-General",1139,None,"NT AUTHORITY","S-1-5-18",SYSTEM,User,"-"
"Oct 9, 2022 @ 03:43:16.666","QmDYuoMBv7QqA8hY-Q6I",".ds-winlogbeat-8.4.2-2022.09.27-000001","-","cf3699d7-5cb1-463f-a85f-a07c0632c54a","DESKTOP-STCA0K7","b5f6a7eb-024c-49d7-a722-2c9d1ee679a8","DESKTOP-STCA0K7",winlogbeat,"8.4.2","8.0.0",None,"-",16962,"Oct 9, 2022 @ 03:45:31.877","Oct 9, 2022 @ 03:45:25.383",event,"-","-","Microsoft-Windows-Directory-Services-SAM","-","x86_64","DESKTOP-STCA0K7","3a59bcc1-dab3-4fea-87c6-2dbb28db6023","fe80::d09e:33bc:93fc:2ba7, 10.0.2.15, fe80::bd6f:3885:d011:5ab0, 192.168.50.7","08:00:27:7c:f3:ae, 08:00:27:e4:bd:9d","DESKTOP-STCA0K7","19044.1889",windows,"10.0.19041.1889 (WinBuild.160101.0800)","Windows 10 Enterprise Evaluation","Windows 10 Enterprise Evaluation",windows,windows,"10.0",information,"Remote calls to the SAM database are being restricted using the default security descriptor: O:SYG:SYD:(A;;RC;;;BA).
For more information please see http://go.microsoft.com/fwlink/?LinkId=787651.","-","-","-","-","-","-","-","-","-","-","-","-","-","-","-","-","-","-","-","-","{3235c46a-db91-0000-adc4-353291dbd801}",wineventlog,System,"DESKTOP-STCA0K7","-","-","-","-","-","-","-","-","-","-","-","-","-","-","-","-","O:SYG:SYD:(A;;RC;;;BA)","-","-","-","-","-","-","-","-","-","-","-","-","-","-","-","-","-","-","-","-","-","-","-","-","-","-","-","-","-","-","-","-","-","-","-","-","-","-","-","-","-","-","-","-","-","-","-","-","-","-","-","-","-","-","-","-","-","-","-","-","-","-","-","-","-","-","-","-","-","-","-","-","-","-","-","-","-","-","-","-","-","-","-","-","-","-","-","-","-","-","-","-","-","-","-","-","-","-",16962,"-","-","-",Info,664,668,"{0d4fdc09-8c27-494a-bda0-505e4fd8adae}","Microsoft-Windows-Directory-Services-SAM",1138,None,"NT AUTHORITY","S-1-5-18",SYSTEM,User,"-"
"Oct 9, 2022 @ 03:43:16.662",MWDYuoMBv7QqA8hY9A17,".ds-winlogbeat-8.4.2-2022.09.27-000001","-","cf3699d7-5cb1-463f-a85f-a07c0632c54a","DESKTOP-STCA0K7","b5f6a7eb-024c-49d7-a722-2c9d1ee679a8","DESKTOP-STCA0K7",winlogbeat,"8.4.2","1.12.0","user-audit-policy-created","iam, configuration",4902,"Oct 9, 2022 @ 03:45:30.932","Oct 9, 2022 @ 03:45:24.076",event,security,success,"Microsoft-Windows-Security-Auditing","admin, creation","x86_64","DESKTOP-STCA0K7","3a59bcc1-dab3-4fea-87c6-2dbb28db6023","fe80::d09e:33bc:93fc:2ba7, 10.0.2.15, fe80::bd6f:3885:d011:5ab0, 192.168.50.7","08:00:27:7c:f3:ae, 08:00:27:e4:bd:9d","DESKTOP-STCA0K7","19044.1889",windows,"10.0.19041.1889 (WinBuild.160101.0800)","Windows 10 Enterprise Evaluation","Windows 10 Enterprise Evaluation",windows,windows,"10.0",information,"The Per-user audit policy table was created.

Number of Elements:	0
Policy ID:	0x7397","-","-","-","-","-","-","-","-","-","-","-","-","-","-","-","-","-","-","-","-","-",wineventlog,Security,"DESKTOP-STCA0K7","-","-","-","-","-","-","-","-","-","-","-","-","-","-","-","-","-","-","-","-","-","-","-","-","-","-","-","-","-","-","-","-","-","-","-","-","-","-","-","-","-","-","-","-","-","-","-","-","-","-","-","-","-","-","-","-","-","-","-","-","-","-","-","-","-","-","-","-","-","-","-","-","-",0,0x7397,"-","-","-","-","-","-","-","-","-","-","-","-","-","-","-","-","-","-","-","-","-","-","-","-","-","-","-","-","-","-","-","-","-","-","-","-","-","-","-","-",4902,"Audit Success","-","-",Info,664,728,"{54849625-5478-4994-a5ba-3e3b0328c30d}","Microsoft-Windows-Security-Auditing",17836,"Audit Policy Change","-","-","-","-","-"
"Oct 9, 2022 @ 03:43:16.504",MGDYuoMBv7QqA8hY9A17,".ds-winlogbeat-8.4.2-2022.09.27-000001","-","cf3699d7-5cb1-463f-a85f-a07c0632c54a","DESKTOP-STCA0K7","b5f6a7eb-024c-49d7-a722-2c9d1ee679a8","DESKTOP-STCA0K7",winlogbeat,"8.4.2","1.12.0","logged-in",authentication,4624,"Oct 9, 2022 @ 03:45:30.932","Oct 9, 2022 @ 03:45:24.076",event,security,success,"Microsoft-Windows-Security-Auditing",start,"x86_64","DESKTOP-STCA0K7","3a59bcc1-dab3-4fea-87c6-2dbb28db6023","fe80::d09e:33bc:93fc:2ba7, 10.0.2.15, fe80::bd6f:3885:d011:5ab0, 192.168.50.7","08:00:27:7c:f3:ae, 08:00:27:e4:bd:9d","DESKTOP-STCA0K7","19044.1889",windows,"10.0.19041.1889 (WinBuild.160101.0800)","Windows 10 Enterprise Evaluation","Windows 10 Enterprise Evaluation",windows,windows,"10.0",information,"An account was successfully logged on.

Subject:
	Security ID:		S-1-0-0
	Account Name:		-
	Account Domain:		-
	Logon ID:		0x0

Logon Information:
	Logon Type:		0
	Restricted Admin Mode:	-
	Virtual Account:		No
	Elevated Token:		Yes

Impersonation Level:		-

New Logon:
	Security ID:		S-1-5-18
	Account Name:		SYSTEM
	Account Domain:		NT AUTHORITY
	Logon ID:		0x3E7
	Linked Logon ID:		0x0
	Network Account Name:	-
	Network Account Domain:	-
	Logon GUID:		{00000000-0000-0000-0000-000000000000}

Process Information:
	Process ID:		0x4
	Process Name:		

Network Information:
	Workstation Name:	-
	Source Network Address:	-
	Source Port:		-

Detailed Authentication Information:
	Logon Process:		-
	Authentication Package:	-
	Transited Services:	-
	Package Name (NTLM only):	-
	Key Length:		0

This event is generated when a logon session is created. It is generated on the computer that was accessed.

The subject fields indicate the account on the local system which requested the logon. This is most commonly a service such as the Server service, or a local process such as Winlogon.exe or Services.exe.

The logon type field indicates the kind of logon that occurred. The most common types are 2 (interactive) and 3 (network).

The New Logon fields indicate the account for whom the new logon was created, i.e. the account that was logged on.

The network fields indicate where a remote logon request originated. Workstation name is not always available and may be left blank in some cases.

The impersonation level field indicates the extent to which a process in the logon session can impersonate.

The authentication information fields provide detailed information about this specific logon request.
	- Logon GUID is a unique identifier that can be used to correlate this event with a KDC event.
	- Transited services indicate which intermediate services have participated in this logon request.
	- Package name indicates which sub-protocol was used among the NTLM protocols.
	- Key length indicates the length of the generated session key. This will be 0 if no session key was requested.","-","-","-","-","-","-","-","-","-",4,SYSTEM,"-","NT AUTHORITY","-","-","-","-","S-1-5-18",SYSTEM,SYSTEM,"-",wineventlog,Security,"DESKTOP-STCA0K7","-","-","-","-","-","-","-","-","-","-","-","-","-","-","-","-","-","-","-","-","-","-","-","-","-","-","-","%%1842","-","-","-","-","-","-","-","-","-","-","-","-","-","-","-","-","-","-","-","-",0,"-","-","-","-","-","-","{00000000-0000-0000-0000-000000000000}","-",0,"-","-","-","-","-","-","-","-","-","-","-","-","-","-","-","-","-","-","-","-","-","-","-","-","-","-","-",0x0,"-","S-1-0-0","NT AUTHORITY","-",0x0,"-",0x3e7,"-","-","-","-","-",SYSTEM,"S-1-5-18","-","-","-","-","-","%%1843","-","-","-","-","-","-","-","-","-",4624,"Audit Success",0x0,"-",Info,664,668,"{54849625-5478-4994-a5ba-3e3b0328c30d}","Microsoft-Windows-Security-Auditing",17835,Logon,"-","-","-","-",2
"Oct 9, 2022 @ 03:43:16.496",L2DYuoMBv7QqA8hY9A17,".ds-winlogbeat-8.4.2-2022.09.27-000001","-","cf3699d7-5cb1-463f-a85f-a07c0632c54a","DESKTOP-STCA0K7","b5f6a7eb-024c-49d7-a722-2c9d1ee679a8","DESKTOP-STCA0K7",winlogbeat,"8.4.2","1.12.0","Security State Change","-",4608,"Oct 9, 2022 @ 03:45:30.932","Oct 9, 2022 @ 03:45:24.075",event,security,success,"Microsoft-Windows-Security-Auditing","-","x86_64","DESKTOP-STCA0K7","3a59bcc1-dab3-4fea-87c6-2dbb28db6023","fe80::d09e:33bc:93fc:2ba7, 10.0.2.15, fe80::bd6f:3885:d011:5ab0, 192.168.50.7","08:00:27:7c:f3:ae, 08:00:27:e4:bd:9d","DESKTOP-STCA0K7","19044.1889",windows,"10.0.19041.1889 (WinBuild.160101.0800)","Windows 10 Enterprise Evaluation","Windows 10 Enterprise Evaluation",windows,windows,"10.0",information,"Windows is starting up.

This event is logged when LSASS.EXE starts and the auditing subsystem is initialized.","-","-","-","-","-","-","-","-","-","-","-","-","-","-","-","-","-","-","-","-","-",wineventlog,Security,"DESKTOP-STCA0K7","-","-","-","-","-","-","-","-","-","-","-","-","-","-","-","-","-","-","-","-","-","-","-","-","-","-","-","-","-","-","-","-","-","-","-","-","-","-","-","-","-","-","-","-","-","-","-","-","-","-","-","-","-","-","-","-","-","-","-","-","-","-","-","-","-","-","-","-","-","-","-","-","-","-","-","-","-","-","-","-","-","-","-","-","-","-","-","-","-","-","-","-","-","-","-","-","-","-","-","-","-","-","-","-","-","-","-","-","-","-","-","-","-","-","-",4608,"Audit Success","-","-",Info,664,668,"{54849625-5478-4994-a5ba-3e3b0328c30d}","Microsoft-Windows-Security-Auditing",17834,"Security State Change","-","-","-","-","-"
"Oct 9, 2022 @ 03:43:16.482","QWDYuoMBv7QqA8hY-Q6I",".ds-winlogbeat-8.4.2-2022.09.27-000001","-","cf3699d7-5cb1-463f-a85f-a07c0632c54a","DESKTOP-STCA0K7","b5f6a7eb-024c-49d7-a722-2c9d1ee679a8","DESKTOP-STCA0K7",winlogbeat,"8.4.2","8.0.0",None,"-",16,"Oct 9, 2022 @ 03:45:31.876","Oct 9, 2022 @ 03:45:25.383",event,"-","-","Microsoft-Windows-Kernel-General","-","x86_64","DESKTOP-STCA0K7","3a59bcc1-dab3-4fea-87c6-2dbb28db6023","fe80::d09e:33bc:93fc:2ba7, 10.0.2.15, fe80::bd6f:3885:d011:5ab0, 192.168.50.7","08:00:27:7c:f3:ae, 08:00:27:e4:bd:9d","DESKTOP-STCA0K7","19044.1889",windows,"10.0.19041.1889 (WinBuild.160101.0800)","Windows 10 Enterprise Evaluation","Windows 10 Enterprise Evaluation",windows,windows,"10.0",information,"The access history in hive \SystemRoot\System32\Config\SECURITY was cleared updating 75 keys and creating 5 modified pages.","-","-","-","-","-","-","-","-","-","-","-","-","-","-","-","-","-","-","-","-","-",wineventlog,System,"DESKTOP-STCA0K7","-","-","-","-","-","-","-","-","-","-","-","-","-","-","-","-","-","-","-","-","-","-",5,"-","-","-","-","-","-","-","-","-","-","-","-","-","\SystemRoot\System32\Config\SECURITY",36,"-","-","-","-","-","-","-","-","-","-","-",75,"-","-","-","-","-","-","-","-","-","-","-","-","-","-","-","-","-","-","-","-","-","-","-","-","-","-","-","-","-","-","-","-","-","-","-","-","-","-","-","-","-","-","-","-","-","-","-","-","-","-","-","-","-","-","-","-","-","-","-","-","-","-","-","-","-",16,"-","-","-",Info,92,396,"{a68ca8b7-004f-d7b6-a698-07e2de0f1f5d}","Microsoft-Windows-Kernel-General",1137,None,"NT AUTHORITY","S-1-5-18",SYSTEM,User,"-"
"Oct 9, 2022 @ 03:43:15.128",LmDYuoMBv7QqA8hY9A17,".ds-winlogbeat-8.4.2-2022.09.27-000001","-","cf3699d7-5cb1-463f-a85f-a07c0632c54a","DESKTOP-STCA0K7","b5f6a7eb-024c-49d7-a722-2c9d1ee679a8","DESKTOP-STCA0K7",winlogbeat,"8.4.2","1.12.0","created-process",process,4688,"Oct 9, 2022 @ 03:45:30.932","Oct 9, 2022 @ 03:45:24.075",event,security,success,"Microsoft-Windows-Security-Auditing",start,"x86_64","DESKTOP-STCA0K7","3a59bcc1-dab3-4fea-87c6-2dbb28db6023","fe80::d09e:33bc:93fc:2ba7, 10.0.2.15, fe80::bd6f:3885:d011:5ab0, 192.168.50.7","08:00:27:7c:f3:ae, 08:00:27:e4:bd:9d","DESKTOP-STCA0K7","19044.1889",windows,"10.0.19041.1889 (WinBuild.160101.0800)","Windows 10 Enterprise Evaluation","Windows 10 Enterprise Evaluation",windows,windows,"10.0",information,"A new process has been created.

Creator Subject:
	Security ID:		S-1-5-18
	Account Name:		-
	Account Domain:		-
	Logon ID:		0x3E7

Target Subject:
	Security ID:		S-1-0-0
	Account Name:		-
	Account Domain:		-
	Logon ID:		0x0

Process Information:
	New Process ID:		0x298
	New Process Name:	C:\Windows\System32\lsass.exe
	Token Elevation Type:	%%1936
	Mandatory Label:		S-1-16-16384
	Creator Process ID:	0x20c
	Creator Process Name:	C:\Windows\System32\wininit.exe
	Process Command Line:	

Token Elevation Type indicates the type of token that was assigned to the new process in accordance with User Account Control policy.

Type 1 is a full token with no privileges removed or groups disabled.  A full token is only used if User Account Control is disabled or if the user is the built-in Administrator account or a service account.

Type 2 is an elevated token with no privileges removed or groups disabled.  An elevated token is used when User Account Control is enabled and the user chooses to start the program using Run as administrator.  An elevated token is also used when an application is configured to always require administrative privilege or to always require maximum privilege, and the user is a member of the Administrators group.

Type 3 is a limited token with administrative privileges removed and administrative groups disabled.  The limited token is used when User Account Control is enabled, the application does not require administrative privilege, and the user does not choose to start the program using Run as administrator.","C:\Windows\System32\lsass.exe","C:\Windows\System32\lsass.exe","lsass.exe","lsass.exe","C:\Windows\System32\wininit.exe","C:\Windows\System32\wininit.exe","wininit.exe","wininit.exe",524,664,"-","-","-","-","S-1-0-0","-","-","S-1-5-18","-","-","-",wineventlog,Security,"DESKTOP-STCA0K7","-","-","-","-","-","-","-","-","-","-","-","-","-","-","-","-","-","-","-","-","-","-","-","-","-","-","-","-","-","-","-","-","-","-","-","-","-","-","-","-","-","-","-","-","-","-","-","-","-","-","-","-","-","-","-","-","-","-","-","S-1-16-16384","-","-","-","-","-","-","-","-","-","-","-","-",0x20c,"-","-","-","-","-","-","-","-","-","-","-","-",0x3e7,"-","S-1-5-18","-","-","-","-",0x0,"-","-","-","-","-","-","S-1-0-0","-","-","%%1936","-","-","-","-","-","-","-","-","-","-","-","-",4688,"Audit Success",0x3e7,"-",Info,4,300,"{54849625-5478-4994-a5ba-3e3b0328c30d}","Microsoft-Windows-Security-Auditing",17833,"Process Creation","-","-","-","-",2
"Oct 9, 2022 @ 03:43:15.122","QGDYuoMBv7QqA8hY-Q6I",".ds-winlogbeat-8.4.2-2022.09.27-000001","-","cf3699d7-5cb1-463f-a85f-a07c0632c54a","DESKTOP-STCA0K7","b5f6a7eb-024c-49d7-a722-2c9d1ee679a8","DESKTOP-STCA0K7",winlogbeat,"8.4.2","8.0.0",None,"-",14,"Oct 9, 2022 @ 03:45:31.876","Oct 9, 2022 @ 03:45:25.383",event,"-","-","Microsoft-Windows-Wininit","-","x86_64","DESKTOP-STCA0K7","3a59bcc1-dab3-4fea-87c6-2dbb28db6023","fe80::d09e:33bc:93fc:2ba7, 10.0.2.15, fe80::bd6f:3885:d011:5ab0, 192.168.50.7","08:00:27:7c:f3:ae, 08:00:27:e4:bd:9d","DESKTOP-STCA0K7","19044.1889",windows,"10.0.19041.1889 (WinBuild.160101.0800)","Windows 10 Enterprise Evaluation","Windows 10 Enterprise Evaluation",windows,windows,"10.0",information,"Credential Guard configuration: 0x0, 0","-","-","-","-","-","-","-","-","-","-","-","-","-","-","-","-","-","-","-","-","-",wineventlog,System,"DESKTOP-STCA0K7","-","-","-","-","-","-","-","-","-",0,"-","-","-","-","-","-","-","-","-","-","-","-","-","-","-","-","-","-","-","-","-","-","-","-","-","-","-","-","-","-","-","-","-","-","-","-",0,"-","-","-","-","-","-","-","-","-","-","-","-","-","-","-","-","-","-","-","-","-","-","-","-","-","-","-","-","-","-","-","-","-","-","-","-","-","-","-","-","-","-","-","-","-","-","-","-","-","-","-","-","-","-","-","-","-","-","-","-","-","-","-","-","-","-","-","-",14,"-","-","-",Info,524,528,"{206f6dea-d3c5-4d10-bc72-989f03c8b84b}","Microsoft-Windows-Wininit",1136,None,"NT AUTHORITY","S-1-5-18",SYSTEM,User,"-"
"Oct 9, 2022 @ 03:43:15.078",LWDYuoMBv7QqA8hY9A17,".ds-winlogbeat-8.4.2-2022.09.27-000001","-","cf3699d7-5cb1-463f-a85f-a07c0632c54a","DESKTOP-STCA0K7","b5f6a7eb-024c-49d7-a722-2c9d1ee679a8","DESKTOP-STCA0K7",winlogbeat,"8.4.2","1.12.0","created-process",process,4688,"Oct 9, 2022 @ 03:45:30.931","Oct 9, 2022 @ 03:45:24.074",event,security,success,"Microsoft-Windows-Security-Auditing",start,"x86_64","DESKTOP-STCA0K7","3a59bcc1-dab3-4fea-87c6-2dbb28db6023","fe80::d09e:33bc:93fc:2ba7, 10.0.2.15, fe80::bd6f:3885:d011:5ab0, 192.168.50.7","08:00:27:7c:f3:ae, 08:00:27:e4:bd:9d","DESKTOP-STCA0K7","19044.1889",windows,"10.0.19041.1889 (WinBuild.160101.0800)","Windows 10 Enterprise Evaluation","Windows 10 Enterprise Evaluation",windows,windows,"10.0",information,"A new process has been created.

Creator Subject:
	Security ID:		S-1-5-18
	Account Name:		-
