	Account Domain:		-
	Logon ID:		0x3E7

Target Subject:
	Security ID:		S-1-0-0
	Account Name:		-
	Account Domain:		-
	Logon ID:		0x0

Process Information:
	New Process ID:		0x290
	New Process Name:	C:\Windows\System32\services.exe
	Token Elevation Type:	%%1936
	Mandatory Label:		S-1-16-16384
	Creator Process ID:	0x20c
	Creator Process Name:	C:\Windows\System32\wininit.exe
	Process Command Line:	

Token Elevation Type indicates the type of token that was assigned to the new process in accordance with User Account Control policy.

Type 1 is a full token with no privileges removed or groups disabled.  A full token is only used if User Account Control is disabled or if the user is the built-in Administrator account or a service account.

Type 2 is an elevated token with no privileges removed or groups disabled.  An elevated token is used when User Account Control is enabled and the user chooses to start the program using Run as administrator.  An elevated token is also used when an application is configured to always require administrative privilege or to always require maximum privilege, and the user is a member of the Administrators group.

Type 3 is a limited token with administrative privileges removed and administrative groups disabled.  The limited token is used when User Account Control is enabled, the application does not require administrative privilege, and the user does not choose to start the program using Run as administrator.","C:\Windows\System32\services.exe","C:\Windows\System32\services.exe","services.exe","services.exe","C:\Windows\System32\wininit.exe","C:\Windows\System32\wininit.exe","wininit.exe","wininit.exe",524,656,"-","-","-","-","S-1-0-0","-","-","S-1-5-18","-","-","-",wineventlog,Security,"DESKTOP-STCA0K7","-","-","-","-","-","-","-","-","-","-","-","-","-","-","-","-","-","-","-","-","-","-","-","-","-","-","-","-","-","-","-","-","-","-","-","-","-","-","-","-","-","-","-","-","-","-","-","-","-","-","-","-","-","-","-","-","-","-","-","S-1-16-16384","-","-","-","-","-","-","-","-","-","-","-","-",0x20c,"-","-","-","-","-","-","-","-","-","-","-","-",0x3e7,"-","S-1-5-18","-","-","-","-",0x0,"-","-","-","-","-","-","S-1-0-0","-","-","%%1936","-","-","-","-","-","-","-","-","-","-","-","-",4688,"Audit Success",0x3e7,"-",Info,4,364,"{54849625-5478-4994-a5ba-3e3b0328c30d}","Microsoft-Windows-Security-Auditing",17832,"Process Creation","-","-","-","-",2
"Oct 9, 2022 @ 03:43:15.018",LGDYuoMBv7QqA8hY9A17,".ds-winlogbeat-8.4.2-2022.09.27-000001","-","cf3699d7-5cb1-463f-a85f-a07c0632c54a","DESKTOP-STCA0K7","b5f6a7eb-024c-49d7-a722-2c9d1ee679a8","DESKTOP-STCA0K7",winlogbeat,"8.4.2","1.12.0","created-process",process,4688,"Oct 9, 2022 @ 03:45:30.931","Oct 9, 2022 @ 03:45:24.074",event,security,success,"Microsoft-Windows-Security-Auditing",start,"x86_64","DESKTOP-STCA0K7","3a59bcc1-dab3-4fea-87c6-2dbb28db6023","fe80::d09e:33bc:93fc:2ba7, 10.0.2.15, fe80::bd6f:3885:d011:5ab0, 192.168.50.7","08:00:27:7c:f3:ae, 08:00:27:e4:bd:9d","DESKTOP-STCA0K7","19044.1889",windows,"10.0.19041.1889 (WinBuild.160101.0800)","Windows 10 Enterprise Evaluation","Windows 10 Enterprise Evaluation",windows,windows,"10.0",information,"A new process has been created.

Creator Subject:
	Security ID:		S-1-5-18
	Account Name:		-
	Account Domain:		-
	Logon ID:		0x3E7

Target Subject:
	Security ID:		S-1-0-0
	Account Name:		-
	Account Domain:		-
	Logon ID:		0x0

Process Information:
	New Process ID:		0x24c
	New Process Name:	C:\Windows\System32\winlogon.exe
	Token Elevation Type:	%%1936
	Mandatory Label:		S-1-16-16384
	Creator Process ID:	0x204
	Creator Process Name:	C:\Windows\System32\smss.exe
	Process Command Line:	

Token Elevation Type indicates the type of token that was assigned to the new process in accordance with User Account Control policy.

Type 1 is a full token with no privileges removed or groups disabled.  A full token is only used if User Account Control is disabled or if the user is the built-in Administrator account or a service account.

Type 2 is an elevated token with no privileges removed or groups disabled.  An elevated token is used when User Account Control is enabled and the user chooses to start the program using Run as administrator.  An elevated token is also used when an application is configured to always require administrative privilege or to always require maximum privilege, and the user is a member of the Administrators group.

Type 3 is a limited token with administrative privileges removed and administrative groups disabled.  The limited token is used when User Account Control is enabled, the application does not require administrative privilege, and the user does not choose to start the program using Run as administrator.","C:\Windows\System32\winlogon.exe","C:\Windows\System32\winlogon.exe","winlogon.exe","winlogon.exe","C:\Windows\System32\smss.exe","C:\Windows\System32\smss.exe","smss.exe","smss.exe",516,588,"-","-","-","-","S-1-0-0","-","-","S-1-5-18","-","-","-",wineventlog,Security,"DESKTOP-STCA0K7","-","-","-","-","-","-","-","-","-","-","-","-","-","-","-","-","-","-","-","-","-","-","-","-","-","-","-","-","-","-","-","-","-","-","-","-","-","-","-","-","-","-","-","-","-","-","-","-","-","-","-","-","-","-","-","-","-","-","-","S-1-16-16384","-","-","-","-","-","-","-","-","-","-","-","-",0x204,"-","-","-","-","-","-","-","-","-","-","-","-",0x3e7,"-","S-1-5-18","-","-","-","-",0x0,"-","-","-","-","-","-","S-1-0-0","-","-","%%1936","-","-","-","-","-","-","-","-","-","-","-","-",4688,"Audit Success",0x3e7,"-",Info,4,364,"{54849625-5478-4994-a5ba-3e3b0328c30d}","Microsoft-Windows-Security-Auditing",17831,"Process Creation","-","-","-","-",2
"Oct 9, 2022 @ 03:43:14.958",K2DYuoMBv7QqA8hY9A17,".ds-winlogbeat-8.4.2-2022.09.27-000001","-","cf3699d7-5cb1-463f-a85f-a07c0632c54a","DESKTOP-STCA0K7","b5f6a7eb-024c-49d7-a722-2c9d1ee679a8","DESKTOP-STCA0K7",winlogbeat,"8.4.2","1.12.0","created-process",process,4688,"Oct 9, 2022 @ 03:45:30.931","Oct 9, 2022 @ 03:45:24.073",event,security,success,"Microsoft-Windows-Security-Auditing",start,"x86_64","DESKTOP-STCA0K7","3a59bcc1-dab3-4fea-87c6-2dbb28db6023","fe80::d09e:33bc:93fc:2ba7, 10.0.2.15, fe80::bd6f:3885:d011:5ab0, 192.168.50.7","08:00:27:7c:f3:ae, 08:00:27:e4:bd:9d","DESKTOP-STCA0K7","19044.1889",windows,"10.0.19041.1889 (WinBuild.160101.0800)","Windows 10 Enterprise Evaluation","Windows 10 Enterprise Evaluation",windows,windows,"10.0",information,"A new process has been created.

Creator Subject:
	Security ID:		S-1-5-18
	Account Name:		-
	Account Domain:		-
	Logon ID:		0x3E7

Target Subject:
	Security ID:		S-1-0-0
	Account Name:		-
	Account Domain:		-
	Logon ID:		0x0

Process Information:
	New Process ID:		0x214
	New Process Name:	C:\Windows\System32\csrss.exe
	Token Elevation Type:	%%1936
	Mandatory Label:		S-1-16-16384
	Creator Process ID:	0x204
	Creator Process Name:	C:\Windows\System32\smss.exe
	Process Command Line:	

Token Elevation Type indicates the type of token that was assigned to the new process in accordance with User Account Control policy.

Type 1 is a full token with no privileges removed or groups disabled.  A full token is only used if User Account Control is disabled or if the user is the built-in Administrator account or a service account.

Type 2 is an elevated token with no privileges removed or groups disabled.  An elevated token is used when User Account Control is enabled and the user chooses to start the program using Run as administrator.  An elevated token is also used when an application is configured to always require administrative privilege or to always require maximum privilege, and the user is a member of the Administrators group.

Type 3 is a limited token with administrative privileges removed and administrative groups disabled.  The limited token is used when User Account Control is enabled, the application does not require administrative privilege, and the user does not choose to start the program using Run as administrator.","C:\Windows\System32\csrss.exe","C:\Windows\System32\csrss.exe","csrss.exe","csrss.exe","C:\Windows\System32\smss.exe","C:\Windows\System32\smss.exe","smss.exe","smss.exe",516,532,"-","-","-","-","S-1-0-0","-","-","S-1-5-18","-","-","-",wineventlog,Security,"DESKTOP-STCA0K7","-","-","-","-","-","-","-","-","-","-","-","-","-","-","-","-","-","-","-","-","-","-","-","-","-","-","-","-","-","-","-","-","-","-","-","-","-","-","-","-","-","-","-","-","-","-","-","-","-","-","-","-","-","-","-","-","-","-","-","S-1-16-16384","-","-","-","-","-","-","-","-","-","-","-","-",0x204,"-","-","-","-","-","-","-","-","-","-","-","-",0x3e7,"-","S-1-5-18","-","-","-","-",0x0,"-","-","-","-","-","-","S-1-0-0","-","-","%%1936","-","-","-","-","-","-","-","-","-","-","-","-",4688,"Audit Success",0x3e7,"-",Info,4,300,"{54849625-5478-4994-a5ba-3e3b0328c30d}","Microsoft-Windows-Security-Auditing",17830,"Process Creation","-","-","-","-",2
"Oct 9, 2022 @ 03:43:14.952",KmDYuoMBv7QqA8hY9A17,".ds-winlogbeat-8.4.2-2022.09.27-000001","-","cf3699d7-5cb1-463f-a85f-a07c0632c54a","DESKTOP-STCA0K7","b5f6a7eb-024c-49d7-a722-2c9d1ee679a8","DESKTOP-STCA0K7",winlogbeat,"8.4.2","1.12.0","created-process",process,4688,"Oct 9, 2022 @ 03:45:30.931","Oct 9, 2022 @ 03:45:24.072",event,security,success,"Microsoft-Windows-Security-Auditing",start,"x86_64","DESKTOP-STCA0K7","3a59bcc1-dab3-4fea-87c6-2dbb28db6023","fe80::d09e:33bc:93fc:2ba7, 10.0.2.15, fe80::bd6f:3885:d011:5ab0, 192.168.50.7","08:00:27:7c:f3:ae, 08:00:27:e4:bd:9d","DESKTOP-STCA0K7","19044.1889",windows,"10.0.19041.1889 (WinBuild.160101.0800)","Windows 10 Enterprise Evaluation","Windows 10 Enterprise Evaluation",windows,windows,"10.0",information,"A new process has been created.

Creator Subject:
	Security ID:		S-1-5-18
	Account Name:		-
	Account Domain:		-
	Logon ID:		0x3E7

Target Subject:
	Security ID:		S-1-0-0
	Account Name:		-
	Account Domain:		-
	Logon ID:		0x0

Process Information:
	New Process ID:		0x20c
	New Process Name:	C:\Windows\System32\wininit.exe
	Token Elevation Type:	%%1936
	Mandatory Label:		S-1-16-16384
	Creator Process ID:	0x1b8
	Creator Process Name:	C:\Windows\System32\smss.exe
	Process Command Line:	

Token Elevation Type indicates the type of token that was assigned to the new process in accordance with User Account Control policy.

Type 1 is a full token with no privileges removed or groups disabled.  A full token is only used if User Account Control is disabled or if the user is the built-in Administrator account or a service account.

Type 2 is an elevated token with no privileges removed or groups disabled.  An elevated token is used when User Account Control is enabled and the user chooses to start the program using Run as administrator.  An elevated token is also used when an application is configured to always require administrative privilege or to always require maximum privilege, and the user is a member of the Administrators group.

Type 3 is a limited token with administrative privileges removed and administrative groups disabled.  The limited token is used when User Account Control is enabled, the application does not require administrative privilege, and the user does not choose to start the program using Run as administrator.","C:\Windows\System32\wininit.exe","C:\Windows\System32\wininit.exe","wininit.exe","wininit.exe","C:\Windows\System32\smss.exe","C:\Windows\System32\smss.exe","smss.exe","smss.exe",440,524,"-","-","-","-","S-1-0-0","-","-","S-1-5-18","-","-","-",wineventlog,Security,"DESKTOP-STCA0K7","-","-","-","-","-","-","-","-","-","-","-","-","-","-","-","-","-","-","-","-","-","-","-","-","-","-","-","-","-","-","-","-","-","-","-","-","-","-","-","-","-","-","-","-","-","-","-","-","-","-","-","-","-","-","-","-","-","-","-","S-1-16-16384","-","-","-","-","-","-","-","-","-","-","-","-",0x1b8,"-","-","-","-","-","-","-","-","-","-","-","-",0x3e7,"-","S-1-5-18","-","-","-","-",0x0,"-","-","-","-","-","-","S-1-0-0","-","-","%%1936","-","-","-","-","-","-","-","-","-","-","-","-",4688,"Audit Success",0x3e7,"-",Info,4,300,"{54849625-5478-4994-a5ba-3e3b0328c30d}","Microsoft-Windows-Security-Auditing",17829,"Process Creation","-","-","-","-",2
"Oct 9, 2022 @ 03:43:14.944",KWDYuoMBv7QqA8hY9A17,".ds-winlogbeat-8.4.2-2022.09.27-000001","-","cf3699d7-5cb1-463f-a85f-a07c0632c54a","DESKTOP-STCA0K7","b5f6a7eb-024c-49d7-a722-2c9d1ee679a8","DESKTOP-STCA0K7",winlogbeat,"8.4.2","1.12.0","created-process",process,4688,"Oct 9, 2022 @ 03:45:30.931","Oct 9, 2022 @ 03:45:24.072",event,security,success,"Microsoft-Windows-Security-Auditing",start,"x86_64","DESKTOP-STCA0K7","3a59bcc1-dab3-4fea-87c6-2dbb28db6023","fe80::d09e:33bc:93fc:2ba7, 10.0.2.15, fe80::bd6f:3885:d011:5ab0, 192.168.50.7","08:00:27:7c:f3:ae, 08:00:27:e4:bd:9d","DESKTOP-STCA0K7","19044.1889",windows,"10.0.19041.1889 (WinBuild.160101.0800)","Windows 10 Enterprise Evaluation","Windows 10 Enterprise Evaluation",windows,windows,"10.0",information,"A new process has been created.

Creator Subject:
	Security ID:		S-1-5-18
	Account Name:		-
	Account Domain:		-
	Logon ID:		0x3E7

Target Subject:
	Security ID:		S-1-0-0
	Account Name:		-
	Account Domain:		-
	Logon ID:		0x0

Process Information:
	New Process ID:		0x204
	New Process Name:	C:\Windows\System32\smss.exe
	Token Elevation Type:	%%1936
	Mandatory Label:		S-1-16-16384
	Creator Process ID:	0x160
	Creator Process Name:	C:\Windows\System32\smss.exe
	Process Command Line:	

Token Elevation Type indicates the type of token that was assigned to the new process in accordance with User Account Control policy.

Type 1 is a full token with no privileges removed or groups disabled.  A full token is only used if User Account Control is disabled or if the user is the built-in Administrator account or a service account.

Type 2 is an elevated token with no privileges removed or groups disabled.  An elevated token is used when User Account Control is enabled and the user chooses to start the program using Run as administrator.  An elevated token is also used when an application is configured to always require administrative privilege or to always require maximum privilege, and the user is a member of the Administrators group.

Type 3 is a limited token with administrative privileges removed and administrative groups disabled.  The limited token is used when User Account Control is enabled, the application does not require administrative privilege, and the user does not choose to start the program using Run as administrator.","C:\Windows\System32\smss.exe","C:\Windows\System32\smss.exe","smss.exe","smss.exe","C:\Windows\System32\smss.exe","C:\Windows\System32\smss.exe","smss.exe","smss.exe",352,516,"-","-","-","-","S-1-0-0","-","-","S-1-5-18","-","-","-",wineventlog,Security,"DESKTOP-STCA0K7","-","-","-","-","-","-","-","-","-","-","-","-","-","-","-","-","-","-","-","-","-","-","-","-","-","-","-","-","-","-","-","-","-","-","-","-","-","-","-","-","-","-","-","-","-","-","-","-","-","-","-","-","-","-","-","-","-","-","-","S-1-16-16384","-","-","-","-","-","-","-","-","-","-","-","-",0x160,"-","-","-","-","-","-","-","-","-","-","-","-",0x3e7,"-","S-1-5-18","-","-","-","-",0x0,"-","-","-","-","-","-","S-1-0-0","-","-","%%1936","-","-","-","-","-","-","-","-","-","-","-","-",4688,"Audit Success",0x3e7,"-",Info,4,300,"{54849625-5478-4994-a5ba-3e3b0328c30d}","Microsoft-Windows-Security-Auditing",17828,"Process Creation","-","-","-","-",2
"Oct 9, 2022 @ 03:43:14.888","P2DYuoMBv7QqA8hY-Q6I",".ds-winlogbeat-8.4.2-2022.09.27-000001","-","cf3699d7-5cb1-463f-a85f-a07c0632c54a","DESKTOP-STCA0K7","b5f6a7eb-024c-49d7-a722-2c9d1ee679a8","DESKTOP-STCA0K7",winlogbeat,"8.4.2","8.0.0",None,"-",16,"Oct 9, 2022 @ 03:45:31.876","Oct 9, 2022 @ 03:45:25.383",event,"-","-","Microsoft-Windows-Kernel-General","-","x86_64","DESKTOP-STCA0K7","3a59bcc1-dab3-4fea-87c6-2dbb28db6023","fe80::d09e:33bc:93fc:2ba7, 10.0.2.15, fe80::bd6f:3885:d011:5ab0, 192.168.50.7","08:00:27:7c:f3:ae, 08:00:27:e4:bd:9d","DESKTOP-STCA0K7","19044.1889",windows,"10.0.19041.1889 (WinBuild.160101.0800)","Windows 10 Enterprise Evaluation","Windows 10 Enterprise Evaluation",windows,windows,"10.0",information,"The access history in hive \SystemRoot\System32\Config\DEFAULT was cleared updating 223 keys and creating 34 modified pages.","-","-","-","-","-","-","-","-","-","-","-","-","-","-","-","-","-","-","-","-","-",wineventlog,System,"DESKTOP-STCA0K7","-","-","-","-","-","-","-","-","-","-","-","-","-","-","-","-","-","-","-","-","-","-",34,"-","-","-","-","-","-","-","-","-","-","-","-","-","\SystemRoot\System32\Config\DEFAULT",35,"-","-","-","-","-","-","-","-","-","-","-",223,"-","-","-","-","-","-","-","-","-","-","-","-","-","-","-","-","-","-","-","-","-","-","-","-","-","-","-","-","-","-","-","-","-","-","-","-","-","-","-","-","-","-","-","-","-","-","-","-","-","-","-","-","-","-","-","-","-","-","-","-","-","-","-","-","-",16,"-","-","-",Info,92,408,"{a68ca8b7-004f-d7b6-a698-07e2de0f1f5d}","Microsoft-Windows-Kernel-General",1135,None,"NT AUTHORITY","S-1-5-18",SYSTEM,User,"-"
"Oct 9, 2022 @ 03:43:14.793",KGDYuoMBv7QqA8hY9A17,".ds-winlogbeat-8.4.2-2022.09.27-000001","-","cf3699d7-5cb1-463f-a85f-a07c0632c54a","DESKTOP-STCA0K7","b5f6a7eb-024c-49d7-a722-2c9d1ee679a8","DESKTOP-STCA0K7",winlogbeat,"8.4.2","1.12.0","created-process",process,4688,"Oct 9, 2022 @ 03:45:30.931","Oct 9, 2022 @ 03:45:24.072",event,security,success,"Microsoft-Windows-Security-Auditing",start,"x86_64","DESKTOP-STCA0K7","3a59bcc1-dab3-4fea-87c6-2dbb28db6023","fe80::d09e:33bc:93fc:2ba7, 10.0.2.15, fe80::bd6f:3885:d011:5ab0, 192.168.50.7","08:00:27:7c:f3:ae, 08:00:27:e4:bd:9d","DESKTOP-STCA0K7","19044.1889",windows,"10.0.19041.1889 (WinBuild.160101.0800)","Windows 10 Enterprise Evaluation","Windows 10 Enterprise Evaluation",windows,windows,"10.0",information,"A new process has been created.

Creator Subject:
	Security ID:		S-1-5-18
	Account Name:		-
	Account Domain:		-
	Logon ID:		0x3E7

Target Subject:
	Security ID:		S-1-0-0
	Account Name:		-
	Account Domain:		-
	Logon ID:		0x0

Process Information:
	New Process ID:		0x1c0
	New Process Name:	C:\Windows\System32\csrss.exe
	Token Elevation Type:	%%1936
	Mandatory Label:		S-1-16-16384
	Creator Process ID:	0x1b8
	Creator Process Name:	C:\Windows\System32\smss.exe
	Process Command Line:	

Token Elevation Type indicates the type of token that was assigned to the new process in accordance with User Account Control policy.

Type 1 is a full token with no privileges removed or groups disabled.  A full token is only used if User Account Control is disabled or if the user is the built-in Administrator account or a service account.

Type 2 is an elevated token with no privileges removed or groups disabled.  An elevated token is used when User Account Control is enabled and the user chooses to start the program using Run as administrator.  An elevated token is also used when an application is configured to always require administrative privilege or to always require maximum privilege, and the user is a member of the Administrators group.

Type 3 is a limited token with administrative privileges removed and administrative groups disabled.  The limited token is used when User Account Control is enabled, the application does not require administrative privilege, and the user does not choose to start the program using Run as administrator.","C:\Windows\System32\csrss.exe","C:\Windows\System32\csrss.exe","csrss.exe","csrss.exe","C:\Windows\System32\smss.exe","C:\Windows\System32\smss.exe","smss.exe","smss.exe",440,448,"-","-","-","-","S-1-0-0","-","-","S-1-5-18","-","-","-",wineventlog,Security,"DESKTOP-STCA0K7","-","-","-","-","-","-","-","-","-","-","-","-","-","-","-","-","-","-","-","-","-","-","-","-","-","-","-","-","-","-","-","-","-","-","-","-","-","-","-","-","-","-","-","-","-","-","-","-","-","-","-","-","-","-","-","-","-","-","-","S-1-16-16384","-","-","-","-","-","-","-","-","-","-","-","-",0x1b8,"-","-","-","-","-","-","-","-","-","-","-","-",0x3e7,"-","S-1-5-18","-","-","-","-",0x0,"-","-","-","-","-","-","S-1-0-0","-","-","%%1936","-","-","-","-","-","-","-","-","-","-","-","-",4688,"Audit Success",0x3e7,"-",Info,4,300,"{54849625-5478-4994-a5ba-3e3b0328c30d}","Microsoft-Windows-Security-Auditing",17827,"Process Creation","-","-","-","-",2
"Oct 9, 2022 @ 03:43:14.629","PmDYuoMBv7QqA8hY-Q6I",".ds-winlogbeat-8.4.2-2022.09.27-000001","-","cf3699d7-5cb1-463f-a85f-a07c0632c54a","DESKTOP-STCA0K7","b5f6a7eb-024c-49d7-a722-2c9d1ee679a8","DESKTOP-STCA0K7",winlogbeat,"8.4.2","8.0.0",TimeZoneInformationRefresh,"-",24,"Oct 9, 2022 @ 03:45:31.876","Oct 9, 2022 @ 03:45:25.383",event,"-","-","Microsoft-Windows-Kernel-General","-","x86_64","DESKTOP-STCA0K7","3a59bcc1-dab3-4fea-87c6-2dbb28db6023","fe80::d09e:33bc:93fc:2ba7, 10.0.2.15, fe80::bd6f:3885:d011:5ab0, 192.168.50.7","08:00:27:7c:f3:ae, 08:00:27:e4:bd:9d","DESKTOP-STCA0K7","19044.1889",windows,"10.0.19041.1889 (WinBuild.160101.0800)","Windows 10 Enterprise Evaluation","Windows 10 Enterprise Evaluation",windows,windows,"10.0",information,"The time zone information was refreshed with exit reason 0. Current time zone bias is 0.","-","-","-","-","-","-","-","-","-","-","-","-","-","-","-","-","-","-","-","-","-",wineventlog,System,"DESKTOP-STCA0K7","-","-","-","-","-","-","-","-","-","-","-","-","-","-",0,0,"-","-","-","-","-","-","-","-","-","-","-","-","-","-","-",0,"-",0,"-","-","-","-","-","-","-","-","-","-","-","-","-","-","-","-","-","-","-","-","-","-","-","-","-","-","-","-","-","-","-","-","-","-","-","-","-","-","-","-","-","-","-","-","-","-","-","-","-","-","-","-","-","-","-","-","-","-","-","-","-","-","-","-","-","-","-",0,"-","-","-","-","-","-","-","-","-","-","-","-","-",24,Time,"-","-",Info,92,432,"{a68ca8b7-004f-d7b6-a698-07e2de0f1f5d}","Microsoft-Windows-Kernel-General",1134,TimeZoneInformationRefresh,"NT AUTHORITY","S-1-5-18",SYSTEM,User,"-"
"Oct 9, 2022 @ 03:43:14.626",J2DYuoMBv7QqA8hY9A17,".ds-winlogbeat-8.4.2-2022.09.27-000001","-","cf3699d7-5cb1-463f-a85f-a07c0632c54a","DESKTOP-STCA0K7","b5f6a7eb-024c-49d7-a722-2c9d1ee679a8","DESKTOP-STCA0K7",winlogbeat,"8.4.2","1.12.0","created-process",process,4688,"Oct 9, 2022 @ 03:45:30.931","Oct 9, 2022 @ 03:45:24.071",event,security,success,"Microsoft-Windows-Security-Auditing",start,"x86_64","DESKTOP-STCA0K7","3a59bcc1-dab3-4fea-87c6-2dbb28db6023","fe80::d09e:33bc:93fc:2ba7, 10.0.2.15, fe80::bd6f:3885:d011:5ab0, 192.168.50.7","08:00:27:7c:f3:ae, 08:00:27:e4:bd:9d","DESKTOP-STCA0K7","19044.1889",windows,"10.0.19041.1889 (WinBuild.160101.0800)","Windows 10 Enterprise Evaluation","Windows 10 Enterprise Evaluation",windows,windows,"10.0",information,"A new process has been created.

Creator Subject:
	Security ID:		S-1-5-18
	Account Name:		-
	Account Domain:		-
	Logon ID:		0x3E7

Target Subject:
	Security ID:		S-1-0-0
	Account Name:		-
	Account Domain:		-
	Logon ID:		0x0

Process Information:
	New Process ID:		0x1b8
	New Process Name:	C:\Windows\System32\smss.exe
	Token Elevation Type:	%%1936
	Mandatory Label:		S-1-16-16384
	Creator Process ID:	0x160
	Creator Process Name:	C:\Windows\System32\smss.exe
	Process Command Line:	

Token Elevation Type indicates the type of token that was assigned to the new process in accordance with User Account Control policy.

Type 1 is a full token with no privileges removed or groups disabled.  A full token is only used if User Account Control is disabled or if the user is the built-in Administrator account or a service account.

Type 2 is an elevated token with no privileges removed or groups disabled.  An elevated token is used when User Account Control is enabled and the user chooses to start the program using Run as administrator.  An elevated token is also used when an application is configured to always require administrative privilege or to always require maximum privilege, and the user is a member of the Administrators group.

Type 3 is a limited token with administrative privileges removed and administrative groups disabled.  The limited token is used when User Account Control is enabled, the application does not require administrative privilege, and the user does not choose to start the program using Run as administrator.","C:\Windows\System32\smss.exe","C:\Windows\System32\smss.exe","smss.exe","smss.exe","C:\Windows\System32\smss.exe","C:\Windows\System32\smss.exe","smss.exe","smss.exe",352,440,"-","-","-","-","S-1-0-0","-","-","S-1-5-18","-","-","-",wineventlog,Security,"DESKTOP-STCA0K7","-","-","-","-","-","-","-","-","-","-","-","-","-","-","-","-","-","-","-","-","-","-","-","-","-","-","-","-","-","-","-","-","-","-","-","-","-","-","-","-","-","-","-","-","-","-","-","-","-","-","-","-","-","-","-","-","-","-","-","S-1-16-16384","-","-","-","-","-","-","-","-","-","-","-","-",0x160,"-","-","-","-","-","-","-","-","-","-","-","-",0x3e7,"-","S-1-5-18","-","-","-","-",0x0,"-","-","-","-","-","-","S-1-0-0","-","-","%%1936","-","-","-","-","-","-","-","-","-","-","-","-",4688,"Audit Success",0x3e7,"-",Info,4,300,"{54849625-5478-4994-a5ba-3e3b0328c30d}","Microsoft-Windows-Security-Auditing",17826,"Process Creation","-","-","-","-",2
"Oct 9, 2022 @ 03:43:14.594","PWDYuoMBv7QqA8hY-Q6I",".ds-winlogbeat-8.4.2-2022.09.27-000001","-","cf3699d7-5cb1-463f-a85f-a07c0632c54a","DESKTOP-STCA0K7","b5f6a7eb-024c-49d7-a722-2c9d1ee679a8","DESKTOP-STCA0K7",winlogbeat,"8.4.2","8.0.0",ReorganizeHive,"-",15,"Oct 9, 2022 @ 03:45:31.876","Oct 9, 2022 @ 03:45:25.383",event,"-","-","Microsoft-Windows-Kernel-General","-","x86_64","DESKTOP-STCA0K7","3a59bcc1-dab3-4fea-87c6-2dbb28db6023","fe80::d09e:33bc:93fc:2ba7, 10.0.2.15, fe80::bd6f:3885:d011:5ab0, 192.168.50.7","08:00:27:7c:f3:ae, 08:00:27:e4:bd:9d","DESKTOP-STCA0K7","19044.1889",windows,"10.0.19041.1889 (WinBuild.160101.0800)","Windows 10 Enterprise Evaluation","Windows 10 Enterprise Evaluation",windows,windows,"10.0",information,"Hive \SystemRoot\System32\Config\SOFTWARE was reorganized with a starting size of 70598656 bytes and an ending size of 70569984 bytes.","-","-","-","-","-","-","-","-","-","-","-","-","-","-","-","-","-","-","-","-","-",wineventlog,System,"DESKTOP-STCA0K7","-","-","-","-","-","-","-","-","-","-","-","-","-","-","-","-","-","-","-","-","-","-","-","-","-","-","-","-","-","-","-","-","-","-","-","-","\SystemRoot\System32\Config\SOFTWARE",36,"-","-","-","-","-","-","-","-","-","-","-","-","-","-","-","-","-","-","-","-","-","-","-","-","-","-","-","-",70569984,"-","-",70598656,"-","-","-","-","-","-","-","-","-","-","-","-","-","-","-","-","-","-","-","-","-","-","-","-","-","-","-","-","-","-","-","-","-","-","-","-","-","-","-","-","-","-","-","-","-",15,"-","-","-",Info,92,400,"{a68ca8b7-004f-d7b6-a698-07e2de0f1f5d}","Microsoft-Windows-Kernel-General",1133,ReorganizeHive,"NT AUTHORITY","S-1-5-18",SYSTEM,User,"-"
"Oct 9, 2022 @ 03:43:10.749","PGDYuoMBv7QqA8hY-Q6I",".ds-winlogbeat-8.4.2-2022.09.27-000001","-","cf3699d7-5cb1-463f-a85f-a07c0632c54a","DESKTOP-STCA0K7","b5f6a7eb-024c-49d7-a722-2c9d1ee679a8","DESKTOP-STCA0K7",winlogbeat,"8.4.2","8.0.0",None,"-",16,"Oct 9, 2022 @ 03:45:31.876","Oct 9, 2022 @ 03:45:25.382",event,"-","-","Microsoft-Windows-Kernel-General","-","x86_64","DESKTOP-STCA0K7","3a59bcc1-dab3-4fea-87c6-2dbb28db6023","fe80::d09e:33bc:93fc:2ba7, 10.0.2.15, fe80::bd6f:3885:d011:5ab0, 192.168.50.7","08:00:27:7c:f3:ae, 08:00:27:e4:bd:9d","DESKTOP-STCA0K7","19044.1889",windows,"10.0.19041.1889 (WinBuild.160101.0800)","Windows 10 Enterprise Evaluation","Windows 10 Enterprise Evaluation",windows,windows,"10.0",information,"The access history in hive \Device\HarddiskVolume1\EFI\Microsoft\Boot\BCD was cleared updating 60 keys and creating 5 modified pages.","-","-","-","-","-","-","-","-","-","-","-","-","-","-","-","-","-","-","-","-","-",wineventlog,System,"DESKTOP-STCA0K7","-","-","-","-","-","-","-","-","-","-","-","-","-","-","-","-","-","-","-","-","-","-",5,"-","-","-","-","-","-","-","-","-","-","-","-","-","\Device\HarddiskVolume1\EFI\Microsoft\Boot\BCD",46,"-","-","-","-","-","-","-","-","-","-","-",60,"-","-","-","-","-","-","-","-","-","-","-","-","-","-","-","-","-","-","-","-","-","-","-","-","-","-","-","-","-","-","-","-","-","-","-","-","-","-","-","-","-","-","-","-","-","-","-","-","-","-","-","-","-","-","-","-","-","-","-","-","-","-","-","-","-",16,"-","-","-",Info,352,356,"{a68ca8b7-004f-d7b6-a698-07e2de0f1f5d}","Microsoft-Windows-Kernel-General",1132,None,"NT AUTHORITY","S-1-5-18",SYSTEM,User,"-"
"Oct 9, 2022 @ 03:43:10.707","O2DYuoMBv7QqA8hY-Q6I",".ds-winlogbeat-8.4.2-2022.09.27-000001","-","cf3699d7-5cb1-463f-a85f-a07c0632c54a","DESKTOP-STCA0K7","b5f6a7eb-024c-49d7-a722-2c9d1ee679a8","DESKTOP-STCA0K7",winlogbeat,"8.4.2","8.0.0",None,"-",16,"Oct 9, 2022 @ 03:45:31.876","Oct 9, 2022 @ 03:45:25.382",event,"-","-","Microsoft-Windows-Kernel-General","-","x86_64","DESKTOP-STCA0K7","3a59bcc1-dab3-4fea-87c6-2dbb28db6023","fe80::d09e:33bc:93fc:2ba7, 10.0.2.15, fe80::bd6f:3885:d011:5ab0, 192.168.50.7","08:00:27:7c:f3:ae, 08:00:27:e4:bd:9d","DESKTOP-STCA0K7","19044.1889",windows,"10.0.19041.1889 (WinBuild.160101.0800)","Windows 10 Enterprise Evaluation","Windows 10 Enterprise Evaluation",windows,windows,"10.0",information,"The access history in hive \SystemRoot\System32\config\DRIVERS was cleared updating 20402 keys and creating 902 modified pages.","-","-","-","-","-","-","-","-","-","-","-","-","-","-","-","-","-","-","-","-","-",wineventlog,System,"DESKTOP-STCA0K7","-","-","-","-","-","-","-","-","-","-","-","-","-","-","-","-","-","-","-","-","-","-",902,"-","-","-","-","-","-","-","-","-","-","-","-","-","\SystemRoot\System32\config\DRIVERS",35,"-","-","-","-","-","-","-","-","-","-","-",20402,"-","-","-","-","-","-","-","-","-","-","-","-","-","-","-","-","-","-","-","-","-","-","-","-","-","-","-","-","-","-","-","-","-","-","-","-","-","-","-","-","-","-","-","-","-","-","-","-","-","-","-","-","-","-","-","-","-","-","-","-","-","-","-","-","-",16,"-","-","-",Info,4,296,"{a68ca8b7-004f-d7b6-a698-07e2de0f1f5d}","Microsoft-Windows-Kernel-General",1131,None,"NT AUTHORITY","S-1-5-18",SYSTEM,User,"-"
"Oct 9, 2022 @ 03:43:10.490",JmDYuoMBv7QqA8hY9A17,".ds-winlogbeat-8.4.2-2022.09.27-000001","-","cf3699d7-5cb1-463f-a85f-a07c0632c54a","DESKTOP-STCA0K7","b5f6a7eb-024c-49d7-a722-2c9d1ee679a8","DESKTOP-STCA0K7",winlogbeat,"8.4.2","1.12.0","created-process",process,4688,"Oct 9, 2022 @ 03:45:30.931","Oct 9, 2022 @ 03:45:24.069",event,security,success,"Microsoft-Windows-Security-Auditing",start,"x86_64","DESKTOP-STCA0K7","3a59bcc1-dab3-4fea-87c6-2dbb28db6023","fe80::d09e:33bc:93fc:2ba7, 10.0.2.15, fe80::bd6f:3885:d011:5ab0, 192.168.50.7","08:00:27:7c:f3:ae, 08:00:27:e4:bd:9d","DESKTOP-STCA0K7","19044.1889",windows,"10.0.19041.1889 (WinBuild.160101.0800)","Windows 10 Enterprise Evaluation","Windows 10 Enterprise Evaluation",windows,windows,"10.0",information,"A new process has been created.

Creator Subject:
	Security ID:		S-1-5-18
	Account Name:		-
	Account Domain:		-
	Logon ID:		0x3E7

Target Subject:
	Security ID:		S-1-0-0
	Account Name:		-
	Account Domain:		-
	Logon ID:		0x0

Process Information:
	New Process ID:		0x180
	New Process Name:	C:\Windows\System32\autochk.exe
	Token Elevation Type:	%%1936
	Mandatory Label:		S-1-16-16384
	Creator Process ID:	0x160
	Creator Process Name:	C:\Windows\System32\smss.exe
	Process Command Line:	

Token Elevation Type indicates the type of token that was assigned to the new process in accordance with User Account Control policy.

Type 1 is a full token with no privileges removed or groups disabled.  A full token is only used if User Account Control is disabled or if the user is the built-in Administrator account or a service account.

Type 2 is an elevated token with no privileges removed or groups disabled.  An elevated token is used when User Account Control is enabled and the user chooses to start the program using Run as administrator.  An elevated token is also used when an application is configured to always require administrative privilege or to always require maximum privilege, and the user is a member of the Administrators group.

Type 3 is a limited token with administrative privileges removed and administrative groups disabled.  The limited token is used when User Account Control is enabled, the application does not require administrative privilege, and the user does not choose to start the program using Run as administrator.","C:\Windows\System32\autochk.exe","C:\Windows\System32\autochk.exe","autochk.exe","autochk.exe","C:\Windows\System32\smss.exe","C:\Windows\System32\smss.exe","smss.exe","smss.exe",352,384,"-","-","-","-","S-1-0-0","-","-","S-1-5-18","-","-","-",wineventlog,Security,"DESKTOP-STCA0K7","-","-","-","-","-","-","-","-","-","-","-","-","-","-","-","-","-","-","-","-","-","-","-","-","-","-","-","-","-","-","-","-","-","-","-","-","-","-","-","-","-","-","-","-","-","-","-","-","-","-","-","-","-","-","-","-","-","-","-","S-1-16-16384","-","-","-","-","-","-","-","-","-","-","-","-",0x160,"-","-","-","-","-","-","-","-","-","-","-","-",0x3e7,"-","S-1-5-18","-","-","-","-",0x0,"-","-","-","-","-","-","S-1-0-0","-","-","%%1936","-","-","-","-","-","-","-","-","-","-","-","-",4688,"Audit Success",0x3e7,"-",Info,4,300,"{54849625-5478-4994-a5ba-3e3b0328c30d}","Microsoft-Windows-Security-Auditing",17825,"Process Creation","-","-","-","-",2
"Oct 9, 2022 @ 03:43:08.279","OmDYuoMBv7QqA8hY-Q6I",".ds-winlogbeat-8.4.2-2022.09.27-000001","-","cf3699d7-5cb1-463f-a85f-a07c0632c54a","DESKTOP-STCA0K7","b5f6a7eb-024c-49d7-a722-2c9d1ee679a8","DESKTOP-STCA0K7",winlogbeat,"8.4.2","8.0.0",Summary2,"-",55,"Oct 9, 2022 @ 03:45:31.876","Oct 9, 2022 @ 03:45:25.382",event,"-","-","Microsoft-Windows-Kernel-Processor-Power","-","x86_64","DESKTOP-STCA0K7","3a59bcc1-dab3-4fea-87c6-2dbb28db6023","fe80::d09e:33bc:93fc:2ba7, 10.0.2.15, fe80::bd6f:3885:d011:5ab0, 192.168.50.7","08:00:27:7c:f3:ae, 08:00:27:e4:bd:9d","DESKTOP-STCA0K7","19044.1889",windows,"10.0.19041.1889 (WinBuild.160101.0800)","Windows 10 Enterprise Evaluation","Windows 10 Enterprise Evaluation",windows,windows,"10.0",information,"Processor 1 in group 0 exposes the following power management capabilities:

Idle state type: ACPI Idle (C) States (1 state(s))

Performance state type: None
Nominal Frequency (MHz): 3493
Maximum performance percentage: 100
Minimum performance percentage: 100
Minimum throttle percentage: 100","-","-","-","-","-","-","-","-","-","-","-","-","-","-","-","-","-","-","-","-","-",wineventlog,System,"DESKTOP-STCA0K7","-","-","-","-","-","-","-","-","-","-","-","-","-","-","-","-","-","-","-","-","-","-","-","-","-","-","-","-","-","-","-","-","-","-","-",0,"-","-","-","-","-",1,1,"-","-","-","-","-","-","-","-","-","-","-","-","-","-","-","-","-",100,"-","-",100,100,"-","-",3493,1,"-",0,"-","-","-","-","-","-","-","-","-","-","-","-","-","-","-","-","-","-","-","-","-","-","-","-","-","-","-","-","-","-","-","-","-","-","-","-","-","-","-","-","-","-","-","-",55,"-","-","-",Info,4,300,"{0f67e49f-fe51-4e9f-b490-6f2948cc6027}","Microsoft-Windows-Kernel-Processor-Power",1130,Summary2,"NT AUTHORITY","S-1-5-18",SYSTEM,User,"-"
"Oct 9, 2022 @ 03:43:08.214","OWDYuoMBv7QqA8hY-Q6I",".ds-winlogbeat-8.4.2-2022.09.27-000001","-","cf3699d7-5cb1-463f-a85f-a07c0632c54a","DESKTOP-STCA0K7","b5f6a7eb-024c-49d7-a722-2c9d1ee679a8","DESKTOP-STCA0K7",winlogbeat,"8.4.2","8.0.0",Summary2,"-",55,"Oct 9, 2022 @ 03:45:31.876","Oct 9, 2022 @ 03:45:25.382",event,"-","-","Microsoft-Windows-Kernel-Processor-Power","-","x86_64","DESKTOP-STCA0K7","3a59bcc1-dab3-4fea-87c6-2dbb28db6023","fe80::d09e:33bc:93fc:2ba7, 10.0.2.15, fe80::bd6f:3885:d011:5ab0, 192.168.50.7","08:00:27:7c:f3:ae, 08:00:27:e4:bd:9d","DESKTOP-STCA0K7","19044.1889",windows,"10.0.19041.1889 (WinBuild.160101.0800)","Windows 10 Enterprise Evaluation","Windows 10 Enterprise Evaluation",windows,windows,"10.0",information,"Processor 0 in group 0 exposes the following power management capabilities:

Idle state type: ACPI Idle (C) States (1 state(s))

Performance state type: None
Nominal Frequency (MHz): 3493
Maximum performance percentage: 100
Minimum performance percentage: 100
Minimum throttle percentage: 100","-","-","-","-","-","-","-","-","-","-","-","-","-","-","-","-","-","-","-","-","-",wineventlog,System,"DESKTOP-STCA0K7","-","-","-","-","-","-","-","-","-","-","-","-","-","-","-","-","-","-","-","-","-","-","-","-","-","-","-","-","-","-","-","-","-","-","-",0,"-","-","-","-","-",1,1,"-","-","-","-","-","-","-","-","-","-","-","-","-","-","-","-","-",100,"-","-",100,100,"-","-",3493,0,"-",0,"-","-","-","-","-","-","-","-","-","-","-","-","-","-","-","-","-","-","-","-","-","-","-","-","-","-","-","-","-","-","-","-","-","-","-","-","-","-","-","-","-","-","-","-",55,"-","-","-",Info,4,300,"{0f67e49f-fe51-4e9f-b490-6f2948cc6027}","Microsoft-Windows-Kernel-Processor-Power",1129,Summary2,"NT AUTHORITY","S-1-5-18",SYSTEM,User,"-"
"Oct 9, 2022 @ 03:43:05.408",JWDYuoMBv7QqA8hY9A17,".ds-winlogbeat-8.4.2-2022.09.27-000001","-","cf3699d7-5cb1-463f-a85f-a07c0632c54a","DESKTOP-STCA0K7","b5f6a7eb-024c-49d7-a722-2c9d1ee679a8","DESKTOP-STCA0K7",winlogbeat,"8.4.2","1.12.0","created-process",process,4688,"Oct 9, 2022 @ 03:45:30.931","Oct 9, 2022 @ 03:45:24.068",event,security,success,"Microsoft-Windows-Security-Auditing",start,"x86_64","DESKTOP-STCA0K7","3a59bcc1-dab3-4fea-87c6-2dbb28db6023","fe80::d09e:33bc:93fc:2ba7, 10.0.2.15, fe80::bd6f:3885:d011:5ab0, 192.168.50.7","08:00:27:7c:f3:ae, 08:00:27:e4:bd:9d","DESKTOP-STCA0K7","19044.1889",windows,"10.0.19041.1889 (WinBuild.160101.0800)","Windows 10 Enterprise Evaluation","Windows 10 Enterprise Evaluation",windows,windows,"10.0",information,"A new process has been created.

Creator Subject:
	Security ID:		S-1-5-18
	Account Name:		-
	Account Domain:		-
	Logon ID:		0x3E7

Target Subject:
	Security ID:		S-1-0-0
	Account Name:		-
	Account Domain:		-
	Logon ID:		0x0

Process Information:
	New Process ID:		0x160
	New Process Name:	C:\Windows\System32\smss.exe
	Token Elevation Type:	%%1936
	Mandatory Label:		S-1-16-16384
	Creator Process ID:	0x4
	Creator Process Name:	
	Process Command Line:	

Token Elevation Type indicates the type of token that was assigned to the new process in accordance with User Account Control policy.

Type 1 is a full token with no privileges removed or groups disabled.  A full token is only used if User Account Control is disabled or if the user is the built-in Administrator account or a service account.

Type 2 is an elevated token with no privileges removed or groups disabled.  An elevated token is used when User Account Control is enabled and the user chooses to start the program using Run as administrator.  An elevated token is also used when an application is configured to always require administrative privilege or to always require maximum privilege, and the user is a member of the Administrators group.

Type 3 is a limited token with administrative privileges removed and administrative groups disabled.  The limited token is used when User Account Control is enabled, the application does not require administrative privilege, and the user does not choose to start the program using Run as administrator.","C:\Windows\System32\smss.exe","C:\Windows\System32\smss.exe","smss.exe","smss.exe","-","-","-","-",4,352,"-","-","-","-","S-1-0-0","-","-","S-1-5-18","-","-","-",wineventlog,Security,"DESKTOP-STCA0K7","-","-","-","-","-","-","-","-","-","-","-","-","-","-","-","-","-","-","-","-","-","-","-","-","-","-","-","-","-","-","-","-","-","-","-","-","-","-","-","-","-","-","-","-","-","-","-","-","-","-","-","-","-","-","-","-","-","-","-","S-1-16-16384","-","-","-","-","-","-","-","-","-","-","-","-",0x4,"-","-","-","-","-","-","-","-","-","-","-","-",0x3e7,"-","S-1-5-18","-","-","-","-",0x0,"-","-","-","-","-","-","S-1-0-0","-","-","%%1936","-","-","-","-","-","-","-","-","-","-","-","-",4688,"Audit Success",0x3e7,"-",Info,4,112,"{54849625-5478-4994-a5ba-3e3b0328c30d}","Microsoft-Windows-Security-Auditing",17824,"Process Creation","-","-","-","-",2
"Oct 9, 2022 @ 03:43:05.391",I2DYuoMBv7QqA8hY9A17,".ds-winlogbeat-8.4.2-2022.09.27-000001","-","cf3699d7-5cb1-463f-a85f-a07c0632c54a","DESKTOP-STCA0K7","b5f6a7eb-024c-49d7-a722-2c9d1ee679a8","DESKTOP-STCA0K7",winlogbeat,"8.4.2","1.12.0","Process Creation","-",4696,"Oct 9, 2022 @ 03:45:30.931","Oct 9, 2022 @ 03:45:24.066",event,security,success,"Microsoft-Windows-Security-Auditing","-","x86_64","DESKTOP-STCA0K7","3a59bcc1-dab3-4fea-87c6-2dbb28db6023","fe80::d09e:33bc:93fc:2ba7, 10.0.2.15, fe80::bd6f:3885:d011:5ab0, 192.168.50.7","08:00:27:7c:f3:ae, 08:00:27:e4:bd:9d","DESKTOP-STCA0K7","19044.1889",windows,"10.0.19041.1889 (WinBuild.160101.0800)","Windows 10 Enterprise Evaluation","Windows 10 Enterprise Evaluation",windows,windows,"10.0",information,"A primary token was assigned to process.

Subject:
	Security ID:		S-1-5-18
	Account Name:		-
	Account Domain:		-
	Logon ID:		0x3E7

Process Information:
	Process ID:	0x4
	Process Name:	

Target Process:
	Target Process ID:	0x5c
	Target Process Name:	Registry

New Token Information:
	Security ID:		S-1-0-0
	Account Name:		-
	Account Domain:		-
	Logon ID:		0x3E7","-","-","-","-","-","-","-","-","-","-","-","-","-","-","-","-","-","-","-","-","-",wineventlog,Security,"DESKTOP-STCA0K7","-","-","-","-","-","-","-","-","-","-","-","-","-","-","-","-","-","-","-","-","-","-","-","-","-","-","-","-","-","-","-","-","-","-","-","-","-","-","-","-","-","-","-","-","-","-","-","-","-","-","-","-","-","-","-","-","-","-","-","-","-","-","-","-","-","-","-","-","-","-","-","-",0x4,"-","-","-","-","-","-","-","-","-","-","-","-",0x3e7,"-","S-1-5-18","-","-","-","-",0x3e7,"-","-",0x5c,Registry,"-","-","S-1-0-0","-","-","-","-","-","-","-","-","-","-","-","-","-","-","-",4696,"Audit Success",0x3e7,"-",Info,4,32,"{54849625-5478-4994-a5ba-3e3b0328c30d}","Microsoft-Windows-Security-Auditing",17822,"Process Creation","-","-","-","-","-"
"Oct 9, 2022 @ 03:43:05.391",JGDYuoMBv7QqA8hY9A17,".ds-winlogbeat-8.4.2-2022.09.27-000001","-","cf3699d7-5cb1-463f-a85f-a07c0632c54a","DESKTOP-STCA0K7","b5f6a7eb-024c-49d7-a722-2c9d1ee679a8","DESKTOP-STCA0K7",winlogbeat,"8.4.2","1.12.0","Other Policy Change Events","-",4826,"Oct 9, 2022 @ 03:45:30.931","Oct 9, 2022 @ 03:45:24.067",event,security,success,"Microsoft-Windows-Security-Auditing","-","x86_64","DESKTOP-STCA0K7","3a59bcc1-dab3-4fea-87c6-2dbb28db6023","fe80::d09e:33bc:93fc:2ba7, 10.0.2.15, fe80::bd6f:3885:d011:5ab0, 192.168.50.7","08:00:27:7c:f3:ae, 08:00:27:e4:bd:9d","DESKTOP-STCA0K7","19044.1889",windows,"10.0.19041.1889 (WinBuild.160101.0800)","Windows 10 Enterprise Evaluation","Windows 10 Enterprise Evaluation",windows,windows,"10.0",information,"Boot Configuration Data loaded.

Subject:
	Security ID:		S-1-5-18
	Account Name:		-
	Account Domain:		-
	Logon ID:		0x3E7

General Settings:
	Load Options:		-
	Advanced Options:		No
	Configuration Access Policy:	Default
	System Event Logging:	No
	Kernel Debugging:	No
	VSM Launch Type:	Off

Signature Settings:
	Test Signing:		No
	Flight Signing:		No
	Disable Integrity Checks:	No

HyperVisor Settings:
	HyperVisor Load Options:	-
	HyperVisor Launch Type:	Off
	HyperVisor Debugging:	No","-","-","-","-","-","-","-","-","-","-","-","-","-","-","-","-","-","-","-","-","-",wineventlog,Security,"DESKTOP-STCA0K7","%%1843","-","-","-","-","-","-","-","-","-","%%1846","-","-","-","-","-","-","-","-","-","-","-","-","%%1843","-","-","-","-","-","-","-","-","-","-","%%1843","-","-","-","%%1843","%%1848","-","-","-","-","-","-","-","%%1843","-","-","-","-","-","-","-","-","-","-","-","-","-","-","-","-","-","-","-","-","-","-","-","-","-","-","-","-","-","-","%%1843","-","-","-","-","-","-",0x3e7,"-","S-1-5-18","-","-","-","-","-","-","-","-","-","-","-","-","%%1843","-","-","-","-","-","%%1848","-","-","-","-","-","-","-","-",4826,"Audit Success",0x3e7,"-",Info,4,32,"{54849625-5478-4994-a5ba-3e3b0328c30d}","Microsoft-Windows-Security-Auditing",17823,"Other Policy Change Events","-","-","-","-","-"
"Oct 9, 2022 @ 03:43:05.390",ImDYuoMBv7QqA8hY9A17,".ds-winlogbeat-8.4.2-2022.09.27-000001","-","cf3699d7-5cb1-463f-a85f-a07c0632c54a","DESKTOP-STCA0K7","b5f6a7eb-024c-49d7-a722-2c9d1ee679a8","DESKTOP-STCA0K7",winlogbeat,"8.4.2","1.12.0","created-process",process,4688,"Oct 9, 2022 @ 03:45:30.930","Oct 9, 2022 @ 03:45:24.061",event,security,success,"Microsoft-Windows-Security-Auditing",start,"x86_64","DESKTOP-STCA0K7","3a59bcc1-dab3-4fea-87c6-2dbb28db6023","fe80::d09e:33bc:93fc:2ba7, 10.0.2.15, fe80::bd6f:3885:d011:5ab0, 192.168.50.7","08:00:27:7c:f3:ae, 08:00:27:e4:bd:9d","DESKTOP-STCA0K7","19044.1889",windows,"10.0.19041.1889 (WinBuild.160101.0800)","Windows 10 Enterprise Evaluation","Windows 10 Enterprise Evaluation",windows,windows,"10.0",information,"A new process has been created.

Creator Subject:
	Security ID:		S-1-5-18
	Account Name:		-
