"Oct 9, 2022 @ 03:52:20.855",xGDfuoMBv7QqA8hYSxeU,".ds-winlogbeat-8.4.2-2022.09.27-000001","-","cf3699d7-5cb1-463f-a85f-a07c0632c54a","DESKTOP-STCA0K7","b5f6a7eb-024c-49d7-a722-2c9d1ee679a8","DESKTOP-STCA0K7",winlogbeat,"8.4.2","8.0.0",None,"-",16394,"Oct 9, 2022 @ 03:52:21.465","Oct 9, 2022 @ 03:52:19.600",event,"-","-","Microsoft-Windows-Security-SPP","-","-","-","-","-","x86_64","DESKTOP-STCA0K7","3a59bcc1-dab3-4fea-87c6-2dbb28db6023","fe80::d09e:33bc:93fc:2ba7, 10.0.2.15, fe80::bd6f:3885:d011:5ab0, 192.168.50.7","08:00:27:7c:f3:ae, 08:00:27:e4:bd:9d","DESKTOP-STCA0K7","19044.1889",windows,"10.0.19041.1889 (WinBuild.160101.0800)","Windows 10 Enterprise Evaluation","Windows 10 Enterprise Evaluation",windows,windows,"10.0",information,"Offline downlevel migration succeeded.","-","-","-","-","-","-","-","-","-","-","-","-","-","-","-","-","-","-","-","-","-","-","-","-","-","-","-","-","-","-","-","-","-","-","-","-","-",wineventlog,Application,"DESKTOP-STCA0K7","-","-","-","-","-","-","-","-","-","-","-","-","-","-","-","-","-","-","-","-","-","-","-","-","-","-","-","-","-","-","-","-","-","-","-","-","-","-","-","-","-","-","-","-","-","-","-","-","-","-","-","-","-","-","-","-","-","-","-","-","-","-","-","-","-","-","-","-","-","-","-","-","-","-","-",16394,Classic,"-","-",Info,"-","-","{E23B33B0-C8C9-472C-A5F9-F2BDFEA0F156}","Microsoft-Windows-Security-SPP",723,None,"-","-","-","-","-"
"Oct 9, 2022 @ 03:52:20.654",0mDfuoMBv7QqA8hYSxeU,".ds-winlogbeat-8.4.2-2022.09.27-000001","-","cf3699d7-5cb1-463f-a85f-a07c0632c54a","DESKTOP-STCA0K7","b5f6a7eb-024c-49d7-a722-2c9d1ee679a8","DESKTOP-STCA0K7",winlogbeat,"8.4.2","1.12.0","User Account Management","-",5379,"Oct 9, 2022 @ 03:52:22.292","Oct 9, 2022 @ 03:52:19.603",event,security,success,"Microsoft-Windows-Security-Auditing","-","-","-","-","-","x86_64","DESKTOP-STCA0K7","3a59bcc1-dab3-4fea-87c6-2dbb28db6023","fe80::d09e:33bc:93fc:2ba7, 10.0.2.15, fe80::bd6f:3885:d011:5ab0, 192.168.50.7","08:00:27:7c:f3:ae, 08:00:27:e4:bd:9d","DESKTOP-STCA0K7","19044.1889",windows,"10.0.19041.1889 (WinBuild.160101.0800)","Windows 10 Enterprise Evaluation","Windows 10 Enterprise Evaluation",windows,windows,"10.0",information,"Credential Manager credentials were read.

Subject:
	Security ID:		S-1-5-21-649547591-3208838763-4175416709-1001
	Account Name:		vagrant
	Account Domain:		DESKTOP-STCA0K7
	Logon ID:		0x40914
	Read Operation:		Enumerate Credentials

This event occurs when a user performs a read operation on stored credentials in Credential Manager.","-","-","-","-","-","-","-","-","-","-","-","-","-","-","-","-","-","-","-","-","-","-","-","-","-","-","-","-","-","-","-","-","-","-","-","-","{3235c46a-db91-0000-adc4-353291dbd801}",wineventlog,Security,"DESKTOP-STCA0K7","-","-","-","-","-","-",2252,0,"-","-","-","-","-","-","-","-","-","-","-","-","-","-","-","-","-","-","-","-","-","-","-","2022-10-09T03:52:20.5601507Z","-","%%8100","-","-",3221226021,"-","-","DESKTOP-STCA0K7",0x40914,vagrant,"S-1-5-21-649547591-3208838763-4175416709-1001","-","-","-","-","-","-","WindowsLive:(token):name=02tqgncdqacyqnyx;serviceuri=*","-","-","-","-","-","-","-",0,"-","-","-","-","-","-","-","-","-","-","-","-","-","-","-","-","-",5379,"Audit Success",0x40914,"-",Info,664,"7,440","{54849625-5478-4994-a5ba-3e3b0328c30d}","Microsoft-Windows-Security-Auditing",18186,"User Account Management","-","-","-","-","-"
"Oct 9, 2022 @ 03:52:20.654",02DfuoMBv7QqA8hYSxeU,".ds-winlogbeat-8.4.2-2022.09.27-000001","-","cf3699d7-5cb1-463f-a85f-a07c0632c54a","DESKTOP-STCA0K7","b5f6a7eb-024c-49d7-a722-2c9d1ee679a8","DESKTOP-STCA0K7",winlogbeat,"8.4.2","1.12.0","User Account Management","-",5379,"Oct 9, 2022 @ 03:52:22.292","Oct 9, 2022 @ 03:52:19.603",event,security,success,"Microsoft-Windows-Security-Auditing","-","-","-","-","-","x86_64","DESKTOP-STCA0K7","3a59bcc1-dab3-4fea-87c6-2dbb28db6023","fe80::d09e:33bc:93fc:2ba7, 10.0.2.15, fe80::bd6f:3885:d011:5ab0, 192.168.50.7","08:00:27:7c:f3:ae, 08:00:27:e4:bd:9d","DESKTOP-STCA0K7","19044.1889",windows,"10.0.19041.1889 (WinBuild.160101.0800)","Windows 10 Enterprise Evaluation","Windows 10 Enterprise Evaluation",windows,windows,"10.0",information,"Credential Manager credentials were read.

Subject:
	Security ID:		S-1-5-21-649547591-3208838763-4175416709-1001
	Account Name:		vagrant
	Account Domain:		DESKTOP-STCA0K7
	Logon ID:		0x40914
	Read Operation:		Enumerate Credentials

This event occurs when a user performs a read operation on stored credentials in Credential Manager.","-","-","-","-","-","-","-","-","-","-","-","-","-","-","-","-","-","-","-","-","-","-","-","-","-","-","-","-","-","-","-","-","-","-","-","-","{3235c46a-db91-0000-adc4-353291dbd801}",wineventlog,Security,"DESKTOP-STCA0K7","-","-","-","-","-","-",2252,0,"-","-","-","-","-","-","-","-","-","-","-","-","-","-","-","-","-","-","-","-","-","-","-","2022-10-09T03:52:20.5601507Z","-","%%8100","-","-",3221226021,"-","-","DESKTOP-STCA0K7",0x40914,vagrant,"S-1-5-21-649547591-3208838763-4175416709-1001","-","-","-","-","-","-","WindowsLive:(cert):name=02tqgncdqacyqnyx;serviceuri=*","-","-","-","-","-","-","-",0,"-","-","-","-","-","-","-","-","-","-","-","-","-","-","-","-","-",5379,"Audit Success",0x40914,"-",Info,664,"7,440","{54849625-5478-4994-a5ba-3e3b0328c30d}","Microsoft-Windows-Security-Auditing",18187,"User Account Management","-","-","-","-","-"
"Oct 9, 2022 @ 03:52:20.654",1GDfuoMBv7QqA8hYSxeU,".ds-winlogbeat-8.4.2-2022.09.27-000001","-","cf3699d7-5cb1-463f-a85f-a07c0632c54a","DESKTOP-STCA0K7","b5f6a7eb-024c-49d7-a722-2c9d1ee679a8","DESKTOP-STCA0K7",winlogbeat,"8.4.2","1.12.0","User Account Management","-",5379,"Oct 9, 2022 @ 03:52:22.292","Oct 9, 2022 @ 03:52:19.603",event,security,success,"Microsoft-Windows-Security-Auditing","-","-","-","-","-","x86_64","DESKTOP-STCA0K7","3a59bcc1-dab3-4fea-87c6-2dbb28db6023","fe80::d09e:33bc:93fc:2ba7, 10.0.2.15, fe80::bd6f:3885:d011:5ab0, 192.168.50.7","08:00:27:7c:f3:ae, 08:00:27:e4:bd:9d","DESKTOP-STCA0K7","19044.1889",windows,"10.0.19041.1889 (WinBuild.160101.0800)","Windows 10 Enterprise Evaluation","Windows 10 Enterprise Evaluation",windows,windows,"10.0",information,"Credential Manager credentials were read.

Subject:
	Security ID:		S-1-5-21-649547591-3208838763-4175416709-1001
	Account Name:		vagrant
	Account Domain:		DESKTOP-STCA0K7
	Logon ID:		0x40914
	Read Operation:		Enumerate Credentials

This event occurs when a user performs a read operation on stored credentials in Credential Manager.","-","-","-","-","-","-","-","-","-","-","-","-","-","-","-","-","-","-","-","-","-","-","-","-","-","-","-","-","-","-","-","-","-","-","-","-","{3235c46a-db91-0000-adc4-353291dbd801}",wineventlog,Security,"DESKTOP-STCA0K7","-","-","-","-","-","-",2252,1,"-","-","-","-","-","-","-","-","-","-","-","-","-","-","-","-","-","-","-","-","-","-","-","2022-10-09T03:52:20.5601507Z","-","%%8100","-","-",0,"-","-","DESKTOP-STCA0K7",0x40914,vagrant,"S-1-5-21-649547591-3208838763-4175416709-1001","-","-","-","-","-","-","WindowsLive:target=virtualapp/didlogical","-","-","-","-","-","-","-",0,"-","-","-","-","-","-","-","-","-","-","-","-","-","-","-","-","-",5379,"Audit Success",0x40914,"-",Info,664,"7,440","{54849625-5478-4994-a5ba-3e3b0328c30d}","Microsoft-Windows-Security-Auditing",18188,"User Account Management","-","-","-","-","-"
"Oct 9, 2022 @ 03:52:20.633",z2DfuoMBv7QqA8hYSxeU,".ds-winlogbeat-8.4.2-2022.09.27-000001","-","cf3699d7-5cb1-463f-a85f-a07c0632c54a","DESKTOP-STCA0K7","b5f6a7eb-024c-49d7-a722-2c9d1ee679a8","DESKTOP-STCA0K7",winlogbeat,"8.4.2","1.12.0","User Account Management","-",5379,"Oct 9, 2022 @ 03:52:22.292","Oct 9, 2022 @ 03:52:19.603",event,security,success,"Microsoft-Windows-Security-Auditing","-","-","-","-","-","x86_64","DESKTOP-STCA0K7","3a59bcc1-dab3-4fea-87c6-2dbb28db6023","fe80::d09e:33bc:93fc:2ba7, 10.0.2.15, fe80::bd6f:3885:d011:5ab0, 192.168.50.7","08:00:27:7c:f3:ae, 08:00:27:e4:bd:9d","DESKTOP-STCA0K7","19044.1889",windows,"10.0.19041.1889 (WinBuild.160101.0800)","Windows 10 Enterprise Evaluation","Windows 10 Enterprise Evaluation",windows,windows,"10.0",information,"Credential Manager credentials were read.

Subject:
	Security ID:		S-1-5-18
	Account Name:		DESKTOP-STCA0K7$
	Account Domain:		WORKGROUP
	Logon ID:		0x3E7
	Read Operation:		Enumerate Credentials

This event occurs when a user performs a read operation on stored credentials in Credential Manager.","-","-","-","-","-","-","-","-","-","-","-","-","-","-","-","-","-","-","-","-","-","-","-","-","-","-","-","-","-","-","-","-","-","-","-","-","{3235c46a-db91-0000-adc4-353291dbd801}",wineventlog,Security,"DESKTOP-STCA0K7","-","-","-","-","-","-",2252,0,"-","-","-","-","-","-","-","-","-","-","-","-","-","-","-","-","-","-","-","-","-","-","-","2022-10-09T03:52:20.5601507Z","-","%%8100","-","-",3221226021,"-","-",WORKGROUP,0x3e7,"DESKTOP-STCA0K7$","S-1-5-18","-","-","-","-","-","-","MicrosoftAccount:user=02xhylqaqtcojdtk","-","-","-","-","-","-","-",0,"-","-","-","-","-","-","-","-","-","-","-","-","-","-","-","-","-",5379,"Audit Success",0x3e7,"-",Info,664,708,"{54849625-5478-4994-a5ba-3e3b0328c30d}","Microsoft-Windows-Security-Auditing",18183,"User Account Management","-","-","-","-","-"
"Oct 9, 2022 @ 03:52:20.633",0GDfuoMBv7QqA8hYSxeU,".ds-winlogbeat-8.4.2-2022.09.27-000001","-","cf3699d7-5cb1-463f-a85f-a07c0632c54a","DESKTOP-STCA0K7","b5f6a7eb-024c-49d7-a722-2c9d1ee679a8","DESKTOP-STCA0K7",winlogbeat,"8.4.2","1.12.0","User Account Management","-",5379,"Oct 9, 2022 @ 03:52:22.292","Oct 9, 2022 @ 03:52:19.603",event,security,success,"Microsoft-Windows-Security-Auditing","-","-","-","-","-","x86_64","DESKTOP-STCA0K7","3a59bcc1-dab3-4fea-87c6-2dbb28db6023","fe80::d09e:33bc:93fc:2ba7, 10.0.2.15, fe80::bd6f:3885:d011:5ab0, 192.168.50.7","08:00:27:7c:f3:ae, 08:00:27:e4:bd:9d","DESKTOP-STCA0K7","19044.1889",windows,"10.0.19041.1889 (WinBuild.160101.0800)","Windows 10 Enterprise Evaluation","Windows 10 Enterprise Evaluation",windows,windows,"10.0",information,"Credential Manager credentials were read.

Subject:
	Security ID:		S-1-5-18
	Account Name:		DESKTOP-STCA0K7$
	Account Domain:		WORKGROUP
	Logon ID:		0x3E7
	Read Operation:		Enumerate Credentials

This event occurs when a user performs a read operation on stored credentials in Credential Manager.","-","-","-","-","-","-","-","-","-","-","-","-","-","-","-","-","-","-","-","-","-","-","-","-","-","-","-","-","-","-","-","-","-","-","-","-","{3235c46a-db91-0000-adc4-353291dbd801}",wineventlog,Security,"DESKTOP-STCA0K7","-","-","-","-","-","-",2252,0,"-","-","-","-","-","-","-","-","-","-","-","-","-","-","-","-","-","-","-","-","-","-","-","2022-10-09T03:52:20.5601507Z","-","%%8100","-","-",3221226021,"-","-",WORKGROUP,0x3e7,"DESKTOP-STCA0K7$","S-1-5-18","-","-","-","-","-","-","WindowsLive:(token):name=02xhylqaqtcojdtk;serviceuri=*","-","-","-","-","-","-","-",0,"-","-","-","-","-","-","-","-","-","-","-","-","-","-","-","-","-",5379,"Audit Success",0x3e7,"-",Info,664,708,"{54849625-5478-4994-a5ba-3e3b0328c30d}","Microsoft-Windows-Security-Auditing",18184,"User Account Management","-","-","-","-","-"
"Oct 9, 2022 @ 03:52:20.633",0WDfuoMBv7QqA8hYSxeU,".ds-winlogbeat-8.4.2-2022.09.27-000001","-","cf3699d7-5cb1-463f-a85f-a07c0632c54a","DESKTOP-STCA0K7","b5f6a7eb-024c-49d7-a722-2c9d1ee679a8","DESKTOP-STCA0K7",winlogbeat,"8.4.2","1.12.0","User Account Management","-",5379,"Oct 9, 2022 @ 03:52:22.292","Oct 9, 2022 @ 03:52:19.603",event,security,success,"Microsoft-Windows-Security-Auditing","-","-","-","-","-","x86_64","DESKTOP-STCA0K7","3a59bcc1-dab3-4fea-87c6-2dbb28db6023","fe80::d09e:33bc:93fc:2ba7, 10.0.2.15, fe80::bd6f:3885:d011:5ab0, 192.168.50.7","08:00:27:7c:f3:ae, 08:00:27:e4:bd:9d","DESKTOP-STCA0K7","19044.1889",windows,"10.0.19041.1889 (WinBuild.160101.0800)","Windows 10 Enterprise Evaluation","Windows 10 Enterprise Evaluation",windows,windows,"10.0",information,"Credential Manager credentials were read.

Subject:
	Security ID:		S-1-5-18
	Account Name:		DESKTOP-STCA0K7$
	Account Domain:		WORKGROUP
	Logon ID:		0x3E7
	Read Operation:		Enumerate Credentials

This event occurs when a user performs a read operation on stored credentials in Credential Manager.","-","-","-","-","-","-","-","-","-","-","-","-","-","-","-","-","-","-","-","-","-","-","-","-","-","-","-","-","-","-","-","-","-","-","-","-","{3235c46a-db91-0000-adc4-353291dbd801}",wineventlog,Security,"DESKTOP-STCA0K7","-","-","-","-","-","-",2252,0,"-","-","-","-","-","-","-","-","-","-","-","-","-","-","-","-","-","-","-","-","-","-","-","2022-10-09T03:52:20.5601507Z","-","%%8100","-","-",3221226021,"-","-",WORKGROUP,0x3e7,"DESKTOP-STCA0K7$","S-1-5-18","-","-","-","-","-","-","WindowsLive:(cert):name=02xhylqaqtcojdtk;serviceuri=*","-","-","-","-","-","-","-",0,"-","-","-","-","-","-","-","-","-","-","-","-","-","-","-","-","-",5379,"Audit Success",0x3e7,"-",Info,664,708,"{54849625-5478-4994-a5ba-3e3b0328c30d}","Microsoft-Windows-Security-Auditing",18185,"User Account Management","-","-","-","-","-"
"Oct 9, 2022 @ 03:52:20.631",zGDfuoMBv7QqA8hYSxeU,".ds-winlogbeat-8.4.2-2022.09.27-000001","-","cf3699d7-5cb1-463f-a85f-a07c0632c54a","DESKTOP-STCA0K7","b5f6a7eb-024c-49d7-a722-2c9d1ee679a8","DESKTOP-STCA0K7",winlogbeat,"8.4.2","1.12.0","User Account Management","-",5379,"Oct 9, 2022 @ 03:52:22.292","Oct 9, 2022 @ 03:52:19.602",event,security,success,"Microsoft-Windows-Security-Auditing","-","-","-","-","-","x86_64","DESKTOP-STCA0K7","3a59bcc1-dab3-4fea-87c6-2dbb28db6023","fe80::d09e:33bc:93fc:2ba7, 10.0.2.15, fe80::bd6f:3885:d011:5ab0, 192.168.50.7","08:00:27:7c:f3:ae, 08:00:27:e4:bd:9d","DESKTOP-STCA0K7","19044.1889",windows,"10.0.19041.1889 (WinBuild.160101.0800)","Windows 10 Enterprise Evaluation","Windows 10 Enterprise Evaluation",windows,windows,"10.0",information,"Credential Manager credentials were read.

Subject:
	Security ID:		S-1-5-18
	Account Name:		DESKTOP-STCA0K7$
	Account Domain:		WORKGROUP
	Logon ID:		0x3E7
	Read Operation:		Enumerate Credentials

This event occurs when a user performs a read operation on stored credentials in Credential Manager.","-","-","-","-","-","-","-","-","-","-","-","-","-","-","-","-","-","-","-","-","-","-","-","-","-","-","-","-","-","-","-","-","-","-","-","-","{3235c46a-db91-0000-adc4-353291dbd801}",wineventlog,Security,"DESKTOP-STCA0K7","-","-","-","-","-","-",2252,0,"-","-","-","-","-","-","-","-","-","-","-","-","-","-","-","-","-","-","-","-","-","-","-","2022-10-09T03:52:20.5601507Z","-","%%8100","-","-",3221226021,"-","-",WORKGROUP,0x3e7,"DESKTOP-STCA0K7$","S-1-5-18","-","-","-","-","-","-","WindowsLive:(token):name=02xhylqaqtcojdtk;serviceuri=*","-","-","-","-","-","-","-",0,"-","-","-","-","-","-","-","-","-","-","-","-","-","-","-","-","-",5379,"Audit Success",0x3e7,"-",Info,664,708,"{54849625-5478-4994-a5ba-3e3b0328c30d}","Microsoft-Windows-Security-Auditing",18180,"User Account Management","-","-","-","-","-"
"Oct 9, 2022 @ 03:52:20.631",zWDfuoMBv7QqA8hYSxeU,".ds-winlogbeat-8.4.2-2022.09.27-000001","-","cf3699d7-5cb1-463f-a85f-a07c0632c54a","DESKTOP-STCA0K7","b5f6a7eb-024c-49d7-a722-2c9d1ee679a8","DESKTOP-STCA0K7",winlogbeat,"8.4.2","1.12.0","User Account Management","-",5379,"Oct 9, 2022 @ 03:52:22.292","Oct 9, 2022 @ 03:52:19.602",event,security,success,"Microsoft-Windows-Security-Auditing","-","-","-","-","-","x86_64","DESKTOP-STCA0K7","3a59bcc1-dab3-4fea-87c6-2dbb28db6023","fe80::d09e:33bc:93fc:2ba7, 10.0.2.15, fe80::bd6f:3885:d011:5ab0, 192.168.50.7","08:00:27:7c:f3:ae, 08:00:27:e4:bd:9d","DESKTOP-STCA0K7","19044.1889",windows,"10.0.19041.1889 (WinBuild.160101.0800)","Windows 10 Enterprise Evaluation","Windows 10 Enterprise Evaluation",windows,windows,"10.0",information,"Credential Manager credentials were read.

Subject:
	Security ID:		S-1-5-18
	Account Name:		DESKTOP-STCA0K7$
	Account Domain:		WORKGROUP
	Logon ID:		0x3E7
	Read Operation:		Enumerate Credentials

This event occurs when a user performs a read operation on stored credentials in Credential Manager.","-","-","-","-","-","-","-","-","-","-","-","-","-","-","-","-","-","-","-","-","-","-","-","-","-","-","-","-","-","-","-","-","-","-","-","-","{3235c46a-db91-0000-adc4-353291dbd801}",wineventlog,Security,"DESKTOP-STCA0K7","-","-","-","-","-","-",2252,0,"-","-","-","-","-","-","-","-","-","-","-","-","-","-","-","-","-","-","-","-","-","-","-","2022-10-09T03:52:20.5601507Z","-","%%8100","-","-",3221226021,"-","-",WORKGROUP,0x3e7,"DESKTOP-STCA0K7$","S-1-5-18","-","-","-","-","-","-","WindowsLive:(cert):name=02xhylqaqtcojdtk;serviceuri=*","-","-","-","-","-","-","-",0,"-","-","-","-","-","-","-","-","-","-","-","-","-","-","-","-","-",5379,"Audit Success",0x3e7,"-",Info,664,708,"{54849625-5478-4994-a5ba-3e3b0328c30d}","Microsoft-Windows-Security-Auditing",18181,"User Account Management","-","-","-","-","-"
"Oct 9, 2022 @ 03:52:20.631",zmDfuoMBv7QqA8hYSxeU,".ds-winlogbeat-8.4.2-2022.09.27-000001","-","cf3699d7-5cb1-463f-a85f-a07c0632c54a","DESKTOP-STCA0K7","b5f6a7eb-024c-49d7-a722-2c9d1ee679a8","DESKTOP-STCA0K7",winlogbeat,"8.4.2","1.12.0","User Account Management","-",5379,"Oct 9, 2022 @ 03:52:22.292","Oct 9, 2022 @ 03:52:19.602",event,security,success,"Microsoft-Windows-Security-Auditing","-","-","-","-","-","x86_64","DESKTOP-STCA0K7","3a59bcc1-dab3-4fea-87c6-2dbb28db6023","fe80::d09e:33bc:93fc:2ba7, 10.0.2.15, fe80::bd6f:3885:d011:5ab0, 192.168.50.7","08:00:27:7c:f3:ae, 08:00:27:e4:bd:9d","DESKTOP-STCA0K7","19044.1889",windows,"10.0.19041.1889 (WinBuild.160101.0800)","Windows 10 Enterprise Evaluation","Windows 10 Enterprise Evaluation",windows,windows,"10.0",information,"Credential Manager credentials were read.

Subject:
	Security ID:		S-1-5-18
	Account Name:		DESKTOP-STCA0K7$
	Account Domain:		WORKGROUP
	Logon ID:		0x3E7
	Read Operation:		Enumerate Credentials

This event occurs when a user performs a read operation on stored credentials in Credential Manager.","-","-","-","-","-","-","-","-","-","-","-","-","-","-","-","-","-","-","-","-","-","-","-","-","-","-","-","-","-","-","-","-","-","-","-","-","{3235c46a-db91-0000-adc4-353291dbd801}",wineventlog,Security,"DESKTOP-STCA0K7","-","-","-","-","-","-",2252,1,"-","-","-","-","-","-","-","-","-","-","-","-","-","-","-","-","-","-","-","-","-","-","-","2022-10-09T03:52:20.5601507Z","-","%%8100","-","-",0,"-","-",WORKGROUP,0x3e7,"DESKTOP-STCA0K7$","S-1-5-18","-","-","-","-","-","-","WindowsLive:target=virtualapp/didlogical","-","-","-","-","-","-","-",0,"-","-","-","-","-","-","-","-","-","-","-","-","-","-","-","-","-",5379,"Audit Success",0x3e7,"-",Info,664,708,"{54849625-5478-4994-a5ba-3e3b0328c30d}","Microsoft-Windows-Security-Auditing",18182,"User Account Management","-","-","-","-","-"
"Oct 9, 2022 @ 03:52:20.558",ymDfuoMBv7QqA8hYSxeU,".ds-winlogbeat-8.4.2-2022.09.27-000001","-","cf3699d7-5cb1-463f-a85f-a07c0632c54a","DESKTOP-STCA0K7","b5f6a7eb-024c-49d7-a722-2c9d1ee679a8","DESKTOP-STCA0K7",winlogbeat,"8.4.2","1.12.0","logged-in",authentication,4624,"Oct 9, 2022 @ 03:52:22.292","Oct 9, 2022 @ 03:52:19.601",event,security,success,"Microsoft-Windows-Security-Auditing","-",start,"-","-","-","x86_64","DESKTOP-STCA0K7","3a59bcc1-dab3-4fea-87c6-2dbb28db6023","fe80::d09e:33bc:93fc:2ba7, 10.0.2.15, fe80::bd6f:3885:d011:5ab0, 192.168.50.7","08:00:27:7c:f3:ae, 08:00:27:e4:bd:9d","DESKTOP-STCA0K7","19044.1889",windows,"10.0.19041.1889 (WinBuild.160101.0800)","Windows 10 Enterprise Evaluation","Windows 10 Enterprise Evaluation",windows,windows,"10.0",information,"An account was successfully logged on.

Subject:
	Security ID:		S-1-5-18
	Account Name:		DESKTOP-STCA0K7$
	Account Domain:		WORKGROUP
	Logon ID:		0x3E7

Logon Information:
	Logon Type:		5
	Restricted Admin Mode:	-
	Virtual Account:		No
	Elevated Token:		Yes

Impersonation Level:		Impersonation

New Logon:
	Security ID:		S-1-5-18
	Account Name:		SYSTEM
	Account Domain:		NT AUTHORITY
	Logon ID:		0x3E7
	Linked Logon ID:		0x0
	Network Account Name:	-
	Network Account Domain:	-
	Logon GUID:		{00000000-0000-0000-0000-000000000000}

Process Information:
	Process ID:		0x290
	Process Name:		C:\Windows\System32\services.exe

Network Information:
	Workstation Name:	-
	Source Network Address:	-
	Source Port:		-

Detailed Authentication Information:
	Logon Process:		Advapi  
	Authentication Package:	Negotiate
	Transited Services:	-
	Package Name (NTLM only):	-
	Key Length:		0

This event is generated when a logon session is created. It is generated on the computer that was accessed.

The subject fields indicate the account on the local system which requested the logon. This is most commonly a service such as the Server service, or a local process such as Winlogon.exe or Services.exe.

The logon type field indicates the kind of logon that occurred. The most common types are 2 (interactive) and 3 (network).

The New Logon fields indicate the account for whom the new logon was created, i.e. the account that was logged on.

The network fields indicate where a remote logon request originated. Workstation name is not always available and may be left blank in some cases.

The impersonation level field indicates the extent to which a process in the logon session can impersonate.

The authentication information fields provide detailed information about this specific logon request.
	- Logon GUID is a unique identifier that can be used to correlate this event with a KDC event.
	- Transited services indicate which intermediate services have participated in this logon request.
	- Package name indicates which sub-protocol was used among the NTLM protocols.
	- Key length indicates the length of the generated session key. This will be 0 if no session key was requested.","-","-","-","-","-","-","-","-","-","-","-","-","-","C:\Windows\System32\services.exe","C:\Windows\System32\services.exe","services.exe","services.exe",656,"-","-","-","SYSTEM, DESKTOP-STCA0K7$","-","-","-","NT AUTHORITY","-","-","-","S-1-5-18",SYSTEM,SYSTEM,"-","-","-","-","{3235c46a-db91-0000-adc4-353291dbd801}",wineventlog,Security,"DESKTOP-STCA0K7","-",Negotiate,"-","-","-","-","-","-","-","%%1842","-","-","-","-","-","%%1833","-","-","-",0,"-","-","-","-","{00000000-0000-0000-0000-000000000000}","Advapi  ",5,"-","-","-","-","-","-","-","-","-","-","-","-",WORKGROUP,0x3e7,"DESKTOP-STCA0K7$","S-1-5-18","-","NT AUTHORITY","-",0x0,"-",0x3e7,"-","-","-","-","-",SYSTEM,"S-1-5-18","-","-","-","%%1843","-","-","-","-","-","-","-","-","-","-","-","-","-","-","-",4624,"Audit Success",0x3e7,Service,Info,664,708,"{54849625-5478-4994-a5ba-3e3b0328c30d}","Microsoft-Windows-Security-Auditing",18178,Logon,"-","-","-","-",2
"Oct 9, 2022 @ 03:52:20.558",y2DfuoMBv7QqA8hYSxeU,".ds-winlogbeat-8.4.2-2022.09.27-000001","-","cf3699d7-5cb1-463f-a85f-a07c0632c54a","DESKTOP-STCA0K7","b5f6a7eb-024c-49d7-a722-2c9d1ee679a8","DESKTOP-STCA0K7",winlogbeat,"8.4.2","1.12.0","logged-in-special",iam,4672,"Oct 9, 2022 @ 03:52:22.292","Oct 9, 2022 @ 03:52:19.601",event,security,success,"Microsoft-Windows-Security-Auditing","-",admin,"-","-","-","x86_64","DESKTOP-STCA0K7","3a59bcc1-dab3-4fea-87c6-2dbb28db6023","fe80::d09e:33bc:93fc:2ba7, 10.0.2.15, fe80::bd6f:3885:d011:5ab0, 192.168.50.7","08:00:27:7c:f3:ae, 08:00:27:e4:bd:9d","DESKTOP-STCA0K7","19044.1889",windows,"10.0.19041.1889 (WinBuild.160101.0800)","Windows 10 Enterprise Evaluation","Windows 10 Enterprise Evaluation",windows,windows,"10.0",information,"Special privileges assigned to new logon.

Subject:
	Security ID:		S-1-5-18
	Account Name:		SYSTEM
	Account Domain:		NT AUTHORITY
	Logon ID:		0x3E7

Privileges:		SeAssignPrimaryTokenPrivilege
			SeTcbPrivilege
			SeSecurityPrivilege
			SeTakeOwnershipPrivilege
			SeLoadDriverPrivilege
			SeBackupPrivilege
			SeRestorePrivilege
			SeDebugPrivilege
			SeAuditPrivilege
			SeSystemEnvironmentPrivilege
			SeImpersonatePrivilege
			SeDelegateSessionUserImpersonatePrivilege","-","-","-","-","-","-","-","-","-","-","-","-","-","-","-","-","-","-","-","-","-",SYSTEM,"-","-","-","NT AUTHORITY","-","-","-","S-1-5-18",SYSTEM,SYSTEM,"-","-","-","-","{3235c46a-db91-0000-adc4-353291dbd801}",wineventlog,Security,"DESKTOP-STCA0K7","-","-","-","-","-","-","-","-","-","-","-","-","-","-","-","-","-","-","-","-","-","-","-","-","-","-","-","-","-","-","SeAssignPrimaryTokenPrivilege, SeTcbPrivilege, SeSecurityPrivilege, SeTakeOwnershipPrivilege, SeLoadDriverPrivilege, SeBackupPrivilege, SeRestorePrivilege, SeDebugPrivilege, SeAuditPrivilege, SeSystemEnvironmentPrivilege, SeImpersonatePrivilege, SeDelegateSessionUserImpersonatePrivilege","-","-","-","-","-","-","-","-","NT AUTHORITY",0x3e7,SYSTEM,"S-1-5-18","-","-","-","-","-","-","-","-","-","-","-","-","-","-","-","-","-","-","-","-","-","-","-","-","-","-","-","-","-","-","-","-",4672,"Audit Success",0x3e7,"-",Info,664,708,"{54849625-5478-4994-a5ba-3e3b0328c30d}","Microsoft-Windows-Security-Auditing",18179,"Special Logon","-","-","-","-","-"
"Oct 9, 2022 @ 03:52:20.356",xWDfuoMBv7QqA8hYSxeU,".ds-winlogbeat-8.4.2-2022.09.27-000001","-","cf3699d7-5cb1-463f-a85f-a07c0632c54a","DESKTOP-STCA0K7","b5f6a7eb-024c-49d7-a722-2c9d1ee679a8","DESKTOP-STCA0K7",winlogbeat,"8.4.2","8.0.0",None,"-",7040,"Oct 9, 2022 @ 03:52:22.157","Oct 9, 2022 @ 03:52:19.600",event,"-","-","Service Control Manager","-","-","-","-","-","x86_64","DESKTOP-STCA0K7","3a59bcc1-dab3-4fea-87c6-2dbb28db6023","fe80::d09e:33bc:93fc:2ba7, 10.0.2.15, fe80::bd6f:3885:d011:5ab0, 192.168.50.7","08:00:27:7c:f3:ae, 08:00:27:e4:bd:9d","DESKTOP-STCA0K7","19044.1889",windows,"10.0.19041.1889 (WinBuild.160101.0800)","Windows 10 Enterprise Evaluation","Windows 10 Enterprise Evaluation",windows,windows,"10.0",information,"The start type of the Background Intelligent Transfer Service service was changed from demand start to auto start.","-","-","-","-","-","-","-","-","-","-","-","-","-","-","-","-","-","-","-","-","-","-","-","-","-","-","-","-","-","-","-","-","-","-","-","-","-",wineventlog,System,"DESKTOP-STCA0K7","-","-","-","-","-","-","-","-","-","-","-","-","-","-","-","-","-","-","-","-","-","-","-","-","-","-","-","-","-","-","-","-","-","-","-","-","-","-","-","-","-","-","-","-","-","-","-","-","-","-","-","-","-","-","-","-","-","-","-","-","Background Intelligent Transfer Service","-","-","demand start","auto start",BITS,"-","-","-","-","-","-","-","-","-",7040,Classic,"-","-",Info,656,"8,872","{555908d1-a6d7-4695-8e1e-26931d2012f4}","Service Control Manager",1180,None,"NT AUTHORITY","S-1-5-18",SYSTEM,User,"-"
"Oct 9, 2022 @ 03:52:20.292",yGDfuoMBv7QqA8hYSxeU,".ds-winlogbeat-8.4.2-2022.09.27-000001","-","cf3699d7-5cb1-463f-a85f-a07c0632c54a","DESKTOP-STCA0K7","b5f6a7eb-024c-49d7-a722-2c9d1ee679a8","DESKTOP-STCA0K7",winlogbeat,"8.4.2","1.12.0","logged-in",authentication,4624,"Oct 9, 2022 @ 03:52:22.292","Oct 9, 2022 @ 03:52:19.601",event,security,success,"Microsoft-Windows-Security-Auditing","-",start,"-","-","-","x86_64","DESKTOP-STCA0K7","3a59bcc1-dab3-4fea-87c6-2dbb28db6023","fe80::d09e:33bc:93fc:2ba7, 10.0.2.15, fe80::bd6f:3885:d011:5ab0, 192.168.50.7","08:00:27:7c:f3:ae, 08:00:27:e4:bd:9d","DESKTOP-STCA0K7","19044.1889",windows,"10.0.19041.1889 (WinBuild.160101.0800)","Windows 10 Enterprise Evaluation","Windows 10 Enterprise Evaluation",windows,windows,"10.0",information,"An account was successfully logged on.

Subject:
	Security ID:		S-1-5-18
	Account Name:		DESKTOP-STCA0K7$
	Account Domain:		WORKGROUP
	Logon ID:		0x3E7

Logon Information:
	Logon Type:		5
	Restricted Admin Mode:	-
	Virtual Account:		No
	Elevated Token:		Yes

Impersonation Level:		Impersonation

New Logon:
	Security ID:		S-1-5-18
	Account Name:		SYSTEM
	Account Domain:		NT AUTHORITY
	Logon ID:		0x3E7
	Linked Logon ID:		0x0
	Network Account Name:	-
	Network Account Domain:	-
	Logon GUID:		{00000000-0000-0000-0000-000000000000}

Process Information:
	Process ID:		0x290
	Process Name:		C:\Windows\System32\services.exe

Network Information:
	Workstation Name:	-
	Source Network Address:	-
	Source Port:		-

Detailed Authentication Information:
	Logon Process:		Advapi  
	Authentication Package:	Negotiate
	Transited Services:	-
	Package Name (NTLM only):	-
	Key Length:		0

This event is generated when a logon session is created. It is generated on the computer that was accessed.

The subject fields indicate the account on the local system which requested the logon. This is most commonly a service such as the Server service, or a local process such as Winlogon.exe or Services.exe.

The logon type field indicates the kind of logon that occurred. The most common types are 2 (interactive) and 3 (network).

The New Logon fields indicate the account for whom the new logon was created, i.e. the account that was logged on.

The network fields indicate where a remote logon request originated. Workstation name is not always available and may be left blank in some cases.

The impersonation level field indicates the extent to which a process in the logon session can impersonate.

The authentication information fields provide detailed information about this specific logon request.
	- Logon GUID is a unique identifier that can be used to correlate this event with a KDC event.
	- Transited services indicate which intermediate services have participated in this logon request.
	- Package name indicates which sub-protocol was used among the NTLM protocols.
	- Key length indicates the length of the generated session key. This will be 0 if no session key was requested.","-","-","-","-","-","-","-","-","-","-","-","-","-","C:\Windows\System32\services.exe","C:\Windows\System32\services.exe","services.exe","services.exe",656,"-","-","-","SYSTEM, DESKTOP-STCA0K7$","-","-","-","NT AUTHORITY","-","-","-","S-1-5-18",SYSTEM,SYSTEM,"-","-","-","-","{3235c46a-db91-0000-adc4-353291dbd801}",wineventlog,Security,"DESKTOP-STCA0K7","-",Negotiate,"-","-","-","-","-","-","-","%%1842","-","-","-","-","-","%%1833","-","-","-",0,"-","-","-","-","{00000000-0000-0000-0000-000000000000}","Advapi  ",5,"-","-","-","-","-","-","-","-","-","-","-","-",WORKGROUP,0x3e7,"DESKTOP-STCA0K7$","S-1-5-18","-","NT AUTHORITY","-",0x0,"-",0x3e7,"-","-","-","-","-",SYSTEM,"S-1-5-18","-","-","-","%%1843","-","-","-","-","-","-","-","-","-","-","-","-","-","-","-",4624,"Audit Success",0x3e7,Service,Info,664,720,"{54849625-5478-4994-a5ba-3e3b0328c30d}","Microsoft-Windows-Security-Auditing",18176,Logon,"-","-","-","-",2
"Oct 9, 2022 @ 03:52:20.292",yWDfuoMBv7QqA8hYSxeU,".ds-winlogbeat-8.4.2-2022.09.27-000001","-","cf3699d7-5cb1-463f-a85f-a07c0632c54a","DESKTOP-STCA0K7","b5f6a7eb-024c-49d7-a722-2c9d1ee679a8","DESKTOP-STCA0K7",winlogbeat,"8.4.2","1.12.0","logged-in-special",iam,4672,"Oct 9, 2022 @ 03:52:22.292","Oct 9, 2022 @ 03:52:19.601",event,security,success,"Microsoft-Windows-Security-Auditing","-",admin,"-","-","-","x86_64","DESKTOP-STCA0K7","3a59bcc1-dab3-4fea-87c6-2dbb28db6023","fe80::d09e:33bc:93fc:2ba7, 10.0.2.15, fe80::bd6f:3885:d011:5ab0, 192.168.50.7","08:00:27:7c:f3:ae, 08:00:27:e4:bd:9d","DESKTOP-STCA0K7","19044.1889",windows,"10.0.19041.1889 (WinBuild.160101.0800)","Windows 10 Enterprise Evaluation","Windows 10 Enterprise Evaluation",windows,windows,"10.0",information,"Special privileges assigned to new logon.

Subject:
	Security ID:		S-1-5-18
	Account Name:		SYSTEM
	Account Domain:		NT AUTHORITY
	Logon ID:		0x3E7

Privileges:		SeAssignPrimaryTokenPrivilege
			SeTcbPrivilege
			SeSecurityPrivilege
			SeTakeOwnershipPrivilege
			SeLoadDriverPrivilege
			SeBackupPrivilege
			SeRestorePrivilege
			SeDebugPrivilege
			SeAuditPrivilege
			SeSystemEnvironmentPrivilege
			SeImpersonatePrivilege
			SeDelegateSessionUserImpersonatePrivilege","-","-","-","-","-","-","-","-","-","-","-","-","-","-","-","-","-","-","-","-","-",SYSTEM,"-","-","-","NT AUTHORITY","-","-","-","S-1-5-18",SYSTEM,SYSTEM,"-","-","-","-","{3235c46a-db91-0000-adc4-353291dbd801}",wineventlog,Security,"DESKTOP-STCA0K7","-","-","-","-","-","-","-","-","-","-","-","-","-","-","-","-","-","-","-","-","-","-","-","-","-","-","-","-","-","-","SeAssignPrimaryTokenPrivilege, SeTcbPrivilege, SeSecurityPrivilege, SeTakeOwnershipPrivilege, SeLoadDriverPrivilege, SeBackupPrivilege, SeRestorePrivilege, SeDebugPrivilege, SeAuditPrivilege, SeSystemEnvironmentPrivilege, SeImpersonatePrivilege, SeDelegateSessionUserImpersonatePrivilege","-","-","-","-","-","-","-","-","NT AUTHORITY",0x3e7,SYSTEM,"S-1-5-18","-","-","-","-","-","-","-","-","-","-","-","-","-","-","-","-","-","-","-","-","-","-","-","-","-","-","-","-","-","-","-","-",4672,"Audit Success",0x3e7,"-",Info,664,720,"{54849625-5478-4994-a5ba-3e3b0328c30d}","Microsoft-Windows-Security-Auditing",18177,"Special Logon","-","-","-","-","-"
"Oct 9, 2022 @ 03:52:20.203",xmDfuoMBv7QqA8hYSxeU,".ds-winlogbeat-8.4.2-2022.09.27-000001","-","cf3699d7-5cb1-463f-a85f-a07c0632c54a","DESKTOP-STCA0K7","b5f6a7eb-024c-49d7-a722-2c9d1ee679a8","DESKTOP-STCA0K7",winlogbeat,"8.4.2","1.12.0","logged-in",authentication,4624,"Oct 9, 2022 @ 03:52:22.292","Oct 9, 2022 @ 03:52:19.600",event,security,success,"Microsoft-Windows-Security-Auditing","-",start,"-","-","-","x86_64","DESKTOP-STCA0K7","3a59bcc1-dab3-4fea-87c6-2dbb28db6023","fe80::d09e:33bc:93fc:2ba7, 10.0.2.15, fe80::bd6f:3885:d011:5ab0, 192.168.50.7","08:00:27:7c:f3:ae, 08:00:27:e4:bd:9d","DESKTOP-STCA0K7","19044.1889",windows,"10.0.19041.1889 (WinBuild.160101.0800)","Windows 10 Enterprise Evaluation","Windows 10 Enterprise Evaluation",windows,windows,"10.0",information,"An account was successfully logged on.

Subject:
	Security ID:		S-1-5-18
	Account Name:		DESKTOP-STCA0K7$
	Account Domain:		WORKGROUP
	Logon ID:		0x3E7

Logon Information:
	Logon Type:		5
	Restricted Admin Mode:	-
	Virtual Account:		No
	Elevated Token:		Yes

Impersonation Level:		Impersonation

New Logon:
	Security ID:		S-1-5-18
	Account Name:		SYSTEM
	Account Domain:		NT AUTHORITY
	Logon ID:		0x3E7
	Linked Logon ID:		0x0
	Network Account Name:	-
	Network Account Domain:	-
	Logon GUID:		{00000000-0000-0000-0000-000000000000}

Process Information:
	Process ID:		0x290
	Process Name:		C:\Windows\System32\services.exe

Network Information:
	Workstation Name:	-
	Source Network Address:	-
	Source Port:		-

Detailed Authentication Information:
	Logon Process:		Advapi  
	Authentication Package:	Negotiate
	Transited Services:	-
	Package Name (NTLM only):	-
	Key Length:		0

This event is generated when a logon session is created. It is generated on the computer that was accessed.

The subject fields indicate the account on the local system which requested the logon. This is most commonly a service such as the Server service, or a local process such as Winlogon.exe or Services.exe.

The logon type field indicates the kind of logon that occurred. The most common types are 2 (interactive) and 3 (network).

The New Logon fields indicate the account for whom the new logon was created, i.e. the account that was logged on.

The network fields indicate where a remote logon request originated. Workstation name is not always available and may be left blank in some cases.

The impersonation level field indicates the extent to which a process in the logon session can impersonate.

The authentication information fields provide detailed information about this specific logon request.
	- Logon GUID is a unique identifier that can be used to correlate this event with a KDC event.
	- Transited services indicate which intermediate services have participated in this logon request.
	- Package name indicates which sub-protocol was used among the NTLM protocols.
	- Key length indicates the length of the generated session key. This will be 0 if no session key was requested.","-","-","-","-","-","-","-","-","-","-","-","-","-","C:\Windows\System32\services.exe","C:\Windows\System32\services.exe","services.exe","services.exe",656,"-","-","-","SYSTEM, DESKTOP-STCA0K7$","-","-","-","NT AUTHORITY","-","-","-","S-1-5-18",SYSTEM,SYSTEM,"-","-","-","-","{3235c46a-db91-0000-adc4-353291dbd801}",wineventlog,Security,"DESKTOP-STCA0K7","-",Negotiate,"-","-","-","-","-","-","-","%%1842","-","-","-","-","-","%%1833","-","-","-",0,"-","-","-","-","{00000000-0000-0000-0000-000000000000}","Advapi  ",5,"-","-","-","-","-","-","-","-","-","-","-","-",WORKGROUP,0x3e7,"DESKTOP-STCA0K7$","S-1-5-18","-","NT AUTHORITY","-",0x0,"-",0x3e7,"-","-","-","-","-",SYSTEM,"S-1-5-18","-","-","-","%%1843","-","-","-","-","-","-","-","-","-","-","-","-","-","-","-",4624,"Audit Success",0x3e7,Service,Info,664,720,"{54849625-5478-4994-a5ba-3e3b0328c30d}","Microsoft-Windows-Security-Auditing",18174,Logon,"-","-","-","-",2
"Oct 9, 2022 @ 03:52:20.203",x2DfuoMBv7QqA8hYSxeU,".ds-winlogbeat-8.4.2-2022.09.27-000001","-","cf3699d7-5cb1-463f-a85f-a07c0632c54a","DESKTOP-STCA0K7","b5f6a7eb-024c-49d7-a722-2c9d1ee679a8","DESKTOP-STCA0K7",winlogbeat,"8.4.2","1.12.0","logged-in-special",iam,4672,"Oct 9, 2022 @ 03:52:22.292","Oct 9, 2022 @ 03:52:19.601",event,security,success,"Microsoft-Windows-Security-Auditing","-",admin,"-","-","-","x86_64","DESKTOP-STCA0K7","3a59bcc1-dab3-4fea-87c6-2dbb28db6023","fe80::d09e:33bc:93fc:2ba7, 10.0.2.15, fe80::bd6f:3885:d011:5ab0, 192.168.50.7","08:00:27:7c:f3:ae, 08:00:27:e4:bd:9d","DESKTOP-STCA0K7","19044.1889",windows,"10.0.19041.1889 (WinBuild.160101.0800)","Windows 10 Enterprise Evaluation","Windows 10 Enterprise Evaluation",windows,windows,"10.0",information,"Special privileges assigned to new logon.

Subject:
	Security ID:		S-1-5-18
	Account Name:		SYSTEM
	Account Domain:		NT AUTHORITY
	Logon ID:		0x3E7

Privileges:		SeAssignPrimaryTokenPrivilege
			SeTcbPrivilege
			SeSecurityPrivilege
			SeTakeOwnershipPrivilege
			SeLoadDriverPrivilege
			SeBackupPrivilege
			SeRestorePrivilege
			SeDebugPrivilege
			SeAuditPrivilege
			SeSystemEnvironmentPrivilege
			SeImpersonatePrivilege
			SeDelegateSessionUserImpersonatePrivilege","-","-","-","-","-","-","-","-","-","-","-","-","-","-","-","-","-","-","-","-","-",SYSTEM,"-","-","-","NT AUTHORITY","-","-","-","S-1-5-18",SYSTEM,SYSTEM,"-","-","-","-","{3235c46a-db91-0000-adc4-353291dbd801}",wineventlog,Security,"DESKTOP-STCA0K7","-","-","-","-","-","-","-","-","-","-","-","-","-","-","-","-","-","-","-","-","-","-","-","-","-","-","-","-","-","-","SeAssignPrimaryTokenPrivilege, SeTcbPrivilege, SeSecurityPrivilege, SeTakeOwnershipPrivilege, SeLoadDriverPrivilege, SeBackupPrivilege, SeRestorePrivilege, SeDebugPrivilege, SeAuditPrivilege, SeSystemEnvironmentPrivilege, SeImpersonatePrivilege, SeDelegateSessionUserImpersonatePrivilege","-","-","-","-","-","-","-","-","NT AUTHORITY",0x3e7,SYSTEM,"S-1-5-18","-","-","-","-","-","-","-","-","-","-","-","-","-","-","-","-","-","-","-","-","-","-","-","-","-","-","-","-","-","-","-","-",4672,"Audit Success",0x3e7,"-",Info,664,720,"{54849625-5478-4994-a5ba-3e3b0328c30d}","Microsoft-Windows-Security-Auditing",18175,"Special Logon","-","-","-","-","-"
"Oct 9, 2022 @ 03:52:04.423",dGDfuoMBv7QqA8hYCxfx,".ds-winlogbeat-8.4.2-2022.09.27-000001","-","cf3699d7-5cb1-463f-a85f-a07c0632c54a","DESKTOP-STCA0K7","b5f6a7eb-024c-49d7-a722-2c9d1ee679a8","DESKTOP-STCA0K7",winlogbeat,"8.4.2","8.0.0",None,"-",16384,"Oct 9, 2022 @ 03:52:05.199","Oct 9, 2022 @ 03:52:03.313",event,"-","-","Microsoft-Windows-Security-SPP","-","-","-","-","-","x86_64","DESKTOP-STCA0K7","3a59bcc1-dab3-4fea-87c6-2dbb28db6023","fe80::d09e:33bc:93fc:2ba7, 10.0.2.15, fe80::bd6f:3885:d011:5ab0, 192.168.50.7","08:00:27:7c:f3:ae, 08:00:27:e4:bd:9d","DESKTOP-STCA0K7","19044.1889",windows,"10.0.19041.1889 (WinBuild.160101.0800)","Windows 10 Enterprise Evaluation","Windows 10 Enterprise Evaluation",windows,windows,"10.0",information,"Successfully scheduled Software Protection service for re-start at 2022-11-18T12:48:04Z. Reason: RulesEngine.","-","-","-","-","-","-","-","-","-","-","-","-","-","-","-","-","-","-","-","-","-","-","-","-","-","-","-","-","-","-","-","-","-","-","-","-","-",wineventlog,Application,"DESKTOP-STCA0K7","-","-","-","-","-","-","-","-","-","-","-","-","-","-","-","-","-","-","-","-","-","-","-","-","-","-","-","-","-","-","-","-","-","-","-","-","-","-","-","-","-","-","-","-","-","-","-","-","-","-","-","-","-","-","-","-","-","-","-","-","2022-11-18T12:48:04Z","-","-",RulesEngine,"-","-","-","-","-","-","-","-","-","-","-",16384,Classic,"-","-",Info,"-","-","{E23B33B0-C8C9-472C-A5F9-F2BDFEA0F156}","Microsoft-Windows-Security-SPP",722,None,"-","-","-","-","-"
"Oct 9, 2022 @ 03:51:52.301",JWDeuoMBv7QqA8hY3hdJ,".ds-winlogbeat-8.4.2-2022.09.27-000001","-","cf3699d7-5cb1-463f-a85f-a07c0632c54a","DESKTOP-STCA0K7","b5f6a7eb-024c-49d7-a722-2c9d1ee679a8","DESKTOP-STCA0K7",winlogbeat,"8.4.2","1.12.0","logged-in",authentication,4624,"Oct 9, 2022 @ 03:51:53.546","Oct 9, 2022 @ 03:51:51.624",event,security,success,"Microsoft-Windows-Security-Auditing","-",start,"-","-","-","x86_64","DESKTOP-STCA0K7","3a59bcc1-dab3-4fea-87c6-2dbb28db6023","fe80::d09e:33bc:93fc:2ba7, 10.0.2.15, fe80::bd6f:3885:d011:5ab0, 192.168.50.7","08:00:27:7c:f3:ae, 08:00:27:e4:bd:9d","DESKTOP-STCA0K7","19044.1889",windows,"10.0.19041.1889 (WinBuild.160101.0800)","Windows 10 Enterprise Evaluation","Windows 10 Enterprise Evaluation",windows,windows,"10.0",information,"An account was successfully logged on.

Subject:
	Security ID:		S-1-5-18
	Account Name:		DESKTOP-STCA0K7$
	Account Domain:		WORKGROUP
	Logon ID:		0x3E7

Logon Information:
	Logon Type:		5
	Restricted Admin Mode:	-
	Virtual Account:		No
	Elevated Token:		Yes

Impersonation Level:		Impersonation

New Logon:
	Security ID:		S-1-5-18
	Account Name:		SYSTEM
	Account Domain:		NT AUTHORITY
	Logon ID:		0x3E7
	Linked Logon ID:		0x0
	Network Account Name:	-
	Network Account Domain:	-
	Logon GUID:		{00000000-0000-0000-0000-000000000000}

Process Information:
	Process ID:		0x290
	Process Name:		C:\Windows\System32\services.exe

Network Information:
	Workstation Name:	-
	Source Network Address:	-
	Source Port:		-

Detailed Authentication Information:
	Logon Process:		Advapi  
	Authentication Package:	Negotiate
	Transited Services:	-
	Package Name (NTLM only):	-
	Key Length:		0

This event is generated when a logon session is created. It is generated on the computer that was accessed.

The subject fields indicate the account on the local system which requested the logon. This is most commonly a service such as the Server service, or a local process such as Winlogon.exe or Services.exe.

The logon type field indicates the kind of logon that occurred. The most common types are 2 (interactive) and 3 (network).

The New Logon fields indicate the account for whom the new logon was created, i.e. the account that was logged on.

The network fields indicate where a remote logon request originated. Workstation name is not always available and may be left blank in some cases.

The impersonation level field indicates the extent to which a process in the logon session can impersonate.

The authentication information fields provide detailed information about this specific logon request.
	- Logon GUID is a unique identifier that can be used to correlate this event with a KDC event.
	- Transited services indicate which intermediate services have participated in this logon request.
	- Package name indicates which sub-protocol was used among the NTLM protocols.
	- Key length indicates the length of the generated session key. This will be 0 if no session key was requested.","-","-","-","-","-","-","-","-","-","-","-","-","-","C:\Windows\System32\services.exe","C:\Windows\System32\services.exe","services.exe","services.exe",656,"-","-","-","SYSTEM, DESKTOP-STCA0K7$","-","-","-","NT AUTHORITY","-","-","-","S-1-5-18",SYSTEM,SYSTEM,"-","-","-","-","{3235c46a-db91-0000-adc4-353291dbd801}",wineventlog,Security,"DESKTOP-STCA0K7","-",Negotiate,"-","-","-","-","-","-","-","%%1842","-","-","-","-","-","%%1833","-","-","-",0,"-","-","-","-","{00000000-0000-0000-0000-000000000000}","Advapi  ",5,"-","-","-","-","-","-","-","-","-","-","-","-",WORKGROUP,0x3e7,"DESKTOP-STCA0K7$","S-1-5-18","-","NT AUTHORITY","-",0x0,"-",0x3e7,"-","-","-","-","-",SYSTEM,"S-1-5-18","-","-","-","%%1843","-","-","-","-","-","-","-","-","-","-","-","-","-","-","-",4624,"Audit Success",0x3e7,Service,Info,664,708,"{54849625-5478-4994-a5ba-3e3b0328c30d}","Microsoft-Windows-Security-Auditing",18172,Logon,"-","-","-","-",2
"Oct 9, 2022 @ 03:51:52.301",JmDeuoMBv7QqA8hY3hdJ,".ds-winlogbeat-8.4.2-2022.09.27-000001","-","cf3699d7-5cb1-463f-a85f-a07c0632c54a","DESKTOP-STCA0K7","b5f6a7eb-024c-49d7-a722-2c9d1ee679a8","DESKTOP-STCA0K7",winlogbeat,"8.4.2","1.12.0","logged-in-special",iam,4672,"Oct 9, 2022 @ 03:51:53.550","Oct 9, 2022 @ 03:51:51.625",event,security,success,"Microsoft-Windows-Security-Auditing","-",admin,"-","-","-","x86_64","DESKTOP-STCA0K7","3a59bcc1-dab3-4fea-87c6-2dbb28db6023","fe80::d09e:33bc:93fc:2ba7, 10.0.2.15, fe80::bd6f:3885:d011:5ab0, 192.168.50.7","08:00:27:7c:f3:ae, 08:00:27:e4:bd:9d","DESKTOP-STCA0K7","19044.1889",windows,"10.0.19041.1889 (WinBuild.160101.0800)","Windows 10 Enterprise Evaluation","Windows 10 Enterprise Evaluation",windows,windows,"10.0",information,"Special privileges assigned to new logon.

Subject:
	Security ID:		S-1-5-18
	Account Name:		SYSTEM
	Account Domain:		NT AUTHORITY
	Logon ID:		0x3E7

Privileges:		SeAssignPrimaryTokenPrivilege
			SeTcbPrivilege
			SeSecurityPrivilege
			SeTakeOwnershipPrivilege
			SeLoadDriverPrivilege
			SeBackupPrivilege
			SeRestorePrivilege
			SeDebugPrivilege
			SeAuditPrivilege
			SeSystemEnvironmentPrivilege
			SeImpersonatePrivilege
			SeDelegateSessionUserImpersonatePrivilege","-","-","-","-","-","-","-","-","-","-","-","-","-","-","-","-","-","-","-","-","-",SYSTEM,"-","-","-","NT AUTHORITY","-","-","-","S-1-5-18",SYSTEM,SYSTEM,"-","-","-","-","{3235c46a-db91-0000-adc4-353291dbd801}",wineventlog,Security,"DESKTOP-STCA0K7","-","-","-","-","-","-","-","-","-","-","-","-","-","-","-","-","-","-","-","-","-","-","-","-","-","-","-","-","-","-","SeAssignPrimaryTokenPrivilege, SeTcbPrivilege, SeSecurityPrivilege, SeTakeOwnershipPrivilege, SeLoadDriverPrivilege, SeBackupPrivilege, SeRestorePrivilege, SeDebugPrivilege, SeAuditPrivilege, SeSystemEnvironmentPrivilege, SeImpersonatePrivilege, SeDelegateSessionUserImpersonatePrivilege","-","-","-","-","-","-","-","-","NT AUTHORITY",0x3e7,SYSTEM,"S-1-5-18","-","-","-","-","-","-","-","-","-","-","-","-","-","-","-","-","-","-","-","-","-","-","-","-","-","-","-","-","-","-","-","-",4672,"Audit Success",0x3e7,"-",Info,664,708,"{54849625-5478-4994-a5ba-3e3b0328c30d}","Microsoft-Windows-Security-Auditing",18173,"Special Logon","-","-","-","-","-"
