"Oct 9, 2022 @ 03:43:19.118",YWDYuoMBv7QqA8hY9A3I,".ds-winlogbeat-8.4.2-2022.09.27-000001","-","cf3699d7-5cb1-463f-a85f-a07c0632c54a","DESKTOP-STCA0K7","b5f6a7eb-024c-49d7-a722-2c9d1ee679a8","DESKTOP-STCA0K7",winlogbeat,"8.4.2","1.12.0","logged-in-special",iam,4672,"Oct 9, 2022 @ 03:45:31.285","Oct 9, 2022 @ 03:45:24.151",event,security,success,"Microsoft-Windows-Security-Auditing","-",admin,"-","-","-","x86_64","DESKTOP-STCA0K7","3a59bcc1-dab3-4fea-87c6-2dbb28db6023","fe80::d09e:33bc:93fc:2ba7, 10.0.2.15, fe80::bd6f:3885:d011:5ab0, 192.168.50.7","08:00:27:7c:f3:ae, 08:00:27:e4:bd:9d","DESKTOP-STCA0K7","19044.1889",windows,"10.0.19041.1889 (WinBuild.160101.0800)","Windows 10 Enterprise Evaluation","Windows 10 Enterprise Evaluation",windows,windows,"10.0",information,"Special privileges assigned to new logon.

Subject:
	Security ID:		S-1-5-18
	Account Name:		SYSTEM
	Account Domain:		NT AUTHORITY
	Logon ID:		0x3E7

Privileges:		SeAssignPrimaryTokenPrivilege
			SeTcbPrivilege
			SeSecurityPrivilege
			SeTakeOwnershipPrivilege
			SeLoadDriverPrivilege
			SeBackupPrivilege
			SeRestorePrivilege
			SeDebugPrivilege
			SeAuditPrivilege
			SeSystemEnvironmentPrivilege
			SeImpersonatePrivilege
			SeDelegateSessionUserImpersonatePrivilege","-","-","-","-","-","-","-","-","-","-","-","-","-","-","-","-","-","-","-","-","-",SYSTEM,"-","-","-","NT AUTHORITY","-","-","-","S-1-5-18",SYSTEM,SYSTEM,"-","-","-","-","{3235c46a-db91-0000-adc4-353291dbd801}",wineventlog,Security,"DESKTOP-STCA0K7","-","-","-","-","-","-","-","-","-","-","-","-","-","-","-","-","-","-","-","-","-","-","-","-","-","-","-","-","-","-","SeAssignPrimaryTokenPrivilege, SeTcbPrivilege, SeSecurityPrivilege, SeTakeOwnershipPrivilege, SeLoadDriverPrivilege, SeBackupPrivilege, SeRestorePrivilege, SeDebugPrivilege, SeAuditPrivilege, SeSystemEnvironmentPrivilege, SeImpersonatePrivilege, SeDelegateSessionUserImpersonatePrivilege","-","-","-","-","-","-","-","-","NT AUTHORITY",0x3e7,SYSTEM,"S-1-5-18","-","-","-","-","-","-","-","-","-","-","-","-","-","-","-","-","-","-","-","-","-","-","-","-","-","-","-","-","-","-","-","-",4672,"Audit Success",0x3e7,"-",Info,664,724,"{54849625-5478-4994-a5ba-3e3b0328c30d}","Microsoft-Windows-Security-Auditing",17884,"Special Logon","-","-","-","-","-"
"Oct 9, 2022 @ 03:43:19.092",XmDYuoMBv7QqA8hY9A3I,".ds-winlogbeat-8.4.2-2022.09.27-000001","-","cf3699d7-5cb1-463f-a85f-a07c0632c54a","DESKTOP-STCA0K7","b5f6a7eb-024c-49d7-a722-2c9d1ee679a8","DESKTOP-STCA0K7",winlogbeat,"8.4.2","1.12.0","logged-in",authentication,4624,"Oct 9, 2022 @ 03:45:31.285","Oct 9, 2022 @ 03:45:24.150",event,security,success,"Microsoft-Windows-Security-Auditing","-",start,"-","-","-","x86_64","DESKTOP-STCA0K7","3a59bcc1-dab3-4fea-87c6-2dbb28db6023","fe80::d09e:33bc:93fc:2ba7, 10.0.2.15, fe80::bd6f:3885:d011:5ab0, 192.168.50.7","08:00:27:7c:f3:ae, 08:00:27:e4:bd:9d","DESKTOP-STCA0K7","19044.1889",windows,"10.0.19041.1889 (WinBuild.160101.0800)","Windows 10 Enterprise Evaluation","Windows 10 Enterprise Evaluation",windows,windows,"10.0",information,"An account was successfully logged on.

Subject:
	Security ID:		S-1-5-18
	Account Name:		DESKTOP-STCA0K7$
	Account Domain:		WORKGROUP
	Logon ID:		0x3E7

Logon Information:
	Logon Type:		5
	Restricted Admin Mode:	-
	Virtual Account:		No
	Elevated Token:		Yes

Impersonation Level:		Impersonation

New Logon:
	Security ID:		S-1-5-18
	Account Name:		SYSTEM
	Account Domain:		NT AUTHORITY
	Logon ID:		0x3E7
	Linked Logon ID:		0x0
	Network Account Name:	-
	Network Account Domain:	-
	Logon GUID:		{00000000-0000-0000-0000-000000000000}

Process Information:
	Process ID:		0x290
	Process Name:		C:\Windows\System32\services.exe

Network Information:
	Workstation Name:	-
	Source Network Address:	-
	Source Port:		-

Detailed Authentication Information:
	Logon Process:		Advapi  
	Authentication Package:	Negotiate
	Transited Services:	-
	Package Name (NTLM only):	-
	Key Length:		0

This event is generated when a logon session is created. It is generated on the computer that was accessed.

The subject fields indicate the account on the local system which requested the logon. This is most commonly a service such as the Server service, or a local process such as Winlogon.exe or Services.exe.

The logon type field indicates the kind of logon that occurred. The most common types are 2 (interactive) and 3 (network).

The New Logon fields indicate the account for whom the new logon was created, i.e. the account that was logged on.

The network fields indicate where a remote logon request originated. Workstation name is not always available and may be left blank in some cases.

The impersonation level field indicates the extent to which a process in the logon session can impersonate.

The authentication information fields provide detailed information about this specific logon request.
	- Logon GUID is a unique identifier that can be used to correlate this event with a KDC event.
	- Transited services indicate which intermediate services have participated in this logon request.
	- Package name indicates which sub-protocol was used among the NTLM protocols.
	- Key length indicates the length of the generated session key. This will be 0 if no session key was requested.","-","-","-","-","-","-","-","-","-","-","-","-","-","C:\Windows\System32\services.exe","C:\Windows\System32\services.exe","services.exe","services.exe",656,"-","-","-","SYSTEM, DESKTOP-STCA0K7$","-","-","-","NT AUTHORITY","-","-","-","S-1-5-18",SYSTEM,SYSTEM,"-","-","-","-","{3235c46a-db91-0000-adc4-353291dbd801}",wineventlog,Security,"DESKTOP-STCA0K7","-",Negotiate,"-","-","-","-","-","-","-","%%1842","-","-","-","-","-","%%1833","-","-","-",0,"-","-","-","-","{00000000-0000-0000-0000-000000000000}","Advapi  ",5,"-","-","-","-","-","-","-","-","-","-","-","-",WORKGROUP,0x3e7,"DESKTOP-STCA0K7$","S-1-5-18","-","NT AUTHORITY","-",0x0,"-",0x3e7,"-","-","-","-","-",SYSTEM,"S-1-5-18","-","-","-","%%1843","-","-","-","-","-","-","-","-","-","-","-","-","-","-","-",4624,"Audit Success",0x3e7,Service,Info,664,720,"{54849625-5478-4994-a5ba-3e3b0328c30d}","Microsoft-Windows-Security-Auditing",17881,Logon,"-","-","-","-",2
"Oct 9, 2022 @ 03:43:19.092",X2DYuoMBv7QqA8hY9A3I,".ds-winlogbeat-8.4.2-2022.09.27-000001","-","cf3699d7-5cb1-463f-a85f-a07c0632c54a","DESKTOP-STCA0K7","b5f6a7eb-024c-49d7-a722-2c9d1ee679a8","DESKTOP-STCA0K7",winlogbeat,"8.4.2","1.12.0","logged-in-special",iam,4672,"Oct 9, 2022 @ 03:45:31.285","Oct 9, 2022 @ 03:45:24.150",event,security,success,"Microsoft-Windows-Security-Auditing","-",admin,"-","-","-","x86_64","DESKTOP-STCA0K7","3a59bcc1-dab3-4fea-87c6-2dbb28db6023","fe80::d09e:33bc:93fc:2ba7, 10.0.2.15, fe80::bd6f:3885:d011:5ab0, 192.168.50.7","08:00:27:7c:f3:ae, 08:00:27:e4:bd:9d","DESKTOP-STCA0K7","19044.1889",windows,"10.0.19041.1889 (WinBuild.160101.0800)","Windows 10 Enterprise Evaluation","Windows 10 Enterprise Evaluation",windows,windows,"10.0",information,"Special privileges assigned to new logon.

Subject:
	Security ID:		S-1-5-18
	Account Name:		SYSTEM
	Account Domain:		NT AUTHORITY
	Logon ID:		0x3E7

Privileges:		SeAssignPrimaryTokenPrivilege
			SeTcbPrivilege
			SeSecurityPrivilege
			SeTakeOwnershipPrivilege
			SeLoadDriverPrivilege
			SeBackupPrivilege
			SeRestorePrivilege
			SeDebugPrivilege
			SeAuditPrivilege
			SeSystemEnvironmentPrivilege
			SeImpersonatePrivilege
			SeDelegateSessionUserImpersonatePrivilege","-","-","-","-","-","-","-","-","-","-","-","-","-","-","-","-","-","-","-","-","-",SYSTEM,"-","-","-","NT AUTHORITY","-","-","-","S-1-5-18",SYSTEM,SYSTEM,"-","-","-","-","{3235c46a-db91-0000-adc4-353291dbd801}",wineventlog,Security,"DESKTOP-STCA0K7","-","-","-","-","-","-","-","-","-","-","-","-","-","-","-","-","-","-","-","-","-","-","-","-","-","-","-","-","-","-","SeAssignPrimaryTokenPrivilege, SeTcbPrivilege, SeSecurityPrivilege, SeTakeOwnershipPrivilege, SeLoadDriverPrivilege, SeBackupPrivilege, SeRestorePrivilege, SeDebugPrivilege, SeAuditPrivilege, SeSystemEnvironmentPrivilege, SeImpersonatePrivilege, SeDelegateSessionUserImpersonatePrivilege","-","-","-","-","-","-","-","-","NT AUTHORITY",0x3e7,SYSTEM,"S-1-5-18","-","-","-","-","-","-","-","-","-","-","-","-","-","-","-","-","-","-","-","-","-","-","-","-","-","-","-","-","-","-","-","-",4672,"Audit Success",0x3e7,"-",Info,664,720,"{54849625-5478-4994-a5ba-3e3b0328c30d}","Microsoft-Windows-Security-Auditing",17882,"Special Logon","-","-","-","-","-"
"Oct 9, 2022 @ 03:43:19.036",XGDYuoMBv7QqA8hY9A3I,".ds-winlogbeat-8.4.2-2022.09.27-000001","-","cf3699d7-5cb1-463f-a85f-a07c0632c54a","DESKTOP-STCA0K7","b5f6a7eb-024c-49d7-a722-2c9d1ee679a8","DESKTOP-STCA0K7",winlogbeat,"8.4.2","1.12.0","logged-in",authentication,4624,"Oct 9, 2022 @ 03:45:31.285","Oct 9, 2022 @ 03:45:24.149",event,security,success,"Microsoft-Windows-Security-Auditing","-",start,"-","-","-","x86_64","DESKTOP-STCA0K7","3a59bcc1-dab3-4fea-87c6-2dbb28db6023","fe80::d09e:33bc:93fc:2ba7, 10.0.2.15, fe80::bd6f:3885:d011:5ab0, 192.168.50.7","08:00:27:7c:f3:ae, 08:00:27:e4:bd:9d","DESKTOP-STCA0K7","19044.1889",windows,"10.0.19041.1889 (WinBuild.160101.0800)","Windows 10 Enterprise Evaluation","Windows 10 Enterprise Evaluation",windows,windows,"10.0",information,"An account was successfully logged on.

Subject:
	Security ID:		S-1-5-18
	Account Name:		DESKTOP-STCA0K7$
	Account Domain:		WORKGROUP
	Logon ID:		0x3E7

Logon Information:
	Logon Type:		5
	Restricted Admin Mode:	-
	Virtual Account:		No
	Elevated Token:		Yes

Impersonation Level:		Impersonation

New Logon:
	Security ID:		S-1-5-18
	Account Name:		SYSTEM
	Account Domain:		NT AUTHORITY
	Logon ID:		0x3E7
	Linked Logon ID:		0x0
	Network Account Name:	-
	Network Account Domain:	-
	Logon GUID:		{00000000-0000-0000-0000-000000000000}

Process Information:
	Process ID:		0x290
	Process Name:		C:\Windows\System32\services.exe

Network Information:
	Workstation Name:	-
	Source Network Address:	-
	Source Port:		-

Detailed Authentication Information:
	Logon Process:		Advapi  
	Authentication Package:	Negotiate
	Transited Services:	-
	Package Name (NTLM only):	-
	Key Length:		0

This event is generated when a logon session is created. It is generated on the computer that was accessed.

The subject fields indicate the account on the local system which requested the logon. This is most commonly a service such as the Server service, or a local process such as Winlogon.exe or Services.exe.

The logon type field indicates the kind of logon that occurred. The most common types are 2 (interactive) and 3 (network).

The New Logon fields indicate the account for whom the new logon was created, i.e. the account that was logged on.

The network fields indicate where a remote logon request originated. Workstation name is not always available and may be left blank in some cases.

The impersonation level field indicates the extent to which a process in the logon session can impersonate.

The authentication information fields provide detailed information about this specific logon request.
	- Logon GUID is a unique identifier that can be used to correlate this event with a KDC event.
	- Transited services indicate which intermediate services have participated in this logon request.
	- Package name indicates which sub-protocol was used among the NTLM protocols.
	- Key length indicates the length of the generated session key. This will be 0 if no session key was requested.","-","-","-","-","-","-","-","-","-","-","-","-","-","C:\Windows\System32\services.exe","C:\Windows\System32\services.exe","services.exe","services.exe",656,"-","-","-","SYSTEM, DESKTOP-STCA0K7$","-","-","-","NT AUTHORITY","-","-","-","S-1-5-18",SYSTEM,SYSTEM,"-","-","-","-","{3235c46a-db91-0000-adc4-353291dbd801}",wineventlog,Security,"DESKTOP-STCA0K7","-",Negotiate,"-","-","-","-","-","-","-","%%1842","-","-","-","-","-","%%1833","-","-","-",0,"-","-","-","-","{00000000-0000-0000-0000-000000000000}","Advapi  ",5,"-","-","-","-","-","-","-","-","-","-","-","-",WORKGROUP,0x3e7,"DESKTOP-STCA0K7$","S-1-5-18","-","NT AUTHORITY","-",0x0,"-",0x3e7,"-","-","-","-","-",SYSTEM,"S-1-5-18","-","-","-","%%1843","-","-","-","-","-","-","-","-","-","-","-","-","-","-","-",4624,"Audit Success",0x3e7,Service,Info,664,720,"{54849625-5478-4994-a5ba-3e3b0328c30d}","Microsoft-Windows-Security-Auditing",17879,Logon,"-","-","-","-",2
"Oct 9, 2022 @ 03:43:19.036",XWDYuoMBv7QqA8hY9A3I,".ds-winlogbeat-8.4.2-2022.09.27-000001","-","cf3699d7-5cb1-463f-a85f-a07c0632c54a","DESKTOP-STCA0K7","b5f6a7eb-024c-49d7-a722-2c9d1ee679a8","DESKTOP-STCA0K7",winlogbeat,"8.4.2","1.12.0","logged-in-special",iam,4672,"Oct 9, 2022 @ 03:45:31.285","Oct 9, 2022 @ 03:45:24.150",event,security,success,"Microsoft-Windows-Security-Auditing","-",admin,"-","-","-","x86_64","DESKTOP-STCA0K7","3a59bcc1-dab3-4fea-87c6-2dbb28db6023","fe80::d09e:33bc:93fc:2ba7, 10.0.2.15, fe80::bd6f:3885:d011:5ab0, 192.168.50.7","08:00:27:7c:f3:ae, 08:00:27:e4:bd:9d","DESKTOP-STCA0K7","19044.1889",windows,"10.0.19041.1889 (WinBuild.160101.0800)","Windows 10 Enterprise Evaluation","Windows 10 Enterprise Evaluation",windows,windows,"10.0",information,"Special privileges assigned to new logon.

Subject:
	Security ID:		S-1-5-18
	Account Name:		SYSTEM
	Account Domain:		NT AUTHORITY
	Logon ID:		0x3E7

Privileges:		SeAssignPrimaryTokenPrivilege
			SeTcbPrivilege
			SeSecurityPrivilege
			SeTakeOwnershipPrivilege
			SeLoadDriverPrivilege
			SeBackupPrivilege
			SeRestorePrivilege
			SeDebugPrivilege
			SeAuditPrivilege
			SeSystemEnvironmentPrivilege
			SeImpersonatePrivilege
			SeDelegateSessionUserImpersonatePrivilege","-","-","-","-","-","-","-","-","-","-","-","-","-","-","-","-","-","-","-","-","-",SYSTEM,"-","-","-","NT AUTHORITY","-","-","-","S-1-5-18",SYSTEM,SYSTEM,"-","-","-","-","{3235c46a-db91-0000-adc4-353291dbd801}",wineventlog,Security,"DESKTOP-STCA0K7","-","-","-","-","-","-","-","-","-","-","-","-","-","-","-","-","-","-","-","-","-","-","-","-","-","-","-","-","-","-","SeAssignPrimaryTokenPrivilege, SeTcbPrivilege, SeSecurityPrivilege, SeTakeOwnershipPrivilege, SeLoadDriverPrivilege, SeBackupPrivilege, SeRestorePrivilege, SeDebugPrivilege, SeAuditPrivilege, SeSystemEnvironmentPrivilege, SeImpersonatePrivilege, SeDelegateSessionUserImpersonatePrivilege","-","-","-","-","-","-","-","-","NT AUTHORITY",0x3e7,SYSTEM,"S-1-5-18","-","-","-","-","-","-","-","-","-","-","-","-","-","-","-","-","-","-","-","-","-","-","-","-","-","-","-","-","-","-","-","-",4672,"Audit Success",0x3e7,"-",Info,664,720,"{54849625-5478-4994-a5ba-3e3b0328c30d}","Microsoft-Windows-Security-Auditing",17880,"Special Logon","-","-","-","-","-"
"Oct 9, 2022 @ 03:43:19.019",WmDYuoMBv7QqA8hY9A3I,".ds-winlogbeat-8.4.2-2022.09.27-000001","-","cf3699d7-5cb1-463f-a85f-a07c0632c54a","DESKTOP-STCA0K7","b5f6a7eb-024c-49d7-a722-2c9d1ee679a8","DESKTOP-STCA0K7",winlogbeat,"8.4.2","1.12.0","logged-in",authentication,4624,"Oct 9, 2022 @ 03:45:31.284","Oct 9, 2022 @ 03:45:24.148",event,security,success,"Microsoft-Windows-Security-Auditing",start,"x86_64","DESKTOP-STCA0K7","3a59bcc1-dab3-4fea-87c6-2dbb28db6023","fe80::d09e:33bc:93fc:2ba7, 10.0.2.15, fe80::bd6f:3885:d011:5ab0, 192.168.50.7","08:00:27:7c:f3:ae, 08:00:27:e4:bd:9d","DESKTOP-STCA0K7","19044.1889",windows,"10.0.19041.1889 (WinBuild.160101.0800)","Windows 10 Enterprise Evaluation","Windows 10 Enterprise Evaluation",windows,windows,"10.0",information,"An account was successfully logged on.

Subject:
	Security ID:		S-1-5-18
	Account Name:		DESKTOP-STCA0K7$
	Account Domain:		WORKGROUP
	Logon ID:		0x3E7

Logon Information:
	Logon Type:		5
	Restricted Admin Mode:	-
	Virtual Account:		No
	Elevated Token:		Yes

Impersonation Level:		Impersonation

New Logon:
	Security ID:		S-1-5-18
	Account Name:		SYSTEM
	Account Domain:		NT AUTHORITY
	Logon ID:		0x3E7
	Linked Logon ID:		0x0
	Network Account Name:	-
	Network Account Domain:	-
	Logon GUID:		{00000000-0000-0000-0000-000000000000}

Process Information:
	Process ID:		0x290
	Process Name:		C:\Windows\System32\services.exe

Network Information:
	Workstation Name:	-
	Source Network Address:	-
	Source Port:		-

Detailed Authentication Information:
	Logon Process:		Advapi  
	Authentication Package:	Negotiate
	Transited Services:	-
	Package Name (NTLM only):	-
	Key Length:		0

This event is generated when a logon session is created. It is generated on the computer that was accessed.

The subject fields indicate the account on the local system which requested the logon. This is most commonly a service such as the Server service, or a local process such as Winlogon.exe or Services.exe.

The logon type field indicates the kind of logon that occurred. The most common types are 2 (interactive) and 3 (network).

The New Logon fields indicate the account for whom the new logon was created, i.e. the account that was logged on.

The network fields indicate where a remote logon request originated. Workstation name is not always available and may be left blank in some cases.

The impersonation level field indicates the extent to which a process in the logon session can impersonate.

The authentication information fields provide detailed information about this specific logon request.
	- Logon GUID is a unique identifier that can be used to correlate this event with a KDC event.
	- Transited services indicate which intermediate services have participated in this logon request.
	- Package name indicates which sub-protocol was used among the NTLM protocols.
	- Key length indicates the length of the generated session key. This will be 0 if no session key was requested.","C:\Windows\System32\services.exe","C:\Windows\System32\services.exe","services.exe","services.exe","-","-","-","-","-",656,"SYSTEM, DESKTOP-STCA0K7$","-","NT AUTHORITY","-","-","-","-","S-1-5-18",SYSTEM,SYSTEM,"{3235c46a-db91-0000-adc4-353291dbd801}",wineventlog,Security,"DESKTOP-STCA0K7","-",Negotiate,"-","-","-","-","-","-","-","-","-","-","-","-","-","-","-","-","-","-","-","-","-","-","-","-","-","%%1842","-","-","-","-","-","-","-","-","-","-","-","-","-","-","-","%%1833","-","-","-","-",0,"-","-","-","-","-","-","{00000000-0000-0000-0000-000000000000}","Advapi  ",5,"-","-","-","-","-","-","-","-","-","-","-","-","-","-","-","-","-","-","-","-","-","-","-","-","-","-",WORKGROUP,0x3e7,"DESKTOP-STCA0K7$","S-1-5-18","NT AUTHORITY","-",0x0,"-",0x3e7,"-","-","-","-","-",SYSTEM,"S-1-5-18","-","-","-","-","-","%%1843","-","-","-","-","-","-","-","-","-",4624,"Audit Success",0x3e7,Service,Info,664,720,"{54849625-5478-4994-a5ba-3e3b0328c30d}","Microsoft-Windows-Security-Auditing",17877,Logon,"-","-","-","-",2
"Oct 9, 2022 @ 03:43:19.019",W2DYuoMBv7QqA8hY9A3I,".ds-winlogbeat-8.4.2-2022.09.27-000001","-","cf3699d7-5cb1-463f-a85f-a07c0632c54a","DESKTOP-STCA0K7","b5f6a7eb-024c-49d7-a722-2c9d1ee679a8","DESKTOP-STCA0K7",winlogbeat,"8.4.2","1.12.0","logged-in-special",iam,4672,"Oct 9, 2022 @ 03:45:31.284","Oct 9, 2022 @ 03:45:24.149",event,security,success,"Microsoft-Windows-Security-Auditing",admin,"x86_64","DESKTOP-STCA0K7","3a59bcc1-dab3-4fea-87c6-2dbb28db6023","fe80::d09e:33bc:93fc:2ba7, 10.0.2.15, fe80::bd6f:3885:d011:5ab0, 192.168.50.7","08:00:27:7c:f3:ae, 08:00:27:e4:bd:9d","DESKTOP-STCA0K7","19044.1889",windows,"10.0.19041.1889 (WinBuild.160101.0800)","Windows 10 Enterprise Evaluation","Windows 10 Enterprise Evaluation",windows,windows,"10.0",information,"Special privileges assigned to new logon.

Subject:
	Security ID:		S-1-5-18
	Account Name:		SYSTEM
	Account Domain:		NT AUTHORITY
	Logon ID:		0x3E7

Privileges:		SeAssignPrimaryTokenPrivilege
			SeTcbPrivilege
			SeSecurityPrivilege
			SeTakeOwnershipPrivilege
			SeLoadDriverPrivilege
			SeBackupPrivilege
			SeRestorePrivilege
			SeDebugPrivilege
			SeAuditPrivilege
			SeSystemEnvironmentPrivilege
			SeImpersonatePrivilege
			SeDelegateSessionUserImpersonatePrivilege","-","-","-","-","-","-","-","-","-","-",SYSTEM,"-","NT AUTHORITY","-","-","-","-","S-1-5-18",SYSTEM,SYSTEM,"{3235c46a-db91-0000-adc4-353291dbd801}",wineventlog,Security,"DESKTOP-STCA0K7","-","-","-","-","-","-","-","-","-","-","-","-","-","-","-","-","-","-","-","-","-","-","-","-","-","-","-","-","-","-","-","-","-","-","-","-","-","-","-","-","-","-","-","-","-","-","-","-","-","-","-","-","-","-","-","-","-","-","-","-","-","-","-","-","-","-","-","-","-","-","-","SeAssignPrimaryTokenPrivilege, SeTcbPrivilege, SeSecurityPrivilege, SeTakeOwnershipPrivilege, SeLoadDriverPrivilege, SeBackupPrivilege, SeRestorePrivilege, SeDebugPrivilege, SeAuditPrivilege, SeSystemEnvironmentPrivilege, SeImpersonatePrivilege, SeDelegateSessionUserImpersonatePrivilege","-","-","-","-","-","-","-","-","-","-","-","-","NT AUTHORITY",0x3e7,SYSTEM,"S-1-5-18","-","-","-","-","-","-","-","-","-","-","-","-","-","-","-","-","-","-","-","-","-","-","-","-","-","-","-",4672,"Audit Success",0x3e7,"-",Info,664,720,"{54849625-5478-4994-a5ba-3e3b0328c30d}","Microsoft-Windows-Security-Auditing",17878,"Special Logon","-","-","-","-","-"
"Oct 9, 2022 @ 03:43:18.653",WWDYuoMBv7QqA8hY9A3I,".ds-winlogbeat-8.4.2-2022.09.27-000001","-","cf3699d7-5cb1-463f-a85f-a07c0632c54a","DESKTOP-STCA0K7","b5f6a7eb-024c-49d7-a722-2c9d1ee679a8","DESKTOP-STCA0K7",winlogbeat,"8.4.2","1.12.0","windows-firewall-driver-started",driver,5033,"Oct 9, 2022 @ 03:45:31.284","Oct 9, 2022 @ 03:45:24.148",event,security,success,"Microsoft-Windows-Security-Auditing",start,"x86_64","DESKTOP-STCA0K7","3a59bcc1-dab3-4fea-87c6-2dbb28db6023","fe80::d09e:33bc:93fc:2ba7, 10.0.2.15, fe80::bd6f:3885:d011:5ab0, 192.168.50.7","08:00:27:7c:f3:ae, 08:00:27:e4:bd:9d","DESKTOP-STCA0K7","19044.1889",windows,"10.0.19041.1889 (WinBuild.160101.0800)","Windows 10 Enterprise Evaluation","Windows 10 Enterprise Evaluation",windows,windows,"10.0",information,"The Windows Firewall Driver started successfully.","-","-","-","-","-","-","-","-","-","-","-","-","-","-","-","-","-","-","-","-","-",wineventlog,Security,"DESKTOP-STCA0K7","-","-","-","-","-","-","-","-","-","-","-","-","-","-","-","-","-","-","-","-","-","-","-","-","-","-","-","-","-","-","-","-","-","-","-","-","-","-","-","-","-","-","-","-","-","-","-","-","-","-","-","-","-","-","-","-","-","-","-","-","-","-","-","-","-","-","-","-","-","-","-","-","-","-","-","-","-","-","-","-","-","-","-","-","-","-","-","-","-","-","-","-","-","-","-","-","-","-","-","-","-","-","-","-","-","-","-","-","-","-","-","-","-","-","-",5033,"Audit Success","-","-",Info,4,32,"{54849625-5478-4994-a5ba-3e3b0328c30d}","Microsoft-Windows-Security-Auditing",17876,"Other System Events","-","-","-","-","-"
"Oct 9, 2022 @ 03:43:18.585",V2DYuoMBv7QqA8hY9A3I,".ds-winlogbeat-8.4.2-2022.09.27-000001","-","cf3699d7-5cb1-463f-a85f-a07c0632c54a","DESKTOP-STCA0K7","b5f6a7eb-024c-49d7-a722-2c9d1ee679a8","DESKTOP-STCA0K7",winlogbeat,"8.4.2","1.12.0","logged-in",authentication,4624,"Oct 9, 2022 @ 03:45:31.284","Oct 9, 2022 @ 03:45:24.147",event,security,success,"Microsoft-Windows-Security-Auditing",start,"x86_64","DESKTOP-STCA0K7","3a59bcc1-dab3-4fea-87c6-2dbb28db6023","fe80::d09e:33bc:93fc:2ba7, 10.0.2.15, fe80::bd6f:3885:d011:5ab0, 192.168.50.7","08:00:27:7c:f3:ae, 08:00:27:e4:bd:9d","DESKTOP-STCA0K7","19044.1889",windows,"10.0.19041.1889 (WinBuild.160101.0800)","Windows 10 Enterprise Evaluation","Windows 10 Enterprise Evaluation",windows,windows,"10.0",information,"An account was successfully logged on.

Subject:
	Security ID:		S-1-5-18
	Account Name:		DESKTOP-STCA0K7$
	Account Domain:		WORKGROUP
	Logon ID:		0x3E7

Logon Information:
	Logon Type:		5
	Restricted Admin Mode:	-
	Virtual Account:		No
	Elevated Token:		Yes

Impersonation Level:		Impersonation

New Logon:
	Security ID:		S-1-5-18
	Account Name:		SYSTEM
	Account Domain:		NT AUTHORITY
	Logon ID:		0x3E7
	Linked Logon ID:		0x0
	Network Account Name:	-
	Network Account Domain:	-
	Logon GUID:		{00000000-0000-0000-0000-000000000000}

Process Information:
	Process ID:		0x290
	Process Name:		C:\Windows\System32\services.exe

Network Information:
	Workstation Name:	-
	Source Network Address:	-
	Source Port:		-

Detailed Authentication Information:
	Logon Process:		Advapi  
	Authentication Package:	Negotiate
	Transited Services:	-
	Package Name (NTLM only):	-
	Key Length:		0

This event is generated when a logon session is created. It is generated on the computer that was accessed.

The subject fields indicate the account on the local system which requested the logon. This is most commonly a service such as the Server service, or a local process such as Winlogon.exe or Services.exe.

The logon type field indicates the kind of logon that occurred. The most common types are 2 (interactive) and 3 (network).

The New Logon fields indicate the account for whom the new logon was created, i.e. the account that was logged on.

The network fields indicate where a remote logon request originated. Workstation name is not always available and may be left blank in some cases.

The impersonation level field indicates the extent to which a process in the logon session can impersonate.

The authentication information fields provide detailed information about this specific logon request.
	- Logon GUID is a unique identifier that can be used to correlate this event with a KDC event.
	- Transited services indicate which intermediate services have participated in this logon request.
	- Package name indicates which sub-protocol was used among the NTLM protocols.
	- Key length indicates the length of the generated session key. This will be 0 if no session key was requested.","C:\Windows\System32\services.exe","C:\Windows\System32\services.exe","services.exe","services.exe","-","-","-","-","-",656,"SYSTEM, DESKTOP-STCA0K7$","-","NT AUTHORITY","-","-","-","-","S-1-5-18",SYSTEM,SYSTEM,"{3235c46a-db91-0000-adc4-353291dbd801}",wineventlog,Security,"DESKTOP-STCA0K7","-",Negotiate,"-","-","-","-","-","-","-","-","-","-","-","-","-","-","-","-","-","-","-","-","-","-","-","-","-","%%1842","-","-","-","-","-","-","-","-","-","-","-","-","-","-","-","%%1833","-","-","-","-",0,"-","-","-","-","-","-","{00000000-0000-0000-0000-000000000000}","Advapi  ",5,"-","-","-","-","-","-","-","-","-","-","-","-","-","-","-","-","-","-","-","-","-","-","-","-","-","-",WORKGROUP,0x3e7,"DESKTOP-STCA0K7$","S-1-5-18","NT AUTHORITY","-",0x0,"-",0x3e7,"-","-","-","-","-",SYSTEM,"S-1-5-18","-","-","-","-","-","%%1843","-","-","-","-","-","-","-","-","-",4624,"Audit Success",0x3e7,Service,Info,664,720,"{54849625-5478-4994-a5ba-3e3b0328c30d}","Microsoft-Windows-Security-Auditing",17874,Logon,"-","-","-","-",2
"Oct 9, 2022 @ 03:43:18.585",WGDYuoMBv7QqA8hY9A3I,".ds-winlogbeat-8.4.2-2022.09.27-000001","-","cf3699d7-5cb1-463f-a85f-a07c0632c54a","DESKTOP-STCA0K7","b5f6a7eb-024c-49d7-a722-2c9d1ee679a8","DESKTOP-STCA0K7",winlogbeat,"8.4.2","1.12.0","logged-in-special",iam,4672,"Oct 9, 2022 @ 03:45:31.284","Oct 9, 2022 @ 03:45:24.148",event,security,success,"Microsoft-Windows-Security-Auditing",admin,"x86_64","DESKTOP-STCA0K7","3a59bcc1-dab3-4fea-87c6-2dbb28db6023","fe80::d09e:33bc:93fc:2ba7, 10.0.2.15, fe80::bd6f:3885:d011:5ab0, 192.168.50.7","08:00:27:7c:f3:ae, 08:00:27:e4:bd:9d","DESKTOP-STCA0K7","19044.1889",windows,"10.0.19041.1889 (WinBuild.160101.0800)","Windows 10 Enterprise Evaluation","Windows 10 Enterprise Evaluation",windows,windows,"10.0",information,"Special privileges assigned to new logon.

Subject:
	Security ID:		S-1-5-18
	Account Name:		SYSTEM
	Account Domain:		NT AUTHORITY
	Logon ID:		0x3E7

Privileges:		SeAssignPrimaryTokenPrivilege
			SeTcbPrivilege
			SeSecurityPrivilege
			SeTakeOwnershipPrivilege
			SeLoadDriverPrivilege
			SeBackupPrivilege
			SeRestorePrivilege
			SeDebugPrivilege
			SeAuditPrivilege
			SeSystemEnvironmentPrivilege
			SeImpersonatePrivilege
			SeDelegateSessionUserImpersonatePrivilege","-","-","-","-","-","-","-","-","-","-",SYSTEM,"-","NT AUTHORITY","-","-","-","-","S-1-5-18",SYSTEM,SYSTEM,"{3235c46a-db91-0000-adc4-353291dbd801}",wineventlog,Security,"DESKTOP-STCA0K7","-","-","-","-","-","-","-","-","-","-","-","-","-","-","-","-","-","-","-","-","-","-","-","-","-","-","-","-","-","-","-","-","-","-","-","-","-","-","-","-","-","-","-","-","-","-","-","-","-","-","-","-","-","-","-","-","-","-","-","-","-","-","-","-","-","-","-","-","-","-","-","SeAssignPrimaryTokenPrivilege, SeTcbPrivilege, SeSecurityPrivilege, SeTakeOwnershipPrivilege, SeLoadDriverPrivilege, SeBackupPrivilege, SeRestorePrivilege, SeDebugPrivilege, SeAuditPrivilege, SeSystemEnvironmentPrivilege, SeImpersonatePrivilege, SeDelegateSessionUserImpersonatePrivilege","-","-","-","-","-","-","-","-","-","-","-","-","NT AUTHORITY",0x3e7,SYSTEM,"S-1-5-18","-","-","-","-","-","-","-","-","-","-","-","-","-","-","-","-","-","-","-","-","-","-","-","-","-","-","-",4672,"Audit Success",0x3e7,"-",Info,664,720,"{54849625-5478-4994-a5ba-3e3b0328c30d}","Microsoft-Windows-Security-Auditing",17875,"Special Logon","-","-","-","-","-"
"Oct 9, 2022 @ 03:43:18.480",VWDYuoMBv7QqA8hY9A3I,".ds-winlogbeat-8.4.2-2022.09.27-000001","-","cf3699d7-5cb1-463f-a85f-a07c0632c54a","DESKTOP-STCA0K7","b5f6a7eb-024c-49d7-a722-2c9d1ee679a8","DESKTOP-STCA0K7",winlogbeat,"8.4.2","1.12.0","logged-in",authentication,4624,"Oct 9, 2022 @ 03:45:31.284","Oct 9, 2022 @ 03:45:24.144",event,security,success,"Microsoft-Windows-Security-Auditing",start,"x86_64","DESKTOP-STCA0K7","3a59bcc1-dab3-4fea-87c6-2dbb28db6023","fe80::d09e:33bc:93fc:2ba7, 10.0.2.15, fe80::bd6f:3885:d011:5ab0, 192.168.50.7","08:00:27:7c:f3:ae, 08:00:27:e4:bd:9d","DESKTOP-STCA0K7","19044.1889",windows,"10.0.19041.1889 (WinBuild.160101.0800)","Windows 10 Enterprise Evaluation","Windows 10 Enterprise Evaluation",windows,windows,"10.0",information,"An account was successfully logged on.

Subject:
	Security ID:		S-1-5-18
	Account Name:		DESKTOP-STCA0K7$
	Account Domain:		WORKGROUP
	Logon ID:		0x3E7

Logon Information:
	Logon Type:		5
	Restricted Admin Mode:	-
	Virtual Account:		No
	Elevated Token:		Yes

Impersonation Level:		Impersonation

New Logon:
	Security ID:		S-1-5-18
	Account Name:		SYSTEM
	Account Domain:		NT AUTHORITY
	Logon ID:		0x3E7
	Linked Logon ID:		0x0
	Network Account Name:	-
	Network Account Domain:	-
	Logon GUID:		{00000000-0000-0000-0000-000000000000}

Process Information:
	Process ID:		0x290
	Process Name:		C:\Windows\System32\services.exe

Network Information:
	Workstation Name:	-
	Source Network Address:	-
	Source Port:		-

Detailed Authentication Information:
	Logon Process:		Advapi  
	Authentication Package:	Negotiate
	Transited Services:	-
	Package Name (NTLM only):	-
	Key Length:		0

This event is generated when a logon session is created. It is generated on the computer that was accessed.

The subject fields indicate the account on the local system which requested the logon. This is most commonly a service such as the Server service, or a local process such as Winlogon.exe or Services.exe.

The logon type field indicates the kind of logon that occurred. The most common types are 2 (interactive) and 3 (network).

The New Logon fields indicate the account for whom the new logon was created, i.e. the account that was logged on.

The network fields indicate where a remote logon request originated. Workstation name is not always available and may be left blank in some cases.

The impersonation level field indicates the extent to which a process in the logon session can impersonate.

The authentication information fields provide detailed information about this specific logon request.
	- Logon GUID is a unique identifier that can be used to correlate this event with a KDC event.
	- Transited services indicate which intermediate services have participated in this logon request.
	- Package name indicates which sub-protocol was used among the NTLM protocols.
	- Key length indicates the length of the generated session key. This will be 0 if no session key was requested.","C:\Windows\System32\services.exe","C:\Windows\System32\services.exe","services.exe","services.exe","-","-","-","-","-",656,"SYSTEM, DESKTOP-STCA0K7$","-","NT AUTHORITY","-","-","-","-","S-1-5-18",SYSTEM,SYSTEM,"{3235c46a-db91-0000-adc4-353291dbd801}",wineventlog,Security,"DESKTOP-STCA0K7","-",Negotiate,"-","-","-","-","-","-","-","-","-","-","-","-","-","-","-","-","-","-","-","-","-","-","-","-","-","%%1842","-","-","-","-","-","-","-","-","-","-","-","-","-","-","-","%%1833","-","-","-","-",0,"-","-","-","-","-","-","{00000000-0000-0000-0000-000000000000}","Advapi  ",5,"-","-","-","-","-","-","-","-","-","-","-","-","-","-","-","-","-","-","-","-","-","-","-","-","-","-",WORKGROUP,0x3e7,"DESKTOP-STCA0K7$","S-1-5-18","NT AUTHORITY","-",0x0,"-",0x3e7,"-","-","-","-","-",SYSTEM,"S-1-5-18","-","-","-","-","-","%%1843","-","-","-","-","-","-","-","-","-",4624,"Audit Success",0x3e7,Service,Info,664,720,"{54849625-5478-4994-a5ba-3e3b0328c30d}","Microsoft-Windows-Security-Auditing",17872,Logon,"-","-","-","-",2
"Oct 9, 2022 @ 03:43:18.480",VmDYuoMBv7QqA8hY9A3I,".ds-winlogbeat-8.4.2-2022.09.27-000001","-","cf3699d7-5cb1-463f-a85f-a07c0632c54a","DESKTOP-STCA0K7","b5f6a7eb-024c-49d7-a722-2c9d1ee679a8","DESKTOP-STCA0K7",winlogbeat,"8.4.2","1.12.0","logged-in-special",iam,4672,"Oct 9, 2022 @ 03:45:31.284","Oct 9, 2022 @ 03:45:24.144",event,security,success,"Microsoft-Windows-Security-Auditing",admin,"x86_64","DESKTOP-STCA0K7","3a59bcc1-dab3-4fea-87c6-2dbb28db6023","fe80::d09e:33bc:93fc:2ba7, 10.0.2.15, fe80::bd6f:3885:d011:5ab0, 192.168.50.7","08:00:27:7c:f3:ae, 08:00:27:e4:bd:9d","DESKTOP-STCA0K7","19044.1889",windows,"10.0.19041.1889 (WinBuild.160101.0800)","Windows 10 Enterprise Evaluation","Windows 10 Enterprise Evaluation",windows,windows,"10.0",information,"Special privileges assigned to new logon.

Subject:
	Security ID:		S-1-5-18
	Account Name:		SYSTEM
	Account Domain:		NT AUTHORITY
	Logon ID:		0x3E7

Privileges:		SeAssignPrimaryTokenPrivilege
			SeTcbPrivilege
			SeSecurityPrivilege
			SeTakeOwnershipPrivilege
			SeLoadDriverPrivilege
			SeBackupPrivilege
			SeRestorePrivilege
			SeDebugPrivilege
			SeAuditPrivilege
			SeSystemEnvironmentPrivilege
			SeImpersonatePrivilege
			SeDelegateSessionUserImpersonatePrivilege","-","-","-","-","-","-","-","-","-","-",SYSTEM,"-","NT AUTHORITY","-","-","-","-","S-1-5-18",SYSTEM,SYSTEM,"{3235c46a-db91-0000-adc4-353291dbd801}",wineventlog,Security,"DESKTOP-STCA0K7","-","-","-","-","-","-","-","-","-","-","-","-","-","-","-","-","-","-","-","-","-","-","-","-","-","-","-","-","-","-","-","-","-","-","-","-","-","-","-","-","-","-","-","-","-","-","-","-","-","-","-","-","-","-","-","-","-","-","-","-","-","-","-","-","-","-","-","-","-","-","-","SeAssignPrimaryTokenPrivilege, SeTcbPrivilege, SeSecurityPrivilege, SeTakeOwnershipPrivilege, SeLoadDriverPrivilege, SeBackupPrivilege, SeRestorePrivilege, SeDebugPrivilege, SeAuditPrivilege, SeSystemEnvironmentPrivilege, SeImpersonatePrivilege, SeDelegateSessionUserImpersonatePrivilege","-","-","-","-","-","-","-","-","-","-","-","-","NT AUTHORITY",0x3e7,SYSTEM,"S-1-5-18","-","-","-","-","-","-","-","-","-","-","-","-","-","-","-","-","-","-","-","-","-","-","-","-","-","-","-",4672,"Audit Success",0x3e7,"-",Info,664,720,"{54849625-5478-4994-a5ba-3e3b0328c30d}","Microsoft-Windows-Security-Auditing",17873,"Special Logon","-","-","-","-","-"
"Oct 9, 2022 @ 03:43:18.217",U2DYuoMBv7QqA8hY9A3I,".ds-winlogbeat-8.4.2-2022.09.27-000001","-","cf3699d7-5cb1-463f-a85f-a07c0632c54a","DESKTOP-STCA0K7","b5f6a7eb-024c-49d7-a722-2c9d1ee679a8","DESKTOP-STCA0K7",winlogbeat,"8.4.2","1.12.0","logged-in",authentication,4624,"Oct 9, 2022 @ 03:45:31.284","Oct 9, 2022 @ 03:45:24.143",event,security,success,"Microsoft-Windows-Security-Auditing",start,"x86_64","DESKTOP-STCA0K7","3a59bcc1-dab3-4fea-87c6-2dbb28db6023","fe80::d09e:33bc:93fc:2ba7, 10.0.2.15, fe80::bd6f:3885:d011:5ab0, 192.168.50.7","08:00:27:7c:f3:ae, 08:00:27:e4:bd:9d","DESKTOP-STCA0K7","19044.1889",windows,"10.0.19041.1889 (WinBuild.160101.0800)","Windows 10 Enterprise Evaluation","Windows 10 Enterprise Evaluation",windows,windows,"10.0",information,"An account was successfully logged on.

Subject:
	Security ID:		S-1-5-18
	Account Name:		DESKTOP-STCA0K7$
	Account Domain:		WORKGROUP
	Logon ID:		0x3E7

Logon Information:
	Logon Type:		5
	Restricted Admin Mode:	-
	Virtual Account:		No
	Elevated Token:		Yes

Impersonation Level:		Impersonation

New Logon:
	Security ID:		S-1-5-18
	Account Name:		SYSTEM
	Account Domain:		NT AUTHORITY
	Logon ID:		0x3E7
	Linked Logon ID:		0x0
	Network Account Name:	-
	Network Account Domain:	-
	Logon GUID:		{00000000-0000-0000-0000-000000000000}

Process Information:
	Process ID:		0x290
	Process Name:		C:\Windows\System32\services.exe

Network Information:
	Workstation Name:	-
	Source Network Address:	-
	Source Port:		-

Detailed Authentication Information:
	Logon Process:		Advapi  
	Authentication Package:	Negotiate
	Transited Services:	-
	Package Name (NTLM only):	-
	Key Length:		0

This event is generated when a logon session is created. It is generated on the computer that was accessed.

The subject fields indicate the account on the local system which requested the logon. This is most commonly a service such as the Server service, or a local process such as Winlogon.exe or Services.exe.

The logon type field indicates the kind of logon that occurred. The most common types are 2 (interactive) and 3 (network).

The New Logon fields indicate the account for whom the new logon was created, i.e. the account that was logged on.

The network fields indicate where a remote logon request originated. Workstation name is not always available and may be left blank in some cases.

The impersonation level field indicates the extent to which a process in the logon session can impersonate.

The authentication information fields provide detailed information about this specific logon request.
	- Logon GUID is a unique identifier that can be used to correlate this event with a KDC event.
	- Transited services indicate which intermediate services have participated in this logon request.
	- Package name indicates which sub-protocol was used among the NTLM protocols.
	- Key length indicates the length of the generated session key. This will be 0 if no session key was requested.","C:\Windows\System32\services.exe","C:\Windows\System32\services.exe","services.exe","services.exe","-","-","-","-","-",656,"SYSTEM, DESKTOP-STCA0K7$","-","NT AUTHORITY","-","-","-","-","S-1-5-18",SYSTEM,SYSTEM,"{3235c46a-db91-0000-adc4-353291dbd801}",wineventlog,Security,"DESKTOP-STCA0K7","-",Negotiate,"-","-","-","-","-","-","-","-","-","-","-","-","-","-","-","-","-","-","-","-","-","-","-","-","-","%%1842","-","-","-","-","-","-","-","-","-","-","-","-","-","-","-","%%1833","-","-","-","-",0,"-","-","-","-","-","-","{00000000-0000-0000-0000-000000000000}","Advapi  ",5,"-","-","-","-","-","-","-","-","-","-","-","-","-","-","-","-","-","-","-","-","-","-","-","-","-","-",WORKGROUP,0x3e7,"DESKTOP-STCA0K7$","S-1-5-18","NT AUTHORITY","-",0x0,"-",0x3e7,"-","-","-","-","-",SYSTEM,"S-1-5-18","-","-","-","-","-","%%1843","-","-","-","-","-","-","-","-","-",4624,"Audit Success",0x3e7,Service,Info,664,720,"{54849625-5478-4994-a5ba-3e3b0328c30d}","Microsoft-Windows-Security-Auditing",17870,Logon,"-","-","-","-",2
"Oct 9, 2022 @ 03:43:18.217",VGDYuoMBv7QqA8hY9A3I,".ds-winlogbeat-8.4.2-2022.09.27-000001","-","cf3699d7-5cb1-463f-a85f-a07c0632c54a","DESKTOP-STCA0K7","b5f6a7eb-024c-49d7-a722-2c9d1ee679a8","DESKTOP-STCA0K7",winlogbeat,"8.4.2","1.12.0","logged-in-special",iam,4672,"Oct 9, 2022 @ 03:45:31.284","Oct 9, 2022 @ 03:45:24.144",event,security,success,"Microsoft-Windows-Security-Auditing",admin,"x86_64","DESKTOP-STCA0K7","3a59bcc1-dab3-4fea-87c6-2dbb28db6023","fe80::d09e:33bc:93fc:2ba7, 10.0.2.15, fe80::bd6f:3885:d011:5ab0, 192.168.50.7","08:00:27:7c:f3:ae, 08:00:27:e4:bd:9d","DESKTOP-STCA0K7","19044.1889",windows,"10.0.19041.1889 (WinBuild.160101.0800)","Windows 10 Enterprise Evaluation","Windows 10 Enterprise Evaluation",windows,windows,"10.0",information,"Special privileges assigned to new logon.

Subject:
	Security ID:		S-1-5-18
	Account Name:		SYSTEM
	Account Domain:		NT AUTHORITY
	Logon ID:		0x3E7

Privileges:		SeAssignPrimaryTokenPrivilege
			SeTcbPrivilege
			SeSecurityPrivilege
			SeTakeOwnershipPrivilege
			SeLoadDriverPrivilege
			SeBackupPrivilege
			SeRestorePrivilege
			SeDebugPrivilege
			SeAuditPrivilege
			SeSystemEnvironmentPrivilege
			SeImpersonatePrivilege
			SeDelegateSessionUserImpersonatePrivilege","-","-","-","-","-","-","-","-","-","-",SYSTEM,"-","NT AUTHORITY","-","-","-","-","S-1-5-18",SYSTEM,SYSTEM,"{3235c46a-db91-0000-adc4-353291dbd801}",wineventlog,Security,"DESKTOP-STCA0K7","-","-","-","-","-","-","-","-","-","-","-","-","-","-","-","-","-","-","-","-","-","-","-","-","-","-","-","-","-","-","-","-","-","-","-","-","-","-","-","-","-","-","-","-","-","-","-","-","-","-","-","-","-","-","-","-","-","-","-","-","-","-","-","-","-","-","-","-","-","-","-","SeAssignPrimaryTokenPrivilege, SeTcbPrivilege, SeSecurityPrivilege, SeTakeOwnershipPrivilege, SeLoadDriverPrivilege, SeBackupPrivilege, SeRestorePrivilege, SeDebugPrivilege, SeAuditPrivilege, SeSystemEnvironmentPrivilege, SeImpersonatePrivilege, SeDelegateSessionUserImpersonatePrivilege","-","-","-","-","-","-","-","-","-","-","-","-","NT AUTHORITY",0x3e7,SYSTEM,"S-1-5-18","-","-","-","-","-","-","-","-","-","-","-","-","-","-","-","-","-","-","-","-","-","-","-","-","-","-","-",4672,"Audit Success",0x3e7,"-",Info,664,720,"{54849625-5478-4994-a5ba-3e3b0328c30d}","Microsoft-Windows-Security-Auditing",17871,"Special Logon","-","-","-","-","-"
"Oct 9, 2022 @ 03:43:18.193",uWDYuoMBv7QqA8hY8wzp,".ds-winlogbeat-8.4.2-2022.09.27-000001","-","cf3699d7-5cb1-463f-a85f-a07c0632c54a","DESKTOP-STCA0K7","b5f6a7eb-024c-49d7-a722-2c9d1ee679a8","DESKTOP-STCA0K7",winlogbeat,"8.4.2","8.0.0",None,"-",4625,"Oct 9, 2022 @ 03:45:30.280","Oct 9, 2022 @ 03:45:23.914",event,"-","-","Microsoft-Windows-EventSystem","-","x86_64","DESKTOP-STCA0K7","3a59bcc1-dab3-4fea-87c6-2dbb28db6023","fe80::d09e:33bc:93fc:2ba7, 10.0.2.15, fe80::bd6f:3885:d011:5ab0, 192.168.50.7","08:00:27:7c:f3:ae, 08:00:27:e4:bd:9d","DESKTOP-STCA0K7","19044.1889",windows,"10.0.19041.1889 (WinBuild.160101.0800)","Windows 10 Enterprise Evaluation","Windows 10 Enterprise Evaluation",windows,windows,"10.0",information,"The EventSystem sub system is suppressing duplicate event log entries for a duration of 86400 seconds.  The suppression timeout can be controlled by a REG_DWORD value named SuppressDuplicateDuration under the following registry key: HKLM\Software\Microsoft\EventSystem\EventLog.","-","-","-","-","-","-","-","-","-","-","-","-","-","-","-","-","-","-","-","-","-",wineventlog,Application,"DESKTOP-STCA0K7","-","-","-","-","-","-","-","-","-","-","-","-","-","-","-","-","-","-","-","-","-","-","-","-","-","-","-","-","-","-","-","-","-","-","-","-","-","-","-","-","-","-","-","-","-","-","-","-","-","-","-","-","-","-","-","-","-","-","-","-","-","-","-","-","-","-","-","-","-","-","-","-","-","-","-","-","-","-","-","-","-","-","-","-","-","-","-","-","-","-","-","-","-","-","-","-","-","-","-","-","-","-","-","-","-","-","-","-",86400,SuppressDuplicateDuration,"Software\Microsoft\EventSystem\EventLog","-","-","-","-",4625,Classic,"-","-",Info,"-","-","{899daace-4868-4295-afcd-9eb8fb497561}","Microsoft-Windows-EventSystem",667,None,"-","-","-","-","-"
"Oct 9, 2022 @ 03:43:18.178",UWDYuoMBv7QqA8hY9A3I,".ds-winlogbeat-8.4.2-2022.09.27-000001","-","cf3699d7-5cb1-463f-a85f-a07c0632c54a","DESKTOP-STCA0K7","b5f6a7eb-024c-49d7-a722-2c9d1ee679a8","DESKTOP-STCA0K7",winlogbeat,"8.4.2","1.12.0","logged-in",authentication,4624,"Oct 9, 2022 @ 03:45:31.283","Oct 9, 2022 @ 03:45:24.142",event,security,success,"Microsoft-Windows-Security-Auditing",start,"x86_64","DESKTOP-STCA0K7","3a59bcc1-dab3-4fea-87c6-2dbb28db6023","fe80::d09e:33bc:93fc:2ba7, 10.0.2.15, fe80::bd6f:3885:d011:5ab0, 192.168.50.7","08:00:27:7c:f3:ae, 08:00:27:e4:bd:9d","DESKTOP-STCA0K7","19044.1889",windows,"10.0.19041.1889 (WinBuild.160101.0800)","Windows 10 Enterprise Evaluation","Windows 10 Enterprise Evaluation",windows,windows,"10.0",information,"An account was successfully logged on.

Subject:
	Security ID:		S-1-5-18
	Account Name:		DESKTOP-STCA0K7$
	Account Domain:		WORKGROUP
	Logon ID:		0x3E7

Logon Information:
	Logon Type:		5
	Restricted Admin Mode:	-
	Virtual Account:		No
	Elevated Token:		Yes

Impersonation Level:		Impersonation

New Logon:
	Security ID:		S-1-5-18
	Account Name:		SYSTEM
	Account Domain:		NT AUTHORITY
	Logon ID:		0x3E7
	Linked Logon ID:		0x0
	Network Account Name:	-
	Network Account Domain:	-
	Logon GUID:		{00000000-0000-0000-0000-000000000000}

Process Information:
	Process ID:		0x290
	Process Name:		C:\Windows\System32\services.exe

Network Information:
	Workstation Name:	-
	Source Network Address:	-
	Source Port:		-

Detailed Authentication Information:
	Logon Process:		Advapi  
	Authentication Package:	Negotiate
	Transited Services:	-
	Package Name (NTLM only):	-
	Key Length:		0

This event is generated when a logon session is created. It is generated on the computer that was accessed.

The subject fields indicate the account on the local system which requested the logon. This is most commonly a service such as the Server service, or a local process such as Winlogon.exe or Services.exe.

The logon type field indicates the kind of logon that occurred. The most common types are 2 (interactive) and 3 (network).

The New Logon fields indicate the account for whom the new logon was created, i.e. the account that was logged on.

The network fields indicate where a remote logon request originated. Workstation name is not always available and may be left blank in some cases.

The impersonation level field indicates the extent to which a process in the logon session can impersonate.

The authentication information fields provide detailed information about this specific logon request.
	- Logon GUID is a unique identifier that can be used to correlate this event with a KDC event.
	- Transited services indicate which intermediate services have participated in this logon request.
	- Package name indicates which sub-protocol was used among the NTLM protocols.
	- Key length indicates the length of the generated session key. This will be 0 if no session key was requested.","C:\Windows\System32\services.exe","C:\Windows\System32\services.exe","services.exe","services.exe","-","-","-","-","-",656,"SYSTEM, DESKTOP-STCA0K7$","-","NT AUTHORITY","-","-","-","-","S-1-5-18",SYSTEM,SYSTEM,"{3235c46a-db91-0000-adc4-353291dbd801}",wineventlog,Security,"DESKTOP-STCA0K7","-",Negotiate,"-","-","-","-","-","-","-","-","-","-","-","-","-","-","-","-","-","-","-","-","-","-","-","-","-","%%1842","-","-","-","-","-","-","-","-","-","-","-","-","-","-","-","%%1833","-","-","-","-",0,"-","-","-","-","-","-","{00000000-0000-0000-0000-000000000000}","Advapi  ",5,"-","-","-","-","-","-","-","-","-","-","-","-","-","-","-","-","-","-","-","-","-","-","-","-","-","-",WORKGROUP,0x3e7,"DESKTOP-STCA0K7$","S-1-5-18","NT AUTHORITY","-",0x0,"-",0x3e7,"-","-","-","-","-",SYSTEM,"S-1-5-18","-","-","-","-","-","%%1843","-","-","-","-","-","-","-","-","-",4624,"Audit Success",0x3e7,Service,Info,664,720,"{54849625-5478-4994-a5ba-3e3b0328c30d}","Microsoft-Windows-Security-Auditing",17868,Logon,"-","-","-","-",2
"Oct 9, 2022 @ 03:43:18.178",UmDYuoMBv7QqA8hY9A3I,".ds-winlogbeat-8.4.2-2022.09.27-000001","-","cf3699d7-5cb1-463f-a85f-a07c0632c54a","DESKTOP-STCA0K7","b5f6a7eb-024c-49d7-a722-2c9d1ee679a8","DESKTOP-STCA0K7",winlogbeat,"8.4.2","1.12.0","logged-in-special",iam,4672,"Oct 9, 2022 @ 03:45:31.284","Oct 9, 2022 @ 03:45:24.143",event,security,success,"Microsoft-Windows-Security-Auditing",admin,"x86_64","DESKTOP-STCA0K7","3a59bcc1-dab3-4fea-87c6-2dbb28db6023","fe80::d09e:33bc:93fc:2ba7, 10.0.2.15, fe80::bd6f:3885:d011:5ab0, 192.168.50.7","08:00:27:7c:f3:ae, 08:00:27:e4:bd:9d","DESKTOP-STCA0K7","19044.1889",windows,"10.0.19041.1889 (WinBuild.160101.0800)","Windows 10 Enterprise Evaluation","Windows 10 Enterprise Evaluation",windows,windows,"10.0",information,"Special privileges assigned to new logon.

Subject:
	Security ID:		S-1-5-18
	Account Name:		SYSTEM
	Account Domain:		NT AUTHORITY
	Logon ID:		0x3E7

Privileges:		SeAssignPrimaryTokenPrivilege
			SeTcbPrivilege
			SeSecurityPrivilege
			SeTakeOwnershipPrivilege
			SeLoadDriverPrivilege
			SeBackupPrivilege
			SeRestorePrivilege
			SeDebugPrivilege
			SeAuditPrivilege
			SeSystemEnvironmentPrivilege
			SeImpersonatePrivilege
			SeDelegateSessionUserImpersonatePrivilege","-","-","-","-","-","-","-","-","-","-",SYSTEM,"-","NT AUTHORITY","-","-","-","-","S-1-5-18",SYSTEM,SYSTEM,"{3235c46a-db91-0000-adc4-353291dbd801}",wineventlog,Security,"DESKTOP-STCA0K7","-","-","-","-","-","-","-","-","-","-","-","-","-","-","-","-","-","-","-","-","-","-","-","-","-","-","-","-","-","-","-","-","-","-","-","-","-","-","-","-","-","-","-","-","-","-","-","-","-","-","-","-","-","-","-","-","-","-","-","-","-","-","-","-","-","-","-","-","-","-","-","SeAssignPrimaryTokenPrivilege, SeTcbPrivilege, SeSecurityPrivilege, SeTakeOwnershipPrivilege, SeLoadDriverPrivilege, SeBackupPrivilege, SeRestorePrivilege, SeDebugPrivilege, SeAuditPrivilege, SeSystemEnvironmentPrivilege, SeImpersonatePrivilege, SeDelegateSessionUserImpersonatePrivilege","-","-","-","-","-","-","-","-","-","-","-","-","NT AUTHORITY",0x3e7,SYSTEM,"S-1-5-18","-","-","-","-","-","-","-","-","-","-","-","-","-","-","-","-","-","-","-","-","-","-","-","-","-","-","-",4672,"Audit Success",0x3e7,"-",Info,664,720,"{54849625-5478-4994-a5ba-3e3b0328c30d}","Microsoft-Windows-Security-Auditing",17869,"Special Logon","-","-","-","-","-"
