"Oct 9, 2022 @ 03:44:49.506","Y2DYuoMBv7QqA8hY-Q64",".ds-winlogbeat-8.4.2-2022.09.27-000001","-","cf3699d7-5cb1-463f-a85f-a07c0632c54a","DESKTOP-STCA0K7","b5f6a7eb-024c-49d7-a722-2c9d1ee679a8","DESKTOP-STCA0K7",winlogbeat,"8.4.2","8.0.0",None,"-",16,"Oct 9, 2022 @ 03:45:31.878","Oct 9, 2022 @ 03:45:25.425",event,"-","-","Microsoft-Windows-Kernel-General","-","-","-","-","-","x86_64","DESKTOP-STCA0K7","3a59bcc1-dab3-4fea-87c6-2dbb28db6023","fe80::d09e:33bc:93fc:2ba7, 10.0.2.15, fe80::bd6f:3885:d011:5ab0, 192.168.50.7","08:00:27:7c:f3:ae, 08:00:27:e4:bd:9d","DESKTOP-STCA0K7","19044.1889",windows,"10.0.19041.1889 (WinBuild.160101.0800)","Windows 10 Enterprise Evaluation","Windows 10 Enterprise Evaluation",windows,windows,"10.0",information,"The access history in hive \??\C:\Users\vagrant\AppData\Local\Packages\Microsoft.SkypeApp_kzf8qxf38zg5c\Settings\settings.dat was cleared updating 3 keys and creating 1 modified pages.","-","-","-","-","-","-","-","-","-","-","-","-","-","-","-","-","-","-","-","-","-","-","-","-","-","-","-","-","-","-","-","-","-","-","-","-","-",wineventlog,System,"DESKTOP-STCA0K7","-","-","-","-","-","-","-","-",1,"-","-","-","\??\C:\Users\vagrant\AppData\Local\Packages\Microsoft.SkypeApp_kzf8qxf38zg5c\Settings\settings.dat",98,"-","-","-","-","-","-","-","-",3,"-","-","-","-","-","-","-","-","-","-","-","-","-","-","-","-","-","-","-","-","-","-","-","-","-","-","-","-","-","-","-","-","-","-","-","-","-","-","-","-","-","-","-","-","-","-","-","-","-","-","-","-",16,"-","-","-",Info,"7,312","4,532","{a68ca8b7-004f-d7b6-a698-07e2de0f1f5d}","Microsoft-Windows-Kernel-General",1171,None,"NT AUTHORITY","S-1-5-18",SYSTEM,User,"-"
"Oct 9, 2022 @ 03:44:45.365","rGDYuoMBv7QqA8hY-g4O",".ds-winlogbeat-8.4.2-2022.09.27-000001","-","cf3699d7-5cb1-463f-a85f-a07c0632c54a","DESKTOP-STCA0K7","b5f6a7eb-024c-49d7-a722-2c9d1ee679a8","DESKTOP-STCA0K7",winlogbeat,"8.4.2","1.12.0","User Account Management","-",5379,"Oct 9, 2022 @ 03:45:31.926","Oct 9, 2022 @ 03:45:25.513",event,security,success,"Microsoft-Windows-Security-Auditing","-","-","-","-","-","x86_64","DESKTOP-STCA0K7","3a59bcc1-dab3-4fea-87c6-2dbb28db6023","fe80::d09e:33bc:93fc:2ba7, 10.0.2.15, fe80::bd6f:3885:d011:5ab0, 192.168.50.7","08:00:27:7c:f3:ae, 08:00:27:e4:bd:9d","DESKTOP-STCA0K7","19044.1889",windows,"10.0.19041.1889 (WinBuild.160101.0800)","Windows 10 Enterprise Evaluation","Windows 10 Enterprise Evaluation",windows,windows,"10.0",information,"Credential Manager credentials were read.

Subject:
	Security ID:		S-1-5-18
	Account Name:		DESKTOP-STCA0K7$
	Account Domain:		WORKGROUP
	Logon ID:		0x3E7
	Read Operation:		Enumerate Credentials

This event occurs when a user performs a read operation on stored credentials in Credential Manager.","-","-","-","-","-","-","-","-","-","-","-","-","-","-","-","-","-","-","-","-","-","-","-","-","-","-","-","-","-","-","-","-","-","-","-","-","{3235c46a-db91-0000-adc4-353291dbd801}",wineventlog,Security,"DESKTOP-STCA0K7","-","-","-","-","-","-",3852,0,"-","-","-","-","-","-","-","-","-","-","-","-","-","-","-","-","-","-","-","-","-","-","-","2022-10-09T03:43:21.1837538Z","-","%%8100","-","-",3221226021,"-","-",WORKGROUP,0x3e7,"DESKTOP-STCA0K7$","S-1-5-18","-","-","-","-","-","-","MicrosoftAccount:user=02xhylqaqtcojdtk","-","-","-","-","-","-","-",0,"-","-","-","-","-","-","-","-","-","-","-","-","-","-","-","-","-",5379,"Audit Success",0x3e7,"-",Info,664,368,"{54849625-5478-4994-a5ba-3e3b0328c30d}","Microsoft-Windows-Security-Auditing",18134,"User Account Management","-","-","-","-","-"
"Oct 9, 2022 @ 03:44:45.364","q2DYuoMBv7QqA8hY-g4O",".ds-winlogbeat-8.4.2-2022.09.27-000001","-","cf3699d7-5cb1-463f-a85f-a07c0632c54a","DESKTOP-STCA0K7","b5f6a7eb-024c-49d7-a722-2c9d1ee679a8","DESKTOP-STCA0K7",winlogbeat,"8.4.2","1.12.0","User Account Management","-",5379,"Oct 9, 2022 @ 03:45:31.926","Oct 9, 2022 @ 03:45:25.512",event,security,success,"Microsoft-Windows-Security-Auditing","-","-","-","-","-","x86_64","DESKTOP-STCA0K7","3a59bcc1-dab3-4fea-87c6-2dbb28db6023","fe80::d09e:33bc:93fc:2ba7, 10.0.2.15, fe80::bd6f:3885:d011:5ab0, 192.168.50.7","08:00:27:7c:f3:ae, 08:00:27:e4:bd:9d","DESKTOP-STCA0K7","19044.1889",windows,"10.0.19041.1889 (WinBuild.160101.0800)","Windows 10 Enterprise Evaluation","Windows 10 Enterprise Evaluation",windows,windows,"10.0",information,"Credential Manager credentials were read.

Subject:
	Security ID:		S-1-5-18
	Account Name:		DESKTOP-STCA0K7$
	Account Domain:		WORKGROUP
	Logon ID:		0x3E7
	Read Operation:		Enumerate Credentials

This event occurs when a user performs a read operation on stored credentials in Credential Manager.","-","-","-","-","-","-","-","-","-","-","-","-","-","-","-","-","-","-","-","-","-","-","-","-","-","-","-","-","-","-","-","-","-","-","-","-","{3235c46a-db91-0000-adc4-353291dbd801}",wineventlog,Security,"DESKTOP-STCA0K7","-","-","-","-","-","-",3852,0,"-","-","-","-","-","-","-","-","-","-","-","-","-","-","-","-","-","-","-","-","-","-","-","2022-10-09T03:43:21.1837538Z","-","%%8100","-","-",3221226021,"-","-",WORKGROUP,0x3e7,"DESKTOP-STCA0K7$","S-1-5-18","-","-","-","-","-","-","MicrosoftAccount:user=02xhylqaqtcojdtk","-","-","-","-","-","-","-",0,"-","-","-","-","-","-","-","-","-","-","-","-","-","-","-","-","-",5379,"Audit Success",0x3e7,"-",Info,664,368,"{54849625-5478-4994-a5ba-3e3b0328c30d}","Microsoft-Windows-Security-Auditing",18133,"User Account Management","-","-","-","-","-"
"Oct 9, 2022 @ 03:44:45.307","qmDYuoMBv7QqA8hY-Q7s",".ds-winlogbeat-8.4.2-2022.09.27-000001","-","cf3699d7-5cb1-463f-a85f-a07c0632c54a","DESKTOP-STCA0K7","b5f6a7eb-024c-49d7-a722-2c9d1ee679a8","DESKTOP-STCA0K7",winlogbeat,"8.4.2","1.12.0","User Account Management","-",5379,"Oct 9, 2022 @ 03:45:31.926","Oct 9, 2022 @ 03:45:25.484",event,security,success,"Microsoft-Windows-Security-Auditing","-","-","-","-","-","x86_64","DESKTOP-STCA0K7","3a59bcc1-dab3-4fea-87c6-2dbb28db6023","fe80::d09e:33bc:93fc:2ba7, 10.0.2.15, fe80::bd6f:3885:d011:5ab0, 192.168.50.7","08:00:27:7c:f3:ae, 08:00:27:e4:bd:9d","DESKTOP-STCA0K7","19044.1889",windows,"10.0.19041.1889 (WinBuild.160101.0800)","Windows 10 Enterprise Evaluation","Windows 10 Enterprise Evaluation",windows,windows,"10.0",information,"Credential Manager credentials were read.

Subject:
	Security ID:		S-1-5-18
	Account Name:		DESKTOP-STCA0K7$
	Account Domain:		WORKGROUP
	Logon ID:		0x3E7
	Read Operation:		Enumerate Credentials

This event occurs when a user performs a read operation on stored credentials in Credential Manager.","-","-","-","-","-","-","-","-","-","-","-","-","-","-","-","-","-","-","-","-","-","-","-","-","-","-","-","-","-","-","-","-","-","-","-","-","{3235c46a-db91-0000-adc4-353291dbd801}",wineventlog,Security,"DESKTOP-STCA0K7","-","-","-","-","-","-",3852,0,"-","-","-","-","-","-","-","-","-","-","-","-","-","-","-","-","-","-","-","-","-","-","-","2022-10-09T03:43:21.1837538Z","-","%%8100","-","-",3221226021,"-","-",WORKGROUP,0x3e7,"DESKTOP-STCA0K7$","S-1-5-18","-","-","-","-","-","-","MicrosoftAccount:user=02xhylqaqtcojdtk","-","-","-","-","-","-","-",0,"-","-","-","-","-","-","-","-","-","-","-","-","-","-","-","-","-",5379,"Audit Success",0x3e7,"-",Info,664,368,"{54849625-5478-4994-a5ba-3e3b0328c30d}","Microsoft-Windows-Security-Auditing",18132,"User Account Management","-","-","-","-","-"
"Oct 9, 2022 @ 03:44:45.305","qWDYuoMBv7QqA8hY-Q7s",".ds-winlogbeat-8.4.2-2022.09.27-000001","-","cf3699d7-5cb1-463f-a85f-a07c0632c54a","DESKTOP-STCA0K7","b5f6a7eb-024c-49d7-a722-2c9d1ee679a8","DESKTOP-STCA0K7",winlogbeat,"8.4.2","1.12.0","User Account Management","-",5379,"Oct 9, 2022 @ 03:45:31.926","Oct 9, 2022 @ 03:45:25.483",event,security,success,"Microsoft-Windows-Security-Auditing","-","-","-","-","-","x86_64","DESKTOP-STCA0K7","3a59bcc1-dab3-4fea-87c6-2dbb28db6023","fe80::d09e:33bc:93fc:2ba7, 10.0.2.15, fe80::bd6f:3885:d011:5ab0, 192.168.50.7","08:00:27:7c:f3:ae, 08:00:27:e4:bd:9d","DESKTOP-STCA0K7","19044.1889",windows,"10.0.19041.1889 (WinBuild.160101.0800)","Windows 10 Enterprise Evaluation","Windows 10 Enterprise Evaluation",windows,windows,"10.0",information,"Credential Manager credentials were read.

Subject:
	Security ID:		S-1-5-18
	Account Name:		DESKTOP-STCA0K7$
	Account Domain:		WORKGROUP
	Logon ID:		0x3E7
	Read Operation:		Enumerate Credentials

This event occurs when a user performs a read operation on stored credentials in Credential Manager.","-","-","-","-","-","-","-","-","-","-","-","-","-","-","-","-","-","-","-","-","-","-","-","-","-","-","-","-","-","-","-","-","-","-","-","-","{3235c46a-db91-0000-adc4-353291dbd801}",wineventlog,Security,"DESKTOP-STCA0K7","-","-","-","-","-","-",3852,0,"-","-","-","-","-","-","-","-","-","-","-","-","-","-","-","-","-","-","-","-","-","-","-","2022-10-09T03:43:21.1837538Z","-","%%8100","-","-",3221226021,"-","-",WORKGROUP,0x3e7,"DESKTOP-STCA0K7$","S-1-5-18","-","-","-","-","-","-","MicrosoftAccount:user=02xhylqaqtcojdtk","-","-","-","-","-","-","-",0,"-","-","-","-","-","-","-","-","-","-","-","-","-","-","-","-","-",5379,"Audit Success",0x3e7,"-",Info,664,368,"{54849625-5478-4994-a5ba-3e3b0328c30d}","Microsoft-Windows-Security-Auditing",18131,"User Account Management","-","-","-","-","-"
"Oct 9, 2022 @ 03:44:44.711","qGDYuoMBv7QqA8hY-Q7s",".ds-winlogbeat-8.4.2-2022.09.27-000001","-","cf3699d7-5cb1-463f-a85f-a07c0632c54a","DESKTOP-STCA0K7","b5f6a7eb-024c-49d7-a722-2c9d1ee679a8","DESKTOP-STCA0K7",winlogbeat,"8.4.2","1.12.0","User Account Management","-",5379,"Oct 9, 2022 @ 03:45:31.926","Oct 9, 2022 @ 03:45:25.483",event,security,success,"Microsoft-Windows-Security-Auditing","-","-","-","-","-","x86_64","DESKTOP-STCA0K7","3a59bcc1-dab3-4fea-87c6-2dbb28db6023","fe80::d09e:33bc:93fc:2ba7, 10.0.2.15, fe80::bd6f:3885:d011:5ab0, 192.168.50.7","08:00:27:7c:f3:ae, 08:00:27:e4:bd:9d","DESKTOP-STCA0K7","19044.1889",windows,"10.0.19041.1889 (WinBuild.160101.0800)","Windows 10 Enterprise Evaluation","Windows 10 Enterprise Evaluation",windows,windows,"10.0",information,"Credential Manager credentials were read.

Subject:
	Security ID:		S-1-5-18
	Account Name:		DESKTOP-STCA0K7$
	Account Domain:		WORKGROUP
	Logon ID:		0x3E7
	Read Operation:		Enumerate Credentials

This event occurs when a user performs a read operation on stored credentials in Credential Manager.","-","-","-","-","-","-","-","-","-","-","-","-","-","-","-","-","-","-","-","-","-","-","-","-","-","-","-","-","-","-","-","-","-","-","-","-","{3235c46a-db91-0000-adc4-353291dbd801}",wineventlog,Security,"DESKTOP-STCA0K7","-","-","-","-","-","-",3852,0,"-","-","-","-","-","-","-","-","-","-","-","-","-","-","-","-","-","-","-","-","-","-","-","2022-10-09T03:43:21.1837538Z","-","%%8100","-","-",3221226021,"-","-",WORKGROUP,0x3e7,"DESKTOP-STCA0K7$","S-1-5-18","-","-","-","-","-","-","WindowsLive:(cert):name=02xhylqaqtcojdtk;serviceuri=*","-","-","-","-","-","-","-",0,"-","-","-","-","-","-","-","-","-","-","-","-","-","-","-","-","-",5379,"Audit Success",0x3e7,"-",Info,664,368,"{54849625-5478-4994-a5ba-3e3b0328c30d}","Microsoft-Windows-Security-Auditing",18130,"User Account Management","-","-","-","-","-"
"Oct 9, 2022 @ 03:44:44.710","pmDYuoMBv7QqA8hY-Q7s",".ds-winlogbeat-8.4.2-2022.09.27-000001","-","cf3699d7-5cb1-463f-a85f-a07c0632c54a","DESKTOP-STCA0K7","b5f6a7eb-024c-49d7-a722-2c9d1ee679a8","DESKTOP-STCA0K7",winlogbeat,"8.4.2","1.12.0","User Account Management","-",5379,"Oct 9, 2022 @ 03:45:31.926","Oct 9, 2022 @ 03:45:25.483",event,security,success,"Microsoft-Windows-Security-Auditing","-","-","-","-","-","x86_64","DESKTOP-STCA0K7","3a59bcc1-dab3-4fea-87c6-2dbb28db6023","fe80::d09e:33bc:93fc:2ba7, 10.0.2.15, fe80::bd6f:3885:d011:5ab0, 192.168.50.7","08:00:27:7c:f3:ae, 08:00:27:e4:bd:9d","DESKTOP-STCA0K7","19044.1889",windows,"10.0.19041.1889 (WinBuild.160101.0800)","Windows 10 Enterprise Evaluation","Windows 10 Enterprise Evaluation",windows,windows,"10.0",information,"Credential Manager credentials were read.

Subject:
	Security ID:		S-1-5-18
	Account Name:		DESKTOP-STCA0K7$
	Account Domain:		WORKGROUP
	Logon ID:		0x3E7
	Read Operation:		Enumerate Credentials

This event occurs when a user performs a read operation on stored credentials in Credential Manager.","-","-","-","-","-","-","-","-","-","-","-","-","-","-","-","-","-","-","-","-","-","-","-","-","-","-","-","-","-","-","-","-","-","-","-","-","{3235c46a-db91-0000-adc4-353291dbd801}",wineventlog,Security,"DESKTOP-STCA0K7","-","-","-","-","-","-",3852,0,"-","-","-","-","-","-","-","-","-","-","-","-","-","-","-","-","-","-","-","-","-","-","-","2022-10-09T03:43:21.1837538Z","-","%%8100","-","-",3221226021,"-","-",WORKGROUP,0x3e7,"DESKTOP-STCA0K7$","S-1-5-18","-","-","-","-","-","-","MicrosoftAccount:user=02xhylqaqtcojdtk","-","-","-","-","-","-","-",0,"-","-","-","-","-","-","-","-","-","-","-","-","-","-","-","-","-",5379,"Audit Success",0x3e7,"-",Info,664,368,"{54849625-5478-4994-a5ba-3e3b0328c30d}","Microsoft-Windows-Security-Auditing",18128,"User Account Management","-","-","-","-","-"
"Oct 9, 2022 @ 03:44:44.710","p2DYuoMBv7QqA8hY-Q7s",".ds-winlogbeat-8.4.2-2022.09.27-000001","-","cf3699d7-5cb1-463f-a85f-a07c0632c54a","DESKTOP-STCA0K7","b5f6a7eb-024c-49d7-a722-2c9d1ee679a8","DESKTOP-STCA0K7",winlogbeat,"8.4.2","1.12.0","User Account Management","-",5379,"Oct 9, 2022 @ 03:45:31.926","Oct 9, 2022 @ 03:45:25.483",event,security,success,"Microsoft-Windows-Security-Auditing","-","-","-","-","-","x86_64","DESKTOP-STCA0K7","3a59bcc1-dab3-4fea-87c6-2dbb28db6023","fe80::d09e:33bc:93fc:2ba7, 10.0.2.15, fe80::bd6f:3885:d011:5ab0, 192.168.50.7","08:00:27:7c:f3:ae, 08:00:27:e4:bd:9d","DESKTOP-STCA0K7","19044.1889",windows,"10.0.19041.1889 (WinBuild.160101.0800)","Windows 10 Enterprise Evaluation","Windows 10 Enterprise Evaluation",windows,windows,"10.0",information,"Credential Manager credentials were read.

Subject:
	Security ID:		S-1-5-18
	Account Name:		DESKTOP-STCA0K7$
	Account Domain:		WORKGROUP
	Logon ID:		0x3E7
	Read Operation:		Enumerate Credentials

This event occurs when a user performs a read operation on stored credentials in Credential Manager.","-","-","-","-","-","-","-","-","-","-","-","-","-","-","-","-","-","-","-","-","-","-","-","-","-","-","-","-","-","-","-","-","-","-","-","-","{3235c46a-db91-0000-adc4-353291dbd801}",wineventlog,Security,"DESKTOP-STCA0K7","-","-","-","-","-","-",3852,0,"-","-","-","-","-","-","-","-","-","-","-","-","-","-","-","-","-","-","-","-","-","-","-","2022-10-09T03:43:21.1837538Z","-","%%8100","-","-",3221226021,"-","-",WORKGROUP,0x3e7,"DESKTOP-STCA0K7$","S-1-5-18","-","-","-","-","-","-","WindowsLive:(token):name=02xhylqaqtcojdtk;serviceuri=*","-","-","-","-","-","-","-",0,"-","-","-","-","-","-","-","-","-","-","-","-","-","-","-","-","-",5379,"Audit Success",0x3e7,"-",Info,664,368,"{54849625-5478-4994-a5ba-3e3b0328c30d}","Microsoft-Windows-Security-Auditing",18129,"User Account Management","-","-","-","-","-"
"Oct 9, 2022 @ 03:44:43.094","pWDYuoMBv7QqA8hY-Q7s",".ds-winlogbeat-8.4.2-2022.09.27-000001","-","cf3699d7-5cb1-463f-a85f-a07c0632c54a","DESKTOP-STCA0K7","b5f6a7eb-024c-49d7-a722-2c9d1ee679a8","DESKTOP-STCA0K7",winlogbeat,"8.4.2","1.12.0","User Account Management","-",5379,"Oct 9, 2022 @ 03:45:31.926","Oct 9, 2022 @ 03:45:25.483",event,security,success,"Microsoft-Windows-Security-Auditing","-","-","-","-","-","x86_64","DESKTOP-STCA0K7","3a59bcc1-dab3-4fea-87c6-2dbb28db6023","fe80::d09e:33bc:93fc:2ba7, 10.0.2.15, fe80::bd6f:3885:d011:5ab0, 192.168.50.7","08:00:27:7c:f3:ae, 08:00:27:e4:bd:9d","DESKTOP-STCA0K7","19044.1889",windows,"10.0.19041.1889 (WinBuild.160101.0800)","Windows 10 Enterprise Evaluation","Windows 10 Enterprise Evaluation",windows,windows,"10.0",information,"Credential Manager credentials were read.

Subject:
	Security ID:		S-1-5-21-649547591-3208838763-4175416709-1001
	Account Name:		vagrant
	Account Domain:		DESKTOP-STCA0K7
	Logon ID:		0x40914
	Read Operation:		Enumerate Credentials

This event occurs when a user performs a read operation on stored credentials in Credential Manager.","-","-","-","-","-","-","-","-","-","-","-","-","-","-","-","-","-","-","-","-","-","-","-","-","-","-","-","-","-","-","-","-","-","-","-","-","{3235c46a-db91-0000-adc4-353291dbd801}",wineventlog,Security,"DESKTOP-STCA0K7","-","-","-","-","-","-",5600,0,"-","-","-","-","-","-","-","-","-","-","-","-","-","-","-","-","-","-","-","-","-","-","-","2022-10-09T03:44:41.1735576Z","-","%%8100","-","-",3221226021,"-","-","DESKTOP-STCA0K7",0x40914,vagrant,"S-1-5-21-649547591-3208838763-4175416709-1001","-","-","-","-","-","-","OneDrive Cached Credential","-","-","-","-","-","-","-",0,"-","-","-","-","-","-","-","-","-","-","-","-","-","-","-","-","-",5379,"Audit Success",0x40914,"-",Info,664,400,"{54849625-5478-4994-a5ba-3e3b0328c30d}","Microsoft-Windows-Security-Auditing",18127,"User Account Management","-","-","-","-","-"
"Oct 9, 2022 @ 03:44:42.016","pGDYuoMBv7QqA8hY-Q7s",".ds-winlogbeat-8.4.2-2022.09.27-000001","-","cf3699d7-5cb1-463f-a85f-a07c0632c54a","DESKTOP-STCA0K7","b5f6a7eb-024c-49d7-a722-2c9d1ee679a8","DESKTOP-STCA0K7",winlogbeat,"8.4.2","1.12.0","User Account Management","-",5379,"Oct 9, 2022 @ 03:45:31.926","Oct 9, 2022 @ 03:45:25.482",event,security,success,"Microsoft-Windows-Security-Auditing","-","-","-","-","-","x86_64","DESKTOP-STCA0K7","3a59bcc1-dab3-4fea-87c6-2dbb28db6023","fe80::d09e:33bc:93fc:2ba7, 10.0.2.15, fe80::bd6f:3885:d011:5ab0, 192.168.50.7","08:00:27:7c:f3:ae, 08:00:27:e4:bd:9d","DESKTOP-STCA0K7","19044.1889",windows,"10.0.19041.1889 (WinBuild.160101.0800)","Windows 10 Enterprise Evaluation","Windows 10 Enterprise Evaluation",windows,windows,"10.0",information,"Credential Manager credentials were read.

Subject:
	Security ID:		S-1-5-21-649547591-3208838763-4175416709-1001
	Account Name:		vagrant
	Account Domain:		DESKTOP-STCA0K7
	Logon ID:		0x40914
	Read Operation:		Enumerate Credentials

This event occurs when a user performs a read operation on stored credentials in Credential Manager.","-","-","-","-","-","-","-","-","-","-","-","-","-","-","-","-","-","-","-","-","-","-","-","-","-","-","-","-","-","-","-","-","-","-","-","-","{3235c46a-db91-0000-adc4-353291dbd801}",wineventlog,Security,"DESKTOP-STCA0K7","-","-","-","-","-","-",5600,0,"-","-","-","-","-","-","-","-","-","-","-","-","-","-","-","-","-","-","-","-","-","-","-","2022-10-09T03:44:41.1735576Z","-","%%8100","-","-",3221226021,"-","-","DESKTOP-STCA0K7",0x40914,vagrant,"S-1-5-21-649547591-3208838763-4175416709-1001","-","-","-","-","-","-","OneDrive Cached Credential*","-","-","-","-","-","-","-",0,"-","-","-","-","-","-","-","-","-","-","-","-","-","-","-","-","-",5379,"Audit Success",0x40914,"-",Info,664,368,"{54849625-5478-4994-a5ba-3e3b0328c30d}","Microsoft-Windows-Security-Auditing",18126,"User Account Management","-","-","-","-","-"
"Oct 9, 2022 @ 03:44:41.972","o2DYuoMBv7QqA8hY-Q7s",".ds-winlogbeat-8.4.2-2022.09.27-000001","-","cf3699d7-5cb1-463f-a85f-a07c0632c54a","DESKTOP-STCA0K7","b5f6a7eb-024c-49d7-a722-2c9d1ee679a8","DESKTOP-STCA0K7",winlogbeat,"8.4.2","1.12.0","User Account Management","-",5379,"Oct 9, 2022 @ 03:45:31.926","Oct 9, 2022 @ 03:45:25.482",event,security,success,"Microsoft-Windows-Security-Auditing","-","-","-","-","-","x86_64","DESKTOP-STCA0K7","3a59bcc1-dab3-4fea-87c6-2dbb28db6023","fe80::d09e:33bc:93fc:2ba7, 10.0.2.15, fe80::bd6f:3885:d011:5ab0, 192.168.50.7","08:00:27:7c:f3:ae, 08:00:27:e4:bd:9d","DESKTOP-STCA0K7","19044.1889",windows,"10.0.19041.1889 (WinBuild.160101.0800)","Windows 10 Enterprise Evaluation","Windows 10 Enterprise Evaluation",windows,windows,"10.0",information,"Credential Manager credentials were read.

Subject:
	Security ID:		S-1-5-21-649547591-3208838763-4175416709-1001
	Account Name:		vagrant
	Account Domain:		DESKTOP-STCA0K7
	Logon ID:		0x40914
	Read Operation:		Enumerate Credentials

This event occurs when a user performs a read operation on stored credentials in Credential Manager.","-","-","-","-","-","-","-","-","-","-","-","-","-","-","-","-","-","-","-","-","-","-","-","-","-","-","-","-","-","-","-","-","-","-","-","-","{3235c46a-db91-0000-adc4-353291dbd801}",wineventlog,Security,"DESKTOP-STCA0K7","-","-","-","-","-","-",5600,0,"-","-","-","-","-","-","-","-","-","-","-","-","-","-","-","-","-","-","-","-","-","-","-","2022-10-09T03:44:41.1735576Z","-","%%8100","-","-",3221226021,"-","-","DESKTOP-STCA0K7",0x40914,vagrant,"S-1-5-21-649547591-3208838763-4175416709-1001","-","-","-","-","-","-","OneDrive Cached Credential","-","-","-","-","-","-","-",0,"-","-","-","-","-","-","-","-","-","-","-","-","-","-","-","-","-",5379,"Audit Success",0x40914,"-",Info,664,368,"{54849625-5478-4994-a5ba-3e3b0328c30d}","Microsoft-Windows-Security-Auditing",18125,"User Account Management","-","-","-","-","-"
"Oct 9, 2022 @ 03:44:40.974","oWDYuoMBv7QqA8hY-Q7s",".ds-winlogbeat-8.4.2-2022.09.27-000001","-","cf3699d7-5cb1-463f-a85f-a07c0632c54a","DESKTOP-STCA0K7","b5f6a7eb-024c-49d7-a722-2c9d1ee679a8","DESKTOP-STCA0K7",winlogbeat,"8.4.2","1.12.0","User Account Management","-",5379,"Oct 9, 2022 @ 03:45:31.926","Oct 9, 2022 @ 03:45:25.481",event,security,success,"Microsoft-Windows-Security-Auditing","-","-","-","-","-","x86_64","DESKTOP-STCA0K7","3a59bcc1-dab3-4fea-87c6-2dbb28db6023","fe80::d09e:33bc:93fc:2ba7, 10.0.2.15, fe80::bd6f:3885:d011:5ab0, 192.168.50.7","08:00:27:7c:f3:ae, 08:00:27:e4:bd:9d","DESKTOP-STCA0K7","19044.1889",windows,"10.0.19041.1889 (WinBuild.160101.0800)","Windows 10 Enterprise Evaluation","Windows 10 Enterprise Evaluation",windows,windows,"10.0",information,"Credential Manager credentials were read.

Subject:
	Security ID:		S-1-5-21-649547591-3208838763-4175416709-1001
	Account Name:		vagrant
	Account Domain:		DESKTOP-STCA0K7
	Logon ID:		0x40914
	Read Operation:		Enumerate Credentials

This event occurs when a user performs a read operation on stored credentials in Credential Manager.","-","-","-","-","-","-","-","-","-","-","-","-","-","-","-","-","-","-","-","-","-","-","-","-","-","-","-","-","-","-","-","-","-","-","-","-","{3235c46a-db91-0000-adc4-353291dbd801}",wineventlog,Security,"DESKTOP-STCA0K7","-","-","-","-","-","-",5928,0,"-","-","-","-","-","-","-","-","-","-","-","-","-","-","-","-","-","-","-","-","-","-","-","2022-10-09T03:44:13.7074023Z","-","%%8100","-","-",3221226021,"-","-","DESKTOP-STCA0K7",0x40914,vagrant,"S-1-5-21-649547591-3208838763-4175416709-1001","-","-","-","-","-","-","OneDriveCachedCredential*","-","-","-","-","-","-","-",0,"-","-","-","-","-","-","-","-","-","-","-","-","-","-","-","-","-",5379,"Audit Success",0x40914,"-",Info,664,368,"{54849625-5478-4994-a5ba-3e3b0328c30d}","Microsoft-Windows-Security-Auditing",18123,"User Account Management","-","-","-","-","-"
"Oct 9, 2022 @ 03:44:40.974","omDYuoMBv7QqA8hY-Q7s",".ds-winlogbeat-8.4.2-2022.09.27-000001","-","cf3699d7-5cb1-463f-a85f-a07c0632c54a","DESKTOP-STCA0K7","b5f6a7eb-024c-49d7-a722-2c9d1ee679a8","DESKTOP-STCA0K7",winlogbeat,"8.4.2","1.12.0","User Account Management","-",5379,"Oct 9, 2022 @ 03:45:31.926","Oct 9, 2022 @ 03:45:25.481",event,security,success,"Microsoft-Windows-Security-Auditing","-","-","-","-","-","x86_64","DESKTOP-STCA0K7","3a59bcc1-dab3-4fea-87c6-2dbb28db6023","fe80::d09e:33bc:93fc:2ba7, 10.0.2.15, fe80::bd6f:3885:d011:5ab0, 192.168.50.7","08:00:27:7c:f3:ae, 08:00:27:e4:bd:9d","DESKTOP-STCA0K7","19044.1889",windows,"10.0.19041.1889 (WinBuild.160101.0800)","Windows 10 Enterprise Evaluation","Windows 10 Enterprise Evaluation",windows,windows,"10.0",information,"Credential Manager credentials were read.

Subject:
	Security ID:		S-1-5-21-649547591-3208838763-4175416709-1001
	Account Name:		vagrant
	Account Domain:		DESKTOP-STCA0K7
	Logon ID:		0x40914
	Read Operation:		Enumerate Credentials

This event occurs when a user performs a read operation on stored credentials in Credential Manager.","-","-","-","-","-","-","-","-","-","-","-","-","-","-","-","-","-","-","-","-","-","-","-","-","-","-","-","-","-","-","-","-","-","-","-","-","{3235c46a-db91-0000-adc4-353291dbd801}",wineventlog,Security,"DESKTOP-STCA0K7","-","-","-","-","-","-",5928,0,"-","-","-","-","-","-","-","-","-","-","-","-","-","-","-","-","-","-","-","-","-","-","-","2022-10-09T03:44:13.7074023Z","-","%%8100","-","-",3221226021,"-","-","DESKTOP-STCA0K7",0x40914,vagrant,"S-1-5-21-649547591-3208838763-4175416709-1001","-","-","-","-","-","-","OneDrive-INTCachedCredential*","-","-","-","-","-","-","-",0,"-","-","-","-","-","-","-","-","-","-","-","-","-","-","-","-","-",5379,"Audit Success",0x40914,"-",Info,664,368,"{54849625-5478-4994-a5ba-3e3b0328c30d}","Microsoft-Windows-Security-Auditing",18124,"User Account Management","-","-","-","-","-"
"Oct 9, 2022 @ 03:44:40.941","oGDYuoMBv7QqA8hY-Q7s",".ds-winlogbeat-8.4.2-2022.09.27-000001","-","cf3699d7-5cb1-463f-a85f-a07c0632c54a","DESKTOP-STCA0K7","b5f6a7eb-024c-49d7-a722-2c9d1ee679a8","DESKTOP-STCA0K7",winlogbeat,"8.4.2","1.12.0","User Account Management","-",5379,"Oct 9, 2022 @ 03:45:31.926","Oct 9, 2022 @ 03:45:25.481",event,security,success,"Microsoft-Windows-Security-Auditing","-","-","-","-","-","x86_64","DESKTOP-STCA0K7","3a59bcc1-dab3-4fea-87c6-2dbb28db6023","fe80::d09e:33bc:93fc:2ba7, 10.0.2.15, fe80::bd6f:3885:d011:5ab0, 192.168.50.7","08:00:27:7c:f3:ae, 08:00:27:e4:bd:9d","DESKTOP-STCA0K7","19044.1889",windows,"10.0.19041.1889 (WinBuild.160101.0800)","Windows 10 Enterprise Evaluation","Windows 10 Enterprise Evaluation",windows,windows,"10.0",information,"Credential Manager credentials were read.

Subject:
	Security ID:		S-1-5-21-649547591-3208838763-4175416709-1001
	Account Name:		vagrant
	Account Domain:		DESKTOP-STCA0K7
	Logon ID:		0x40914
	Read Operation:		Read Credential

This event occurs when a user performs a read operation on stored credentials in Credential Manager.","-","-","-","-","-","-","-","-","-","-","-","-","-","-","-","-","-","-","-","-","-","-","-","-","-","-","-","-","-","-","-","-","-","-","-","-","{3235c46a-db91-0000-adc4-353291dbd801}",wineventlog,Security,"DESKTOP-STCA0K7","-","-","-","-","-","-",5928,1,"-","-","-","-","-","-","-","-","-","-","-","-","-","-","-","-","-","-","-","-","-","-","-","2022-10-09T03:44:13.7074023Z","-","%%8099","-","-",3221226021,"-","-","DESKTOP-STCA0K7",0x40914,vagrant,"S-1-5-21-649547591-3208838763-4175416709-1001","-","-","-","-","-","-","SkyDrive-INT Cached Credential","-","-","-","-","-","-","-",1,"-","-","-","-","-","-","-","-","-","-","-","-","-","-","-","-","-",5379,"Audit Success",0x40914,"-",Info,664,368,"{54849625-5478-4994-a5ba-3e3b0328c30d}","Microsoft-Windows-Security-Auditing",18122,"User Account Management","-","-","-","-","-"
"Oct 9, 2022 @ 03:44:40.940","n2DYuoMBv7QqA8hY-Q7s",".ds-winlogbeat-8.4.2-2022.09.27-000001","-","cf3699d7-5cb1-463f-a85f-a07c0632c54a","DESKTOP-STCA0K7","b5f6a7eb-024c-49d7-a722-2c9d1ee679a8","DESKTOP-STCA0K7",winlogbeat,"8.4.2","1.12.0","User Account Management","-",5379,"Oct 9, 2022 @ 03:45:31.926","Oct 9, 2022 @ 03:45:25.481",event,security,success,"Microsoft-Windows-Security-Auditing","-","-","-","-","-","x86_64","DESKTOP-STCA0K7","3a59bcc1-dab3-4fea-87c6-2dbb28db6023","fe80::d09e:33bc:93fc:2ba7, 10.0.2.15, fe80::bd6f:3885:d011:5ab0, 192.168.50.7","08:00:27:7c:f3:ae, 08:00:27:e4:bd:9d","DESKTOP-STCA0K7","19044.1889",windows,"10.0.19041.1889 (WinBuild.160101.0800)","Windows 10 Enterprise Evaluation","Windows 10 Enterprise Evaluation",windows,windows,"10.0",information,"Credential Manager credentials were read.

Subject:
	Security ID:		S-1-5-21-649547591-3208838763-4175416709-1001
	Account Name:		vagrant
	Account Domain:		DESKTOP-STCA0K7
	Logon ID:		0x40914
	Read Operation:		Read Credential

This event occurs when a user performs a read operation on stored credentials in Credential Manager.","-","-","-","-","-","-","-","-","-","-","-","-","-","-","-","-","-","-","-","-","-","-","-","-","-","-","-","-","-","-","-","-","-","-","-","-","{3235c46a-db91-0000-adc4-353291dbd801}",wineventlog,Security,"DESKTOP-STCA0K7","-","-","-","-","-","-",5928,1,"-","-","-","-","-","-","-","-","-","-","-","-","-","-","-","-","-","-","-","-","-","-","-","2022-10-09T03:44:13.7074023Z","-","%%8099","-","-",3221226021,"-","-","DESKTOP-STCA0K7",0x40914,vagrant,"S-1-5-21-649547591-3208838763-4175416709-1001","-","-","-","-","-","-","SkyDrive Cached Credential","-","-","-","-","-","-","-",1,"-","-","-","-","-","-","-","-","-","-","-","-","-","-","-","-","-",5379,"Audit Success",0x40914,"-",Info,664,368,"{54849625-5478-4994-a5ba-3e3b0328c30d}","Microsoft-Windows-Security-Auditing",18121,"User Account Management","-","-","-","-","-"
"Oct 9, 2022 @ 03:44:40.894","nWDYuoMBv7QqA8hY-Q7s",".ds-winlogbeat-8.4.2-2022.09.27-000001","-","cf3699d7-5cb1-463f-a85f-a07c0632c54a","DESKTOP-STCA0K7","b5f6a7eb-024c-49d7-a722-2c9d1ee679a8","DESKTOP-STCA0K7",winlogbeat,"8.4.2","1.12.0","User Account Management","-",5379,"Oct 9, 2022 @ 03:45:31.926","Oct 9, 2022 @ 03:45:25.480",event,security,success,"Microsoft-Windows-Security-Auditing","-","-","-","-","-","x86_64","DESKTOP-STCA0K7","3a59bcc1-dab3-4fea-87c6-2dbb28db6023","fe80::d09e:33bc:93fc:2ba7, 10.0.2.15, fe80::bd6f:3885:d011:5ab0, 192.168.50.7","08:00:27:7c:f3:ae, 08:00:27:e4:bd:9d","DESKTOP-STCA0K7","19044.1889",windows,"10.0.19041.1889 (WinBuild.160101.0800)","Windows 10 Enterprise Evaluation","Windows 10 Enterprise Evaluation",windows,windows,"10.0",information,"Credential Manager credentials were read.

Subject:
	Security ID:		S-1-5-21-649547591-3208838763-4175416709-1001
	Account Name:		vagrant
	Account Domain:		DESKTOP-STCA0K7
	Logon ID:		0x40914
	Read Operation:		Enumerate Credentials

This event occurs when a user performs a read operation on stored credentials in Credential Manager.","-","-","-","-","-","-","-","-","-","-","-","-","-","-","-","-","-","-","-","-","-","-","-","-","-","-","-","-","-","-","-","-","-","-","-","-","{3235c46a-db91-0000-adc4-353291dbd801}",wineventlog,Security,"DESKTOP-STCA0K7","-","-","-","-","-","-",5928,0,"-","-","-","-","-","-","-","-","-","-","-","-","-","-","-","-","-","-","-","-","-","-","-","2022-10-09T03:44:13.7074023Z","-","%%8100","-","-",3221226021,"-","-","DESKTOP-STCA0K7",0x40914,vagrant,"S-1-5-21-649547591-3208838763-4175416709-1001","-","-","-","-","-","-","OneDriveCachedCredential*","-","-","-","-","-","-","-",0,"-","-","-","-","-","-","-","-","-","-","-","-","-","-","-","-","-",5379,"Audit Success",0x40914,"-",Info,664,368,"{54849625-5478-4994-a5ba-3e3b0328c30d}","Microsoft-Windows-Security-Auditing",18119,"User Account Management","-","-","-","-","-"
"Oct 9, 2022 @ 03:44:40.894","nmDYuoMBv7QqA8hY-Q7s",".ds-winlogbeat-8.4.2-2022.09.27-000001","-","cf3699d7-5cb1-463f-a85f-a07c0632c54a","DESKTOP-STCA0K7","b5f6a7eb-024c-49d7-a722-2c9d1ee679a8","DESKTOP-STCA0K7",winlogbeat,"8.4.2","1.12.0","User Account Management","-",5379,"Oct 9, 2022 @ 03:45:31.926","Oct 9, 2022 @ 03:45:25.480",event,security,success,"Microsoft-Windows-Security-Auditing","-","-","-","-","-","x86_64","DESKTOP-STCA0K7","3a59bcc1-dab3-4fea-87c6-2dbb28db6023","fe80::d09e:33bc:93fc:2ba7, 10.0.2.15, fe80::bd6f:3885:d011:5ab0, 192.168.50.7","08:00:27:7c:f3:ae, 08:00:27:e4:bd:9d","DESKTOP-STCA0K7","19044.1889",windows,"10.0.19041.1889 (WinBuild.160101.0800)","Windows 10 Enterprise Evaluation","Windows 10 Enterprise Evaluation",windows,windows,"10.0",information,"Credential Manager credentials were read.

Subject:
	Security ID:		S-1-5-21-649547591-3208838763-4175416709-1001
	Account Name:		vagrant
	Account Domain:		DESKTOP-STCA0K7
	Logon ID:		0x40914
	Read Operation:		Enumerate Credentials

This event occurs when a user performs a read operation on stored credentials in Credential Manager.","-","-","-","-","-","-","-","-","-","-","-","-","-","-","-","-","-","-","-","-","-","-","-","-","-","-","-","-","-","-","-","-","-","-","-","-","{3235c46a-db91-0000-adc4-353291dbd801}",wineventlog,Security,"DESKTOP-STCA0K7","-","-","-","-","-","-",5928,0,"-","-","-","-","-","-","-","-","-","-","-","-","-","-","-","-","-","-","-","-","-","-","-","2022-10-09T03:44:13.7074023Z","-","%%8100","-","-",3221226021,"-","-","DESKTOP-STCA0K7",0x40914,vagrant,"S-1-5-21-649547591-3208838763-4175416709-1001","-","-","-","-","-","-","OneDrive-INTCachedCredential*","-","-","-","-","-","-","-",0,"-","-","-","-","-","-","-","-","-","-","-","-","-","-","-","-","-",5379,"Audit Success",0x40914,"-",Info,664,368,"{54849625-5478-4994-a5ba-3e3b0328c30d}","Microsoft-Windows-Security-Auditing",18120,"User Account Management","-","-","-","-","-"
"Oct 9, 2022 @ 03:44:24.614","YmDYuoMBv7QqA8hY-Q64",".ds-winlogbeat-8.4.2-2022.09.27-000001","-","cf3699d7-5cb1-463f-a85f-a07c0632c54a","DESKTOP-STCA0K7","b5f6a7eb-024c-49d7-a722-2c9d1ee679a8","DESKTOP-STCA0K7",winlogbeat,"8.4.2","8.0.0",ReorganizeHive,"-",15,"Oct 9, 2022 @ 03:45:31.878","Oct 9, 2022 @ 03:45:25.425",event,"-","-","Microsoft-Windows-Kernel-General","-","-","-","-","-","x86_64","DESKTOP-STCA0K7","3a59bcc1-dab3-4fea-87c6-2dbb28db6023","fe80::d09e:33bc:93fc:2ba7, 10.0.2.15, fe80::bd6f:3885:d011:5ab0, 192.168.50.7","08:00:27:7c:f3:ae, 08:00:27:e4:bd:9d","DESKTOP-STCA0K7","19044.1889",windows,"10.0.19041.1889 (WinBuild.160101.0800)","Windows 10 Enterprise Evaluation","Windows 10 Enterprise Evaluation",windows,windows,"10.0",information,"Hive \??\C:\Windows\System32\config\COMPONENTS was reorganized with a starting size of 27758592 bytes and an ending size of 27758592 bytes.","-","-","-","-","-","-","-","-","-","-","-","-","-","-","-","-","-","-","-","-","-","-","-","-","-","-","-","-","-","-","-","-","-","-","-","-","-",wineventlog,System,"DESKTOP-STCA0K7","-","-","-","-","-","-","-","-","-","-","-","-","\??\C:\Windows\System32\config\COMPONENTS",41,"-","-","-","-","-","-","-","-","-","-","-","-","-",27758592,"-",27758592,"-","-","-","-","-","-","-","-","-","-","-","-","-","-","-","-","-","-","-","-","-","-","-","-","-","-","-","-","-","-","-","-","-","-","-","-","-","-","-","-","-","-","-","-","-",15,"-","-","-",Info,"3,260","1,260","{a68ca8b7-004f-d7b6-a698-07e2de0f1f5d}","Microsoft-Windows-Kernel-General",1170,ReorganizeHive,"NT AUTHORITY","S-1-5-18",SYSTEM,User,"-"
"Oct 9, 2022 @ 03:44:21.299","YWDYuoMBv7QqA8hY-Q64",".ds-winlogbeat-8.4.2-2022.09.27-000001","-","cf3699d7-5cb1-463f-a85f-a07c0632c54a","DESKTOP-STCA0K7","b5f6a7eb-024c-49d7-a722-2c9d1ee679a8","DESKTOP-STCA0K7",winlogbeat,"8.4.2","8.0.0",None,"-",16,"Oct 9, 2022 @ 03:45:31.878","Oct 9, 2022 @ 03:45:25.425",event,"-","-","Microsoft-Windows-Kernel-General","-","-","-","-","-","x86_64","DESKTOP-STCA0K7","3a59bcc1-dab3-4fea-87c6-2dbb28db6023","fe80::d09e:33bc:93fc:2ba7, 10.0.2.15, fe80::bd6f:3885:d011:5ab0, 192.168.50.7","08:00:27:7c:f3:ae, 08:00:27:e4:bd:9d","DESKTOP-STCA0K7","19044.1889",windows,"10.0.19041.1889 (WinBuild.160101.0800)","Windows 10 Enterprise Evaluation","Windows 10 Enterprise Evaluation",windows,windows,"10.0",information,"The access history in hive \??\C:\Users\vagrant\AppData\Local\Packages\Microsoft.XboxGamingOverlay_8wekyb3d8bbwe\Settings\settings.dat was cleared updating 2 keys and creating 1 modified pages.","-","-","-","-","-","-","-","-","-","-","-","-","-","-","-","-","-","-","-","-","-","-","-","-","-","-","-","-","-","-","-","-","-","-","-","-","-",wineventlog,System,"DESKTOP-STCA0K7","-","-","-","-","-","-","-","-",1,"-","-","-","\??\C:\Users\vagrant\AppData\Local\Packages\Microsoft.XboxGamingOverlay_8wekyb3d8bbwe\Settings\settings.dat",107,"-","-","-","-","-","-","-","-",2,"-","-","-","-","-","-","-","-","-","-","-","-","-","-","-","-","-","-","-","-","-","-","-","-","-","-","-","-","-","-","-","-","-","-","-","-","-","-","-","-","-","-","-","-","-","-","-","-","-","-","-","-",16,"-","-","-",Info,"1,428","1,572","{a68ca8b7-004f-d7b6-a698-07e2de0f1f5d}","Microsoft-Windows-Kernel-General",1169,None,"NT AUTHORITY","S-1-5-18",SYSTEM,User,"-"
"Oct 9, 2022 @ 03:44:20.185","m2DYuoMBv7QqA8hY-Q7s",".ds-winlogbeat-8.4.2-2022.09.27-000001","-","cf3699d7-5cb1-463f-a85f-a07c0632c54a","DESKTOP-STCA0K7","b5f6a7eb-024c-49d7-a722-2c9d1ee679a8","DESKTOP-STCA0K7",winlogbeat,"8.4.2","1.12.0","User Account Management","-",5379,"Oct 9, 2022 @ 03:45:31.926","Oct 9, 2022 @ 03:45:25.480",event,security,success,"Microsoft-Windows-Security-Auditing","-","-","-","-","-","x86_64","DESKTOP-STCA0K7","3a59bcc1-dab3-4fea-87c6-2dbb28db6023","fe80::d09e:33bc:93fc:2ba7, 10.0.2.15, fe80::bd6f:3885:d011:5ab0, 192.168.50.7","08:00:27:7c:f3:ae, 08:00:27:e4:bd:9d","DESKTOP-STCA0K7","19044.1889",windows,"10.0.19041.1889 (WinBuild.160101.0800)","Windows 10 Enterprise Evaluation","Windows 10 Enterprise Evaluation",windows,windows,"10.0",information,"Credential Manager credentials were read.

Subject:
	Security ID:		S-1-5-18
	Account Name:		DESKTOP-STCA0K7$
	Account Domain:		WORKGROUP
	Logon ID:		0x3E7
	Read Operation:		Enumerate Credentials

This event occurs when a user performs a read operation on stored credentials in Credential Manager.","-","-","-","-","-","-","-","-","-","-","-","-","-","-","-","-","-","-","-","-","-","-","-","-","-","-","-","-","-","-","-","-","-","-","-","-","{3235c46a-db91-0000-adc4-353291dbd801}",wineventlog,Security,"DESKTOP-STCA0K7","-","-","-","-","-","-",3852,0,"-","-","-","-","-","-","-","-","-","-","-","-","-","-","-","-","-","-","-","-","-","-","-","2022-10-09T03:43:21.1837538Z","-","%%8100","-","-",3221226021,"-","-",WORKGROUP,0x3e7,"DESKTOP-STCA0K7$","S-1-5-18","-","-","-","-","-","-","MicrosoftAccount:user=02xhylqaqtcojdtk","-","-","-","-","-","-","-",0,"-","-","-","-","-","-","-","-","-","-","-","-","-","-","-","-","-",5379,"Audit Success",0x3e7,"-",Info,664,708,"{54849625-5478-4994-a5ba-3e3b0328c30d}","Microsoft-Windows-Security-Auditing",18117,"User Account Management","-","-","-","-","-"
"Oct 9, 2022 @ 03:44:20.185","nGDYuoMBv7QqA8hY-Q7s",".ds-winlogbeat-8.4.2-2022.09.27-000001","-","cf3699d7-5cb1-463f-a85f-a07c0632c54a","DESKTOP-STCA0K7","b5f6a7eb-024c-49d7-a722-2c9d1ee679a8","DESKTOP-STCA0K7",winlogbeat,"8.4.2","1.12.0","User Account Management","-",5379,"Oct 9, 2022 @ 03:45:31.926","Oct 9, 2022 @ 03:45:25.480",event,security,success,"Microsoft-Windows-Security-Auditing","-","-","-","-","-","x86_64","DESKTOP-STCA0K7","3a59bcc1-dab3-4fea-87c6-2dbb28db6023","fe80::d09e:33bc:93fc:2ba7, 10.0.2.15, fe80::bd6f:3885:d011:5ab0, 192.168.50.7","08:00:27:7c:f3:ae, 08:00:27:e4:bd:9d","DESKTOP-STCA0K7","19044.1889",windows,"10.0.19041.1889 (WinBuild.160101.0800)","Windows 10 Enterprise Evaluation","Windows 10 Enterprise Evaluation",windows,windows,"10.0",information,"Credential Manager credentials were read.

Subject:
	Security ID:		S-1-5-18
	Account Name:		DESKTOP-STCA0K7$
	Account Domain:		WORKGROUP
	Logon ID:		0x3E7
	Read Operation:		Enumerate Credentials

This event occurs when a user performs a read operation on stored credentials in Credential Manager.","-","-","-","-","-","-","-","-","-","-","-","-","-","-","-","-","-","-","-","-","-","-","-","-","-","-","-","-","-","-","-","-","-","-","-","-","{3235c46a-db91-0000-adc4-353291dbd801}",wineventlog,Security,"DESKTOP-STCA0K7","-","-","-","-","-","-",3852,0,"-","-","-","-","-","-","-","-","-","-","-","-","-","-","-","-","-","-","-","-","-","-","-","2022-10-09T03:43:21.1837538Z","-","%%8100","-","-",3221226021,"-","-",WORKGROUP,0x3e7,"DESKTOP-STCA0K7$","S-1-5-18","-","-","-","-","-","-","MicrosoftAccount:user=02xhylqaqtcojdtk","-","-","-","-","-","-","-",0,"-","-","-","-","-","-","-","-","-","-","-","-","-","-","-","-","-",5379,"Audit Success",0x3e7,"-",Info,664,708,"{54849625-5478-4994-a5ba-3e3b0328c30d}","Microsoft-Windows-Security-Auditing",18118,"User Account Management","-","-","-","-","-"
"Oct 9, 2022 @ 03:44:20.181","mWDYuoMBv7QqA8hY-Q7s",".ds-winlogbeat-8.4.2-2022.09.27-000001","-","cf3699d7-5cb1-463f-a85f-a07c0632c54a","DESKTOP-STCA0K7","b5f6a7eb-024c-49d7-a722-2c9d1ee679a8","DESKTOP-STCA0K7",winlogbeat,"8.4.2","1.12.0","User Account Management","-",5379,"Oct 9, 2022 @ 03:45:31.926","Oct 9, 2022 @ 03:45:25.479",event,security,success,"Microsoft-Windows-Security-Auditing","-","-","-","-","-","x86_64","DESKTOP-STCA0K7","3a59bcc1-dab3-4fea-87c6-2dbb28db6023","fe80::d09e:33bc:93fc:2ba7, 10.0.2.15, fe80::bd6f:3885:d011:5ab0, 192.168.50.7","08:00:27:7c:f3:ae, 08:00:27:e4:bd:9d","DESKTOP-STCA0K7","19044.1889",windows,"10.0.19041.1889 (WinBuild.160101.0800)","Windows 10 Enterprise Evaluation","Windows 10 Enterprise Evaluation",windows,windows,"10.0",information,"Credential Manager credentials were read.

Subject:
	Security ID:		S-1-5-18
	Account Name:		DESKTOP-STCA0K7$
	Account Domain:		WORKGROUP
	Logon ID:		0x3E7
	Read Operation:		Enumerate Credentials

This event occurs when a user performs a read operation on stored credentials in Credential Manager.","-","-","-","-","-","-","-","-","-","-","-","-","-","-","-","-","-","-","-","-","-","-","-","-","-","-","-","-","-","-","-","-","-","-","-","-","{3235c46a-db91-0000-adc4-353291dbd801}",wineventlog,Security,"DESKTOP-STCA0K7","-","-","-","-","-","-",3852,0,"-","-","-","-","-","-","-","-","-","-","-","-","-","-","-","-","-","-","-","-","-","-","-","2022-10-09T03:43:21.1837538Z","-","%%8100","-","-",3221226021,"-","-",WORKGROUP,0x3e7,"DESKTOP-STCA0K7$","S-1-5-18","-","-","-","-","-","-","MicrosoftAccount:user=02xhylqaqtcojdtk","-","-","-","-","-","-","-",0,"-","-","-","-","-","-","-","-","-","-","-","-","-","-","-","-","-",5379,"Audit Success",0x3e7,"-",Info,664,708,"{54849625-5478-4994-a5ba-3e3b0328c30d}","Microsoft-Windows-Security-Auditing",18115,"User Account Management","-","-","-","-","-"
"Oct 9, 2022 @ 03:44:20.181","mmDYuoMBv7QqA8hY-Q7s",".ds-winlogbeat-8.4.2-2022.09.27-000001","-","cf3699d7-5cb1-463f-a85f-a07c0632c54a","DESKTOP-STCA0K7","b5f6a7eb-024c-49d7-a722-2c9d1ee679a8","DESKTOP-STCA0K7",winlogbeat,"8.4.2","1.12.0","User Account Management","-",5379,"Oct 9, 2022 @ 03:45:31.926","Oct 9, 2022 @ 03:45:25.479",event,security,success,"Microsoft-Windows-Security-Auditing","-","-","-","-","-","x86_64","DESKTOP-STCA0K7","3a59bcc1-dab3-4fea-87c6-2dbb28db6023","fe80::d09e:33bc:93fc:2ba7, 10.0.2.15, fe80::bd6f:3885:d011:5ab0, 192.168.50.7","08:00:27:7c:f3:ae, 08:00:27:e4:bd:9d","DESKTOP-STCA0K7","19044.1889",windows,"10.0.19041.1889 (WinBuild.160101.0800)","Windows 10 Enterprise Evaluation","Windows 10 Enterprise Evaluation",windows,windows,"10.0",information,"Credential Manager credentials were read.

Subject:
	Security ID:		S-1-5-18
	Account Name:		DESKTOP-STCA0K7$
	Account Domain:		WORKGROUP
	Logon ID:		0x3E7
	Read Operation:		Enumerate Credentials

This event occurs when a user performs a read operation on stored credentials in Credential Manager.","-","-","-","-","-","-","-","-","-","-","-","-","-","-","-","-","-","-","-","-","-","-","-","-","-","-","-","-","-","-","-","-","-","-","-","-","{3235c46a-db91-0000-adc4-353291dbd801}",wineventlog,Security,"DESKTOP-STCA0K7","-","-","-","-","-","-",3852,0,"-","-","-","-","-","-","-","-","-","-","-","-","-","-","-","-","-","-","-","-","-","-","-","2022-10-09T03:43:21.1837538Z","-","%%8100","-","-",3221226021,"-","-",WORKGROUP,0x3e7,"DESKTOP-STCA0K7$","S-1-5-18","-","-","-","-","-","-","MicrosoftAccount:user=02xhylqaqtcojdtk","-","-","-","-","-","-","-",0,"-","-","-","-","-","-","-","-","-","-","-","-","-","-","-","-","-",5379,"Audit Success",0x3e7,"-",Info,664,708,"{54849625-5478-4994-a5ba-3e3b0328c30d}","Microsoft-Windows-Security-Auditing",18116,"User Account Management","-","-","-","-","-"
"Oct 9, 2022 @ 03:44:20.172","l2DYuoMBv7QqA8hY-Q7s",".ds-winlogbeat-8.4.2-2022.09.27-000001","-","cf3699d7-5cb1-463f-a85f-a07c0632c54a","DESKTOP-STCA0K7","b5f6a7eb-024c-49d7-a722-2c9d1ee679a8","DESKTOP-STCA0K7",winlogbeat,"8.4.2","1.12.0","User Account Management","-",5379,"Oct 9, 2022 @ 03:45:31.926","Oct 9, 2022 @ 03:45:25.479",event,security,success,"Microsoft-Windows-Security-Auditing","-","-","-","-","-","x86_64","DESKTOP-STCA0K7","3a59bcc1-dab3-4fea-87c6-2dbb28db6023","fe80::d09e:33bc:93fc:2ba7, 10.0.2.15, fe80::bd6f:3885:d011:5ab0, 192.168.50.7","08:00:27:7c:f3:ae, 08:00:27:e4:bd:9d","DESKTOP-STCA0K7","19044.1889",windows,"10.0.19041.1889 (WinBuild.160101.0800)","Windows 10 Enterprise Evaluation","Windows 10 Enterprise Evaluation",windows,windows,"10.0",information,"Credential Manager credentials were read.

Subject:
	Security ID:		S-1-5-18
	Account Name:		DESKTOP-STCA0K7$
	Account Domain:		WORKGROUP
	Logon ID:		0x3E7
	Read Operation:		Enumerate Credentials

This event occurs when a user performs a read operation on stored credentials in Credential Manager.","-","-","-","-","-","-","-","-","-","-","-","-","-","-","-","-","-","-","-","-","-","-","-","-","-","-","-","-","-","-","-","-","-","-","-","-","{3235c46a-db91-0000-adc4-353291dbd801}",wineventlog,Security,"DESKTOP-STCA0K7","-","-","-","-","-","-",3852,0,"-","-","-","-","-","-","-","-","-","-","-","-","-","-","-","-","-","-","-","-","-","-","-","2022-10-09T03:43:21.1837538Z","-","%%8100","-","-",3221226021,"-","-",WORKGROUP,0x3e7,"DESKTOP-STCA0K7$","S-1-5-18","-","-","-","-","-","-","MicrosoftAccount:user=02xhylqaqtcojdtk","-","-","-","-","-","-","-",0,"-","-","-","-","-","-","-","-","-","-","-","-","-","-","-","-","-",5379,"Audit Success",0x3e7,"-",Info,664,708,"{54849625-5478-4994-a5ba-3e3b0328c30d}","Microsoft-Windows-Security-Auditing",18113,"User Account Management","-","-","-","-","-"
"Oct 9, 2022 @ 03:44:20.172","mGDYuoMBv7QqA8hY-Q7s",".ds-winlogbeat-8.4.2-2022.09.27-000001","-","cf3699d7-5cb1-463f-a85f-a07c0632c54a","DESKTOP-STCA0K7","b5f6a7eb-024c-49d7-a722-2c9d1ee679a8","DESKTOP-STCA0K7",winlogbeat,"8.4.2","1.12.0","User Account Management","-",5379,"Oct 9, 2022 @ 03:45:31.926","Oct 9, 2022 @ 03:45:25.479",event,security,success,"Microsoft-Windows-Security-Auditing","-","-","-","-","-","x86_64","DESKTOP-STCA0K7","3a59bcc1-dab3-4fea-87c6-2dbb28db6023","fe80::d09e:33bc:93fc:2ba7, 10.0.2.15, fe80::bd6f:3885:d011:5ab0, 192.168.50.7","08:00:27:7c:f3:ae, 08:00:27:e4:bd:9d","DESKTOP-STCA0K7","19044.1889",windows,"10.0.19041.1889 (WinBuild.160101.0800)","Windows 10 Enterprise Evaluation","Windows 10 Enterprise Evaluation",windows,windows,"10.0",information,"Credential Manager credentials were read.

Subject:
	Security ID:		S-1-5-18
	Account Name:		DESKTOP-STCA0K7$
	Account Domain:		WORKGROUP
	Logon ID:		0x3E7
	Read Operation:		Enumerate Credentials

This event occurs when a user performs a read operation on stored credentials in Credential Manager.","-","-","-","-","-","-","-","-","-","-","-","-","-","-","-","-","-","-","-","-","-","-","-","-","-","-","-","-","-","-","-","-","-","-","-","-","{3235c46a-db91-0000-adc4-353291dbd801}",wineventlog,Security,"DESKTOP-STCA0K7","-","-","-","-","-","-",3852,0,"-","-","-","-","-","-","-","-","-","-","-","-","-","-","-","-","-","-","-","-","-","-","-","2022-10-09T03:43:21.1837538Z","-","%%8100","-","-",3221226021,"-","-",WORKGROUP,0x3e7,"DESKTOP-STCA0K7$","S-1-5-18","-","-","-","-","-","-","MicrosoftAccount:user=02xhylqaqtcojdtk","-","-","-","-","-","-","-",0,"-","-","-","-","-","-","-","-","-","-","-","-","-","-","-","-","-",5379,"Audit Success",0x3e7,"-",Info,664,708,"{54849625-5478-4994-a5ba-3e3b0328c30d}","Microsoft-Windows-Security-Auditing",18114,"User Account Management","-","-","-","-","-"
"Oct 9, 2022 @ 03:44:20.168","lWDYuoMBv7QqA8hY-Q7s",".ds-winlogbeat-8.4.2-2022.09.27-000001","-","cf3699d7-5cb1-463f-a85f-a07c0632c54a","DESKTOP-STCA0K7","b5f6a7eb-024c-49d7-a722-2c9d1ee679a8","DESKTOP-STCA0K7",winlogbeat,"8.4.2","1.12.0","User Account Management","-",5379,"Oct 9, 2022 @ 03:45:31.926","Oct 9, 2022 @ 03:45:25.478",event,security,success,"Microsoft-Windows-Security-Auditing","-","-","-","-","-","x86_64","DESKTOP-STCA0K7","3a59bcc1-dab3-4fea-87c6-2dbb28db6023","fe80::d09e:33bc:93fc:2ba7, 10.0.2.15, fe80::bd6f:3885:d011:5ab0, 192.168.50.7","08:00:27:7c:f3:ae, 08:00:27:e4:bd:9d","DESKTOP-STCA0K7","19044.1889",windows,"10.0.19041.1889 (WinBuild.160101.0800)","Windows 10 Enterprise Evaluation","Windows 10 Enterprise Evaluation",windows,windows,"10.0",information,"Credential Manager credentials were read.

Subject:
	Security ID:		S-1-5-18
	Account Name:		DESKTOP-STCA0K7$
	Account Domain:		WORKGROUP
	Logon ID:		0x3E7
	Read Operation:		Enumerate Credentials

This event occurs when a user performs a read operation on stored credentials in Credential Manager.","-","-","-","-","-","-","-","-","-","-","-","-","-","-","-","-","-","-","-","-","-","-","-","-","-","-","-","-","-","-","-","-","-","-","-","-","{3235c46a-db91-0000-adc4-353291dbd801}",wineventlog,Security,"DESKTOP-STCA0K7","-","-","-","-","-","-",3852,0,"-","-","-","-","-","-","-","-","-","-","-","-","-","-","-","-","-","-","-","-","-","-","-","2022-10-09T03:43:21.1837538Z","-","%%8100","-","-",3221226021,"-","-",WORKGROUP,0x3e7,"DESKTOP-STCA0K7$","S-1-5-18","-","-","-","-","-","-","MicrosoftAccount:user=02xhylqaqtcojdtk","-","-","-","-","-","-","-",0,"-","-","-","-","-","-","-","-","-","-","-","-","-","-","-","-","-",5379,"Audit Success",0x3e7,"-",Info,664,708,"{54849625-5478-4994-a5ba-3e3b0328c30d}","Microsoft-Windows-Security-Auditing",18111,"User Account Management","-","-","-","-","-"
